[2.355s] DEBUG:colcon:Command line arguments: ['/usr/bin/colcon', 'build']
[2.355s] DEBUG:colcon:Parsed command line arguments: Namespace(log_base=None, log_level=None, verb_name='build', build_base='build', install_base='install', merge_install=False, symlink_install=False, test_result_base=None, continue_on_error=False, executor='parallel', parallel_workers=24, event_handlers=None, ignore_user_meta=False, metas=['./colcon.meta'], base_paths=['.'], packages_ignore=None, packages_ignore_regex=None, paths=None, packages_up_to=None, packages_up_to_regex=None, packages_above=None, packages_above_and_dependencies=None, packages_above_depth=None, packages_select_by_dep=None, packages_skip_by_dep=None, packages_skip_up_to=None, packages_select_build_failed=False, packages_skip_build_finished=False, packages_select_test_failures=False, packages_skip_test_passed=False, packages_select=None, packages_skip=None, packages_select_regex=None, packages_skip_regex=None, packages_start=None, packages_end=None, allow_overriding=[], cmake_args=None, cmake_target=None, cmake_target_skip_unavailable=False, cmake_clean_cache=False, cmake_clean_first=False, cmake_force_configure=False, ament_cmake_args=None, catkin_cmake_args=None, catkin_skip_building_tests=False, verb_parser=<colcon_defaults.argument_parser.defaults.DefaultArgumentsDecorator object at 0x7f3a011fc430>, verb_extension=<colcon_core.verb.build.BuildVerb object at 0x7f3a011fd3f0>, main=<bound method BuildVerb.main of <colcon_core.verb.build.BuildVerb object at 0x7f3a011fd3f0>>)
[2.464s] Level 1:colcon.colcon_core.package_discovery:discover_packages(colcon_meta) check parameters
[2.464s] Level 1:colcon.colcon_core.package_discovery:discover_packages(recursive) check parameters
[2.464s] Level 1:colcon.colcon_core.package_discovery:discover_packages(ignore) check parameters
[2.464s] Level 1:colcon.colcon_core.package_discovery:discover_packages(path) check parameters
[2.464s] Level 1:colcon.colcon_core.package_discovery:discover_packages(colcon_meta) discover
[2.465s] Level 1:colcon.colcon_core.package_discovery:discover_packages(recursive) discover
[2.465s] INFO:colcon.colcon_core.package_discovery:Crawling recursively for packages in '/home/matt/ros2_ws'
[2.465s] Level 1:colcon.colcon_core.package_identification:_identify(.) by extensions ['ignore', 'ignore_ament_install']
[2.465s] Level 1:colcon.colcon_core.package_identification:_identify(.) by extension 'ignore'
[2.465s] Level 1:colcon.colcon_core.package_identification:_identify(.) by extension 'ignore_ament_install'
[2.465s] Level 1:colcon.colcon_core.package_identification:_identify(.) by extensions ['colcon_pkg']
[2.465s] Level 1:colcon.colcon_core.package_identification:_identify(.) by extension 'colcon_pkg'
[2.466s] Level 1:colcon.colcon_core.package_identification:_identify(.) by extensions ['colcon_meta']
[2.466s] Level 1:colcon.colcon_core.package_identification:_identify(.) by extension 'colcon_meta'
[2.466s] Level 1:colcon.colcon_core.package_identification:_identify(.) by extensions ['ros']
[2.466s] Level 1:colcon.colcon_core.package_identification:_identify(.) by extension 'ros'
[2.496s] Level 1:colcon.colcon_core.package_identification:_identify(.) by extensions ['cmake', 'python']
[2.496s] Level 1:colcon.colcon_core.package_identification:_identify(.) by extension 'cmake'
[2.496s] Level 1:colcon.colcon_core.package_identification:_identify(.) by extension 'python'
[2.496s] Level 1:colcon.colcon_core.package_identification:_identify(.) by extensions ['python_setup_py']
[2.496s] Level 1:colcon.colcon_core.package_identification:_identify(.) by extension 'python_setup_py'
[2.497s] Level 1:colcon.colcon_core.package_identification:_identify(build) by extensions ['ignore', 'ignore_ament_install']
[2.497s] Level 1:colcon.colcon_core.package_identification:_identify(build) by extension 'ignore'
[2.497s] Level 1:colcon.colcon_core.package_identification:_identify(build) ignored
[2.497s] Level 1:colcon.colcon_core.package_identification:_identify(install) by extensions ['ignore', 'ignore_ament_install']
[2.498s] Level 1:colcon.colcon_core.package_identification:_identify(install) by extension 'ignore'
[2.498s] Level 1:colcon.colcon_core.package_identification:_identify(install) ignored
[2.498s] Level 1:colcon.colcon_core.package_identification:_identify(log) by extensions ['ignore', 'ignore_ament_install']
[2.498s] Level 1:colcon.colcon_core.package_identification:_identify(log) by extension 'ignore'
[2.498s] Level 1:colcon.colcon_core.package_identification:_identify(log) ignored
[2.498s] Level 1:colcon.colcon_core.package_identification:_identify(src) by extensions ['ignore', 'ignore_ament_install']
[2.499s] Level 1:colcon.colcon_core.package_identification:_identify(src) by extension 'ignore'
[2.499s] Level 1:colcon.colcon_core.package_identification:_identify(src) by extension 'ignore_ament_install'
[2.499s] Level 1:colcon.colcon_core.package_identification:_identify(src) by extensions ['colcon_pkg']
[2.499s] Level 1:colcon.colcon_core.package_identification:_identify(src) by extension 'colcon_pkg'
[2.499s] Level 1:colcon.colcon_core.package_identification:_identify(src) by extensions ['colcon_meta']
[2.499s] Level 1:colcon.colcon_core.package_identification:_identify(src) by extension 'colcon_meta'
[2.499s] Level 1:colcon.colcon_core.package_identification:_identify(src) by extensions ['ros']
[2.499s] Level 1:colcon.colcon_core.package_identification:_identify(src) by extension 'ros'
[2.499s] Level 1:colcon.colcon_core.package_identification:_identify(src) by extensions ['cmake', 'python']
[2.500s] Level 1:colcon.colcon_core.package_identification:_identify(src) by extension 'cmake'
[2.500s] Level 1:colcon.colcon_core.package_identification:_identify(src) by extension 'python'
[2.500s] Level 1:colcon.colcon_core.package_identification:_identify(src) by extensions ['python_setup_py']
[2.500s] Level 1:colcon.colcon_core.package_identification:_identify(src) by extension 'python_setup_py'
[2.500s] Level 1:colcon.colcon_core.package_identification:_identify(src/rob599_hw3) by extensions ['ignore', 'ignore_ament_install']
[2.500s] Level 1:colcon.colcon_core.package_identification:_identify(src/rob599_hw3) by extension 'ignore'
[2.500s] Level 1:colcon.colcon_core.package_identification:_identify(src/rob599_hw3) by extension 'ignore_ament_install'
[2.500s] Level 1:colcon.colcon_core.package_identification:_identify(src/rob599_hw3) by extensions ['colcon_pkg']
[2.500s] Level 1:colcon.colcon_core.package_identification:_identify(src/rob599_hw3) by extension 'colcon_pkg'
[2.501s] Level 1:colcon.colcon_core.package_identification:_identify(src/rob599_hw3) by extensions ['colcon_meta']
[2.501s] Level 1:colcon.colcon_core.package_identification:_identify(src/rob599_hw3) by extension 'colcon_meta'
[2.501s] Level 1:colcon.colcon_core.package_identification:_identify(src/rob599_hw3) by extensions ['ros']
[2.501s] Level 1:colcon.colcon_core.package_identification:_identify(src/rob599_hw3) by extension 'ros'
[2.507s] DEBUG:colcon.colcon_core.package_identification:Package 'src/rob599_hw3' with type 'ros.ament_python' and name 'rob599_hw3'
[2.508s] Level 1:colcon.colcon_core.package_identification:_identify(src/ros2_msgs) by extensions ['ignore', 'ignore_ament_install']
[2.508s] Level 1:colcon.colcon_core.package_identification:_identify(src/ros2_msgs) by extension 'ignore'
[2.508s] Level 1:colcon.colcon_core.package_identification:_identify(src/ros2_msgs) by extension 'ignore_ament_install'
[2.508s] Level 1:colcon.colcon_core.package_identification:_identify(src/ros2_msgs) by extensions ['colcon_pkg']
[2.508s] Level 1:colcon.colcon_core.package_identification:_identify(src/ros2_msgs) by extension 'colcon_pkg'
[2.508s] Level 1:colcon.colcon_core.package_identification:_identify(src/ros2_msgs) by extensions ['colcon_meta']
[2.508s] Level 1:colcon.colcon_core.package_identification:_identify(src/ros2_msgs) by extension 'colcon_meta'
[2.508s] Level 1:colcon.colcon_core.package_identification:_identify(src/ros2_msgs) by extensions ['ros']
[2.509s] Level 1:colcon.colcon_core.package_identification:_identify(src/ros2_msgs) by extension 'ros'
[2.510s] DEBUG:colcon.colcon_core.package_identification:Package 'src/ros2_msgs' with type 'ros.ament_cmake' and name 'ros2_msgs'
[2.510s] Level 1:colcon.colcon_core.package_identification:_identify(src/turtlebot3_simulations) by extensions ['ignore', 'ignore_ament_install']
[2.510s] Level 1:colcon.colcon_core.package_identification:_identify(src/turtlebot3_simulations) by extension 'ignore'
[2.510s] Level 1:colcon.colcon_core.package_identification:_identify(src/turtlebot3_simulations) by extension 'ignore_ament_install'
[2.511s] Level 1:colcon.colcon_core.package_identification:_identify(src/turtlebot3_simulations) by extensions ['colcon_pkg']
[2.511s] Level 1:colcon.colcon_core.package_identification:_identify(src/turtlebot3_simulations) by extension 'colcon_pkg'
[2.511s] Level 1:colcon.colcon_core.package_identification:_identify(src/turtlebot3_simulations) by extensions ['colcon_meta']
[2.511s] Level 1:colcon.colcon_core.package_identification:_identify(src/turtlebot3_simulations) by extension 'colcon_meta'
[2.511s] Level 1:colcon.colcon_core.package_identification:_identify(src/turtlebot3_simulations) by extensions ['ros']
[2.511s] Level 1:colcon.colcon_core.package_identification:_identify(src/turtlebot3_simulations) by extension 'ros'
[2.511s] Level 1:colcon.colcon_core.package_identification:_identify(src/turtlebot3_simulations) by extensions ['cmake', 'python']
[2.511s] Level 1:colcon.colcon_core.package_identification:_identify(src/turtlebot3_simulations) by extension 'cmake'
[2.511s] Level 1:colcon.colcon_core.package_identification:_identify(src/turtlebot3_simulations) by extension 'python'
[2.511s] Level 1:colcon.colcon_core.package_identification:_identify(src/turtlebot3_simulations) by extensions ['python_setup_py']
[2.511s] Level 1:colcon.colcon_core.package_identification:_identify(src/turtlebot3_simulations) by extension 'python_setup_py'
[2.512s] Level 1:colcon.colcon_core.package_identification:_identify(src/turtlebot3_simulations/turtlebot3_fake_node) by extensions ['ignore', 'ignore_ament_install']
[2.512s] Level 1:colcon.colcon_core.package_identification:_identify(src/turtlebot3_simulations/turtlebot3_fake_node) by extension 'ignore'
[2.512s] Level 1:colcon.colcon_core.package_identification:_identify(src/turtlebot3_simulations/turtlebot3_fake_node) by extension 'ignore_ament_install'
[2.512s] Level 1:colcon.colcon_core.package_identification:_identify(src/turtlebot3_simulations/turtlebot3_fake_node) by extensions ['colcon_pkg']
[2.512s] Level 1:colcon.colcon_core.package_identification:_identify(src/turtlebot3_simulations/turtlebot3_fake_node) by extension 'colcon_pkg'
[2.512s] Level 1:colcon.colcon_core.package_identification:_identify(src/turtlebot3_simulations/turtlebot3_fake_node) by extensions ['colcon_meta']
[2.512s] Level 1:colcon.colcon_core.package_identification:_identify(src/turtlebot3_simulations/turtlebot3_fake_node) by extension 'colcon_meta'
[2.512s] Level 1:colcon.colcon_core.package_identification:_identify(src/turtlebot3_simulations/turtlebot3_fake_node) by extensions ['ros']
[2.512s] Level 1:colcon.colcon_core.package_identification:_identify(src/turtlebot3_simulations/turtlebot3_fake_node) by extension 'ros'
[2.515s] DEBUG:colcon.colcon_core.package_identification:Package 'src/turtlebot3_simulations/turtlebot3_fake_node' with type 'ros.ament_cmake' and name 'turtlebot3_fake_node'
[2.515s] Level 1:colcon.colcon_core.package_identification:_identify(src/turtlebot3_simulations/turtlebot3_gazebo) by extensions ['ignore', 'ignore_ament_install']
[2.516s] Level 1:colcon.colcon_core.package_identification:_identify(src/turtlebot3_simulations/turtlebot3_gazebo) by extension 'ignore'
[2.516s] Level 1:colcon.colcon_core.package_identification:_identify(src/turtlebot3_simulations/turtlebot3_gazebo) by extension 'ignore_ament_install'
[2.516s] Level 1:colcon.colcon_core.package_identification:_identify(src/turtlebot3_simulations/turtlebot3_gazebo) by extensions ['colcon_pkg']
[2.516s] Level 1:colcon.colcon_core.package_identification:_identify(src/turtlebot3_simulations/turtlebot3_gazebo) by extension 'colcon_pkg'
[2.516s] Level 1:colcon.colcon_core.package_identification:_identify(src/turtlebot3_simulations/turtlebot3_gazebo) by extensions ['colcon_meta']
[2.516s] Level 1:colcon.colcon_core.package_identification:_identify(src/turtlebot3_simulations/turtlebot3_gazebo) by extension 'colcon_meta'
[2.516s] Level 1:colcon.colcon_core.package_identification:_identify(src/turtlebot3_simulations/turtlebot3_gazebo) by extensions ['ros']
[2.516s] Level 1:colcon.colcon_core.package_identification:_identify(src/turtlebot3_simulations/turtlebot3_gazebo) by extension 'ros'
[2.519s] DEBUG:colcon.colcon_core.package_identification:Package 'src/turtlebot3_simulations/turtlebot3_gazebo' with type 'ros.ament_cmake' and name 'turtlebot3_gazebo'
[2.519s] Level 1:colcon.colcon_core.package_identification:_identify(src/turtlebot3_simulations/turtlebot3_simulations) by extensions ['ignore', 'ignore_ament_install']
[2.519s] Level 1:colcon.colcon_core.package_identification:_identify(src/turtlebot3_simulations/turtlebot3_simulations) by extension 'ignore'
[2.520s] Level 1:colcon.colcon_core.package_identification:_identify(src/turtlebot3_simulations/turtlebot3_simulations) by extension 'ignore_ament_install'
[2.520s] Level 1:colcon.colcon_core.package_identification:_identify(src/turtlebot3_simulations/turtlebot3_simulations) by extensions ['colcon_pkg']
[2.520s] Level 1:colcon.colcon_core.package_identification:_identify(src/turtlebot3_simulations/turtlebot3_simulations) by extension 'colcon_pkg'
[2.520s] Level 1:colcon.colcon_core.package_identification:_identify(src/turtlebot3_simulations/turtlebot3_simulations) by extensions ['colcon_meta']
[2.520s] Level 1:colcon.colcon_core.package_identification:_identify(src/turtlebot3_simulations/turtlebot3_simulations) by extension 'colcon_meta'
[2.520s] Level 1:colcon.colcon_core.package_identification:_identify(src/turtlebot3_simulations/turtlebot3_simulations) by extensions ['ros']
[2.520s] Level 1:colcon.colcon_core.package_identification:_identify(src/turtlebot3_simulations/turtlebot3_simulations) by extension 'ros'
[2.521s] DEBUG:colcon.colcon_core.package_identification:Package 'src/turtlebot3_simulations/turtlebot3_simulations' with type 'ros.ament_cmake' and name 'turtlebot3_simulations'
[2.521s] Level 1:colcon.colcon_core.package_discovery:discover_packages(recursive) using defaults
[2.522s] Level 1:colcon.colcon_core.package_discovery:discover_packages(ignore) discover
[2.522s] Level 1:colcon.colcon_core.package_discovery:discover_packages(ignore) using defaults
[2.522s] Level 1:colcon.colcon_core.package_discovery:discover_packages(path) discover
[2.522s] Level 1:colcon.colcon_core.package_discovery:discover_packages(path) using defaults
[2.736s] Level 1:colcon.colcon_core.package_discovery:discover_packages(prefix_path) check parameters
[2.736s] Level 1:colcon.colcon_core.package_discovery:discover_packages(prefix_path) discover
[2.805s] DEBUG:colcon.colcon_installed_package_information.package_discovery:Found 1 installed packages in /home/matt/ros-humble-ros1-bridge/install
[2.855s] DEBUG:colcon.colcon_installed_package_information.package_discovery:Found 5 installed packages in /home/matt/ros2_ws/install
[2.893s] DEBUG:colcon.colcon_installed_package_information.package_discovery:Found 394 installed packages in /opt/ros/humble
[2.898s] Level 1:colcon.colcon_core.package_discovery:discover_packages(prefix_path) using defaults
[3.149s] Level 5:colcon.colcon_core.verb:set package 'ros2_msgs' build argument 'cmake_args' from command line to 'None'
[3.149s] Level 5:colcon.colcon_core.verb:set package 'ros2_msgs' build argument 'cmake_target' from command line to 'None'
[3.149s] Level 5:colcon.colcon_core.verb:set package 'ros2_msgs' build argument 'cmake_target_skip_unavailable' from command line to 'False'
[3.149s] Level 5:colcon.colcon_core.verb:set package 'ros2_msgs' build argument 'cmake_clean_cache' from command line to 'False'
[3.149s] Level 5:colcon.colcon_core.verb:set package 'ros2_msgs' build argument 'cmake_clean_first' from command line to 'False'
[3.149s] Level 5:colcon.colcon_core.verb:set package 'ros2_msgs' build argument 'cmake_force_configure' from command line to 'False'
[3.149s] Level 5:colcon.colcon_core.verb:set package 'ros2_msgs' build argument 'ament_cmake_args' from command line to 'None'
[3.149s] Level 5:colcon.colcon_core.verb:set package 'ros2_msgs' build argument 'catkin_cmake_args' from command line to 'None'
[3.149s] Level 5:colcon.colcon_core.verb:set package 'ros2_msgs' build argument 'catkin_skip_building_tests' from command line to 'False'
[3.149s] DEBUG:colcon.colcon_core.verb:Building package 'ros2_msgs' with the following arguments: {'ament_cmake_args': None, 'build_base': '/home/matt/ros2_ws/build/ros2_msgs', 'catkin_cmake_args': None, 'catkin_skip_building_tests': False, 'cmake_args': None, 'cmake_clean_cache': False, 'cmake_clean_first': False, 'cmake_force_configure': False, 'cmake_target': None, 'cmake_target_skip_unavailable': False, 'install_base': '/home/matt/ros2_ws/install/ros2_msgs', 'merge_install': False, 'path': '/home/matt/ros2_ws/src/ros2_msgs', 'symlink_install': False, 'test_result_base': None}
[3.183s] Level 5:colcon.colcon_core.verb:set package 'turtlebot3_fake_node' build argument 'cmake_args' from command line to 'None'
[3.183s] Level 5:colcon.colcon_core.verb:set package 'turtlebot3_fake_node' build argument 'cmake_target' from command line to 'None'
[3.183s] Level 5:colcon.colcon_core.verb:set package 'turtlebot3_fake_node' build argument 'cmake_target_skip_unavailable' from command line to 'False'
[3.183s] Level 5:colcon.colcon_core.verb:set package 'turtlebot3_fake_node' build argument 'cmake_clean_cache' from command line to 'False'
[3.183s] Level 5:colcon.colcon_core.verb:set package 'turtlebot3_fake_node' build argument 'cmake_clean_first' from command line to 'False'
[3.183s] Level 5:colcon.colcon_core.verb:set package 'turtlebot3_fake_node' build argument 'cmake_force_configure' from command line to 'False'
[3.183s] Level 5:colcon.colcon_core.verb:set package 'turtlebot3_fake_node' build argument 'ament_cmake_args' from command line to 'None'
[3.184s] Level 5:colcon.colcon_core.verb:set package 'turtlebot3_fake_node' build argument 'catkin_cmake_args' from command line to 'None'
[3.184s] Level 5:colcon.colcon_core.verb:set package 'turtlebot3_fake_node' build argument 'catkin_skip_building_tests' from command line to 'False'
[3.184s] DEBUG:colcon.colcon_core.verb:Building package 'turtlebot3_fake_node' with the following arguments: {'ament_cmake_args': None, 'build_base': '/home/matt/ros2_ws/build/turtlebot3_fake_node', 'catkin_cmake_args': None, 'catkin_skip_building_tests': False, 'cmake_args': None, 'cmake_clean_cache': False, 'cmake_clean_first': False, 'cmake_force_configure': False, 'cmake_target': None, 'cmake_target_skip_unavailable': False, 'install_base': '/home/matt/ros2_ws/install/turtlebot3_fake_node', 'merge_install': False, 'path': '/home/matt/ros2_ws/src/turtlebot3_simulations/turtlebot3_fake_node', 'symlink_install': False, 'test_result_base': None}
[3.216s] Level 5:colcon.colcon_core.verb:set package 'turtlebot3_gazebo' build argument 'cmake_args' from command line to 'None'
[3.216s] Level 5:colcon.colcon_core.verb:set package 'turtlebot3_gazebo' build argument 'cmake_target' from command line to 'None'
[3.217s] Level 5:colcon.colcon_core.verb:set package 'turtlebot3_gazebo' build argument 'cmake_target_skip_unavailable' from command line to 'False'
[3.217s] Level 5:colcon.colcon_core.verb:set package 'turtlebot3_gazebo' build argument 'cmake_clean_cache' from command line to 'False'
[3.217s] Level 5:colcon.colcon_core.verb:set package 'turtlebot3_gazebo' build argument 'cmake_clean_first' from command line to 'False'
[3.217s] Level 5:colcon.colcon_core.verb:set package 'turtlebot3_gazebo' build argument 'cmake_force_configure' from command line to 'False'
[3.217s] Level 5:colcon.colcon_core.verb:set package 'turtlebot3_gazebo' build argument 'ament_cmake_args' from command line to 'None'
[3.217s] Level 5:colcon.colcon_core.verb:set package 'turtlebot3_gazebo' build argument 'catkin_cmake_args' from command line to 'None'
[3.217s] Level 5:colcon.colcon_core.verb:set package 'turtlebot3_gazebo' build argument 'catkin_skip_building_tests' from command line to 'False'
[3.217s] DEBUG:colcon.colcon_core.verb:Building package 'turtlebot3_gazebo' with the following arguments: {'ament_cmake_args': None, 'build_base': '/home/matt/ros2_ws/build/turtlebot3_gazebo', 'catkin_cmake_args': None, 'catkin_skip_building_tests': False, 'cmake_args': None, 'cmake_clean_cache': False, 'cmake_clean_first': False, 'cmake_force_configure': False, 'cmake_target': None, 'cmake_target_skip_unavailable': False, 'install_base': '/home/matt/ros2_ws/install/turtlebot3_gazebo', 'merge_install': False, 'path': '/home/matt/ros2_ws/src/turtlebot3_simulations/turtlebot3_gazebo', 'symlink_install': False, 'test_result_base': None}
[3.251s] Level 5:colcon.colcon_core.verb:set package 'rob599_hw3' build argument 'cmake_args' from command line to 'None'
[3.251s] Level 5:colcon.colcon_core.verb:set package 'rob599_hw3' build argument 'cmake_target' from command line to 'None'
[3.251s] Level 5:colcon.colcon_core.verb:set package 'rob599_hw3' build argument 'cmake_target_skip_unavailable' from command line to 'False'
[3.251s] Level 5:colcon.colcon_core.verb:set package 'rob599_hw3' build argument 'cmake_clean_cache' from command line to 'False'
[3.251s] Level 5:colcon.colcon_core.verb:set package 'rob599_hw3' build argument 'cmake_clean_first' from command line to 'False'
[3.251s] Level 5:colcon.colcon_core.verb:set package 'rob599_hw3' build argument 'cmake_force_configure' from command line to 'False'
[3.252s] Level 5:colcon.colcon_core.verb:set package 'rob599_hw3' build argument 'ament_cmake_args' from command line to 'None'
[3.252s] Level 5:colcon.colcon_core.verb:set package 'rob599_hw3' build argument 'catkin_cmake_args' from command line to 'None'
[3.252s] Level 5:colcon.colcon_core.verb:set package 'rob599_hw3' build argument 'catkin_skip_building_tests' from command line to 'False'
[3.252s] DEBUG:colcon.colcon_core.verb:Building package 'rob599_hw3' with the following arguments: {'ament_cmake_args': None, 'build_base': '/home/matt/ros2_ws/build/rob599_hw3', 'catkin_cmake_args': None, 'catkin_skip_building_tests': False, 'cmake_args': None, 'cmake_clean_cache': False, 'cmake_clean_first': False, 'cmake_force_configure': False, 'cmake_target': None, 'cmake_target_skip_unavailable': False, 'install_base': '/home/matt/ros2_ws/install/rob599_hw3', 'merge_install': False, 'path': '/home/matt/ros2_ws/src/rob599_hw3', 'symlink_install': False, 'test_result_base': None}
[3.283s] Level 5:colcon.colcon_core.verb:set package 'turtlebot3_simulations' build argument 'cmake_args' from command line to 'None'
[3.283s] Level 5:colcon.colcon_core.verb:set package 'turtlebot3_simulations' build argument 'cmake_target' from command line to 'None'
[3.283s] Level 5:colcon.colcon_core.verb:set package 'turtlebot3_simulations' build argument 'cmake_target_skip_unavailable' from command line to 'False'
[3.283s] Level 5:colcon.colcon_core.verb:set package 'turtlebot3_simulations' build argument 'cmake_clean_cache' from command line to 'False'
[3.283s] Level 5:colcon.colcon_core.verb:set package 'turtlebot3_simulations' build argument 'cmake_clean_first' from command line to 'False'
[3.284s] Level 5:colcon.colcon_core.verb:set package 'turtlebot3_simulations' build argument 'cmake_force_configure' from command line to 'False'
[3.284s] Level 5:colcon.colcon_core.verb:set package 'turtlebot3_simulations' build argument 'ament_cmake_args' from command line to 'None'
[3.284s] Level 5:colcon.colcon_core.verb:set package 'turtlebot3_simulations' build argument 'catkin_cmake_args' from command line to 'None'
[3.284s] Level 5:colcon.colcon_core.verb:set package 'turtlebot3_simulations' build argument 'catkin_skip_building_tests' from command line to 'False'
[3.284s] DEBUG:colcon.colcon_core.verb:Building package 'turtlebot3_simulations' with the following arguments: {'ament_cmake_args': None, 'build_base': '/home/matt/ros2_ws/build/turtlebot3_simulations', 'catkin_cmake_args': None, 'catkin_skip_building_tests': False, 'cmake_args': None, 'cmake_clean_cache': False, 'cmake_clean_first': False, 'cmake_force_configure': False, 'cmake_target': None, 'cmake_target_skip_unavailable': False, 'install_base': '/home/matt/ros2_ws/install/turtlebot3_simulations', 'merge_install': False, 'path': '/home/matt/ros2_ws/src/turtlebot3_simulations/turtlebot3_simulations', 'symlink_install': False, 'test_result_base': None}
[3.316s] INFO:colcon.colcon_core.executor:Executing jobs using 'parallel' executor
[3.350s] DEBUG:colcon.colcon_parallel_executor.executor.parallel:run_until_complete
[3.351s] INFO:colcon.colcon_ros.task.ament_cmake.build:Building ROS package in '/home/matt/ros2_ws/src/turtlebot3_simulations/turtlebot3_gazebo' with build type 'ament_cmake'
[3.351s] INFO:colcon.colcon_cmake.task.cmake.build:Building CMake package in '/home/matt/ros2_ws/src/turtlebot3_simulations/turtlebot3_gazebo'
[3.388s] INFO:colcon.colcon_core.plugin_system:Skipping extension 'colcon_core.shell.bat': Not used on non-Windows systems
[3.388s] INFO:colcon.colcon_core.shell:Skip shell extension 'powershell' for command environment: Not usable outside of PowerShell
[3.389s] DEBUG:colcon.colcon_core.shell:Skip shell extension 'dsv' for command environment
[3.526s] INFO:colcon.colcon_ros.task.ament_cmake.build:Building ROS package in '/home/matt/ros2_ws/src/turtlebot3_simulations/turtlebot3_fake_node' with build type 'ament_cmake'
[3.526s] INFO:colcon.colcon_cmake.task.cmake.build:Building CMake package in '/home/matt/ros2_ws/src/turtlebot3_simulations/turtlebot3_fake_node'
[3.562s] INFO:colcon.colcon_core.shell:Skip shell extension 'powershell' for command environment: Not usable outside of PowerShell
[3.563s] DEBUG:colcon.colcon_core.shell:Skip shell extension 'dsv' for command environment
[3.699s] INFO:colcon.colcon_ros.task.ament_cmake.build:Building ROS package in '/home/matt/ros2_ws/src/ros2_msgs' with build type 'ament_cmake'
[3.699s] INFO:colcon.colcon_cmake.task.cmake.build:Building CMake package in '/home/matt/ros2_ws/src/ros2_msgs'
[3.734s] INFO:colcon.colcon_core.shell:Skip shell extension 'powershell' for command environment: Not usable outside of PowerShell
[3.734s] DEBUG:colcon.colcon_core.shell:Skip shell extension 'dsv' for command environment
[3.887s] DEBUG:colcon.colcon_core.event_handler.log_command:Invoking command in '/home/matt/ros2_ws/build/turtlebot3_gazebo': CMAKE_PREFIX_PATH=${CMAKE_PREFIX_PATH}:/home/matt/ros2_ws/install/rob599_hw3:/opt/ros/humble /usr/bin/cmake /home/matt/ros2_ws/src/turtlebot3_simulations/turtlebot3_gazebo -DCMAKE_INSTALL_PREFIX=/home/matt/ros2_ws/install/turtlebot3_gazebo
[3.898s] DEBUG:colcon.colcon_core.event_handler.log_command:Invoking command in '/home/matt/ros2_ws/build/turtlebot3_fake_node': CMAKE_PREFIX_PATH=${CMAKE_PREFIX_PATH}:/home/matt/ros2_ws/install/rob599_hw3:/opt/ros/humble /usr/bin/cmake /home/matt/ros2_ws/src/turtlebot3_simulations/turtlebot3_fake_node -DCMAKE_INSTALL_PREFIX=/home/matt/ros2_ws/install/turtlebot3_fake_node
[3.905s] DEBUG:colcon.colcon_core.event_handler.log_command:Invoking command in '/home/matt/ros2_ws/build/ros2_msgs': CMAKE_PREFIX_PATH=${CMAKE_PREFIX_PATH}:/home/matt/ros2_ws/install/rob599_hw3:/opt/ros/humble /usr/bin/cmake /home/matt/ros2_ws/src/ros2_msgs -DCMAKE_INSTALL_PREFIX=/home/matt/ros2_ws/install/ros2_msgs
[6.639s] DEBUG:colcon.colcon_core.event_handler.log_command:Invoked command in '/home/matt/ros2_ws/build/turtlebot3_fake_node' returned '0': CMAKE_PREFIX_PATH=${CMAKE_PREFIX_PATH}:/home/matt/ros2_ws/install/rob599_hw3:/opt/ros/humble /usr/bin/cmake /home/matt/ros2_ws/src/turtlebot3_simulations/turtlebot3_fake_node -DCMAKE_INSTALL_PREFIX=/home/matt/ros2_ws/install/turtlebot3_fake_node
[6.640s] DEBUG:colcon.colcon_core.event_handler.log_command:Invoking command in '/home/matt/ros2_ws/build/turtlebot3_fake_node': CMAKE_PREFIX_PATH=${CMAKE_PREFIX_PATH}:/home/matt/ros2_ws/install/rob599_hw3:/opt/ros/humble /usr/bin/cmake --build /home/matt/ros2_ws/build/turtlebot3_fake_node -- -j24 -l24
[6.801s] DEBUG:colcon.colcon_core.event_handler.log_command:Invoked command in '/home/matt/ros2_ws/build/turtlebot3_fake_node' returned '0': CMAKE_PREFIX_PATH=${CMAKE_PREFIX_PATH}:/home/matt/ros2_ws/install/rob599_hw3:/opt/ros/humble /usr/bin/cmake --build /home/matt/ros2_ws/build/turtlebot3_fake_node -- -j24 -l24
[6.835s] DEBUG:colcon.colcon_core.event_handler.log_command:Invoked command in '/home/matt/ros2_ws/build/ros2_msgs' returned '0': CMAKE_PREFIX_PATH=${CMAKE_PREFIX_PATH}:/home/matt/ros2_ws/install/rob599_hw3:/opt/ros/humble /usr/bin/cmake /home/matt/ros2_ws/src/ros2_msgs -DCMAKE_INSTALL_PREFIX=/home/matt/ros2_ws/install/ros2_msgs
[6.837s] DEBUG:colcon.colcon_core.event_handler.log_command:Invoking command in '/home/matt/ros2_ws/build/ros2_msgs': CMAKE_PREFIX_PATH=${CMAKE_PREFIX_PATH}:/home/matt/ros2_ws/install/rob599_hw3:/opt/ros/humble /usr/bin/cmake --build /home/matt/ros2_ws/build/ros2_msgs -- -j24 -l24
[6.881s] DEBUG:colcon.colcon_core.event_handler.log_command:Invoking command in '/home/matt/ros2_ws/build/turtlebot3_fake_node': CMAKE_PREFIX_PATH=${CMAKE_PREFIX_PATH}:/home/matt/ros2_ws/install/rob599_hw3:/opt/ros/humble /usr/bin/cmake --install /home/matt/ros2_ws/build/turtlebot3_fake_node
[6.933s] Level 1:colcon.colcon_core.environment:create_environment_scripts_only(turtlebot3_fake_node)
[6.934s] DEBUG:colcon.colcon_core.event_handler.log_command:Invoked command in '/home/matt/ros2_ws/build/turtlebot3_fake_node' returned '0': CMAKE_PREFIX_PATH=${CMAKE_PREFIX_PATH}:/home/matt/ros2_ws/install/rob599_hw3:/opt/ros/humble /usr/bin/cmake --install /home/matt/ros2_ws/build/turtlebot3_fake_node
[6.989s] Level 1:colcon.colcon_core.environment:checking '/home/matt/ros2_ws/install/turtlebot3_fake_node' for CMake module files
[6.992s] Level 1:colcon.colcon_core.environment:checking '/home/matt/ros2_ws/install/turtlebot3_fake_node' for CMake config files
[6.994s] Level 1:colcon.colcon_core.shell:create_environment_hook('turtlebot3_fake_node', 'cmake_prefix_path')
[7.050s] INFO:colcon.colcon_core.shell:Creating environment hook '/home/matt/ros2_ws/install/turtlebot3_fake_node/share/turtlebot3_fake_node/hook/cmake_prefix_path.ps1'
[7.052s] INFO:colcon.colcon_core.shell:Creating environment descriptor '/home/matt/ros2_ws/install/turtlebot3_fake_node/share/turtlebot3_fake_node/hook/cmake_prefix_path.dsv'
[7.053s] INFO:colcon.colcon_core.shell:Creating environment hook '/home/matt/ros2_ws/install/turtlebot3_fake_node/share/turtlebot3_fake_node/hook/cmake_prefix_path.sh'
[7.055s] Level 1:colcon.colcon_core.environment:checking '/home/matt/ros2_ws/install/turtlebot3_fake_node/lib'
[7.055s] Level 1:colcon.colcon_core.environment:checking '/home/matt/ros2_ws/install/turtlebot3_fake_node/bin'
[7.056s] Level 1:colcon.colcon_core.environment:checking '/home/matt/ros2_ws/install/turtlebot3_fake_node/lib/pkgconfig/turtlebot3_fake_node.pc'
[7.056s] Level 1:colcon.colcon_core.environment:checking '/home/matt/ros2_ws/install/turtlebot3_fake_node/lib/python3.10/site-packages'
[7.057s] Level 1:colcon.colcon_core.environment:checking '/home/matt/ros2_ws/install/turtlebot3_fake_node/bin'
[7.093s] INFO:colcon.colcon_core.shell:Creating package script '/home/matt/ros2_ws/install/turtlebot3_fake_node/share/turtlebot3_fake_node/package.ps1'
[7.096s] INFO:colcon.colcon_core.shell:Creating package descriptor '/home/matt/ros2_ws/install/turtlebot3_fake_node/share/turtlebot3_fake_node/package.dsv'
[7.097s] INFO:colcon.colcon_core.shell:Creating package script '/home/matt/ros2_ws/install/turtlebot3_fake_node/share/turtlebot3_fake_node/package.sh'
[7.099s] INFO:colcon.colcon_core.shell:Creating package script '/home/matt/ros2_ws/install/turtlebot3_fake_node/share/turtlebot3_fake_node/package.bash'
[7.101s] INFO:colcon.colcon_core.shell:Creating package script '/home/matt/ros2_ws/install/turtlebot3_fake_node/share/turtlebot3_fake_node/package.zsh'
[7.102s] Level 1:colcon.colcon_core.environment:create_file_with_runtime_dependencies(/home/matt/ros2_ws/install/turtlebot3_fake_node/share/colcon-core/packages/turtlebot3_fake_node)
[7.203s] Level 1:colcon.colcon_core.environment:create_environment_scripts_only(turtlebot3_fake_node)
[7.246s] Level 1:colcon.colcon_core.environment:checking '/home/matt/ros2_ws/install/turtlebot3_fake_node' for CMake module files
[7.249s] Level 1:colcon.colcon_core.environment:checking '/home/matt/ros2_ws/install/turtlebot3_fake_node' for CMake config files
[7.250s] Level 1:colcon.colcon_core.shell:create_environment_hook('turtlebot3_fake_node', 'cmake_prefix_path')
[7.286s] INFO:colcon.colcon_core.shell:Creating environment hook '/home/matt/ros2_ws/install/turtlebot3_fake_node/share/turtlebot3_fake_node/hook/cmake_prefix_path.ps1'
[7.287s] INFO:colcon.colcon_core.shell:Creating environment descriptor '/home/matt/ros2_ws/install/turtlebot3_fake_node/share/turtlebot3_fake_node/hook/cmake_prefix_path.dsv'
[7.288s] INFO:colcon.colcon_core.shell:Creating environment hook '/home/matt/ros2_ws/install/turtlebot3_fake_node/share/turtlebot3_fake_node/hook/cmake_prefix_path.sh'
[7.289s] Level 1:colcon.colcon_core.environment:checking '/home/matt/ros2_ws/install/turtlebot3_fake_node/lib'
[7.290s] Level 1:colcon.colcon_core.environment:checking '/home/matt/ros2_ws/install/turtlebot3_fake_node/bin'
[7.290s] Level 1:colcon.colcon_core.environment:checking '/home/matt/ros2_ws/install/turtlebot3_fake_node/lib/pkgconfig/turtlebot3_fake_node.pc'
[7.290s] Level 1:colcon.colcon_core.environment:checking '/home/matt/ros2_ws/install/turtlebot3_fake_node/lib/python3.10/site-packages'
[7.291s] Level 1:colcon.colcon_core.environment:checking '/home/matt/ros2_ws/install/turtlebot3_fake_node/bin'
[7.327s] INFO:colcon.colcon_core.shell:Creating package script '/home/matt/ros2_ws/install/turtlebot3_fake_node/share/turtlebot3_fake_node/package.ps1'
[7.328s] INFO:colcon.colcon_core.shell:Creating package descriptor '/home/matt/ros2_ws/install/turtlebot3_fake_node/share/turtlebot3_fake_node/package.dsv'
[7.329s] INFO:colcon.colcon_core.shell:Creating package script '/home/matt/ros2_ws/install/turtlebot3_fake_node/share/turtlebot3_fake_node/package.sh'
[7.330s] INFO:colcon.colcon_core.shell:Creating package script '/home/matt/ros2_ws/install/turtlebot3_fake_node/share/turtlebot3_fake_node/package.bash'
[7.331s] INFO:colcon.colcon_core.shell:Creating package script '/home/matt/ros2_ws/install/turtlebot3_fake_node/share/turtlebot3_fake_node/package.zsh'
[7.331s] Level 1:colcon.colcon_core.environment:create_file_with_runtime_dependencies(/home/matt/ros2_ws/install/turtlebot3_fake_node/share/colcon-core/packages/turtlebot3_fake_node)
[7.411s] DEBUG:colcon.colcon_core.event_handler.log_command:Invoked command in '/home/matt/ros2_ws/build/turtlebot3_gazebo' returned '0': CMAKE_PREFIX_PATH=${CMAKE_PREFIX_PATH}:/home/matt/ros2_ws/install/rob599_hw3:/opt/ros/humble /usr/bin/cmake /home/matt/ros2_ws/src/turtlebot3_simulations/turtlebot3_gazebo -DCMAKE_INSTALL_PREFIX=/home/matt/ros2_ws/install/turtlebot3_gazebo
[7.413s] DEBUG:colcon.colcon_core.event_handler.log_command:Invoking command in '/home/matt/ros2_ws/build/turtlebot3_gazebo': CMAKE_PREFIX_PATH=${CMAKE_PREFIX_PATH}:/home/matt/ros2_ws/install/rob599_hw3:/opt/ros/humble /usr/bin/cmake --build /home/matt/ros2_ws/build/turtlebot3_gazebo -- -j24 -l24
[7.641s] DEBUG:colcon.colcon_core.event_handler.log_command:Invoked command in '/home/matt/ros2_ws/build/turtlebot3_gazebo' returned '0': CMAKE_PREFIX_PATH=${CMAKE_PREFIX_PATH}:/home/matt/ros2_ws/install/rob599_hw3:/opt/ros/humble /usr/bin/cmake --build /home/matt/ros2_ws/build/turtlebot3_gazebo -- -j24 -l24
[7.723s] DEBUG:colcon.colcon_core.event_handler.log_command:Invoking command in '/home/matt/ros2_ws/build/turtlebot3_gazebo': CMAKE_PREFIX_PATH=${CMAKE_PREFIX_PATH}:/home/matt/ros2_ws/install/rob599_hw3:/opt/ros/humble /usr/bin/cmake --install /home/matt/ros2_ws/build/turtlebot3_gazebo
[7.733s] DEBUG:colcon.colcon_core.event_handler.log_command:Invoked command in '/home/matt/ros2_ws/build/ros2_msgs' returned '0': CMAKE_PREFIX_PATH=${CMAKE_PREFIX_PATH}:/home/matt/ros2_ws/install/rob599_hw3:/opt/ros/humble /usr/bin/cmake --build /home/matt/ros2_ws/build/ros2_msgs -- -j24 -l24
[7.786s] Level 1:colcon.colcon_core.environment:create_environment_scripts_only(turtlebot3_gazebo)
[7.788s] DEBUG:colcon.colcon_core.event_handler.log_command:Invoked command in '/home/matt/ros2_ws/build/turtlebot3_gazebo' returned '0': CMAKE_PREFIX_PATH=${CMAKE_PREFIX_PATH}:/home/matt/ros2_ws/install/rob599_hw3:/opt/ros/humble /usr/bin/cmake --install /home/matt/ros2_ws/build/turtlebot3_gazebo
[7.823s] Level 1:colcon.colcon_core.environment:checking '/home/matt/ros2_ws/install/turtlebot3_gazebo' for CMake module files
[7.824s] Level 1:colcon.colcon_core.environment:checking '/home/matt/ros2_ws/install/turtlebot3_gazebo' for CMake config files
[7.825s] Level 1:colcon.colcon_core.shell:create_environment_hook('turtlebot3_gazebo', 'cmake_prefix_path')
[7.859s] INFO:colcon.colcon_core.shell:Creating environment hook '/home/matt/ros2_ws/install/turtlebot3_gazebo/share/turtlebot3_gazebo/hook/cmake_prefix_path.ps1'
[7.860s] INFO:colcon.colcon_core.shell:Creating environment descriptor '/home/matt/ros2_ws/install/turtlebot3_gazebo/share/turtlebot3_gazebo/hook/cmake_prefix_path.dsv'
[7.861s] INFO:colcon.colcon_core.shell:Creating environment hook '/home/matt/ros2_ws/install/turtlebot3_gazebo/share/turtlebot3_gazebo/hook/cmake_prefix_path.sh'
[7.862s] Level 1:colcon.colcon_core.environment:checking '/home/matt/ros2_ws/install/turtlebot3_gazebo/lib'
[7.862s] Level 1:colcon.colcon_core.environment:checking '/home/matt/ros2_ws/install/turtlebot3_gazebo/bin'
[7.862s] Level 1:colcon.colcon_core.environment:checking '/home/matt/ros2_ws/install/turtlebot3_gazebo/lib/pkgconfig/turtlebot3_gazebo.pc'
[7.863s] Level 1:colcon.colcon_core.environment:checking '/home/matt/ros2_ws/install/turtlebot3_gazebo/lib/python3.10/site-packages'
[7.863s] Level 1:colcon.colcon_core.environment:checking '/home/matt/ros2_ws/install/turtlebot3_gazebo/bin'
[7.899s] INFO:colcon.colcon_core.shell:Creating package script '/home/matt/ros2_ws/install/turtlebot3_gazebo/share/turtlebot3_gazebo/package.ps1'
[7.900s] INFO:colcon.colcon_core.shell:Creating package descriptor '/home/matt/ros2_ws/install/turtlebot3_gazebo/share/turtlebot3_gazebo/package.dsv'
[7.901s] INFO:colcon.colcon_core.shell:Creating package script '/home/matt/ros2_ws/install/turtlebot3_gazebo/share/turtlebot3_gazebo/package.sh'
[7.902s] INFO:colcon.colcon_core.shell:Creating package script '/home/matt/ros2_ws/install/turtlebot3_gazebo/share/turtlebot3_gazebo/package.bash'
[7.902s] INFO:colcon.colcon_core.shell:Creating package script '/home/matt/ros2_ws/install/turtlebot3_gazebo/share/turtlebot3_gazebo/package.zsh'
[7.903s] Level 1:colcon.colcon_core.environment:create_file_with_runtime_dependencies(/home/matt/ros2_ws/install/turtlebot3_gazebo/share/colcon-core/packages/turtlebot3_gazebo)
[7.965s] DEBUG:colcon.colcon_core.event_handler.log_command:Invoking command in '/home/matt/ros2_ws/build/ros2_msgs': CMAKE_PREFIX_PATH=${CMAKE_PREFIX_PATH}:/home/matt/ros2_ws/install/rob599_hw3:/opt/ros/humble /usr/bin/cmake --install /home/matt/ros2_ws/build/ros2_msgs
[8.049s] Level 1:colcon.colcon_core.environment:create_environment_scripts_only(turtlebot3_gazebo)
[8.084s] Level 1:colcon.colcon_core.environment:checking '/home/matt/ros2_ws/install/turtlebot3_gazebo' for CMake module files
[8.085s] Level 1:colcon.colcon_core.environment:checking '/home/matt/ros2_ws/install/turtlebot3_gazebo' for CMake config files
[8.087s] Level 1:colcon.colcon_core.shell:create_environment_hook('turtlebot3_gazebo', 'cmake_prefix_path')
[8.120s] INFO:colcon.colcon_core.shell:Creating environment hook '/home/matt/ros2_ws/install/turtlebot3_gazebo/share/turtlebot3_gazebo/hook/cmake_prefix_path.ps1'
[8.121s] INFO:colcon.colcon_core.shell:Creating environment descriptor '/home/matt/ros2_ws/install/turtlebot3_gazebo/share/turtlebot3_gazebo/hook/cmake_prefix_path.dsv'
[8.122s] INFO:colcon.colcon_core.shell:Creating environment hook '/home/matt/ros2_ws/install/turtlebot3_gazebo/share/turtlebot3_gazebo/hook/cmake_prefix_path.sh'
[8.123s] Level 1:colcon.colcon_core.environment:checking '/home/matt/ros2_ws/install/turtlebot3_gazebo/lib'
[8.124s] Level 1:colcon.colcon_core.environment:checking '/home/matt/ros2_ws/install/turtlebot3_gazebo/bin'
[8.124s] Level 1:colcon.colcon_core.environment:checking '/home/matt/ros2_ws/install/turtlebot3_gazebo/lib/pkgconfig/turtlebot3_gazebo.pc'
[8.124s] Level 1:colcon.colcon_core.environment:checking '/home/matt/ros2_ws/install/turtlebot3_gazebo/lib/python3.10/site-packages'
[8.125s] Level 1:colcon.colcon_core.environment:checking '/home/matt/ros2_ws/install/turtlebot3_gazebo/bin'
[8.167s] INFO:colcon.colcon_core.shell:Creating package script '/home/matt/ros2_ws/install/turtlebot3_gazebo/share/turtlebot3_gazebo/package.ps1'
[8.169s] INFO:colcon.colcon_core.shell:Creating package descriptor '/home/matt/ros2_ws/install/turtlebot3_gazebo/share/turtlebot3_gazebo/package.dsv'
[8.170s] INFO:colcon.colcon_core.shell:Creating package script '/home/matt/ros2_ws/install/turtlebot3_gazebo/share/turtlebot3_gazebo/package.sh'
[8.171s] INFO:colcon.colcon_core.shell:Creating package script '/home/matt/ros2_ws/install/turtlebot3_gazebo/share/turtlebot3_gazebo/package.bash'
[8.172s] INFO:colcon.colcon_core.shell:Creating package script '/home/matt/ros2_ws/install/turtlebot3_gazebo/share/turtlebot3_gazebo/package.zsh'
[8.172s] Level 1:colcon.colcon_core.environment:create_file_with_runtime_dependencies(/home/matt/ros2_ws/install/turtlebot3_gazebo/share/colcon-core/packages/turtlebot3_gazebo)
[8.174s] INFO:colcon.colcon_ros.task.ament_python.build:Building ROS package in '/home/matt/ros2_ws/src/rob599_hw3' with build type 'ament_python'
[8.174s] Level 1:colcon.colcon_core.shell:create_environment_hook('rob599_hw3', 'ament_prefix_path')
[8.209s] INFO:colcon.colcon_core.shell:Creating environment hook '/home/matt/ros2_ws/install/rob599_hw3/share/rob599_hw3/hook/ament_prefix_path.ps1'
[8.210s] INFO:colcon.colcon_core.shell:Creating environment descriptor '/home/matt/ros2_ws/install/rob599_hw3/share/rob599_hw3/hook/ament_prefix_path.dsv'
[8.211s] INFO:colcon.colcon_core.shell:Creating environment hook '/home/matt/ros2_ws/install/rob599_hw3/share/rob599_hw3/hook/ament_prefix_path.sh'
[8.244s] INFO:colcon.colcon_core.shell:Skip shell extension 'powershell' for command environment: Not usable outside of PowerShell
[8.245s] DEBUG:colcon.colcon_core.shell:Skip shell extension 'dsv' for command environment
[8.386s] INFO:colcon.colcon_ros.task.ament_cmake.build:Building ROS package in '/home/matt/ros2_ws/src/turtlebot3_simulations/turtlebot3_simulations' with build type 'ament_cmake'
[8.386s] INFO:colcon.colcon_cmake.task.cmake.build:Building CMake package in '/home/matt/ros2_ws/src/turtlebot3_simulations/turtlebot3_simulations'
[8.421s] INFO:colcon.colcon_core.shell:Skip shell extension 'powershell' for command environment: Not usable outside of PowerShell
[8.422s] DEBUG:colcon.colcon_core.shell:Skip shell extension 'dsv' for command environment
[8.585s] Level 1:colcon.colcon_core.environment:create_environment_scripts_only(ros2_msgs)
[8.587s] DEBUG:colcon.colcon_core.event_handler.log_command:Invoked command in '/home/matt/ros2_ws/build/ros2_msgs' returned '0': CMAKE_PREFIX_PATH=${CMAKE_PREFIX_PATH}:/home/matt/ros2_ws/install/rob599_hw3:/opt/ros/humble /usr/bin/cmake --install /home/matt/ros2_ws/build/ros2_msgs
[8.622s] Level 1:colcon.colcon_core.environment:checking '/home/matt/ros2_ws/install/ros2_msgs' for CMake module files
[8.623s] Level 1:colcon.colcon_core.environment:checking '/home/matt/ros2_ws/install/ros2_msgs' for CMake config files
[8.625s] Level 1:colcon.colcon_core.shell:create_environment_hook('ros2_msgs', 'cmake_prefix_path')
[8.658s] INFO:colcon.colcon_core.shell:Creating environment hook '/home/matt/ros2_ws/install/ros2_msgs/share/ros2_msgs/hook/cmake_prefix_path.ps1'
[8.659s] INFO:colcon.colcon_core.shell:Creating environment descriptor '/home/matt/ros2_ws/install/ros2_msgs/share/ros2_msgs/hook/cmake_prefix_path.dsv'
[8.660s] INFO:colcon.colcon_core.shell:Creating environment hook '/home/matt/ros2_ws/install/ros2_msgs/share/ros2_msgs/hook/cmake_prefix_path.sh'
[8.661s] Level 1:colcon.colcon_core.environment:checking '/home/matt/ros2_ws/install/ros2_msgs/lib'
[8.662s] Level 1:colcon.colcon_core.shell:create_environment_hook('ros2_msgs', 'ld_library_path_lib')
[8.696s] INFO:colcon.colcon_core.shell:Creating environment hook '/home/matt/ros2_ws/install/ros2_msgs/share/ros2_msgs/hook/ld_library_path_lib.ps1'
[8.697s] INFO:colcon.colcon_core.shell:Creating environment descriptor '/home/matt/ros2_ws/install/ros2_msgs/share/ros2_msgs/hook/ld_library_path_lib.dsv'
[8.698s] INFO:colcon.colcon_core.shell:Creating environment hook '/home/matt/ros2_ws/install/ros2_msgs/share/ros2_msgs/hook/ld_library_path_lib.sh'
[8.699s] Level 1:colcon.colcon_core.environment:checking '/home/matt/ros2_ws/install/ros2_msgs/bin'
[8.699s] Level 1:colcon.colcon_core.environment:checking '/home/matt/ros2_ws/install/ros2_msgs/lib/pkgconfig/ros2_msgs.pc'
[8.700s] Level 1:colcon.colcon_core.environment:checking '/home/matt/ros2_ws/install/ros2_msgs/lib/python3.10/site-packages'
[8.700s] Level 1:colcon.colcon_core.environment:checking '/home/matt/ros2_ws/install/ros2_msgs/bin'
[8.734s] INFO:colcon.colcon_core.shell:Creating package script '/home/matt/ros2_ws/install/ros2_msgs/share/ros2_msgs/package.ps1'
[8.735s] INFO:colcon.colcon_core.shell:Creating package descriptor '/home/matt/ros2_ws/install/ros2_msgs/share/ros2_msgs/package.dsv'
[8.736s] INFO:colcon.colcon_core.shell:Creating package script '/home/matt/ros2_ws/install/ros2_msgs/share/ros2_msgs/package.sh'
[8.737s] INFO:colcon.colcon_core.shell:Creating package script '/home/matt/ros2_ws/install/ros2_msgs/share/ros2_msgs/package.bash'
[8.737s] INFO:colcon.colcon_core.shell:Creating package script '/home/matt/ros2_ws/install/ros2_msgs/share/ros2_msgs/package.zsh'
[8.738s] Level 1:colcon.colcon_core.environment:create_file_with_runtime_dependencies(/home/matt/ros2_ws/install/ros2_msgs/share/colcon-core/packages/ros2_msgs)
[9.398s] INFO:colcon.colcon_core.task.python.build:Building Python package in '/home/matt/ros2_ws/src/rob599_hw3'
[9.435s] INFO:colcon.colcon_core.shell:Skip shell extension 'powershell' for command environment: Not usable outside of PowerShell
[9.435s] DEBUG:colcon.colcon_core.shell:Skip shell extension 'dsv' for command environment
[9.588s] DEBUG:colcon.colcon_core.event_handler.log_command:Invoking command in '/home/matt/ros2_ws/build/turtlebot3_simulations': CMAKE_PREFIX_PATH=/home/matt/ros2_ws/install/turtlebot3_gazebo:/home/matt/ros2_ws/install/turtlebot3_fake_node:/home/matt/ros2_ws/install/turtlebot3_simulations:/home/matt/ros-humble-ros1-bridge/install/ros1_bridge:/home/matt/ros2_ws/install/rob599_hw3:/opt/ros/humble /usr/bin/cmake /home/matt/ros2_ws/src/turtlebot3_simulations/turtlebot3_simulations -DCMAKE_INSTALL_PREFIX=/home/matt/ros2_ws/install/turtlebot3_simulations
[9.628s] Level 1:colcon.colcon_core.environment:create_environment_scripts_only(ros2_msgs)
[9.663s] Level 1:colcon.colcon_core.environment:checking '/home/matt/ros2_ws/install/ros2_msgs' for CMake module files
[9.665s] Level 1:colcon.colcon_core.environment:checking '/home/matt/ros2_ws/install/ros2_msgs' for CMake config files
[9.667s] Level 1:colcon.colcon_core.shell:create_environment_hook('ros2_msgs', 'cmake_prefix_path')
[9.703s] INFO:colcon.colcon_core.shell:Creating environment hook '/home/matt/ros2_ws/install/ros2_msgs/share/ros2_msgs/hook/cmake_prefix_path.ps1'
[9.704s] INFO:colcon.colcon_core.shell:Creating environment descriptor '/home/matt/ros2_ws/install/ros2_msgs/share/ros2_msgs/hook/cmake_prefix_path.dsv'
[9.705s] INFO:colcon.colcon_core.shell:Creating environment hook '/home/matt/ros2_ws/install/ros2_msgs/share/ros2_msgs/hook/cmake_prefix_path.sh'
[9.706s] Level 1:colcon.colcon_core.environment:checking '/home/matt/ros2_ws/install/ros2_msgs/lib'
[9.706s] Level 1:colcon.colcon_core.shell:create_environment_hook('ros2_msgs', 'ld_library_path_lib')
[9.741s] INFO:colcon.colcon_core.shell:Creating environment hook '/home/matt/ros2_ws/install/ros2_msgs/share/ros2_msgs/hook/ld_library_path_lib.ps1'
[9.742s] INFO:colcon.colcon_core.shell:Creating environment descriptor '/home/matt/ros2_ws/install/ros2_msgs/share/ros2_msgs/hook/ld_library_path_lib.dsv'
[9.743s] INFO:colcon.colcon_core.shell:Creating environment hook '/home/matt/ros2_ws/install/ros2_msgs/share/ros2_msgs/hook/ld_library_path_lib.sh'
[9.743s] Level 1:colcon.colcon_core.environment:checking '/home/matt/ros2_ws/install/ros2_msgs/bin'
[9.744s] Level 1:colcon.colcon_core.environment:checking '/home/matt/ros2_ws/install/ros2_msgs/lib/pkgconfig/ros2_msgs.pc'
[9.744s] Level 1:colcon.colcon_core.environment:checking '/home/matt/ros2_ws/install/ros2_msgs/lib/python3.10/site-packages'
[9.745s] Level 1:colcon.colcon_core.environment:checking '/home/matt/ros2_ws/install/ros2_msgs/bin'
[9.780s] INFO:colcon.colcon_core.shell:Creating package script '/home/matt/ros2_ws/install/ros2_msgs/share/ros2_msgs/package.ps1'
[9.782s] INFO:colcon.colcon_core.shell:Creating package descriptor '/home/matt/ros2_ws/install/ros2_msgs/share/ros2_msgs/package.dsv'
[9.783s] INFO:colcon.colcon_core.shell:Creating package script '/home/matt/ros2_ws/install/ros2_msgs/share/ros2_msgs/package.sh'
[9.784s] INFO:colcon.colcon_core.shell:Creating package script '/home/matt/ros2_ws/install/ros2_msgs/share/ros2_msgs/package.bash'
[9.785s] INFO:colcon.colcon_core.shell:Creating package script '/home/matt/ros2_ws/install/ros2_msgs/share/ros2_msgs/package.zsh'
[9.786s] Level 1:colcon.colcon_core.environment:create_file_with_runtime_dependencies(/home/matt/ros2_ws/install/ros2_msgs/share/colcon-core/packages/ros2_msgs)
[10.141s] DEBUG:colcon.colcon_core.event_handler.log_command:Invoked command in '/home/matt/ros2_ws/build/turtlebot3_simulations' returned '0': CMAKE_PREFIX_PATH=/home/matt/ros2_ws/install/turtlebot3_gazebo:/home/matt/ros2_ws/install/turtlebot3_fake_node:/home/matt/ros2_ws/install/turtlebot3_simulations:/home/matt/ros-humble-ros1-bridge/install/ros1_bridge:/home/matt/ros2_ws/install/rob599_hw3:/opt/ros/humble /usr/bin/cmake /home/matt/ros2_ws/src/turtlebot3_simulations/turtlebot3_simulations -DCMAKE_INSTALL_PREFIX=/home/matt/ros2_ws/install/turtlebot3_simulations
[10.146s] DEBUG:colcon.colcon_core.event_handler.log_command:Invoking command in '/home/matt/ros2_ws/build/turtlebot3_simulations': CMAKE_PREFIX_PATH=/home/matt/ros2_ws/install/turtlebot3_gazebo:/home/matt/ros2_ws/install/turtlebot3_fake_node:/home/matt/ros2_ws/install/turtlebot3_simulations:/home/matt/ros-humble-ros1-bridge/install/ros1_bridge:/home/matt/ros2_ws/install/rob599_hw3:/opt/ros/humble /usr/bin/cmake --build /home/matt/ros2_ws/build/turtlebot3_simulations -- -j24 -l24
[10.231s] DEBUG:colcon.colcon_core.event_handler.log_command:Invoked command in '/home/matt/ros2_ws/build/turtlebot3_simulations' returned '0': CMAKE_PREFIX_PATH=/home/matt/ros2_ws/install/turtlebot3_gazebo:/home/matt/ros2_ws/install/turtlebot3_fake_node:/home/matt/ros2_ws/install/turtlebot3_simulations:/home/matt/ros-humble-ros1-bridge/install/ros1_bridge:/home/matt/ros2_ws/install/rob599_hw3:/opt/ros/humble /usr/bin/cmake --build /home/matt/ros2_ws/build/turtlebot3_simulations -- -j24 -l24
[10.284s] DEBUG:colcon.colcon_core.event_handler.log_command:Invoking command in '/home/matt/ros2_ws/build/turtlebot3_simulations': CMAKE_PREFIX_PATH=/home/matt/ros2_ws/install/turtlebot3_gazebo:/home/matt/ros2_ws/install/turtlebot3_fake_node:/home/matt/ros2_ws/install/turtlebot3_simulations:/home/matt/ros-humble-ros1-bridge/install/ros1_bridge:/home/matt/ros2_ws/install/rob599_hw3:/opt/ros/humble /usr/bin/cmake --install /home/matt/ros2_ws/build/turtlebot3_simulations
[10.331s] Level 1:colcon.colcon_core.environment:create_environment_scripts_only(turtlebot3_simulations)
[10.333s] DEBUG:colcon.colcon_core.event_handler.log_command:Invoked command in '/home/matt/ros2_ws/build/turtlebot3_simulations' returned '0': CMAKE_PREFIX_PATH=/home/matt/ros2_ws/install/turtlebot3_gazebo:/home/matt/ros2_ws/install/turtlebot3_fake_node:/home/matt/ros2_ws/install/turtlebot3_simulations:/home/matt/ros-humble-ros1-bridge/install/ros1_bridge:/home/matt/ros2_ws/install/rob599_hw3:/opt/ros/humble /usr/bin/cmake --install /home/matt/ros2_ws/build/turtlebot3_simulations
[10.368s] Level 1:colcon.colcon_core.environment:checking '/home/matt/ros2_ws/install/turtlebot3_simulations' for CMake module files
[10.369s] Level 1:colcon.colcon_core.environment:checking '/home/matt/ros2_ws/install/turtlebot3_simulations' for CMake config files
[10.369s] Level 1:colcon.colcon_core.shell:create_environment_hook('turtlebot3_simulations', 'cmake_prefix_path')
[10.404s] INFO:colcon.colcon_core.shell:Creating environment hook '/home/matt/ros2_ws/install/turtlebot3_simulations/share/turtlebot3_simulations/hook/cmake_prefix_path.ps1'
[10.405s] INFO:colcon.colcon_core.shell:Creating environment descriptor '/home/matt/ros2_ws/install/turtlebot3_simulations/share/turtlebot3_simulations/hook/cmake_prefix_path.dsv'
[10.406s] INFO:colcon.colcon_core.shell:Creating environment hook '/home/matt/ros2_ws/install/turtlebot3_simulations/share/turtlebot3_simulations/hook/cmake_prefix_path.sh'
[10.407s] Level 1:colcon.colcon_core.environment:checking '/home/matt/ros2_ws/install/turtlebot3_simulations/bin'
[10.407s] Level 1:colcon.colcon_core.environment:checking '/home/matt/ros2_ws/install/turtlebot3_simulations/lib/pkgconfig/turtlebot3_simulations.pc'
[10.408s] Level 1:colcon.colcon_core.environment:checking '/home/matt/ros2_ws/install/turtlebot3_simulations/lib/python3.10/site-packages'
[10.408s] Level 1:colcon.colcon_core.environment:checking '/home/matt/ros2_ws/install/turtlebot3_simulations/bin'
[10.443s] INFO:colcon.colcon_core.shell:Creating package script '/home/matt/ros2_ws/install/turtlebot3_simulations/share/turtlebot3_simulations/package.ps1'
[10.444s] INFO:colcon.colcon_core.shell:Creating package descriptor '/home/matt/ros2_ws/install/turtlebot3_simulations/share/turtlebot3_simulations/package.dsv'
[10.445s] INFO:colcon.colcon_core.shell:Creating package script '/home/matt/ros2_ws/install/turtlebot3_simulations/share/turtlebot3_simulations/package.sh'
[10.445s] INFO:colcon.colcon_core.shell:Creating package script '/home/matt/ros2_ws/install/turtlebot3_simulations/share/turtlebot3_simulations/package.bash'
[10.446s] INFO:colcon.colcon_core.shell:Creating package script '/home/matt/ros2_ws/install/turtlebot3_simulations/share/turtlebot3_simulations/package.zsh'
[10.447s] Level 1:colcon.colcon_core.environment:create_file_with_runtime_dependencies(/home/matt/ros2_ws/install/turtlebot3_simulations/share/colcon-core/packages/turtlebot3_simulations)
[10.533s] Level 1:colcon.colcon_core.environment:create_environment_scripts_only(turtlebot3_simulations)
[10.570s] Level 1:colcon.colcon_core.environment:checking '/home/matt/ros2_ws/install/turtlebot3_simulations' for CMake module files
[10.571s] Level 1:colcon.colcon_core.environment:checking '/home/matt/ros2_ws/install/turtlebot3_simulations' for CMake config files
[10.572s] Level 1:colcon.colcon_core.shell:create_environment_hook('turtlebot3_simulations', 'cmake_prefix_path')
[10.608s] INFO:colcon.colcon_core.shell:Creating environment hook '/home/matt/ros2_ws/install/turtlebot3_simulations/share/turtlebot3_simulations/hook/cmake_prefix_path.ps1'
[10.609s] INFO:colcon.colcon_core.shell:Creating environment descriptor '/home/matt/ros2_ws/install/turtlebot3_simulations/share/turtlebot3_simulations/hook/cmake_prefix_path.dsv'
[10.609s] INFO:colcon.colcon_core.shell:Creating environment hook '/home/matt/ros2_ws/install/turtlebot3_simulations/share/turtlebot3_simulations/hook/cmake_prefix_path.sh'
[10.611s] Level 1:colcon.colcon_core.environment:checking '/home/matt/ros2_ws/install/turtlebot3_simulations/bin'
[10.611s] Level 1:colcon.colcon_core.environment:checking '/home/matt/ros2_ws/install/turtlebot3_simulations/lib/pkgconfig/turtlebot3_simulations.pc'
[10.612s] Level 1:colcon.colcon_core.environment:checking '/home/matt/ros2_ws/install/turtlebot3_simulations/lib/python3.10/site-packages'
[10.612s] Level 1:colcon.colcon_core.environment:checking '/home/matt/ros2_ws/install/turtlebot3_simulations/bin'
[10.647s] INFO:colcon.colcon_core.shell:Creating package script '/home/matt/ros2_ws/install/turtlebot3_simulations/share/turtlebot3_simulations/package.ps1'
[10.649s] INFO:colcon.colcon_core.shell:Creating package descriptor '/home/matt/ros2_ws/install/turtlebot3_simulations/share/turtlebot3_simulations/package.dsv'
[10.650s] INFO:colcon.colcon_core.shell:Creating package script '/home/matt/ros2_ws/install/turtlebot3_simulations/share/turtlebot3_simulations/package.sh'
[10.651s] INFO:colcon.colcon_core.shell:Creating package script '/home/matt/ros2_ws/install/turtlebot3_simulations/share/turtlebot3_simulations/package.bash'
[10.652s] INFO:colcon.colcon_core.shell:Creating package script '/home/matt/ros2_ws/install/turtlebot3_simulations/share/turtlebot3_simulations/package.zsh'
[10.653s] Level 1:colcon.colcon_core.environment:create_file_with_runtime_dependencies(/home/matt/ros2_ws/install/turtlebot3_simulations/share/colcon-core/packages/turtlebot3_simulations)
[10.717s] DEBUG:colcon.colcon_core.event_handler.log_command:Invoking command in '/home/matt/ros2_ws/build/rob599_hw3': CMAKE_PREFIX_PATH=/home/matt/ros2_ws/install/turtlebot3_gazebo:/home/matt/ros2_ws/install/turtlebot3_simulations:/home/matt/ros2_ws/install/turtlebot3_fake_node:/home/matt/ros-humble-ros1-bridge/install/ros1_bridge PYTHONPATH=/home/matt/ros2_ws/build/rob599_hw3/prefix_override:/home/matt/ros2_ws/install/rob599_hw3/lib/python3.10/site-packages:${PYTHONPATH} /usr/bin/python3 setup.py develop --uninstall --editable --build-directory /home/matt/ros2_ws/build/rob599_hw3/build
[11.824s] DEBUG:colcon.colcon_core.event_handler.log_command:Invoked command in '/home/matt/ros2_ws/build/rob599_hw3' returned '0': CMAKE_PREFIX_PATH=/home/matt/ros2_ws/install/turtlebot3_gazebo:/home/matt/ros2_ws/install/turtlebot3_simulations:/home/matt/ros2_ws/install/turtlebot3_fake_node:/home/matt/ros-humble-ros1-bridge/install/ros1_bridge PYTHONPATH=/home/matt/ros2_ws/build/rob599_hw3/prefix_override:/home/matt/ros2_ws/install/rob599_hw3/lib/python3.10/site-packages:${PYTHONPATH} /usr/bin/python3 setup.py develop --uninstall --editable --build-directory /home/matt/ros2_ws/build/rob599_hw3/build
[11.826s] DEBUG:colcon.colcon_core.event_handler.log_command:Invoking command in '/home/matt/ros2_ws/src/rob599_hw3': CMAKE_PREFIX_PATH=/home/matt/ros2_ws/install/turtlebot3_gazebo:/home/matt/ros2_ws/install/turtlebot3_simulations:/home/matt/ros2_ws/install/turtlebot3_fake_node:/home/matt/ros-humble-ros1-bridge/install/ros1_bridge PYTHONPATH=/home/matt/ros2_ws/build/rob599_hw3/prefix_override:/home/matt/ros2_ws/install/rob599_hw3/lib/python3.10/site-packages:${PYTHONPATH} /usr/bin/python3 setup.py egg_info --egg-base ../../build/rob599_hw3 build --build-base /home/matt/ros2_ws/build/rob599_hw3/build install --record /home/matt/ros2_ws/build/rob599_hw3/install.log --single-version-externally-managed
[12.603s] DEBUG:colcon.colcon_core.event_handler.log_command:Invoked command in '/home/matt/ros2_ws/src/rob599_hw3' returned '0': CMAKE_PREFIX_PATH=/home/matt/ros2_ws/install/turtlebot3_gazebo:/home/matt/ros2_ws/install/turtlebot3_simulations:/home/matt/ros2_ws/install/turtlebot3_fake_node:/home/matt/ros-humble-ros1-bridge/install/ros1_bridge PYTHONPATH=/home/matt/ros2_ws/build/rob599_hw3/prefix_override:/home/matt/ros2_ws/install/rob599_hw3/lib/python3.10/site-packages:${PYTHONPATH} /usr/bin/python3 setup.py egg_info --egg-base ../../build/rob599_hw3 build --build-base /home/matt/ros2_ws/build/rob599_hw3/build install --record /home/matt/ros2_ws/build/rob599_hw3/install.log --single-version-externally-managed
[12.638s] Level 1:colcon.colcon_core.environment:checking '/home/matt/ros2_ws/install/rob599_hw3' for CMake module files
[12.639s] Level 1:colcon.colcon_core.environment:checking '/home/matt/ros2_ws/install/rob599_hw3' for CMake config files
[12.641s] Level 1:colcon.colcon_core.environment:checking '/home/matt/ros2_ws/install/rob599_hw3/lib'
[12.641s] Level 1:colcon.colcon_core.environment:checking '/home/matt/ros2_ws/install/rob599_hw3/bin'
[12.641s] Level 1:colcon.colcon_core.environment:checking '/home/matt/ros2_ws/install/rob599_hw3/lib/pkgconfig/rob599_hw3.pc'
[12.642s] Level 1:colcon.colcon_core.environment:checking '/home/matt/ros2_ws/install/rob599_hw3/lib/python3.10/site-packages'
[12.642s] Level 1:colcon.colcon_core.shell:create_environment_hook('rob599_hw3', 'pythonpath')
[12.676s] INFO:colcon.colcon_core.shell:Creating environment hook '/home/matt/ros2_ws/install/rob599_hw3/share/rob599_hw3/hook/pythonpath.ps1'
[12.677s] INFO:colcon.colcon_core.shell:Creating environment descriptor '/home/matt/ros2_ws/install/rob599_hw3/share/rob599_hw3/hook/pythonpath.dsv'
[12.678s] INFO:colcon.colcon_core.shell:Creating environment hook '/home/matt/ros2_ws/install/rob599_hw3/share/rob599_hw3/hook/pythonpath.sh'
[12.679s] Level 1:colcon.colcon_core.environment:checking '/home/matt/ros2_ws/install/rob599_hw3/bin'
[12.679s] Level 1:colcon.colcon_core.environment:create_environment_scripts_only(rob599_hw3)
[12.714s] INFO:colcon.colcon_core.shell:Creating package script '/home/matt/ros2_ws/install/rob599_hw3/share/rob599_hw3/package.ps1'
[12.715s] INFO:colcon.colcon_core.shell:Creating package descriptor '/home/matt/ros2_ws/install/rob599_hw3/share/rob599_hw3/package.dsv'
[12.716s] INFO:colcon.colcon_core.shell:Creating package script '/home/matt/ros2_ws/install/rob599_hw3/share/rob599_hw3/package.sh'
[12.717s] INFO:colcon.colcon_core.shell:Creating package script '/home/matt/ros2_ws/install/rob599_hw3/share/rob599_hw3/package.bash'
[12.718s] INFO:colcon.colcon_core.shell:Creating package script '/home/matt/ros2_ws/install/rob599_hw3/share/rob599_hw3/package.zsh'
[12.718s] Level 1:colcon.colcon_core.environment:create_file_with_runtime_dependencies(/home/matt/ros2_ws/install/rob599_hw3/share/colcon-core/packages/rob599_hw3)
[12.719s] DEBUG:colcon.colcon_parallel_executor.executor.parallel:closing loop
[12.720s] DEBUG:colcon.colcon_parallel_executor.executor.parallel:loop closed
[12.720s] DEBUG:colcon.colcon_parallel_executor.executor.parallel:run_until_complete finished with '0'
[12.720s] DEBUG:colcon.colcon_core.event_reactor:joining thread
[12.768s] INFO:colcon.colcon_core.plugin_system:Skipping extension 'colcon_notification.desktop_notification.terminal_notifier': Not used on non-Darwin systems
[12.768s] INFO:colcon.colcon_core.plugin_system:Skipping extension 'colcon_notification.desktop_notification.win32': Not used on non-Windows systems
[12.769s] INFO:colcon.colcon_notification.desktop_notification:Sending desktop notification using 'notify2'
[12.797s] DEBUG:colcon.colcon_core.event_reactor:joined thread
[12.827s] INFO:colcon.colcon_core.shell:Creating prefix script '/home/matt/ros2_ws/install/local_setup.ps1'
[12.828s] INFO:colcon.colcon_core.shell:Creating prefix util module '/home/matt/ros2_ws/install/_local_setup_util_ps1.py'
[12.831s] INFO:colcon.colcon_core.shell:Creating prefix chain script '/home/matt/ros2_ws/install/setup.ps1'
[12.865s] INFO:colcon.colcon_core.shell:Creating prefix script '/home/matt/ros2_ws/install/local_setup.sh'
[12.866s] INFO:colcon.colcon_core.shell:Creating prefix util module '/home/matt/ros2_ws/install/_local_setup_util_sh.py'
[12.867s] INFO:colcon.colcon_core.shell:Creating prefix chain script '/home/matt/ros2_ws/install/setup.sh'
[12.901s] INFO:colcon.colcon_core.shell:Creating prefix script '/home/matt/ros2_ws/install/local_setup.bash'
[12.902s] INFO:colcon.colcon_core.shell:Creating prefix chain script '/home/matt/ros2_ws/install/setup.bash'
[12.938s] INFO:colcon.colcon_core.shell:Creating prefix script '/home/matt/ros2_ws/install/local_setup.zsh'
[12.939s] INFO:colcon.colcon_core.shell:Creating prefix chain script '/home/matt/ros2_ws/install/setup.zsh'
