[0.110s] Invoking command in '/home/matt/ros2_ws/build/ros2_msgs': CMAKE_PREFIX_PATH=${CMAKE_PREFIX_PATH}:/home/matt/ros2_ws/install/rob599_hw3:/opt/ros/humble /usr/bin/cmake --build /home/matt/ros2_ws/build/ros2_msgs -- -j24 -l24
[0.181s] [  2%] Built target ros2_msgs__cpp
[0.183s] [ 12%] Built target ros2_msgs__rosidl_generator_c
[0.199s] [ 12%] Built target ament_cmake_python_symlink_ros2_msgs
[0.225s] [ 23%] Built target ros2_msgs__rosidl_typesupport_cpp
[0.226s] [ 34%] Built target ros2_msgs__rosidl_typesupport_introspection_c
[0.227s] [ 44%] Built target ros2_msgs__rosidl_typesupport_fastrtps_cpp
[0.229s] [ 55%] Built target ros2_msgs__rosidl_typesupport_fastrtps_c
[0.231s] [ 65%] Built target ros2_msgs__rosidl_typesupport_introspection_cpp
[0.232s] [ 76%] Built target ros2_msgs__rosidl_typesupport_c
[0.267s] [ 76%] Built target ros2_msgs
[0.302s] [ 78%] Built target ros2_msgs__py
[0.334s] [ 87%] Built target ros2_msgs__rosidl_generator_py
[0.370s] [ 91%] Built target ros2_msgs__rosidl_typesupport_fastrtps_c__pyext
[0.370s] [ 95%] Built target ros2_msgs__rosidl_typesupport_introspection_c__pyext
[0.370s] [100%] Built target ros2_msgs__rosidl_typesupport_c__pyext
[0.610s] running egg_info
[0.611s] writing ros2_msgs.egg-info/PKG-INFO
[0.612s] writing dependency_links to ros2_msgs.egg-info/dependency_links.txt
[0.612s] writing top-level names to ros2_msgs.egg-info/top_level.txt
[0.613s] reading manifest file 'ros2_msgs.egg-info/SOURCES.txt'
[0.615s] writing manifest file 'ros2_msgs.egg-info/SOURCES.txt'
[0.652s] [100%] Built target ament_cmake_python_build_ros2_msgs_egg
[1.364s] Invoked command in '/home/matt/ros2_ws/build/ros2_msgs' returned '0': CMAKE_PREFIX_PATH=${CMAKE_PREFIX_PATH}:/home/matt/ros2_ws/install/rob599_hw3:/opt/ros/humble /usr/bin/cmake --build /home/matt/ros2_ws/build/ros2_msgs -- -j24 -l24
[1.543s] Invoking command in '/home/matt/ros2_ws/build/ros2_msgs': CMAKE_PREFIX_PATH=${CMAKE_PREFIX_PATH}:/home/matt/ros2_ws/install/rob599_hw3:/opt/ros/humble /usr/bin/cmake --install /home/matt/ros2_ws/build/ros2_msgs
[1.553s] -- Install configuration: ""
[1.555s] -- Execute custom install script
[1.555s] -- Up-to-date symlink: /home/matt/ros2_ws/install/ros2_msgs/share/ament_index/resource_index/rosidl_interfaces/ros2_msgs
[1.556s] -- Up-to-date symlink: /home/matt/ros2_ws/install/ros2_msgs/include/ros2_msgs/ros2_msgs/action/detail/nasa__functions.h
[1.557s] -- Up-to-date symlink: /home/matt/ros2_ws/install/ros2_msgs/include/ros2_msgs/ros2_msgs/action/detail/nasa__struct.h
[1.558s] -- Up-to-date symlink: /home/matt/ros2_ws/install/ros2_msgs/include/ros2_msgs/ros2_msgs/action/detail/nasa__type_support.h
[1.558s] -- Up-to-date symlink: /home/matt/ros2_ws/install/ros2_msgs/include/ros2_msgs/ros2_msgs/action/nasa.h
[1.559s] -- Up-to-date symlink: /home/matt/ros2_ws/install/ros2_msgs/include/ros2_msgs/ros2_msgs/msg/detail/location_name__functions.h
[1.559s] -- Up-to-date symlink: /home/matt/ros2_ws/install/ros2_msgs/include/ros2_msgs/ros2_msgs/msg/detail/location_name__struct.h
[1.559s] -- Up-to-date symlink: /home/matt/ros2_ws/install/ros2_msgs/include/ros2_msgs/ros2_msgs/msg/detail/location_name__type_support.h
[1.559s] -- Up-to-date symlink: /home/matt/ros2_ws/install/ros2_msgs/include/ros2_msgs/ros2_msgs/msg/location_name.h
[1.559s] -- Up-to-date symlink: /home/matt/ros2_ws/install/ros2_msgs/include/ros2_msgs/ros2_msgs/msg/rosidl_generator_c__visibility_control.h
[1.559s] -- Up-to-date symlink: /home/matt/ros2_ws/install/ros2_msgs/include/ros2_msgs/ros2_msgs/srv/detail/location__functions.h
[1.559s] -- Up-to-date symlink: /home/matt/ros2_ws/install/ros2_msgs/include/ros2_msgs/ros2_msgs/srv/detail/location__struct.h
[1.560s] -- Up-to-date symlink: /home/matt/ros2_ws/install/ros2_msgs/include/ros2_msgs/ros2_msgs/srv/detail/location__type_support.h
[1.560s] -- Up-to-date symlink: /home/matt/ros2_ws/install/ros2_msgs/include/ros2_msgs/ros2_msgs/srv/location.h
[1.560s] -- Up-to-date symlink: /home/matt/ros2_ws/install/ros2_msgs/share/ros2_msgs/environment/library_path.sh
[1.560s] -- Up-to-date symlink: /home/matt/ros2_ws/install/ros2_msgs/share/ros2_msgs/environment/library_path.dsv
[1.560s] -- Up-to-date symlink: /home/matt/ros2_ws/install/ros2_msgs/include/ros2_msgs/ros2_msgs/action/detail/nasa__rosidl_typesupport_fastrtps_c.h
[1.560s] -- Up-to-date symlink: /home/matt/ros2_ws/install/ros2_msgs/include/ros2_msgs/ros2_msgs/msg/detail/location_name__rosidl_typesupport_fastrtps_c.h
[1.561s] -- Up-to-date symlink: /home/matt/ros2_ws/install/ros2_msgs/include/ros2_msgs/ros2_msgs/msg/rosidl_typesupport_fastrtps_c__visibility_control.h
[1.561s] -- Up-to-date symlink: /home/matt/ros2_ws/install/ros2_msgs/include/ros2_msgs/ros2_msgs/srv/detail/location__rosidl_typesupport_fastrtps_c.h
[1.561s] -- Up-to-date symlink: /home/matt/ros2_ws/install/ros2_msgs/include/ros2_msgs/ros2_msgs/action/detail/nasa__rosidl_typesupport_introspection_c.h
[1.561s] -- Up-to-date symlink: /home/matt/ros2_ws/install/ros2_msgs/include/ros2_msgs/ros2_msgs/msg/detail/location_name__rosidl_typesupport_introspection_c.h
[1.561s] -- Up-to-date symlink: /home/matt/ros2_ws/install/ros2_msgs/include/ros2_msgs/ros2_msgs/msg/rosidl_typesupport_introspection_c__visibility_control.h
[1.561s] -- Up-to-date symlink: /home/matt/ros2_ws/install/ros2_msgs/include/ros2_msgs/ros2_msgs/srv/detail/location__rosidl_typesupport_introspection_c.h
[1.561s] -- Up-to-date symlink: /home/matt/ros2_ws/install/ros2_msgs/include/ros2_msgs/ros2_msgs/action/detail/nasa__builder.hpp
[1.561s] -- Up-to-date symlink: /home/matt/ros2_ws/install/ros2_msgs/include/ros2_msgs/ros2_msgs/action/detail/nasa__struct.hpp
[1.562s] -- Up-to-date symlink: /home/matt/ros2_ws/install/ros2_msgs/include/ros2_msgs/ros2_msgs/action/detail/nasa__traits.hpp
[1.562s] -- Up-to-date symlink: /home/matt/ros2_ws/install/ros2_msgs/include/ros2_msgs/ros2_msgs/action/nasa.hpp
[1.562s] -- Up-to-date symlink: /home/matt/ros2_ws/install/ros2_msgs/include/ros2_msgs/ros2_msgs/msg/detail/location_name__builder.hpp
[1.562s] -- Up-to-date symlink: /home/matt/ros2_ws/install/ros2_msgs/include/ros2_msgs/ros2_msgs/msg/detail/location_name__struct.hpp
[1.562s] -- Up-to-date symlink: /home/matt/ros2_ws/install/ros2_msgs/include/ros2_msgs/ros2_msgs/msg/detail/location_name__traits.hpp
[1.562s] -- Up-to-date symlink: /home/matt/ros2_ws/install/ros2_msgs/include/ros2_msgs/ros2_msgs/msg/location_name.hpp
[1.562s] -- Up-to-date symlink: /home/matt/ros2_ws/install/ros2_msgs/include/ros2_msgs/ros2_msgs/srv/detail/location__builder.hpp
[1.562s] -- Up-to-date symlink: /home/matt/ros2_ws/install/ros2_msgs/include/ros2_msgs/ros2_msgs/srv/detail/location__struct.hpp
[1.563s] -- Up-to-date symlink: /home/matt/ros2_ws/install/ros2_msgs/include/ros2_msgs/ros2_msgs/srv/detail/location__traits.hpp
[1.563s] -- Up-to-date symlink: /home/matt/ros2_ws/install/ros2_msgs/include/ros2_msgs/ros2_msgs/srv/location.hpp
[1.563s] -- Up-to-date symlink: /home/matt/ros2_ws/install/ros2_msgs/include/ros2_msgs/ros2_msgs/action/detail/nasa__rosidl_typesupport_fastrtps_cpp.hpp
[1.563s] -- Up-to-date symlink: /home/matt/ros2_ws/install/ros2_msgs/include/ros2_msgs/ros2_msgs/msg/detail/location_name__rosidl_typesupport_fastrtps_cpp.hpp
[1.564s] -- Up-to-date symlink: /home/matt/ros2_ws/install/ros2_msgs/include/ros2_msgs/ros2_msgs/msg/rosidl_typesupport_fastrtps_cpp__visibility_control.h
[1.564s] -- Up-to-date symlink: /home/matt/ros2_ws/install/ros2_msgs/include/ros2_msgs/ros2_msgs/srv/detail/location__rosidl_typesupport_fastrtps_cpp.hpp
[1.564s] -- Up-to-date symlink: /home/matt/ros2_ws/install/ros2_msgs/include/ros2_msgs/ros2_msgs/action/detail/nasa__rosidl_typesupport_introspection_cpp.hpp
[1.564s] -- Up-to-date symlink: /home/matt/ros2_ws/install/ros2_msgs/include/ros2_msgs/ros2_msgs/msg/detail/location_name__rosidl_typesupport_introspection_cpp.hpp
[1.565s] -- Up-to-date symlink: /home/matt/ros2_ws/install/ros2_msgs/include/ros2_msgs/ros2_msgs/srv/detail/location__rosidl_typesupport_introspection_cpp.hpp
[1.565s] -- Up-to-date symlink: /home/matt/ros2_ws/install/ros2_msgs/share/ros2_msgs/environment/pythonpath.sh
[1.565s] -- Up-to-date symlink: /home/matt/ros2_ws/install/ros2_msgs/share/ros2_msgs/environment/pythonpath.dsv
[1.565s] -- Up-to-date symlink: /home/matt/ros2_ws/install/ros2_msgs/local/lib/python3.10/dist-packages/ros2_msgs-0.0.0-py3.10.egg-info/PKG-INFO
[1.566s] -- Up-to-date symlink: /home/matt/ros2_ws/install/ros2_msgs/local/lib/python3.10/dist-packages/ros2_msgs-0.0.0-py3.10.egg-info/SOURCES.txt
[1.566s] -- Up-to-date symlink: /home/matt/ros2_ws/install/ros2_msgs/local/lib/python3.10/dist-packages/ros2_msgs-0.0.0-py3.10.egg-info/dependency_links.txt
[1.566s] -- Up-to-date symlink: /home/matt/ros2_ws/install/ros2_msgs/local/lib/python3.10/dist-packages/ros2_msgs-0.0.0-py3.10.egg-info/top_level.txt
[1.567s] -- Up-to-date symlink: /home/matt/ros2_ws/install/ros2_msgs/local/lib/python3.10/dist-packages/ros2_msgs/__init__.py
[1.567s] -- Up-to-date symlink: /home/matt/ros2_ws/install/ros2_msgs/local/lib/python3.10/dist-packages/ros2_msgs/_ros2_msgs_s.ep.rosidl_typesupport_c.c
[1.567s] -- Up-to-date symlink: /home/matt/ros2_ws/install/ros2_msgs/local/lib/python3.10/dist-packages/ros2_msgs/_ros2_msgs_s.ep.rosidl_typesupport_fastrtps_c.c
[1.567s] -- Up-to-date symlink: /home/matt/ros2_ws/install/ros2_msgs/local/lib/python3.10/dist-packages/ros2_msgs/_ros2_msgs_s.ep.rosidl_typesupport_introspection_c.c
[1.567s] -- Up-to-date symlink: /home/matt/ros2_ws/install/ros2_msgs/local/lib/python3.10/dist-packages/ros2_msgs/action/__init__.py
[1.568s] -- Up-to-date symlink: /home/matt/ros2_ws/install/ros2_msgs/local/lib/python3.10/dist-packages/ros2_msgs/action/_nasa.py
[1.568s] -- Up-to-date symlink: /home/matt/ros2_ws/install/ros2_msgs/local/lib/python3.10/dist-packages/ros2_msgs/action/_nasa_s.c
[1.568s] -- Up-to-date symlink: /home/matt/ros2_ws/install/ros2_msgs/local/lib/python3.10/dist-packages/ros2_msgs/libros2_msgs__rosidl_generator_py.so
[1.568s] -- Up-to-date symlink: /home/matt/ros2_ws/install/ros2_msgs/local/lib/python3.10/dist-packages/ros2_msgs/msg/__init__.py
[1.568s] -- Up-to-date symlink: /home/matt/ros2_ws/install/ros2_msgs/local/lib/python3.10/dist-packages/ros2_msgs/msg/_location_name.py
[1.569s] -- Up-to-date symlink: /home/matt/ros2_ws/install/ros2_msgs/local/lib/python3.10/dist-packages/ros2_msgs/msg/_location_name_s.c
[1.569s] -- Up-to-date symlink: /home/matt/ros2_ws/install/ros2_msgs/local/lib/python3.10/dist-packages/ros2_msgs/ros2_msgs_s__rosidl_typesupport_c.cpython-310-x86_64-linux-gnu.so
[1.569s] -- Up-to-date symlink: /home/matt/ros2_ws/install/ros2_msgs/local/lib/python3.10/dist-packages/ros2_msgs/ros2_msgs_s__rosidl_typesupport_fastrtps_c.cpython-310-x86_64-linux-gnu.so
[1.569s] -- Up-to-date symlink: /home/matt/ros2_ws/install/ros2_msgs/local/lib/python3.10/dist-packages/ros2_msgs/ros2_msgs_s__rosidl_typesupport_introspection_c.cpython-310-x86_64-linux-gnu.so
[1.569s] -- Up-to-date symlink: /home/matt/ros2_ws/install/ros2_msgs/local/lib/python3.10/dist-packages/ros2_msgs/srv/__init__.py
[1.569s] -- Up-to-date symlink: /home/matt/ros2_ws/install/ros2_msgs/local/lib/python3.10/dist-packages/ros2_msgs/srv/_location.py
[1.570s] -- Up-to-date symlink: /home/matt/ros2_ws/install/ros2_msgs/local/lib/python3.10/dist-packages/ros2_msgs/srv/_location_s.c
[1.570s] -- Up-to-date symlink: /home/matt/ros2_ws/install/ros2_msgs/local/lib/python3.10/dist-packages/ros2_msgs/ros2_msgs_s__rosidl_typesupport_fastrtps_c.cpython-310-x86_64-linux-gnu.so
[1.570s] -- Up-to-date symlink: /home/matt/ros2_ws/install/ros2_msgs/local/lib/python3.10/dist-packages/ros2_msgs/ros2_msgs_s__rosidl_typesupport_introspection_c.cpython-310-x86_64-linux-gnu.so
[1.570s] -- Up-to-date symlink: /home/matt/ros2_ws/install/ros2_msgs/local/lib/python3.10/dist-packages/ros2_msgs/ros2_msgs_s__rosidl_typesupport_c.cpython-310-x86_64-linux-gnu.so
[1.570s] -- Up-to-date symlink: /home/matt/ros2_ws/install/ros2_msgs/share/ros2_msgs/action/Nasa.idl
[1.570s] -- Up-to-date symlink: /home/matt/ros2_ws/install/ros2_msgs/share/ros2_msgs/srv/Location.idl
[1.571s] -- Up-to-date symlink: /home/matt/ros2_ws/install/ros2_msgs/share/ros2_msgs/msg/LocationName.idl
[1.571s] -- Up-to-date symlink: /home/matt/ros2_ws/install/ros2_msgs/share/ros2_msgs/action/Nasa.action
[1.571s] -- Up-to-date symlink: /home/matt/ros2_ws/install/ros2_msgs/share/ros2_msgs/srv/Location.srv
[1.571s] -- Up-to-date symlink: /home/matt/ros2_ws/install/ros2_msgs/share/ros2_msgs/srv/Location_Request.msg
[1.572s] -- Up-to-date symlink: /home/matt/ros2_ws/install/ros2_msgs/share/ros2_msgs/srv/Location_Response.msg
[1.573s] -- Up-to-date symlink: /home/matt/ros2_ws/install/ros2_msgs/share/ros2_msgs/msg/LocationName.msg
[1.573s] -- Up-to-date symlink: /home/matt/ros2_ws/install/ros2_msgs/share/ament_index/resource_index/package_run_dependencies/ros2_msgs
[1.574s] -- Up-to-date symlink: /home/matt/ros2_ws/install/ros2_msgs/share/ament_index/resource_index/parent_prefix_path/ros2_msgs
[1.574s] -- Up-to-date symlink: /home/matt/ros2_ws/install/ros2_msgs/share/ros2_msgs/environment/ament_prefix_path.sh
[1.575s] -- Up-to-date symlink: /home/matt/ros2_ws/install/ros2_msgs/share/ros2_msgs/environment/ament_prefix_path.dsv
[1.575s] -- Up-to-date symlink: /home/matt/ros2_ws/install/ros2_msgs/share/ros2_msgs/environment/path.sh
[1.575s] -- Up-to-date symlink: /home/matt/ros2_ws/install/ros2_msgs/share/ros2_msgs/environment/path.dsv
[1.575s] -- Up-to-date symlink: /home/matt/ros2_ws/install/ros2_msgs/share/ros2_msgs/local_setup.bash
[1.575s] -- Up-to-date symlink: /home/matt/ros2_ws/install/ros2_msgs/share/ros2_msgs/local_setup.sh
[1.575s] -- Up-to-date symlink: /home/matt/ros2_ws/install/ros2_msgs/share/ros2_msgs/local_setup.zsh
[1.575s] -- Up-to-date symlink: /home/matt/ros2_ws/install/ros2_msgs/share/ros2_msgs/local_setup.dsv
[1.575s] -- Symlinking: /home/matt/ros2_ws/install/ros2_msgs/share/ros2_msgs/package.dsv
[1.585s] -- Up-to-date symlink: /home/matt/ros2_ws/install/ros2_msgs/share/ament_index/resource_index/packages/ros2_msgs
[1.585s] -- Up-to-date symlink: /home/matt/ros2_ws/install/ros2_msgs/share/ros2_msgs/cmake/rosidl_cmake-extras.cmake
[1.585s] -- Up-to-date symlink: /home/matt/ros2_ws/install/ros2_msgs/share/ros2_msgs/cmake/ament_cmake_export_dependencies-extras.cmake
[1.586s] -- Up-to-date symlink: /home/matt/ros2_ws/install/ros2_msgs/share/ros2_msgs/cmake/ament_cmake_export_include_directories-extras.cmake
[1.586s] -- Up-to-date symlink: /home/matt/ros2_ws/install/ros2_msgs/share/ros2_msgs/cmake/ament_cmake_export_libraries-extras.cmake
[1.586s] -- Up-to-date symlink: /home/matt/ros2_ws/install/ros2_msgs/share/ros2_msgs/cmake/ament_cmake_export_targets-extras.cmake
[1.586s] -- Up-to-date symlink: /home/matt/ros2_ws/install/ros2_msgs/share/ros2_msgs/cmake/rosidl_cmake_export_typesupport_targets-extras.cmake
[1.586s] -- Up-to-date symlink: /home/matt/ros2_ws/install/ros2_msgs/share/ros2_msgs/cmake/rosidl_cmake_export_typesupport_libraries-extras.cmake
[1.586s] -- Up-to-date symlink: /home/matt/ros2_ws/install/ros2_msgs/share/ros2_msgs/cmake/ros2_msgsConfig.cmake
[1.587s] -- Up-to-date symlink: /home/matt/ros2_ws/install/ros2_msgs/share/ros2_msgs/cmake/ros2_msgsConfig-version.cmake
[1.587s] -- Up-to-date symlink: /home/matt/ros2_ws/install/ros2_msgs/share/ros2_msgs/package.xml
[1.587s] -- Up-to-date: /home/matt/ros2_ws/install/ros2_msgs/lib/libros2_msgs__rosidl_generator_c.so
[1.587s] -- Up-to-date: /home/matt/ros2_ws/install/ros2_msgs/lib/libros2_msgs__rosidl_typesupport_fastrtps_c.so
[1.587s] -- Up-to-date: /home/matt/ros2_ws/install/ros2_msgs/lib/libros2_msgs__rosidl_typesupport_introspection_c.so
[1.587s] -- Up-to-date: /home/matt/ros2_ws/install/ros2_msgs/lib/libros2_msgs__rosidl_typesupport_c.so
[1.588s] -- Up-to-date: /home/matt/ros2_ws/install/ros2_msgs/lib/libros2_msgs__rosidl_typesupport_fastrtps_cpp.so
[1.588s] -- Up-to-date: /home/matt/ros2_ws/install/ros2_msgs/lib/libros2_msgs__rosidl_typesupport_introspection_cpp.so
[1.588s] -- Up-to-date: /home/matt/ros2_ws/install/ros2_msgs/lib/libros2_msgs__rosidl_typesupport_cpp.so
[1.638s] Listing '/home/matt/ros2_ws/install/ros2_msgs/local/lib/python3.10/dist-packages/ros2_msgs'...
[1.638s] Listing '/home/matt/ros2_ws/install/ros2_msgs/local/lib/python3.10/dist-packages/ros2_msgs/action'...
[1.638s] Listing '/home/matt/ros2_ws/install/ros2_msgs/local/lib/python3.10/dist-packages/ros2_msgs/msg'...
[1.638s] Listing '/home/matt/ros2_ws/install/ros2_msgs/local/lib/python3.10/dist-packages/ros2_msgs/srv'...
[1.644s] -- Up-to-date: /home/matt/ros2_ws/install/ros2_msgs/lib/libros2_msgs__rosidl_generator_py.so
[1.644s] -- Up-to-date: /home/matt/ros2_ws/install/ros2_msgs/share/ros2_msgs/cmake/export_ros2_msgs__rosidl_generator_cExport.cmake
[1.644s] -- Up-to-date: /home/matt/ros2_ws/install/ros2_msgs/share/ros2_msgs/cmake/export_ros2_msgs__rosidl_generator_cExport-noconfig.cmake
[1.645s] -- Up-to-date: /home/matt/ros2_ws/install/ros2_msgs/share/ros2_msgs/cmake/export_ros2_msgs__rosidl_typesupport_fastrtps_cExport.cmake
[1.645s] -- Up-to-date: /home/matt/ros2_ws/install/ros2_msgs/share/ros2_msgs/cmake/export_ros2_msgs__rosidl_typesupport_fastrtps_cExport-noconfig.cmake
[1.645s] -- Up-to-date: /home/matt/ros2_ws/install/ros2_msgs/share/ros2_msgs/cmake/ros2_msgs__rosidl_typesupport_introspection_cExport.cmake
[1.645s] -- Up-to-date: /home/matt/ros2_ws/install/ros2_msgs/share/ros2_msgs/cmake/ros2_msgs__rosidl_typesupport_introspection_cExport-noconfig.cmake
[1.645s] -- Up-to-date: /home/matt/ros2_ws/install/ros2_msgs/share/ros2_msgs/cmake/ros2_msgs__rosidl_typesupport_cExport.cmake
[1.645s] -- Up-to-date: /home/matt/ros2_ws/install/ros2_msgs/share/ros2_msgs/cmake/ros2_msgs__rosidl_typesupport_cExport-noconfig.cmake
[1.645s] -- Up-to-date: /home/matt/ros2_ws/install/ros2_msgs/share/ros2_msgs/cmake/export_ros2_msgs__rosidl_generator_cppExport.cmake
[1.645s] -- Up-to-date: /home/matt/ros2_ws/install/ros2_msgs/share/ros2_msgs/cmake/export_ros2_msgs__rosidl_typesupport_fastrtps_cppExport.cmake
[1.645s] -- Up-to-date: /home/matt/ros2_ws/install/ros2_msgs/share/ros2_msgs/cmake/export_ros2_msgs__rosidl_typesupport_fastrtps_cppExport-noconfig.cmake
[1.645s] -- Up-to-date: /home/matt/ros2_ws/install/ros2_msgs/share/ros2_msgs/cmake/ros2_msgs__rosidl_typesupport_introspection_cppExport.cmake
[1.646s] -- Up-to-date: /home/matt/ros2_ws/install/ros2_msgs/share/ros2_msgs/cmake/ros2_msgs__rosidl_typesupport_introspection_cppExport-noconfig.cmake
[1.646s] -- Up-to-date: /home/matt/ros2_ws/install/ros2_msgs/share/ros2_msgs/cmake/ros2_msgs__rosidl_typesupport_cppExport.cmake
[1.646s] -- Up-to-date: /home/matt/ros2_ws/install/ros2_msgs/share/ros2_msgs/cmake/ros2_msgs__rosidl_typesupport_cppExport-noconfig.cmake
[1.646s] -- Up-to-date: /home/matt/ros2_ws/install/ros2_msgs/share/ros2_msgs/cmake/export_ros2_msgs__rosidl_generator_pyExport.cmake
[1.646s] -- Up-to-date: /home/matt/ros2_ws/install/ros2_msgs/share/ros2_msgs/cmake/export_ros2_msgs__rosidl_generator_pyExport-noconfig.cmake
[1.670s] Invoked command in '/home/matt/ros2_ws/build/ros2_msgs' returned '0': CMAKE_PREFIX_PATH=${CMAKE_PREFIX_PATH}:/home/matt/ros2_ws/install/rob599_hw3:/opt/ros/humble /usr/bin/cmake --install /home/matt/ros2_ws/build/ros2_msgs
