[1.448s] Invoking command in '/home/matt/ros2_ws/build/rob599_hw3': CMAKE_PREFIX_PATH=/home/matt/ros2_ws/install/turtlebot3_gazebo:/home/matt/ros2_ws/install/turtlebot3_simulations:/home/matt/ros2_ws/install/turtlebot3_fake_node:/home/matt/ros-humble-ros1-bridge/install/ros1_bridge PYTHONPATH=/home/matt/ros2_ws/build/rob599_hw3/prefix_override:/home/matt/ros2_ws/install/rob599_hw3/lib/python3.10/site-packages:${PYTHONPATH} /usr/bin/python3 setup.py develop --uninstall --editable --build-directory /home/matt/ros2_ws/build/rob599_hw3/build
[1.825s] running develop
[2.053s] Removing /home/matt/ros2_ws/install/rob599_hw3/lib/python3.10/site-packages/rob599-hw3.egg-link (link to .)
[2.088s] Invoked command in '/home/matt/ros2_ws/build/rob599_hw3' returned '0': CMAKE_PREFIX_PATH=/home/matt/ros2_ws/install/turtlebot3_gazebo:/home/matt/ros2_ws/install/turtlebot3_simulations:/home/matt/ros2_ws/install/turtlebot3_fake_node:/home/matt/ros-humble-ros1-bridge/install/ros1_bridge PYTHONPATH=/home/matt/ros2_ws/build/rob599_hw3/prefix_override:/home/matt/ros2_ws/install/rob599_hw3/lib/python3.10/site-packages:${PYTHONPATH} /usr/bin/python3 setup.py develop --uninstall --editable --build-directory /home/matt/ros2_ws/build/rob599_hw3/build
[2.090s] Invoking command in '/home/matt/ros2_ws/src/rob599_hw3': CMAKE_PREFIX_PATH=/home/matt/ros2_ws/install/turtlebot3_gazebo:/home/matt/ros2_ws/install/turtlebot3_simulations:/home/matt/ros2_ws/install/turtlebot3_fake_node:/home/matt/ros-humble-ros1-bridge/install/ros1_bridge PYTHONPATH=/home/matt/ros2_ws/build/rob599_hw3/prefix_override:/home/matt/ros2_ws/install/rob599_hw3/lib/python3.10/site-packages:${PYTHONPATH} /usr/bin/python3 setup.py egg_info --egg-base ../../build/rob599_hw3 build --build-base /home/matt/ros2_ws/build/rob599_hw3/build install --record /home/matt/ros2_ws/build/rob599_hw3/install.log --single-version-externally-managed
[2.464s] running egg_info
[2.465s] writing ../../build/rob599_hw3/rob599_hw3.egg-info/PKG-INFO
[2.466s] writing dependency_links to ../../build/rob599_hw3/rob599_hw3.egg-info/dependency_links.txt
[2.466s] writing entry points to ../../build/rob599_hw3/rob599_hw3.egg-info/entry_points.txt
[2.466s] writing requirements to ../../build/rob599_hw3/rob599_hw3.egg-info/requires.txt
[2.466s] writing top-level names to ../../build/rob599_hw3/rob599_hw3.egg-info/top_level.txt
[2.468s] reading manifest file '../../build/rob599_hw3/rob599_hw3.egg-info/SOURCES.txt'
[2.468s] adding license file 'LICENSE'
[2.469s] writing manifest file '../../build/rob599_hw3/rob599_hw3.egg-info/SOURCES.txt'
[2.469s] running build
[2.469s] running build_py
[2.470s] running install
[2.470s] running install_lib
[2.471s] creating /home/matt/ros2_ws/install/rob599_hw3/lib/python3.10/site-packages/rob599_hw3
[2.471s] copying /home/matt/ros2_ws/build/rob599_hw3/build/lib/rob599_hw3/__init__.py -> /home/matt/ros2_ws/install/rob599_hw3/lib/python3.10/site-packages/rob599_hw3
[2.471s] copying /home/matt/ros2_ws/build/rob599_hw3/build/lib/rob599_hw3/places.py -> /home/matt/ros2_ws/install/rob599_hw3/lib/python3.10/site-packages/rob599_hw3
[2.472s] byte-compiling /home/matt/ros2_ws/install/rob599_hw3/lib/python3.10/site-packages/rob599_hw3/__init__.py to __init__.cpython-310.pyc
[2.472s] byte-compiling /home/matt/ros2_ws/install/rob599_hw3/lib/python3.10/site-packages/rob599_hw3/places.py to places.cpython-310.pyc
[2.474s] running install_data
[2.474s] running install_egg_info
[2.477s] Copying ../../build/rob599_hw3/rob599_hw3.egg-info to /home/matt/ros2_ws/install/rob599_hw3/lib/python3.10/site-packages/rob599_hw3-0.0.0-py3.10.egg-info
[2.478s] running install_scripts
[2.510s] Installing places script to /home/matt/ros2_ws/install/rob599_hw3/lib/rob599_hw3
[2.510s] writing list of installed files to '/home/matt/ros2_ws/build/rob599_hw3/install.log'
[2.553s] Invoked command in '/home/matt/ros2_ws/src/rob599_hw3' returned '0': CMAKE_PREFIX_PATH=/home/matt/ros2_ws/install/turtlebot3_gazebo:/home/matt/ros2_ws/install/turtlebot3_simulations:/home/matt/ros2_ws/install/turtlebot3_fake_node:/home/matt/ros-humble-ros1-bridge/install/ros1_bridge PYTHONPATH=/home/matt/ros2_ws/build/rob599_hw3/prefix_override:/home/matt/ros2_ws/install/rob599_hw3/lib/python3.10/site-packages:${PYTHONPATH} /usr/bin/python3 setup.py egg_info --egg-base ../../build/rob599_hw3 build --build-base /home/matt/ros2_ws/build/rob599_hw3/build install --record /home/matt/ros2_ws/build/rob599_hw3/install.log --single-version-externally-managed
