[0.483s] Invoking command in '/home/matt/ros2_ws/build/turtlebot3_gazebo': CMAKE_PREFIX_PATH=${CMAKE_PREFIX_PATH}:/home/matt/ros2_ws/install/rob599_hw3:/opt/ros/humble /usr/bin/cmake /home/matt/ros2_ws/src/turtlebot3_simulations/turtlebot3_gazebo -DCMAKE_INSTALL_PREFIX=/home/matt/ros2_ws/install/turtlebot3_gazebo
[0.512s] -- Found ament_cmake: 1.3.8 (/opt/ros/humble/share/ament_cmake/cmake)
[0.820s] -- Override CMake install command with custom implementation using symlinks instead of copying resources
[0.846s] [33mCMake Warning (dev) at /usr/share/cmake-3.22/Modules/FindPackageHandleStandardArgs.cmake:438 (message):
[0.847s]   The package name passed to `find_package_handle_standard_args` (PkgConfig)
[0.847s]   does not match the name of the calling package (gazebo).  This can lead to
[0.847s]   problems in calling code that expects `find_package` result variables
[0.847s]   (e.g., `_FOUND`) to follow a certain pattern.
[0.848s] Call Stack (most recent call first):
[0.848s]   /usr/share/cmake-3.22/Modules/FindPkgConfig.cmake:99 (find_package_handle_standard_args)
[0.848s]   /usr/lib/x86_64-linux-gnu/cmake/gazebo/gazebo-config.cmake:72 (include)
[0.848s]   CMakeLists.txt:23 (find_package)
[0.848s] This warning is for project developers.  Use -Wno-dev to suppress it.
[0.848s] [0m
[0.904s] -- Found DART: /usr/include (Required is at least version "6.6") found components: dart 
[0.978s] -- Found Protobuf: /usr/lib/x86_64-linux-gnu/libprotobuf.so (found version "3.12.4") 
[0.981s] -- Looking for ignition-math6 -- found version 6.15.1
[0.992s] -- Searching for dependencies of ignition-math6
[0.994s] -- Looking for OGRE...
[1.008s] -- Found Ogre Ghadamon (1.9.0)
[1.009s] -- Found OGRE: optimized;/usr/lib/x86_64-linux-gnu/libOgreMain.so;debug;/usr/lib/x86_64-linux-gnu/libOgreMain.so
[1.033s] -- Looking for OGRE_Paging...
[1.033s] -- Found OGRE_Paging: optimized;/usr/lib/x86_64-linux-gnu/libOgrePaging.so;debug;/usr/lib/x86_64-linux-gnu/libOgrePaging.so
[1.034s] -- Looking for OGRE_Terrain...
[1.034s] -- Found OGRE_Terrain: optimized;/usr/lib/x86_64-linux-gnu/libOgreTerrain.so;debug;/usr/lib/x86_64-linux-gnu/libOgreTerrain.so
[1.034s] -- Looking for OGRE_Property...
[1.035s] -- Found OGRE_Property: optimized;/usr/lib/x86_64-linux-gnu/libOgreProperty.so;debug;/usr/lib/x86_64-linux-gnu/libOgreProperty.so
[1.035s] -- Looking for OGRE_RTShaderSystem...
[1.035s] -- Found OGRE_RTShaderSystem: optimized;/usr/lib/x86_64-linux-gnu/libOgreRTShaderSystem.so;debug;/usr/lib/x86_64-linux-gnu/libOgreRTShaderSystem.so
[1.035s] -- Looking for OGRE_Volume...
[1.036s] -- Found OGRE_Volume: optimized;/usr/lib/x86_64-linux-gnu/libOgreVolume.so;debug;/usr/lib/x86_64-linux-gnu/libOgreVolume.so
[1.036s] -- Looking for OGRE_Overlay...
[1.036s] -- Found OGRE_Overlay: optimized;/usr/lib/x86_64-linux-gnu/libOgreOverlay.so;debug;/usr/lib/x86_64-linux-gnu/libOgreOverlay.so
[1.305s] -- Looking for ignition-math6 -- found version 6.15.1
[1.306s] -- Looking for ignition-transport8 -- found version 8.2.1
[1.307s] -- Searching for dependencies of ignition-transport8
[1.349s] -- Found Protobuf: /usr/lib/x86_64-linux-gnu/libprotobuf.so (found suitable version "3.12.4", minimum required is "3") 
[1.376s] -- Config-file not installed for ZeroMQ -- checking for pkg-config
[1.388s] -- Checking for module 'libzmq >= 4'
[1.415s] --   Found libzmq , version 4.3.4
[1.501s] -- Checking for module 'uuid'
[1.526s] --   Found uuid, version 2.37.2
[1.596s] -- Looking for ignition-msgs5 -- found version 5.8.1
[1.597s] -- Searching for dependencies of ignition-msgs5
[1.642s] -- Looking for ignition-math6 -- found version 6.15.1
[1.654s] -- Checking for module 'tinyxml2'
[1.684s] --   Found tinyxml2, version 9.0.0
[1.753s] -- Looking for ignition-msgs5 -- found version 5.8.1
[1.754s] -- Looking for ignition-common3 -- found version 3.14.0
[1.755s] -- Searching for dependencies of ignition-common3
[1.755s] -- Looking for dlfcn.h - found
[1.755s] -- Looking for libdl - found
[1.784s] -- Searching for <ignition-common3> component [graphics]
[1.785s] -- Looking for ignition-common3-graphics -- found version 3.14.0
[1.786s] -- Searching for dependencies of ignition-common3-graphics
[1.787s] -- Looking for ignition-math6 -- found version 6.15.1
[1.789s] -- Looking for ignition-fuel_tools4 -- found version 4.4.0
[1.790s] -- Searching for dependencies of ignition-fuel_tools4
[1.876s] -- Checking for module 'jsoncpp'
[1.902s] --   Found jsoncpp, version 1.9.5
[1.985s] -- Checking for module 'libzip'
[2.015s] --   Found libzip, version 1.7.3
[2.089s] -- Looking for ignition-common3 -- found version 3.14.0
[2.090s] -- Looking for ignition-math6 -- found version 6.15.1
[2.092s] -- Looking for ignition-msgs5 -- found version 5.8.1
[2.096s] -- Found gazebo_ros_pkgs: 3.7.0 (/opt/ros/humble/share/gazebo_ros_pkgs/cmake)
[2.096s] -- Found geometry_msgs: 4.2.3 (/opt/ros/humble/share/geometry_msgs/cmake)
[2.142s] -- Found rosidl_generator_c: 3.1.5 (/opt/ros/humble/share/rosidl_generator_c/cmake)
[2.150s] -- Found rosidl_adapter: 3.1.5 (/opt/ros/humble/share/rosidl_adapter/cmake)
[2.167s] -- Found rosidl_generator_cpp: 3.1.5 (/opt/ros/humble/share/rosidl_generator_cpp/cmake)
[2.196s] -- Using all available rosidl_typesupport_c: rosidl_typesupport_fastrtps_c;rosidl_typesupport_introspection_c
[2.235s] -- Using all available rosidl_typesupport_cpp: rosidl_typesupport_fastrtps_cpp;rosidl_typesupport_introspection_cpp
[2.514s] -- Found nav_msgs: 4.2.3 (/opt/ros/humble/share/nav_msgs/cmake)
[2.723s] -- Found rclcpp: 16.0.8 (/opt/ros/humble/share/rclcpp/cmake)
[2.843s] -- Found rmw_implementation_cmake: 6.1.1 (/opt/ros/humble/share/rmw_implementation_cmake/cmake)
[2.847s] -- Found rmw_cyclonedds_cpp: 1.3.4 (/opt/ros/humble/share/rmw_cyclonedds_cpp/cmake)
[2.917s] -- Using RMW implementation 'rmw_cyclonedds_cpp' as default
[3.245s] -- Found sensor_msgs: 4.2.3 (/opt/ros/humble/share/sensor_msgs/cmake)
[3.487s] -- Found tf2: 0.25.6 (/opt/ros/humble/share/tf2/cmake)
[3.689s] -- Configuring done
[3.755s] -- Generating done
[3.760s] -- Build files have been written to: /home/matt/ros2_ws/build/turtlebot3_gazebo
[3.782s] Invoked command in '/home/matt/ros2_ws/build/turtlebot3_gazebo' returned '0': CMAKE_PREFIX_PATH=${CMAKE_PREFIX_PATH}:/home/matt/ros2_ws/install/rob599_hw3:/opt/ros/humble /usr/bin/cmake /home/matt/ros2_ws/src/turtlebot3_simulations/turtlebot3_gazebo -DCMAKE_INSTALL_PREFIX=/home/matt/ros2_ws/install/turtlebot3_gazebo
[3.788s] Invoking command in '/home/matt/ros2_ws/build/turtlebot3_gazebo': CMAKE_PREFIX_PATH=${CMAKE_PREFIX_PATH}:/home/matt/ros2_ws/install/rob599_hw3:/opt/ros/humble /usr/bin/cmake --build /home/matt/ros2_ws/build/turtlebot3_gazebo -- -j24 -l24
[3.885s] [35m[1mConsolidate compiler generated dependencies of target turtlebot3_drive[0m
[3.889s] [35m[1mConsolidate compiler generated dependencies of target obstacle1[0m
[3.890s] [35m[1mConsolidate compiler generated dependencies of target obstacle2[0m
[3.891s] [35m[1mConsolidate compiler generated dependencies of target obstacles[0m
[3.928s] [ 25%] Built target turtlebot3_drive
[3.980s] [ 50%] Built target obstacle1
[3.981s] [ 87%] Built target obstacle2
[3.981s] [100%] Built target obstacles
[4.006s] Invoked command in '/home/matt/ros2_ws/build/turtlebot3_gazebo' returned '0': CMAKE_PREFIX_PATH=${CMAKE_PREFIX_PATH}:/home/matt/ros2_ws/install/rob599_hw3:/opt/ros/humble /usr/bin/cmake --build /home/matt/ros2_ws/build/turtlebot3_gazebo -- -j24 -l24
[4.091s] Invoking command in '/home/matt/ros2_ws/build/turtlebot3_gazebo': CMAKE_PREFIX_PATH=${CMAKE_PREFIX_PATH}:/home/matt/ros2_ws/install/rob599_hw3:/opt/ros/humble /usr/bin/cmake --install /home/matt/ros2_ws/build/turtlebot3_gazebo
[4.109s] -- Install configuration: ""
[4.110s] -- Execute custom install script
[4.110s] -- Up-to-date symlink: /home/matt/ros2_ws/install/turtlebot3_gazebo/lib/turtlebot3_gazebo/turtlebot3_drive
[4.111s] -- Up-to-date symlink: /home/matt/ros2_ws/install/turtlebot3_gazebo/share/turtlebot3_gazebo//launch/empty_world.launch.py
[4.112s] -- Up-to-date symlink: /home/matt/ros2_ws/install/turtlebot3_gazebo/share/turtlebot3_gazebo//launch/robot_state_publisher.launch.py
[4.112s] -- Up-to-date symlink: /home/matt/ros2_ws/install/turtlebot3_gazebo/share/turtlebot3_gazebo//launch/spawn_turtlebot3.launch.py
[4.113s] -- Up-to-date symlink: /home/matt/ros2_ws/install/turtlebot3_gazebo/share/turtlebot3_gazebo//launch/turtlebot3_dqn_stage1.launch.py
[4.113s] -- Up-to-date symlink: /home/matt/ros2_ws/install/turtlebot3_gazebo/share/turtlebot3_gazebo//launch/turtlebot3_dqn_stage2.launch.py
[4.113s] -- Up-to-date symlink: /home/matt/ros2_ws/install/turtlebot3_gazebo/share/turtlebot3_gazebo//launch/turtlebot3_dqn_stage3.launch.py
[4.114s] -- Up-to-date symlink: /home/matt/ros2_ws/install/turtlebot3_gazebo/share/turtlebot3_gazebo//launch/turtlebot3_dqn_stage4.launch.py
[4.114s] -- Up-to-date symlink: /home/matt/ros2_ws/install/turtlebot3_gazebo/share/turtlebot3_gazebo//launch/turtlebot3_house.launch.py
[4.115s] -- Up-to-date symlink: /home/matt/ros2_ws/install/turtlebot3_gazebo/share/turtlebot3_gazebo//launch/turtlebot3_world.launch.py
[4.115s] -- Up-to-date symlink: /home/matt/ros2_ws/install/turtlebot3_gazebo/share/turtlebot3_gazebo//models/turtlebot3_burger/model-1_4.sdf
[4.115s] -- Up-to-date symlink: /home/matt/ros2_ws/install/turtlebot3_gazebo/share/turtlebot3_gazebo//models/turtlebot3_burger/model.config
[4.116s] -- Up-to-date symlink: /home/matt/ros2_ws/install/turtlebot3_gazebo/share/turtlebot3_gazebo//models/turtlebot3_burger/model.sdf
[4.116s] -- Up-to-date symlink: /home/matt/ros2_ws/install/turtlebot3_gazebo/share/turtlebot3_gazebo//models/turtlebot3_common/meshes/burger_base.dae
[4.116s] -- Up-to-date symlink: /home/matt/ros2_ws/install/turtlebot3_gazebo/share/turtlebot3_gazebo//models/turtlebot3_common/meshes/lds.dae
[4.116s] -- Up-to-date symlink: /home/matt/ros2_ws/install/turtlebot3_gazebo/share/turtlebot3_gazebo//models/turtlebot3_common/meshes/r200.dae
[4.116s] -- Up-to-date symlink: /home/matt/ros2_ws/install/turtlebot3_gazebo/share/turtlebot3_gazebo//models/turtlebot3_common/meshes/tire.dae
[4.116s] -- Up-to-date symlink: /home/matt/ros2_ws/install/turtlebot3_gazebo/share/turtlebot3_gazebo//models/turtlebot3_common/meshes/waffle_base.dae
[4.118s] -- Up-to-date symlink: /home/matt/ros2_ws/install/turtlebot3_gazebo/share/turtlebot3_gazebo//models/turtlebot3_common/meshes/waffle_pi_base.dae
[4.118s] -- Up-to-date symlink: /home/matt/ros2_ws/install/turtlebot3_gazebo/share/turtlebot3_gazebo//models/turtlebot3_common/model.config
[4.119s] -- Up-to-date symlink: /home/matt/ros2_ws/install/turtlebot3_gazebo/share/turtlebot3_gazebo//models/turtlebot3_dqn_world/goal_box/model.config
[4.119s] -- Up-to-date symlink: /home/matt/ros2_ws/install/turtlebot3_gazebo/share/turtlebot3_gazebo//models/turtlebot3_dqn_world/goal_box/model.sdf
[4.119s] -- Up-to-date symlink: /home/matt/ros2_ws/install/turtlebot3_gazebo/share/turtlebot3_gazebo//models/turtlebot3_dqn_world/inner_walls/model.config
[4.119s] -- Up-to-date symlink: /home/matt/ros2_ws/install/turtlebot3_gazebo/share/turtlebot3_gazebo//models/turtlebot3_dqn_world/inner_walls/model.sdf
[4.120s] -- Up-to-date symlink: /home/matt/ros2_ws/install/turtlebot3_gazebo/share/turtlebot3_gazebo//models/turtlebot3_dqn_world/model.config
[4.120s] -- Up-to-date symlink: /home/matt/ros2_ws/install/turtlebot3_gazebo/share/turtlebot3_gazebo//models/turtlebot3_dqn_world/model.sdf
[4.120s] -- Up-to-date symlink: /home/matt/ros2_ws/install/turtlebot3_gazebo/share/turtlebot3_gazebo//models/turtlebot3_dqn_world/obstacle1/model.config
[4.120s] -- Up-to-date symlink: /home/matt/ros2_ws/install/turtlebot3_gazebo/share/turtlebot3_gazebo//models/turtlebot3_dqn_world/obstacle1/model.sdf
[4.120s] -- Up-to-date symlink: /home/matt/ros2_ws/install/turtlebot3_gazebo/share/turtlebot3_gazebo//models/turtlebot3_dqn_world/obstacle2/model.config
[4.121s] -- Up-to-date symlink: /home/matt/ros2_ws/install/turtlebot3_gazebo/share/turtlebot3_gazebo//models/turtlebot3_dqn_world/obstacle2/model.sdf
[4.121s] -- Up-to-date symlink: /home/matt/ros2_ws/install/turtlebot3_gazebo/share/turtlebot3_gazebo//models/turtlebot3_dqn_world/obstacle_plugin/CMakeLists.txt
[4.121s] -- Up-to-date symlink: /home/matt/ros2_ws/install/turtlebot3_gazebo/share/turtlebot3_gazebo//models/turtlebot3_dqn_world/obstacle_plugin/obstacle1.cc
[4.121s] -- Up-to-date symlink: /home/matt/ros2_ws/install/turtlebot3_gazebo/share/turtlebot3_gazebo//models/turtlebot3_dqn_world/obstacle_plugin/obstacle2.cc
[4.122s] -- Up-to-date symlink: /home/matt/ros2_ws/install/turtlebot3_gazebo/share/turtlebot3_gazebo//models/turtlebot3_dqn_world/obstacle_plugin/obstacles.cc
[4.122s] -- Up-to-date symlink: /home/matt/ros2_ws/install/turtlebot3_gazebo/share/turtlebot3_gazebo//models/turtlebot3_dqn_world/obstacles/model.config
[4.122s] -- Up-to-date symlink: /home/matt/ros2_ws/install/turtlebot3_gazebo/share/turtlebot3_gazebo//models/turtlebot3_dqn_world/obstacles/model.sdf
[4.122s] -- Up-to-date symlink: /home/matt/ros2_ws/install/turtlebot3_gazebo/share/turtlebot3_gazebo//models/turtlebot3_house/model.config
[4.122s] -- Up-to-date symlink: /home/matt/ros2_ws/install/turtlebot3_gazebo/share/turtlebot3_gazebo//models/turtlebot3_house/model.sdf
[4.122s] -- Up-to-date symlink: /home/matt/ros2_ws/install/turtlebot3_gazebo/share/turtlebot3_gazebo//models/turtlebot3_waffle/model-1_4.sdf
[4.122s] -- Up-to-date symlink: /home/matt/ros2_ws/install/turtlebot3_gazebo/share/turtlebot3_gazebo//models/turtlebot3_waffle/model.config
[4.123s] -- Up-to-date symlink: /home/matt/ros2_ws/install/turtlebot3_gazebo/share/turtlebot3_gazebo//models/turtlebot3_waffle/model.sdf
[4.123s] -- Up-to-date symlink: /home/matt/ros2_ws/install/turtlebot3_gazebo/share/turtlebot3_gazebo//models/turtlebot3_waffle_pi/model-1_4_.sdf
[4.123s] -- Up-to-date symlink: /home/matt/ros2_ws/install/turtlebot3_gazebo/share/turtlebot3_gazebo//models/turtlebot3_waffle_pi/model.config
[4.124s] -- Up-to-date symlink: /home/matt/ros2_ws/install/turtlebot3_gazebo/share/turtlebot3_gazebo//models/turtlebot3_waffle_pi/model.sdf
[4.124s] -- Up-to-date symlink: /home/matt/ros2_ws/install/turtlebot3_gazebo/share/turtlebot3_gazebo//models/turtlebot3_world/meshes/hexagon.dae
[4.124s] -- Up-to-date symlink: /home/matt/ros2_ws/install/turtlebot3_gazebo/share/turtlebot3_gazebo//models/turtlebot3_world/meshes/wall.dae
[4.124s] -- Up-to-date symlink: /home/matt/ros2_ws/install/turtlebot3_gazebo/share/turtlebot3_gazebo//models/turtlebot3_world/model-1_4.sdf
[4.124s] -- Up-to-date symlink: /home/matt/ros2_ws/install/turtlebot3_gazebo/share/turtlebot3_gazebo//models/turtlebot3_world/model.config
[4.124s] -- Up-to-date symlink: /home/matt/ros2_ws/install/turtlebot3_gazebo/share/turtlebot3_gazebo//models/turtlebot3_world/model.sdf
[4.125s] -- Up-to-date symlink: /home/matt/ros2_ws/install/turtlebot3_gazebo/share/turtlebot3_gazebo//rviz/tb3_gazebo.rviz
[4.125s] -- Up-to-date symlink: /home/matt/ros2_ws/install/turtlebot3_gazebo/share/turtlebot3_gazebo//urdf/common_properties.urdf
[4.125s] -- Up-to-date symlink: /home/matt/ros2_ws/install/turtlebot3_gazebo/share/turtlebot3_gazebo//urdf/turtlebot3_burger.urdf
[4.125s] -- Up-to-date symlink: /home/matt/ros2_ws/install/turtlebot3_gazebo/share/turtlebot3_gazebo//urdf/turtlebot3_waffle.urdf
[4.125s] -- Up-to-date symlink: /home/matt/ros2_ws/install/turtlebot3_gazebo/share/turtlebot3_gazebo//urdf/turtlebot3_waffle_pi.urdf
[4.125s] -- Up-to-date symlink: /home/matt/ros2_ws/install/turtlebot3_gazebo/share/turtlebot3_gazebo//worlds/empty_world.world
[4.125s] -- Up-to-date symlink: /home/matt/ros2_ws/install/turtlebot3_gazebo/share/turtlebot3_gazebo//worlds/turtlebot3_dqn_stage1.world
[4.126s] -- Up-to-date symlink: /home/matt/ros2_ws/install/turtlebot3_gazebo/share/turtlebot3_gazebo//worlds/turtlebot3_dqn_stage2.world
[4.126s] -- Up-to-date symlink: /home/matt/ros2_ws/install/turtlebot3_gazebo/share/turtlebot3_gazebo//worlds/turtlebot3_dqn_stage3.world
[4.126s] -- Up-to-date symlink: /home/matt/ros2_ws/install/turtlebot3_gazebo/share/turtlebot3_gazebo//worlds/turtlebot3_dqn_stage4.world
[4.126s] -- Up-to-date symlink: /home/matt/ros2_ws/install/turtlebot3_gazebo/share/turtlebot3_gazebo//worlds/turtlebot3_house.world
[4.126s] -- Up-to-date symlink: /home/matt/ros2_ws/install/turtlebot3_gazebo/share/turtlebot3_gazebo//worlds/turtlebot3_world.world
[4.126s] -- Up-to-date symlink: /home/matt/ros2_ws/install/turtlebot3_gazebo/include//turtlebot3_gazebo/turtlebot3_drive.hpp
[4.126s] -- Up-to-date symlink: /home/matt/ros2_ws/install/turtlebot3_gazebo/share/ament_index/resource_index/package_run_dependencies/turtlebot3_gazebo
[4.126s] -- Up-to-date symlink: /home/matt/ros2_ws/install/turtlebot3_gazebo/share/ament_index/resource_index/parent_prefix_path/turtlebot3_gazebo
[4.126s] -- Up-to-date symlink: /home/matt/ros2_ws/install/turtlebot3_gazebo/share/turtlebot3_gazebo/environment/ament_prefix_path.sh
[4.127s] -- Up-to-date symlink: /home/matt/ros2_ws/install/turtlebot3_gazebo/share/turtlebot3_gazebo/environment/ament_prefix_path.dsv
[4.127s] -- Up-to-date symlink: /home/matt/ros2_ws/install/turtlebot3_gazebo/share/turtlebot3_gazebo/environment/path.sh
[4.127s] -- Up-to-date symlink: /home/matt/ros2_ws/install/turtlebot3_gazebo/share/turtlebot3_gazebo/environment/path.dsv
[4.127s] -- Up-to-date symlink: /home/matt/ros2_ws/install/turtlebot3_gazebo/share/turtlebot3_gazebo/local_setup.bash
[4.127s] -- Up-to-date symlink: /home/matt/ros2_ws/install/turtlebot3_gazebo/share/turtlebot3_gazebo/local_setup.sh
[4.127s] -- Up-to-date symlink: /home/matt/ros2_ws/install/turtlebot3_gazebo/share/turtlebot3_gazebo/local_setup.zsh
[4.127s] -- Up-to-date symlink: /home/matt/ros2_ws/install/turtlebot3_gazebo/share/turtlebot3_gazebo/local_setup.dsv
[4.128s] -- Symlinking: /home/matt/ros2_ws/install/turtlebot3_gazebo/share/turtlebot3_gazebo/package.dsv
[4.148s] -- Up-to-date symlink: /home/matt/ros2_ws/install/turtlebot3_gazebo/share/ament_index/resource_index/packages/turtlebot3_gazebo
[4.148s] -- Up-to-date symlink: /home/matt/ros2_ws/install/turtlebot3_gazebo/share/turtlebot3_gazebo/cmake/ament_cmake_export_include_directories-extras.cmake
[4.148s] -- Up-to-date symlink: /home/matt/ros2_ws/install/turtlebot3_gazebo/share/turtlebot3_gazebo/cmake/ament_cmake_export_dependencies-extras.cmake
[4.149s] -- Up-to-date symlink: /home/matt/ros2_ws/install/turtlebot3_gazebo/share/turtlebot3_gazebo/cmake/turtlebot3_gazeboConfig.cmake
[4.149s] -- Up-to-date symlink: /home/matt/ros2_ws/install/turtlebot3_gazebo/share/turtlebot3_gazebo/cmake/turtlebot3_gazeboConfig-version.cmake
[4.150s] -- Up-to-date symlink: /home/matt/ros2_ws/install/turtlebot3_gazebo/share/turtlebot3_gazebo/package.xml
[4.154s] Invoked command in '/home/matt/ros2_ws/build/turtlebot3_gazebo' returned '0': CMAKE_PREFIX_PATH=${CMAKE_PREFIX_PATH}:/home/matt/ros2_ws/install/rob599_hw3:/opt/ros/humble /usr/bin/cmake --install /home/matt/ros2_ws/build/turtlebot3_gazebo
