[0.557s] DEBUG:colcon:Command line arguments: ['/usr/bin/colcon', 'build', '--symlink-install']
[0.557s] DEBUG:colcon:Parsed command line arguments: Namespace(log_base=None, log_level=None, verb_name='build', build_base='build', install_base='install', merge_install=False, symlink_install=True, test_result_base=None, continue_on_error=False, executor='parallel', parallel_workers=24, event_handlers=None, ignore_user_meta=False, metas=['./colcon.meta'], base_paths=['.'], packages_ignore=None, packages_ignore_regex=None, paths=None, packages_up_to=None, packages_up_to_regex=None, packages_above=None, packages_above_and_dependencies=None, packages_above_depth=None, packages_select_by_dep=None, packages_skip_by_dep=None, packages_skip_up_to=None, packages_select_build_failed=False, packages_skip_build_finished=False, packages_select_test_failures=False, packages_skip_test_passed=False, packages_select=None, packages_skip=None, packages_select_regex=None, packages_skip_regex=None, packages_start=None, packages_end=None, allow_overriding=[], cmake_args=None, cmake_target=None, cmake_target_skip_unavailable=False, cmake_clean_cache=False, cmake_clean_first=False, cmake_force_configure=False, ament_cmake_args=None, catkin_cmake_args=None, catkin_skip_building_tests=False, verb_parser=<colcon_defaults.argument_parser.defaults.DefaultArgumentsDecorator object at 0x7f1e6666e230>, verb_extension=<colcon_core.verb.build.BuildVerb object at 0x7f1e666011e0>, main=<bound method BuildVerb.main of <colcon_core.verb.build.BuildVerb object at 0x7f1e666011e0>>)
[0.583s] Level 1:colcon.colcon_core.package_discovery:discover_packages(colcon_meta) check parameters
[0.583s] Level 1:colcon.colcon_core.package_discovery:discover_packages(recursive) check parameters
[0.583s] Level 1:colcon.colcon_core.package_discovery:discover_packages(ignore) check parameters
[0.583s] Level 1:colcon.colcon_core.package_discovery:discover_packages(path) check parameters
[0.583s] Level 1:colcon.colcon_core.package_discovery:discover_packages(colcon_meta) discover
[0.583s] Level 1:colcon.colcon_core.package_discovery:discover_packages(recursive) discover
[0.583s] INFO:colcon.colcon_core.package_discovery:Crawling recursively for packages in '/home/matt/ros2_ws'
[0.583s] Level 1:colcon.colcon_core.package_identification:_identify(.) by extensions ['ignore', 'ignore_ament_install']
[0.583s] Level 1:colcon.colcon_core.package_identification:_identify(.) by extension 'ignore'
[0.583s] Level 1:colcon.colcon_core.package_identification:_identify(.) by extension 'ignore_ament_install'
[0.583s] Level 1:colcon.colcon_core.package_identification:_identify(.) by extensions ['colcon_pkg']
[0.583s] Level 1:colcon.colcon_core.package_identification:_identify(.) by extension 'colcon_pkg'
[0.583s] Level 1:colcon.colcon_core.package_identification:_identify(.) by extensions ['colcon_meta']
[0.583s] Level 1:colcon.colcon_core.package_identification:_identify(.) by extension 'colcon_meta'
[0.583s] Level 1:colcon.colcon_core.package_identification:_identify(.) by extensions ['ros']
[0.583s] Level 1:colcon.colcon_core.package_identification:_identify(.) by extension 'ros'
[0.591s] Level 1:colcon.colcon_core.package_identification:_identify(.) by extensions ['cmake', 'python']
[0.591s] Level 1:colcon.colcon_core.package_identification:_identify(.) by extension 'cmake'
[0.591s] Level 1:colcon.colcon_core.package_identification:_identify(.) by extension 'python'
[0.591s] Level 1:colcon.colcon_core.package_identification:_identify(.) by extensions ['python_setup_py']
[0.591s] Level 1:colcon.colcon_core.package_identification:_identify(.) by extension 'python_setup_py'
[0.591s] Level 1:colcon.colcon_core.package_identification:_identify(build) by extensions ['ignore', 'ignore_ament_install']
[0.591s] Level 1:colcon.colcon_core.package_identification:_identify(build) by extension 'ignore'
[0.591s] Level 1:colcon.colcon_core.package_identification:_identify(build) ignored
[0.591s] Level 1:colcon.colcon_core.package_identification:_identify(install) by extensions ['ignore', 'ignore_ament_install']
[0.591s] Level 1:colcon.colcon_core.package_identification:_identify(install) by extension 'ignore'
[0.591s] Level 1:colcon.colcon_core.package_identification:_identify(install) ignored
[0.591s] Level 1:colcon.colcon_core.package_identification:_identify(log) by extensions ['ignore', 'ignore_ament_install']
[0.591s] Level 1:colcon.colcon_core.package_identification:_identify(log) by extension 'ignore'
[0.591s] Level 1:colcon.colcon_core.package_identification:_identify(log) ignored
[0.591s] Level 1:colcon.colcon_core.package_identification:_identify(src) by extensions ['ignore', 'ignore_ament_install']
[0.591s] Level 1:colcon.colcon_core.package_identification:_identify(src) by extension 'ignore'
[0.591s] Level 1:colcon.colcon_core.package_identification:_identify(src) by extension 'ignore_ament_install'
[0.591s] Level 1:colcon.colcon_core.package_identification:_identify(src) by extensions ['colcon_pkg']
[0.591s] Level 1:colcon.colcon_core.package_identification:_identify(src) by extension 'colcon_pkg'
[0.591s] Level 1:colcon.colcon_core.package_identification:_identify(src) by extensions ['colcon_meta']
[0.591s] Level 1:colcon.colcon_core.package_identification:_identify(src) by extension 'colcon_meta'
[0.591s] Level 1:colcon.colcon_core.package_identification:_identify(src) by extensions ['ros']
[0.591s] Level 1:colcon.colcon_core.package_identification:_identify(src) by extension 'ros'
[0.591s] Level 1:colcon.colcon_core.package_identification:_identify(src) by extensions ['cmake', 'python']
[0.591s] Level 1:colcon.colcon_core.package_identification:_identify(src) by extension 'cmake'
[0.591s] Level 1:colcon.colcon_core.package_identification:_identify(src) by extension 'python'
[0.591s] Level 1:colcon.colcon_core.package_identification:_identify(src) by extensions ['python_setup_py']
[0.591s] Level 1:colcon.colcon_core.package_identification:_identify(src) by extension 'python_setup_py'
[0.591s] Level 1:colcon.colcon_core.package_identification:_identify(src/rob599_hw3) by extensions ['ignore', 'ignore_ament_install']
[0.592s] Level 1:colcon.colcon_core.package_identification:_identify(src/rob599_hw3) by extension 'ignore'
[0.592s] Level 1:colcon.colcon_core.package_identification:_identify(src/rob599_hw3) by extension 'ignore_ament_install'
[0.592s] Level 1:colcon.colcon_core.package_identification:_identify(src/rob599_hw3) by extensions ['colcon_pkg']
[0.592s] Level 1:colcon.colcon_core.package_identification:_identify(src/rob599_hw3) by extension 'colcon_pkg'
[0.592s] Level 1:colcon.colcon_core.package_identification:_identify(src/rob599_hw3) by extensions ['colcon_meta']
[0.592s] Level 1:colcon.colcon_core.package_identification:_identify(src/rob599_hw3) by extension 'colcon_meta'
[0.592s] Level 1:colcon.colcon_core.package_identification:_identify(src/rob599_hw3) by extensions ['ros']
[0.592s] Level 1:colcon.colcon_core.package_identification:_identify(src/rob599_hw3) by extension 'ros'
[0.593s] DEBUG:colcon.colcon_core.package_identification:Package 'src/rob599_hw3' with type 'ros.ament_python' and name 'rob599_hw3'
[0.593s] Level 1:colcon.colcon_core.package_identification:_identify(src/ros2_msgs) by extensions ['ignore', 'ignore_ament_install']
[0.593s] Level 1:colcon.colcon_core.package_identification:_identify(src/ros2_msgs) by extension 'ignore'
[0.593s] Level 1:colcon.colcon_core.package_identification:_identify(src/ros2_msgs) by extension 'ignore_ament_install'
[0.593s] Level 1:colcon.colcon_core.package_identification:_identify(src/ros2_msgs) by extensions ['colcon_pkg']
[0.593s] Level 1:colcon.colcon_core.package_identification:_identify(src/ros2_msgs) by extension 'colcon_pkg'
[0.593s] Level 1:colcon.colcon_core.package_identification:_identify(src/ros2_msgs) by extensions ['colcon_meta']
[0.593s] Level 1:colcon.colcon_core.package_identification:_identify(src/ros2_msgs) by extension 'colcon_meta'
[0.593s] Level 1:colcon.colcon_core.package_identification:_identify(src/ros2_msgs) by extensions ['ros']
[0.594s] Level 1:colcon.colcon_core.package_identification:_identify(src/ros2_msgs) by extension 'ros'
[0.594s] DEBUG:colcon.colcon_core.package_identification:Package 'src/ros2_msgs' with type 'ros.ament_cmake' and name 'ros2_msgs'
[0.594s] Level 1:colcon.colcon_core.package_identification:_identify(src/turtlebot3_simulations) by extensions ['ignore', 'ignore_ament_install']
[0.594s] Level 1:colcon.colcon_core.package_identification:_identify(src/turtlebot3_simulations) by extension 'ignore'
[0.594s] Level 1:colcon.colcon_core.package_identification:_identify(src/turtlebot3_simulations) by extension 'ignore_ament_install'
[0.594s] Level 1:colcon.colcon_core.package_identification:_identify(src/turtlebot3_simulations) by extensions ['colcon_pkg']
[0.594s] Level 1:colcon.colcon_core.package_identification:_identify(src/turtlebot3_simulations) by extension 'colcon_pkg'
[0.594s] Level 1:colcon.colcon_core.package_identification:_identify(src/turtlebot3_simulations) by extensions ['colcon_meta']
[0.594s] Level 1:colcon.colcon_core.package_identification:_identify(src/turtlebot3_simulations) by extension 'colcon_meta'
[0.594s] Level 1:colcon.colcon_core.package_identification:_identify(src/turtlebot3_simulations) by extensions ['ros']
[0.594s] Level 1:colcon.colcon_core.package_identification:_identify(src/turtlebot3_simulations) by extension 'ros'
[0.594s] Level 1:colcon.colcon_core.package_identification:_identify(src/turtlebot3_simulations) by extensions ['cmake', 'python']
[0.594s] Level 1:colcon.colcon_core.package_identification:_identify(src/turtlebot3_simulations) by extension 'cmake'
[0.594s] Level 1:colcon.colcon_core.package_identification:_identify(src/turtlebot3_simulations) by extension 'python'
[0.594s] Level 1:colcon.colcon_core.package_identification:_identify(src/turtlebot3_simulations) by extensions ['python_setup_py']
[0.594s] Level 1:colcon.colcon_core.package_identification:_identify(src/turtlebot3_simulations) by extension 'python_setup_py'
[0.594s] Level 1:colcon.colcon_core.package_identification:_identify(src/turtlebot3_simulations/turtlebot3_fake_node) by extensions ['ignore', 'ignore_ament_install']
[0.594s] Level 1:colcon.colcon_core.package_identification:_identify(src/turtlebot3_simulations/turtlebot3_fake_node) by extension 'ignore'
[0.594s] Level 1:colcon.colcon_core.package_identification:_identify(src/turtlebot3_simulations/turtlebot3_fake_node) by extension 'ignore_ament_install'
[0.594s] Level 1:colcon.colcon_core.package_identification:_identify(src/turtlebot3_simulations/turtlebot3_fake_node) by extensions ['colcon_pkg']
[0.594s] Level 1:colcon.colcon_core.package_identification:_identify(src/turtlebot3_simulations/turtlebot3_fake_node) by extension 'colcon_pkg'
[0.594s] Level 1:colcon.colcon_core.package_identification:_identify(src/turtlebot3_simulations/turtlebot3_fake_node) by extensions ['colcon_meta']
[0.594s] Level 1:colcon.colcon_core.package_identification:_identify(src/turtlebot3_simulations/turtlebot3_fake_node) by extension 'colcon_meta'
[0.594s] Level 1:colcon.colcon_core.package_identification:_identify(src/turtlebot3_simulations/turtlebot3_fake_node) by extensions ['ros']
[0.594s] Level 1:colcon.colcon_core.package_identification:_identify(src/turtlebot3_simulations/turtlebot3_fake_node) by extension 'ros'
[0.595s] DEBUG:colcon.colcon_core.package_identification:Package 'src/turtlebot3_simulations/turtlebot3_fake_node' with type 'ros.ament_cmake' and name 'turtlebot3_fake_node'
[0.595s] Level 1:colcon.colcon_core.package_identification:_identify(src/turtlebot3_simulations/turtlebot3_gazebo) by extensions ['ignore', 'ignore_ament_install']
[0.595s] Level 1:colcon.colcon_core.package_identification:_identify(src/turtlebot3_simulations/turtlebot3_gazebo) by extension 'ignore'
[0.595s] Level 1:colcon.colcon_core.package_identification:_identify(src/turtlebot3_simulations/turtlebot3_gazebo) by extension 'ignore_ament_install'
[0.595s] Level 1:colcon.colcon_core.package_identification:_identify(src/turtlebot3_simulations/turtlebot3_gazebo) by extensions ['colcon_pkg']
[0.595s] Level 1:colcon.colcon_core.package_identification:_identify(src/turtlebot3_simulations/turtlebot3_gazebo) by extension 'colcon_pkg'
[0.595s] Level 1:colcon.colcon_core.package_identification:_identify(src/turtlebot3_simulations/turtlebot3_gazebo) by extensions ['colcon_meta']
[0.595s] Level 1:colcon.colcon_core.package_identification:_identify(src/turtlebot3_simulations/turtlebot3_gazebo) by extension 'colcon_meta'
[0.595s] Level 1:colcon.colcon_core.package_identification:_identify(src/turtlebot3_simulations/turtlebot3_gazebo) by extensions ['ros']
[0.595s] Level 1:colcon.colcon_core.package_identification:_identify(src/turtlebot3_simulations/turtlebot3_gazebo) by extension 'ros'
[0.596s] DEBUG:colcon.colcon_core.package_identification:Package 'src/turtlebot3_simulations/turtlebot3_gazebo' with type 'ros.ament_cmake' and name 'turtlebot3_gazebo'
[0.596s] Level 1:colcon.colcon_core.package_identification:_identify(src/turtlebot3_simulations/turtlebot3_simulations) by extensions ['ignore', 'ignore_ament_install']
[0.596s] Level 1:colcon.colcon_core.package_identification:_identify(src/turtlebot3_simulations/turtlebot3_simulations) by extension 'ignore'
[0.596s] Level 1:colcon.colcon_core.package_identification:_identify(src/turtlebot3_simulations/turtlebot3_simulations) by extension 'ignore_ament_install'
[0.596s] Level 1:colcon.colcon_core.package_identification:_identify(src/turtlebot3_simulations/turtlebot3_simulations) by extensions ['colcon_pkg']
[0.596s] Level 1:colcon.colcon_core.package_identification:_identify(src/turtlebot3_simulations/turtlebot3_simulations) by extension 'colcon_pkg'
[0.596s] Level 1:colcon.colcon_core.package_identification:_identify(src/turtlebot3_simulations/turtlebot3_simulations) by extensions ['colcon_meta']
[0.596s] Level 1:colcon.colcon_core.package_identification:_identify(src/turtlebot3_simulations/turtlebot3_simulations) by extension 'colcon_meta'
[0.596s] Level 1:colcon.colcon_core.package_identification:_identify(src/turtlebot3_simulations/turtlebot3_simulations) by extensions ['ros']
[0.596s] Level 1:colcon.colcon_core.package_identification:_identify(src/turtlebot3_simulations/turtlebot3_simulations) by extension 'ros'
[0.596s] DEBUG:colcon.colcon_core.package_identification:Package 'src/turtlebot3_simulations/turtlebot3_simulations' with type 'ros.ament_cmake' and name 'turtlebot3_simulations'
[0.596s] Level 1:colcon.colcon_core.package_discovery:discover_packages(recursive) using defaults
[0.597s] Level 1:colcon.colcon_core.package_discovery:discover_packages(ignore) discover
[0.597s] Level 1:colcon.colcon_core.package_discovery:discover_packages(ignore) using defaults
[0.597s] Level 1:colcon.colcon_core.package_discovery:discover_packages(path) discover
[0.597s] Level 1:colcon.colcon_core.package_discovery:discover_packages(path) using defaults
[0.647s] Level 1:colcon.colcon_core.package_discovery:discover_packages(prefix_path) check parameters
[0.647s] Level 1:colcon.colcon_core.package_discovery:discover_packages(prefix_path) discover
[0.663s] DEBUG:colcon.colcon_installed_package_information.package_discovery:Found 1 installed packages in /home/matt/ros-humble-ros1-bridge/install
[0.676s] DEBUG:colcon.colcon_installed_package_information.package_discovery:Found 5 installed packages in /home/matt/ros2_ws/install
[0.684s] DEBUG:colcon.colcon_installed_package_information.package_discovery:Found 394 installed packages in /opt/ros/humble
[0.685s] Level 1:colcon.colcon_core.package_discovery:discover_packages(prefix_path) using defaults
[0.745s] Level 5:colcon.colcon_core.verb:set package 'ros2_msgs' build argument 'cmake_args' from command line to 'None'
[0.745s] Level 5:colcon.colcon_core.verb:set package 'ros2_msgs' build argument 'cmake_target' from command line to 'None'
[0.745s] Level 5:colcon.colcon_core.verb:set package 'ros2_msgs' build argument 'cmake_target_skip_unavailable' from command line to 'False'
[0.745s] Level 5:colcon.colcon_core.verb:set package 'ros2_msgs' build argument 'cmake_clean_cache' from command line to 'False'
[0.745s] Level 5:colcon.colcon_core.verb:set package 'ros2_msgs' build argument 'cmake_clean_first' from command line to 'False'
[0.745s] Level 5:colcon.colcon_core.verb:set package 'ros2_msgs' build argument 'cmake_force_configure' from command line to 'False'
[0.745s] Level 5:colcon.colcon_core.verb:set package 'ros2_msgs' build argument 'ament_cmake_args' from command line to 'None'
[0.745s] Level 5:colcon.colcon_core.verb:set package 'ros2_msgs' build argument 'catkin_cmake_args' from command line to 'None'
[0.745s] Level 5:colcon.colcon_core.verb:set package 'ros2_msgs' build argument 'catkin_skip_building_tests' from command line to 'False'
[0.745s] DEBUG:colcon.colcon_core.verb:Building package 'ros2_msgs' with the following arguments: {'ament_cmake_args': None, 'build_base': '/home/matt/ros2_ws/build/ros2_msgs', 'catkin_cmake_args': None, 'catkin_skip_building_tests': False, 'cmake_args': None, 'cmake_clean_cache': False, 'cmake_clean_first': False, 'cmake_force_configure': False, 'cmake_target': None, 'cmake_target_skip_unavailable': False, 'install_base': '/home/matt/ros2_ws/install/ros2_msgs', 'merge_install': False, 'path': '/home/matt/ros2_ws/src/ros2_msgs', 'symlink_install': True, 'test_result_base': None}
[0.753s] Level 5:colcon.colcon_core.verb:set package 'turtlebot3_fake_node' build argument 'cmake_args' from command line to 'None'
[0.753s] Level 5:colcon.colcon_core.verb:set package 'turtlebot3_fake_node' build argument 'cmake_target' from command line to 'None'
[0.753s] Level 5:colcon.colcon_core.verb:set package 'turtlebot3_fake_node' build argument 'cmake_target_skip_unavailable' from command line to 'False'
[0.753s] Level 5:colcon.colcon_core.verb:set package 'turtlebot3_fake_node' build argument 'cmake_clean_cache' from command line to 'False'
[0.753s] Level 5:colcon.colcon_core.verb:set package 'turtlebot3_fake_node' build argument 'cmake_clean_first' from command line to 'False'
[0.753s] Level 5:colcon.colcon_core.verb:set package 'turtlebot3_fake_node' build argument 'cmake_force_configure' from command line to 'False'
[0.753s] Level 5:colcon.colcon_core.verb:set package 'turtlebot3_fake_node' build argument 'ament_cmake_args' from command line to 'None'
[0.753s] Level 5:colcon.colcon_core.verb:set package 'turtlebot3_fake_node' build argument 'catkin_cmake_args' from command line to 'None'
[0.753s] Level 5:colcon.colcon_core.verb:set package 'turtlebot3_fake_node' build argument 'catkin_skip_building_tests' from command line to 'False'
[0.753s] DEBUG:colcon.colcon_core.verb:Building package 'turtlebot3_fake_node' with the following arguments: {'ament_cmake_args': None, 'build_base': '/home/matt/ros2_ws/build/turtlebot3_fake_node', 'catkin_cmake_args': None, 'catkin_skip_building_tests': False, 'cmake_args': None, 'cmake_clean_cache': False, 'cmake_clean_first': False, 'cmake_force_configure': False, 'cmake_target': None, 'cmake_target_skip_unavailable': False, 'install_base': '/home/matt/ros2_ws/install/turtlebot3_fake_node', 'merge_install': False, 'path': '/home/matt/ros2_ws/src/turtlebot3_simulations/turtlebot3_fake_node', 'symlink_install': True, 'test_result_base': None}
[0.760s] Level 5:colcon.colcon_core.verb:set package 'turtlebot3_gazebo' build argument 'cmake_args' from command line to 'None'
[0.761s] Level 5:colcon.colcon_core.verb:set package 'turtlebot3_gazebo' build argument 'cmake_target' from command line to 'None'
[0.761s] Level 5:colcon.colcon_core.verb:set package 'turtlebot3_gazebo' build argument 'cmake_target_skip_unavailable' from command line to 'False'
[0.761s] Level 5:colcon.colcon_core.verb:set package 'turtlebot3_gazebo' build argument 'cmake_clean_cache' from command line to 'False'
[0.761s] Level 5:colcon.colcon_core.verb:set package 'turtlebot3_gazebo' build argument 'cmake_clean_first' from command line to 'False'
[0.761s] Level 5:colcon.colcon_core.verb:set package 'turtlebot3_gazebo' build argument 'cmake_force_configure' from command line to 'False'
[0.761s] Level 5:colcon.colcon_core.verb:set package 'turtlebot3_gazebo' build argument 'ament_cmake_args' from command line to 'None'
[0.761s] Level 5:colcon.colcon_core.verb:set package 'turtlebot3_gazebo' build argument 'catkin_cmake_args' from command line to 'None'
[0.761s] Level 5:colcon.colcon_core.verb:set package 'turtlebot3_gazebo' build argument 'catkin_skip_building_tests' from command line to 'False'
[0.761s] DEBUG:colcon.colcon_core.verb:Building package 'turtlebot3_gazebo' with the following arguments: {'ament_cmake_args': None, 'build_base': '/home/matt/ros2_ws/build/turtlebot3_gazebo', 'catkin_cmake_args': None, 'catkin_skip_building_tests': False, 'cmake_args': None, 'cmake_clean_cache': False, 'cmake_clean_first': False, 'cmake_force_configure': False, 'cmake_target': None, 'cmake_target_skip_unavailable': False, 'install_base': '/home/matt/ros2_ws/install/turtlebot3_gazebo', 'merge_install': False, 'path': '/home/matt/ros2_ws/src/turtlebot3_simulations/turtlebot3_gazebo', 'symlink_install': True, 'test_result_base': None}
[0.768s] Level 5:colcon.colcon_core.verb:set package 'rob599_hw3' build argument 'cmake_args' from command line to 'None'
[0.769s] Level 5:colcon.colcon_core.verb:set package 'rob599_hw3' build argument 'cmake_target' from command line to 'None'
[0.769s] Level 5:colcon.colcon_core.verb:set package 'rob599_hw3' build argument 'cmake_target_skip_unavailable' from command line to 'False'
[0.769s] Level 5:colcon.colcon_core.verb:set package 'rob599_hw3' build argument 'cmake_clean_cache' from command line to 'False'
[0.769s] Level 5:colcon.colcon_core.verb:set package 'rob599_hw3' build argument 'cmake_clean_first' from command line to 'False'
[0.769s] Level 5:colcon.colcon_core.verb:set package 'rob599_hw3' build argument 'cmake_force_configure' from command line to 'False'
[0.769s] Level 5:colcon.colcon_core.verb:set package 'rob599_hw3' build argument 'ament_cmake_args' from command line to 'None'
[0.769s] Level 5:colcon.colcon_core.verb:set package 'rob599_hw3' build argument 'catkin_cmake_args' from command line to 'None'
[0.769s] Level 5:colcon.colcon_core.verb:set package 'rob599_hw3' build argument 'catkin_skip_building_tests' from command line to 'False'
[0.769s] DEBUG:colcon.colcon_core.verb:Building package 'rob599_hw3' with the following arguments: {'ament_cmake_args': None, 'build_base': '/home/matt/ros2_ws/build/rob599_hw3', 'catkin_cmake_args': None, 'catkin_skip_building_tests': False, 'cmake_args': None, 'cmake_clean_cache': False, 'cmake_clean_first': False, 'cmake_force_configure': False, 'cmake_target': None, 'cmake_target_skip_unavailable': False, 'install_base': '/home/matt/ros2_ws/install/rob599_hw3', 'merge_install': False, 'path': '/home/matt/ros2_ws/src/rob599_hw3', 'symlink_install': True, 'test_result_base': None}
[0.776s] Level 5:colcon.colcon_core.verb:set package 'turtlebot3_simulations' build argument 'cmake_args' from command line to 'None'
[0.776s] Level 5:colcon.colcon_core.verb:set package 'turtlebot3_simulations' build argument 'cmake_target' from command line to 'None'
[0.776s] Level 5:colcon.colcon_core.verb:set package 'turtlebot3_simulations' build argument 'cmake_target_skip_unavailable' from command line to 'False'
[0.776s] Level 5:colcon.colcon_core.verb:set package 'turtlebot3_simulations' build argument 'cmake_clean_cache' from command line to 'False'
[0.776s] Level 5:colcon.colcon_core.verb:set package 'turtlebot3_simulations' build argument 'cmake_clean_first' from command line to 'False'
[0.776s] Level 5:colcon.colcon_core.verb:set package 'turtlebot3_simulations' build argument 'cmake_force_configure' from command line to 'False'
[0.776s] Level 5:colcon.colcon_core.verb:set package 'turtlebot3_simulations' build argument 'ament_cmake_args' from command line to 'None'
[0.776s] Level 5:colcon.colcon_core.verb:set package 'turtlebot3_simulations' build argument 'catkin_cmake_args' from command line to 'None'
[0.776s] Level 5:colcon.colcon_core.verb:set package 'turtlebot3_simulations' build argument 'catkin_skip_building_tests' from command line to 'False'
[0.776s] DEBUG:colcon.colcon_core.verb:Building package 'turtlebot3_simulations' with the following arguments: {'ament_cmake_args': None, 'build_base': '/home/matt/ros2_ws/build/turtlebot3_simulations', 'catkin_cmake_args': None, 'catkin_skip_building_tests': False, 'cmake_args': None, 'cmake_clean_cache': False, 'cmake_clean_first': False, 'cmake_force_configure': False, 'cmake_target': None, 'cmake_target_skip_unavailable': False, 'install_base': '/home/matt/ros2_ws/install/turtlebot3_simulations', 'merge_install': False, 'path': '/home/matt/ros2_ws/src/turtlebot3_simulations/turtlebot3_simulations', 'symlink_install': True, 'test_result_base': None}
[0.784s] INFO:colcon.colcon_core.executor:Executing jobs using 'parallel' executor
[0.792s] DEBUG:colcon.colcon_parallel_executor.executor.parallel:run_until_complete
[0.792s] INFO:colcon.colcon_ros.task.ament_cmake.build:Building ROS package in '/home/matt/ros2_ws/src/turtlebot3_simulations/turtlebot3_gazebo' with build type 'ament_cmake'
[0.792s] INFO:colcon.colcon_cmake.task.cmake.build:Building CMake package in '/home/matt/ros2_ws/src/turtlebot3_simulations/turtlebot3_gazebo'
[0.801s] INFO:colcon.colcon_core.plugin_system:Skipping extension 'colcon_core.shell.bat': Not used on non-Windows systems
[0.801s] INFO:colcon.colcon_core.shell:Skip shell extension 'powershell' for command environment: Not usable outside of PowerShell
[0.801s] DEBUG:colcon.colcon_core.shell:Skip shell extension 'dsv' for command environment
[0.834s] INFO:colcon.colcon_ros.task.ament_cmake.build:Building ROS package in '/home/matt/ros2_ws/src/turtlebot3_simulations/turtlebot3_fake_node' with build type 'ament_cmake'
[0.834s] INFO:colcon.colcon_cmake.task.cmake.build:Building CMake package in '/home/matt/ros2_ws/src/turtlebot3_simulations/turtlebot3_fake_node'
[0.842s] INFO:colcon.colcon_core.shell:Skip shell extension 'powershell' for command environment: Not usable outside of PowerShell
[0.842s] DEBUG:colcon.colcon_core.shell:Skip shell extension 'dsv' for command environment
[0.875s] INFO:colcon.colcon_ros.task.ament_cmake.build:Building ROS package in '/home/matt/ros2_ws/src/ros2_msgs' with build type 'ament_cmake'
[0.875s] INFO:colcon.colcon_cmake.task.cmake.build:Building CMake package in '/home/matt/ros2_ws/src/ros2_msgs'
[0.882s] INFO:colcon.colcon_core.shell:Skip shell extension 'powershell' for command environment: Not usable outside of PowerShell
[0.883s] DEBUG:colcon.colcon_core.shell:Skip shell extension 'dsv' for command environment
[0.920s] DEBUG:colcon.colcon_core.event_handler.log_command:Invoking command in '/home/matt/ros2_ws/build/turtlebot3_gazebo': CMAKE_PREFIX_PATH=${CMAKE_PREFIX_PATH}:/home/matt/ros2_ws/install/rob599_hw3:/opt/ros/humble /usr/bin/cmake /home/matt/ros2_ws/src/turtlebot3_simulations/turtlebot3_gazebo -DAMENT_CMAKE_SYMLINK_INSTALL=1 -DCMAKE_INSTALL_PREFIX=/home/matt/ros2_ws/install/turtlebot3_gazebo
[0.922s] DEBUG:colcon.colcon_core.event_handler.log_command:Invoking command in '/home/matt/ros2_ws/build/turtlebot3_fake_node': CMAKE_PREFIX_PATH=${CMAKE_PREFIX_PATH}:/home/matt/ros2_ws/install/rob599_hw3:/opt/ros/humble /usr/bin/cmake /home/matt/ros2_ws/src/turtlebot3_simulations/turtlebot3_fake_node -DAMENT_CMAKE_SYMLINK_INSTALL=1 -DCMAKE_INSTALL_PREFIX=/home/matt/ros2_ws/install/turtlebot3_fake_node
[0.924s] DEBUG:colcon.colcon_core.event_handler.log_command:Invoking command in '/home/matt/ros2_ws/build/ros2_msgs': CMAKE_PREFIX_PATH=${CMAKE_PREFIX_PATH}:/home/matt/ros2_ws/install/rob599_hw3:/opt/ros/humble /usr/bin/cmake /home/matt/ros2_ws/src/ros2_msgs -DAMENT_CMAKE_SYMLINK_INSTALL=1 -DCMAKE_INSTALL_PREFIX=/home/matt/ros2_ws/install/ros2_msgs
[1.614s] DEBUG:colcon.colcon_core.event_handler.log_command:Invoked command in '/home/matt/ros2_ws/build/turtlebot3_fake_node' returned '0': CMAKE_PREFIX_PATH=${CMAKE_PREFIX_PATH}:/home/matt/ros2_ws/install/rob599_hw3:/opt/ros/humble /usr/bin/cmake /home/matt/ros2_ws/src/turtlebot3_simulations/turtlebot3_fake_node -DAMENT_CMAKE_SYMLINK_INSTALL=1 -DCMAKE_INSTALL_PREFIX=/home/matt/ros2_ws/install/turtlebot3_fake_node
[1.615s] DEBUG:colcon.colcon_core.event_handler.log_command:Invoking command in '/home/matt/ros2_ws/build/turtlebot3_fake_node': CMAKE_PREFIX_PATH=${CMAKE_PREFIX_PATH}:/home/matt/ros2_ws/install/rob599_hw3:/opt/ros/humble /usr/bin/cmake --build /home/matt/ros2_ws/build/turtlebot3_fake_node -- -j24 -l24
[1.657s] DEBUG:colcon.colcon_core.event_handler.log_command:Invoked command in '/home/matt/ros2_ws/build/turtlebot3_fake_node' returned '0': CMAKE_PREFIX_PATH=${CMAKE_PREFIX_PATH}:/home/matt/ros2_ws/install/rob599_hw3:/opt/ros/humble /usr/bin/cmake --build /home/matt/ros2_ws/build/turtlebot3_fake_node -- -j24 -l24
[1.660s] DEBUG:colcon.colcon_core.event_handler.log_command:Invoked command in '/home/matt/ros2_ws/build/ros2_msgs' returned '0': CMAKE_PREFIX_PATH=${CMAKE_PREFIX_PATH}:/home/matt/ros2_ws/install/rob599_hw3:/opt/ros/humble /usr/bin/cmake /home/matt/ros2_ws/src/ros2_msgs -DAMENT_CMAKE_SYMLINK_INSTALL=1 -DCMAKE_INSTALL_PREFIX=/home/matt/ros2_ws/install/ros2_msgs
[1.660s] DEBUG:colcon.colcon_core.event_handler.log_command:Invoking command in '/home/matt/ros2_ws/build/ros2_msgs': CMAKE_PREFIX_PATH=${CMAKE_PREFIX_PATH}:/home/matt/ros2_ws/install/rob599_hw3:/opt/ros/humble /usr/bin/cmake --build /home/matt/ros2_ws/build/ros2_msgs -- -j24 -l24
[1.678s] DEBUG:colcon.colcon_core.event_handler.log_command:Invoking command in '/home/matt/ros2_ws/build/turtlebot3_fake_node': CMAKE_PREFIX_PATH=${CMAKE_PREFIX_PATH}:/home/matt/ros2_ws/install/rob599_hw3:/opt/ros/humble /usr/bin/cmake --install /home/matt/ros2_ws/build/turtlebot3_fake_node
[1.692s] Level 1:colcon.colcon_core.environment:create_environment_scripts_only(turtlebot3_fake_node)
[1.693s] DEBUG:colcon.colcon_core.event_handler.log_command:Invoked command in '/home/matt/ros2_ws/build/turtlebot3_fake_node' returned '0': CMAKE_PREFIX_PATH=${CMAKE_PREFIX_PATH}:/home/matt/ros2_ws/install/rob599_hw3:/opt/ros/humble /usr/bin/cmake --install /home/matt/ros2_ws/build/turtlebot3_fake_node
[1.714s] Level 1:colcon.colcon_core.environment:checking '/home/matt/ros2_ws/install/turtlebot3_fake_node' for CMake module files
[1.714s] Level 1:colcon.colcon_core.environment:checking '/home/matt/ros2_ws/install/turtlebot3_fake_node' for CMake config files
[1.714s] Level 1:colcon.colcon_core.shell:create_environment_hook('turtlebot3_fake_node', 'cmake_prefix_path')
[1.723s] INFO:colcon.colcon_core.shell:Creating environment hook '/home/matt/ros2_ws/install/turtlebot3_fake_node/share/turtlebot3_fake_node/hook/cmake_prefix_path.ps1'
[1.724s] INFO:colcon.colcon_core.shell:Creating environment descriptor '/home/matt/ros2_ws/install/turtlebot3_fake_node/share/turtlebot3_fake_node/hook/cmake_prefix_path.dsv'
[1.724s] INFO:colcon.colcon_core.shell:Creating environment hook '/home/matt/ros2_ws/install/turtlebot3_fake_node/share/turtlebot3_fake_node/hook/cmake_prefix_path.sh'
[1.725s] Level 1:colcon.colcon_core.environment:checking '/home/matt/ros2_ws/install/turtlebot3_fake_node/lib'
[1.725s] Level 1:colcon.colcon_core.environment:checking '/home/matt/ros2_ws/install/turtlebot3_fake_node/bin'
[1.725s] Level 1:colcon.colcon_core.environment:checking '/home/matt/ros2_ws/install/turtlebot3_fake_node/lib/pkgconfig/turtlebot3_fake_node.pc'
[1.725s] Level 1:colcon.colcon_core.environment:checking '/home/matt/ros2_ws/install/turtlebot3_fake_node/lib/python3.10/site-packages'
[1.725s] Level 1:colcon.colcon_core.environment:checking '/home/matt/ros2_ws/install/turtlebot3_fake_node/bin'
[1.734s] INFO:colcon.colcon_core.shell:Creating package script '/home/matt/ros2_ws/install/turtlebot3_fake_node/share/turtlebot3_fake_node/package.ps1'
[1.734s] INFO:colcon.colcon_core.shell:Creating package descriptor '/home/matt/ros2_ws/install/turtlebot3_fake_node/share/turtlebot3_fake_node/package.dsv'
[1.735s] INFO:colcon.colcon_core.shell:Creating package script '/home/matt/ros2_ws/install/turtlebot3_fake_node/share/turtlebot3_fake_node/package.sh'
[1.735s] INFO:colcon.colcon_core.shell:Creating package script '/home/matt/ros2_ws/install/turtlebot3_fake_node/share/turtlebot3_fake_node/package.bash'
[1.735s] INFO:colcon.colcon_core.shell:Creating package script '/home/matt/ros2_ws/install/turtlebot3_fake_node/share/turtlebot3_fake_node/package.zsh'
[1.736s] Level 1:colcon.colcon_core.environment:create_file_with_runtime_dependencies(/home/matt/ros2_ws/install/turtlebot3_fake_node/share/colcon-core/packages/turtlebot3_fake_node)
[1.764s] Level 1:colcon.colcon_core.environment:create_environment_scripts_only(turtlebot3_fake_node)
[1.774s] Level 1:colcon.colcon_core.environment:checking '/home/matt/ros2_ws/install/turtlebot3_fake_node' for CMake module files
[1.774s] Level 1:colcon.colcon_core.environment:checking '/home/matt/ros2_ws/install/turtlebot3_fake_node' for CMake config files
[1.774s] Level 1:colcon.colcon_core.shell:create_environment_hook('turtlebot3_fake_node', 'cmake_prefix_path')
[1.782s] INFO:colcon.colcon_core.shell:Creating environment hook '/home/matt/ros2_ws/install/turtlebot3_fake_node/share/turtlebot3_fake_node/hook/cmake_prefix_path.ps1'
[1.782s] INFO:colcon.colcon_core.shell:Creating environment descriptor '/home/matt/ros2_ws/install/turtlebot3_fake_node/share/turtlebot3_fake_node/hook/cmake_prefix_path.dsv'
[1.783s] INFO:colcon.colcon_core.shell:Creating environment hook '/home/matt/ros2_ws/install/turtlebot3_fake_node/share/turtlebot3_fake_node/hook/cmake_prefix_path.sh'
[1.783s] Level 1:colcon.colcon_core.environment:checking '/home/matt/ros2_ws/install/turtlebot3_fake_node/lib'
[1.783s] Level 1:colcon.colcon_core.environment:checking '/home/matt/ros2_ws/install/turtlebot3_fake_node/bin'
[1.783s] Level 1:colcon.colcon_core.environment:checking '/home/matt/ros2_ws/install/turtlebot3_fake_node/lib/pkgconfig/turtlebot3_fake_node.pc'
[1.783s] Level 1:colcon.colcon_core.environment:checking '/home/matt/ros2_ws/install/turtlebot3_fake_node/lib/python3.10/site-packages'
[1.783s] Level 1:colcon.colcon_core.environment:checking '/home/matt/ros2_ws/install/turtlebot3_fake_node/bin'
[1.791s] INFO:colcon.colcon_core.shell:Creating package script '/home/matt/ros2_ws/install/turtlebot3_fake_node/share/turtlebot3_fake_node/package.ps1'
[1.791s] INFO:colcon.colcon_core.shell:Creating package descriptor '/home/matt/ros2_ws/install/turtlebot3_fake_node/share/turtlebot3_fake_node/package.dsv'
[1.792s] INFO:colcon.colcon_core.shell:Creating package script '/home/matt/ros2_ws/install/turtlebot3_fake_node/share/turtlebot3_fake_node/package.sh'
[1.792s] INFO:colcon.colcon_core.shell:Creating package script '/home/matt/ros2_ws/install/turtlebot3_fake_node/share/turtlebot3_fake_node/package.bash'
[1.792s] INFO:colcon.colcon_core.shell:Creating package script '/home/matt/ros2_ws/install/turtlebot3_fake_node/share/turtlebot3_fake_node/package.zsh'
[1.792s] Level 1:colcon.colcon_core.environment:create_file_with_runtime_dependencies(/home/matt/ros2_ws/install/turtlebot3_fake_node/share/colcon-core/packages/turtlebot3_fake_node)
[1.816s] DEBUG:colcon.colcon_core.event_handler.log_command:Invoked command in '/home/matt/ros2_ws/build/turtlebot3_gazebo' returned '0': CMAKE_PREFIX_PATH=${CMAKE_PREFIX_PATH}:/home/matt/ros2_ws/install/rob599_hw3:/opt/ros/humble /usr/bin/cmake /home/matt/ros2_ws/src/turtlebot3_simulations/turtlebot3_gazebo -DAMENT_CMAKE_SYMLINK_INSTALL=1 -DCMAKE_INSTALL_PREFIX=/home/matt/ros2_ws/install/turtlebot3_gazebo
[1.817s] DEBUG:colcon.colcon_core.event_handler.log_command:Invoking command in '/home/matt/ros2_ws/build/turtlebot3_gazebo': CMAKE_PREFIX_PATH=${CMAKE_PREFIX_PATH}:/home/matt/ros2_ws/install/rob599_hw3:/opt/ros/humble /usr/bin/cmake --build /home/matt/ros2_ws/build/turtlebot3_gazebo -- -j24 -l24
[1.873s] DEBUG:colcon.colcon_core.event_handler.log_command:Invoked command in '/home/matt/ros2_ws/build/turtlebot3_gazebo' returned '0': CMAKE_PREFIX_PATH=${CMAKE_PREFIX_PATH}:/home/matt/ros2_ws/install/rob599_hw3:/opt/ros/humble /usr/bin/cmake --build /home/matt/ros2_ws/build/turtlebot3_gazebo -- -j24 -l24
[1.887s] DEBUG:colcon.colcon_core.event_handler.log_command:Invoked command in '/home/matt/ros2_ws/build/ros2_msgs' returned '0': CMAKE_PREFIX_PATH=${CMAKE_PREFIX_PATH}:/home/matt/ros2_ws/install/rob599_hw3:/opt/ros/humble /usr/bin/cmake --build /home/matt/ros2_ws/build/ros2_msgs -- -j24 -l24
[1.897s] DEBUG:colcon.colcon_core.event_handler.log_command:Invoking command in '/home/matt/ros2_ws/build/turtlebot3_gazebo': CMAKE_PREFIX_PATH=${CMAKE_PREFIX_PATH}:/home/matt/ros2_ws/install/rob599_hw3:/opt/ros/humble /usr/bin/cmake --install /home/matt/ros2_ws/build/turtlebot3_gazebo
[1.912s] Level 1:colcon.colcon_core.environment:create_environment_scripts_only(turtlebot3_gazebo)
[1.913s] DEBUG:colcon.colcon_core.event_handler.log_command:Invoked command in '/home/matt/ros2_ws/build/turtlebot3_gazebo' returned '0': CMAKE_PREFIX_PATH=${CMAKE_PREFIX_PATH}:/home/matt/ros2_ws/install/rob599_hw3:/opt/ros/humble /usr/bin/cmake --install /home/matt/ros2_ws/build/turtlebot3_gazebo
[1.921s] Level 1:colcon.colcon_core.environment:checking '/home/matt/ros2_ws/install/turtlebot3_gazebo' for CMake module files
[1.922s] Level 1:colcon.colcon_core.environment:checking '/home/matt/ros2_ws/install/turtlebot3_gazebo' for CMake config files
[1.922s] Level 1:colcon.colcon_core.shell:create_environment_hook('turtlebot3_gazebo', 'cmake_prefix_path')
[1.930s] INFO:colcon.colcon_core.shell:Creating environment hook '/home/matt/ros2_ws/install/turtlebot3_gazebo/share/turtlebot3_gazebo/hook/cmake_prefix_path.ps1'
[1.930s] INFO:colcon.colcon_core.shell:Creating environment descriptor '/home/matt/ros2_ws/install/turtlebot3_gazebo/share/turtlebot3_gazebo/hook/cmake_prefix_path.dsv'
[1.931s] INFO:colcon.colcon_core.shell:Creating environment hook '/home/matt/ros2_ws/install/turtlebot3_gazebo/share/turtlebot3_gazebo/hook/cmake_prefix_path.sh'
[1.931s] Level 1:colcon.colcon_core.environment:checking '/home/matt/ros2_ws/install/turtlebot3_gazebo/lib'
[1.931s] Level 1:colcon.colcon_core.environment:checking '/home/matt/ros2_ws/install/turtlebot3_gazebo/bin'
[1.931s] Level 1:colcon.colcon_core.environment:checking '/home/matt/ros2_ws/install/turtlebot3_gazebo/lib/pkgconfig/turtlebot3_gazebo.pc'
[1.931s] Level 1:colcon.colcon_core.environment:checking '/home/matt/ros2_ws/install/turtlebot3_gazebo/lib/python3.10/site-packages'
[1.931s] Level 1:colcon.colcon_core.environment:checking '/home/matt/ros2_ws/install/turtlebot3_gazebo/bin'
[1.939s] INFO:colcon.colcon_core.shell:Creating package script '/home/matt/ros2_ws/install/turtlebot3_gazebo/share/turtlebot3_gazebo/package.ps1'
[1.939s] INFO:colcon.colcon_core.shell:Creating package descriptor '/home/matt/ros2_ws/install/turtlebot3_gazebo/share/turtlebot3_gazebo/package.dsv'
[1.940s] INFO:colcon.colcon_core.shell:Creating package script '/home/matt/ros2_ws/install/turtlebot3_gazebo/share/turtlebot3_gazebo/package.sh'
[1.940s] INFO:colcon.colcon_core.shell:Creating package script '/home/matt/ros2_ws/install/turtlebot3_gazebo/share/turtlebot3_gazebo/package.bash'
[1.940s] INFO:colcon.colcon_core.shell:Creating package script '/home/matt/ros2_ws/install/turtlebot3_gazebo/share/turtlebot3_gazebo/package.zsh'
[1.940s] Level 1:colcon.colcon_core.environment:create_file_with_runtime_dependencies(/home/matt/ros2_ws/install/turtlebot3_gazebo/share/colcon-core/packages/turtlebot3_gazebo)
[1.948s] DEBUG:colcon.colcon_core.event_handler.log_command:Invoking command in '/home/matt/ros2_ws/build/ros2_msgs': CMAKE_PREFIX_PATH=${CMAKE_PREFIX_PATH}:/home/matt/ros2_ws/install/rob599_hw3:/opt/ros/humble /usr/bin/cmake --install /home/matt/ros2_ws/build/ros2_msgs
[1.971s] Level 1:colcon.colcon_core.environment:create_environment_scripts_only(turtlebot3_gazebo)
[1.979s] Level 1:colcon.colcon_core.environment:checking '/home/matt/ros2_ws/install/turtlebot3_gazebo' for CMake module files
[1.979s] Level 1:colcon.colcon_core.environment:checking '/home/matt/ros2_ws/install/turtlebot3_gazebo' for CMake config files
[1.980s] Level 1:colcon.colcon_core.shell:create_environment_hook('turtlebot3_gazebo', 'cmake_prefix_path')
[1.987s] INFO:colcon.colcon_core.shell:Creating environment hook '/home/matt/ros2_ws/install/turtlebot3_gazebo/share/turtlebot3_gazebo/hook/cmake_prefix_path.ps1'
[1.988s] INFO:colcon.colcon_core.shell:Creating environment descriptor '/home/matt/ros2_ws/install/turtlebot3_gazebo/share/turtlebot3_gazebo/hook/cmake_prefix_path.dsv'
[1.988s] INFO:colcon.colcon_core.shell:Creating environment hook '/home/matt/ros2_ws/install/turtlebot3_gazebo/share/turtlebot3_gazebo/hook/cmake_prefix_path.sh'
[1.988s] Level 1:colcon.colcon_core.environment:checking '/home/matt/ros2_ws/install/turtlebot3_gazebo/lib'
[1.988s] Level 1:colcon.colcon_core.environment:checking '/home/matt/ros2_ws/install/turtlebot3_gazebo/bin'
[1.988s] Level 1:colcon.colcon_core.environment:checking '/home/matt/ros2_ws/install/turtlebot3_gazebo/lib/pkgconfig/turtlebot3_gazebo.pc'
[1.989s] Level 1:colcon.colcon_core.environment:checking '/home/matt/ros2_ws/install/turtlebot3_gazebo/lib/python3.10/site-packages'
[1.989s] Level 1:colcon.colcon_core.environment:checking '/home/matt/ros2_ws/install/turtlebot3_gazebo/bin'
[1.997s] INFO:colcon.colcon_core.shell:Creating package script '/home/matt/ros2_ws/install/turtlebot3_gazebo/share/turtlebot3_gazebo/package.ps1'
[1.998s] INFO:colcon.colcon_core.shell:Creating package descriptor '/home/matt/ros2_ws/install/turtlebot3_gazebo/share/turtlebot3_gazebo/package.dsv'
[1.998s] INFO:colcon.colcon_core.shell:Creating package script '/home/matt/ros2_ws/install/turtlebot3_gazebo/share/turtlebot3_gazebo/package.sh'
[1.998s] INFO:colcon.colcon_core.shell:Creating package script '/home/matt/ros2_ws/install/turtlebot3_gazebo/share/turtlebot3_gazebo/package.bash'
[1.998s] INFO:colcon.colcon_core.shell:Creating package script '/home/matt/ros2_ws/install/turtlebot3_gazebo/share/turtlebot3_gazebo/package.zsh'
[1.998s] Level 1:colcon.colcon_core.environment:create_file_with_runtime_dependencies(/home/matt/ros2_ws/install/turtlebot3_gazebo/share/colcon-core/packages/turtlebot3_gazebo)
[1.999s] INFO:colcon.colcon_ros.task.ament_python.build:Building ROS package in '/home/matt/ros2_ws/src/rob599_hw3' with build type 'ament_python'
[1.999s] Level 1:colcon.colcon_core.shell:create_environment_hook('rob599_hw3', 'ament_prefix_path')
[2.007s] INFO:colcon.colcon_core.shell:Creating environment hook '/home/matt/ros2_ws/install/rob599_hw3/share/rob599_hw3/hook/ament_prefix_path.ps1'
[2.008s] INFO:colcon.colcon_core.shell:Creating environment descriptor '/home/matt/ros2_ws/install/rob599_hw3/share/rob599_hw3/hook/ament_prefix_path.dsv'
[2.008s] INFO:colcon.colcon_core.shell:Creating environment hook '/home/matt/ros2_ws/install/rob599_hw3/share/rob599_hw3/hook/ament_prefix_path.sh'
[2.016s] INFO:colcon.colcon_core.shell:Skip shell extension 'powershell' for command environment: Not usable outside of PowerShell
[2.016s] DEBUG:colcon.colcon_core.shell:Skip shell extension 'dsv' for command environment
[2.050s] INFO:colcon.colcon_ros.task.ament_cmake.build:Building ROS package in '/home/matt/ros2_ws/src/turtlebot3_simulations/turtlebot3_simulations' with build type 'ament_cmake'
[2.050s] INFO:colcon.colcon_cmake.task.cmake.build:Building CMake package in '/home/matt/ros2_ws/src/turtlebot3_simulations/turtlebot3_simulations'
[2.058s] INFO:colcon.colcon_core.shell:Skip shell extension 'powershell' for command environment: Not usable outside of PowerShell
[2.058s] DEBUG:colcon.colcon_core.shell:Skip shell extension 'dsv' for command environment
[2.260s] INFO:colcon.colcon_core.task.python.build:Building Python package in '/home/matt/ros2_ws/src/rob599_hw3'
[2.268s] INFO:colcon.colcon_core.shell:Skip shell extension 'powershell' for command environment: Not usable outside of PowerShell
[2.269s] DEBUG:colcon.colcon_core.shell:Skip shell extension 'dsv' for command environment
[2.301s] Level 1:colcon.colcon_core.environment:create_environment_scripts_only(ros2_msgs)
[2.302s] DEBUG:colcon.colcon_core.event_handler.log_command:Invoked command in '/home/matt/ros2_ws/build/ros2_msgs' returned '0': CMAKE_PREFIX_PATH=${CMAKE_PREFIX_PATH}:/home/matt/ros2_ws/install/rob599_hw3:/opt/ros/humble /usr/bin/cmake --install /home/matt/ros2_ws/build/ros2_msgs
[2.310s] Level 1:colcon.colcon_core.environment:checking '/home/matt/ros2_ws/install/ros2_msgs' for CMake module files
[2.310s] Level 1:colcon.colcon_core.environment:checking '/home/matt/ros2_ws/install/ros2_msgs' for CMake config files
[2.311s] Level 1:colcon.colcon_core.shell:create_environment_hook('ros2_msgs', 'cmake_prefix_path')
[2.318s] INFO:colcon.colcon_core.shell:Creating environment hook '/home/matt/ros2_ws/install/ros2_msgs/share/ros2_msgs/hook/cmake_prefix_path.ps1'
[2.319s] INFO:colcon.colcon_core.shell:Creating environment descriptor '/home/matt/ros2_ws/install/ros2_msgs/share/ros2_msgs/hook/cmake_prefix_path.dsv'
[2.319s] INFO:colcon.colcon_core.shell:Creating environment hook '/home/matt/ros2_ws/install/ros2_msgs/share/ros2_msgs/hook/cmake_prefix_path.sh'
[2.319s] Level 1:colcon.colcon_core.environment:checking '/home/matt/ros2_ws/install/ros2_msgs/lib'
[2.319s] Level 1:colcon.colcon_core.shell:create_environment_hook('ros2_msgs', 'ld_library_path_lib')
[2.327s] INFO:colcon.colcon_core.shell:Creating environment hook '/home/matt/ros2_ws/install/ros2_msgs/share/ros2_msgs/hook/ld_library_path_lib.ps1'
[2.327s] INFO:colcon.colcon_core.shell:Creating environment descriptor '/home/matt/ros2_ws/install/ros2_msgs/share/ros2_msgs/hook/ld_library_path_lib.dsv'
[2.327s] INFO:colcon.colcon_core.shell:Creating environment hook '/home/matt/ros2_ws/install/ros2_msgs/share/ros2_msgs/hook/ld_library_path_lib.sh'
[2.327s] Level 1:colcon.colcon_core.environment:checking '/home/matt/ros2_ws/install/ros2_msgs/bin'
[2.327s] Level 1:colcon.colcon_core.environment:checking '/home/matt/ros2_ws/install/ros2_msgs/lib/pkgconfig/ros2_msgs.pc'
[2.328s] Level 1:colcon.colcon_core.environment:checking '/home/matt/ros2_ws/install/ros2_msgs/lib/python3.10/site-packages'
[2.328s] Level 1:colcon.colcon_core.environment:checking '/home/matt/ros2_ws/install/ros2_msgs/bin'
[2.336s] INFO:colcon.colcon_core.shell:Creating package script '/home/matt/ros2_ws/install/ros2_msgs/share/ros2_msgs/package.ps1'
[2.336s] INFO:colcon.colcon_core.shell:Creating package descriptor '/home/matt/ros2_ws/install/ros2_msgs/share/ros2_msgs/package.dsv'
[2.336s] INFO:colcon.colcon_core.shell:Creating package script '/home/matt/ros2_ws/install/ros2_msgs/share/ros2_msgs/package.sh'
[2.336s] INFO:colcon.colcon_core.shell:Creating package script '/home/matt/ros2_ws/install/ros2_msgs/share/ros2_msgs/package.bash'
[2.336s] INFO:colcon.colcon_core.shell:Creating package script '/home/matt/ros2_ws/install/ros2_msgs/share/ros2_msgs/package.zsh'
[2.337s] Level 1:colcon.colcon_core.environment:create_file_with_runtime_dependencies(/home/matt/ros2_ws/install/ros2_msgs/share/colcon-core/packages/ros2_msgs)
[2.339s] DEBUG:colcon.colcon_core.event_handler.log_command:Invoking command in '/home/matt/ros2_ws/build/turtlebot3_simulations': CMAKE_PREFIX_PATH=/home/matt/ros2_ws/install/turtlebot3_gazebo:/home/matt/ros2_ws/install/turtlebot3_fake_node:/home/matt/ros2_ws/install/turtlebot3_simulations:/home/matt/ros2_ws/install/ros2_msgs:/home/matt/ros-humble-ros1-bridge/install/ros1_bridge:/home/matt/ros2_ws/install/rob599_hw3:/opt/ros/humble /usr/bin/cmake /home/matt/ros2_ws/src/turtlebot3_simulations/turtlebot3_simulations -DAMENT_CMAKE_SYMLINK_INSTALL=1 -DCMAKE_INSTALL_PREFIX=/home/matt/ros2_ws/install/turtlebot3_simulations
[2.403s] Level 1:colcon.colcon_core.environment:create_environment_scripts_only(ros2_msgs)
[2.411s] Level 1:colcon.colcon_core.environment:checking '/home/matt/ros2_ws/install/ros2_msgs' for CMake module files
[2.411s] Level 1:colcon.colcon_core.environment:checking '/home/matt/ros2_ws/install/ros2_msgs' for CMake config files
[2.412s] Level 1:colcon.colcon_core.shell:create_environment_hook('ros2_msgs', 'cmake_prefix_path')
[2.419s] INFO:colcon.colcon_core.shell:Creating environment hook '/home/matt/ros2_ws/install/ros2_msgs/share/ros2_msgs/hook/cmake_prefix_path.ps1'
[2.420s] INFO:colcon.colcon_core.shell:Creating environment descriptor '/home/matt/ros2_ws/install/ros2_msgs/share/ros2_msgs/hook/cmake_prefix_path.dsv'
[2.420s] INFO:colcon.colcon_core.shell:Creating environment hook '/home/matt/ros2_ws/install/ros2_msgs/share/ros2_msgs/hook/cmake_prefix_path.sh'
[2.420s] Level 1:colcon.colcon_core.environment:checking '/home/matt/ros2_ws/install/ros2_msgs/lib'
[2.420s] Level 1:colcon.colcon_core.shell:create_environment_hook('ros2_msgs', 'ld_library_path_lib')
[2.429s] INFO:colcon.colcon_core.shell:Creating environment hook '/home/matt/ros2_ws/install/ros2_msgs/share/ros2_msgs/hook/ld_library_path_lib.ps1'
[2.429s] INFO:colcon.colcon_core.shell:Creating environment descriptor '/home/matt/ros2_ws/install/ros2_msgs/share/ros2_msgs/hook/ld_library_path_lib.dsv'
[2.430s] INFO:colcon.colcon_core.shell:Creating environment hook '/home/matt/ros2_ws/install/ros2_msgs/share/ros2_msgs/hook/ld_library_path_lib.sh'
[2.430s] Level 1:colcon.colcon_core.environment:checking '/home/matt/ros2_ws/install/ros2_msgs/bin'
[2.430s] Level 1:colcon.colcon_core.environment:checking '/home/matt/ros2_ws/install/ros2_msgs/lib/pkgconfig/ros2_msgs.pc'
[2.430s] Level 1:colcon.colcon_core.environment:checking '/home/matt/ros2_ws/install/ros2_msgs/lib/python3.10/site-packages'
[2.430s] Level 1:colcon.colcon_core.environment:checking '/home/matt/ros2_ws/install/ros2_msgs/bin'
[2.438s] INFO:colcon.colcon_core.shell:Creating package script '/home/matt/ros2_ws/install/ros2_msgs/share/ros2_msgs/package.ps1'
[2.438s] INFO:colcon.colcon_core.shell:Creating package descriptor '/home/matt/ros2_ws/install/ros2_msgs/share/ros2_msgs/package.dsv'
[2.439s] INFO:colcon.colcon_core.shell:Creating package script '/home/matt/ros2_ws/install/ros2_msgs/share/ros2_msgs/package.sh'
[2.439s] INFO:colcon.colcon_core.shell:Creating package script '/home/matt/ros2_ws/install/ros2_msgs/share/ros2_msgs/package.bash'
[2.439s] INFO:colcon.colcon_core.shell:Creating package script '/home/matt/ros2_ws/install/ros2_msgs/share/ros2_msgs/package.zsh'
[2.439s] Level 1:colcon.colcon_core.environment:create_file_with_runtime_dependencies(/home/matt/ros2_ws/install/ros2_msgs/share/colcon-core/packages/ros2_msgs)
[2.476s] DEBUG:colcon.colcon_core.event_handler.log_command:Invoked command in '/home/matt/ros2_ws/build/turtlebot3_simulations' returned '0': CMAKE_PREFIX_PATH=/home/matt/ros2_ws/install/turtlebot3_gazebo:/home/matt/ros2_ws/install/turtlebot3_fake_node:/home/matt/ros2_ws/install/turtlebot3_simulations:/home/matt/ros2_ws/install/ros2_msgs:/home/matt/ros-humble-ros1-bridge/install/ros1_bridge:/home/matt/ros2_ws/install/rob599_hw3:/opt/ros/humble /usr/bin/cmake /home/matt/ros2_ws/src/turtlebot3_simulations/turtlebot3_simulations -DAMENT_CMAKE_SYMLINK_INSTALL=1 -DCMAKE_INSTALL_PREFIX=/home/matt/ros2_ws/install/turtlebot3_simulations
[2.476s] DEBUG:colcon.colcon_core.event_handler.log_command:Invoking command in '/home/matt/ros2_ws/build/turtlebot3_simulations': CMAKE_PREFIX_PATH=/home/matt/ros2_ws/install/turtlebot3_gazebo:/home/matt/ros2_ws/install/turtlebot3_fake_node:/home/matt/ros2_ws/install/turtlebot3_simulations:/home/matt/ros2_ws/install/ros2_msgs:/home/matt/ros-humble-ros1-bridge/install/ros1_bridge:/home/matt/ros2_ws/install/rob599_hw3:/opt/ros/humble /usr/bin/cmake --build /home/matt/ros2_ws/build/turtlebot3_simulations -- -j24 -l24
[2.499s] DEBUG:colcon.colcon_core.event_handler.log_command:Invoked command in '/home/matt/ros2_ws/build/turtlebot3_simulations' returned '0': CMAKE_PREFIX_PATH=/home/matt/ros2_ws/install/turtlebot3_gazebo:/home/matt/ros2_ws/install/turtlebot3_fake_node:/home/matt/ros2_ws/install/turtlebot3_simulations:/home/matt/ros2_ws/install/ros2_msgs:/home/matt/ros-humble-ros1-bridge/install/ros1_bridge:/home/matt/ros2_ws/install/rob599_hw3:/opt/ros/humble /usr/bin/cmake --build /home/matt/ros2_ws/build/turtlebot3_simulations -- -j24 -l24
[2.513s] DEBUG:colcon.colcon_core.event_handler.log_command:Invoking command in '/home/matt/ros2_ws/build/turtlebot3_simulations': CMAKE_PREFIX_PATH=/home/matt/ros2_ws/install/turtlebot3_gazebo:/home/matt/ros2_ws/install/turtlebot3_fake_node:/home/matt/ros2_ws/install/turtlebot3_simulations:/home/matt/ros2_ws/install/ros2_msgs:/home/matt/ros-humble-ros1-bridge/install/ros1_bridge:/home/matt/ros2_ws/install/rob599_hw3:/opt/ros/humble /usr/bin/cmake --install /home/matt/ros2_ws/build/turtlebot3_simulations
[2.525s] Level 1:colcon.colcon_core.environment:create_environment_scripts_only(turtlebot3_simulations)
[2.525s] DEBUG:colcon.colcon_core.event_handler.log_command:Invoked command in '/home/matt/ros2_ws/build/turtlebot3_simulations' returned '0': CMAKE_PREFIX_PATH=/home/matt/ros2_ws/install/turtlebot3_gazebo:/home/matt/ros2_ws/install/turtlebot3_fake_node:/home/matt/ros2_ws/install/turtlebot3_simulations:/home/matt/ros2_ws/install/ros2_msgs:/home/matt/ros-humble-ros1-bridge/install/ros1_bridge:/home/matt/ros2_ws/install/rob599_hw3:/opt/ros/humble /usr/bin/cmake --install /home/matt/ros2_ws/build/turtlebot3_simulations
[2.534s] Level 1:colcon.colcon_core.environment:checking '/home/matt/ros2_ws/install/turtlebot3_simulations' for CMake module files
[2.534s] Level 1:colcon.colcon_core.environment:checking '/home/matt/ros2_ws/install/turtlebot3_simulations' for CMake config files
[2.534s] Level 1:colcon.colcon_core.shell:create_environment_hook('turtlebot3_simulations', 'cmake_prefix_path')
[2.542s] INFO:colcon.colcon_core.shell:Creating environment hook '/home/matt/ros2_ws/install/turtlebot3_simulations/share/turtlebot3_simulations/hook/cmake_prefix_path.ps1'
[2.542s] INFO:colcon.colcon_core.shell:Creating environment descriptor '/home/matt/ros2_ws/install/turtlebot3_simulations/share/turtlebot3_simulations/hook/cmake_prefix_path.dsv'
[2.542s] INFO:colcon.colcon_core.shell:Creating environment hook '/home/matt/ros2_ws/install/turtlebot3_simulations/share/turtlebot3_simulations/hook/cmake_prefix_path.sh'
[2.543s] Level 1:colcon.colcon_core.environment:checking '/home/matt/ros2_ws/install/turtlebot3_simulations/bin'
[2.543s] Level 1:colcon.colcon_core.environment:checking '/home/matt/ros2_ws/install/turtlebot3_simulations/lib/pkgconfig/turtlebot3_simulations.pc'
[2.543s] Level 1:colcon.colcon_core.environment:checking '/home/matt/ros2_ws/install/turtlebot3_simulations/lib/python3.10/site-packages'
[2.543s] Level 1:colcon.colcon_core.environment:checking '/home/matt/ros2_ws/install/turtlebot3_simulations/bin'
[2.551s] INFO:colcon.colcon_core.shell:Creating package script '/home/matt/ros2_ws/install/turtlebot3_simulations/share/turtlebot3_simulations/package.ps1'
[2.551s] INFO:colcon.colcon_core.shell:Creating package descriptor '/home/matt/ros2_ws/install/turtlebot3_simulations/share/turtlebot3_simulations/package.dsv'
[2.552s] INFO:colcon.colcon_core.shell:Creating package script '/home/matt/ros2_ws/install/turtlebot3_simulations/share/turtlebot3_simulations/package.sh'
[2.552s] INFO:colcon.colcon_core.shell:Creating package script '/home/matt/ros2_ws/install/turtlebot3_simulations/share/turtlebot3_simulations/package.bash'
[2.552s] INFO:colcon.colcon_core.shell:Creating package script '/home/matt/ros2_ws/install/turtlebot3_simulations/share/turtlebot3_simulations/package.zsh'
[2.552s] Level 1:colcon.colcon_core.environment:create_file_with_runtime_dependencies(/home/matt/ros2_ws/install/turtlebot3_simulations/share/colcon-core/packages/turtlebot3_simulations)
[2.561s] DEBUG:colcon.colcon_core.task.python.build:While undoing a previous installation files outside the Python library path are being ignored: /home/matt/ros2_ws/install/rob599_hw3/share/ament_index/resource_index/packages/rob599_hw3
[2.561s] DEBUG:colcon.colcon_core.task.python.build:While undoing a previous installation files outside the Python library path are being ignored: /home/matt/ros2_ws/install/rob599_hw3/share/rob599_hw3/package.xml
[2.561s] DEBUG:colcon.colcon_core.task.python.build:While undoing a previous installation files outside the Python library path are being ignored: /home/matt/ros2_ws/install/rob599_hw3/share/rob599_hw3/launch/turtlebot3_slam_launch.py
[2.561s] DEBUG:colcon.colcon_core.task.python.build:While undoing a previous installation files outside the Python library path are being ignored: /home/matt/ros2_ws/install/rob599_hw3/share/rob599_hw3/launch/turtlebot3_nav_launch.py
[2.561s] DEBUG:colcon.colcon_core.task.python.build:While undoing a previous installation files outside the Python library path are being ignored: /home/matt/ros2_ws/install/rob599_hw3/lib/rob599_hw3/places
[2.563s] DEBUG:colcon.colcon_core.event_handler.log_command:Invoking command in '/home/matt/ros2_ws/build/rob599_hw3': CMAKE_PREFIX_PATH=/home/matt/ros2_ws/install/turtlebot3_gazebo:/home/matt/ros2_ws/install/turtlebot3_simulations:/home/matt/ros2_ws/install/turtlebot3_fake_node:/home/matt/ros2_ws/install/ros2_msgs:/home/matt/ros-humble-ros1-bridge/install/ros1_bridge PYTHONPATH=/home/matt/ros2_ws/build/rob599_hw3/prefix_override:/home/matt/ros2_ws/install/rob599_hw3/lib/python3.10/site-packages:${PYTHONPATH} /usr/bin/python3 setup.py develop --editable --build-directory /home/matt/ros2_ws/build/rob599_hw3/build --no-deps install_data
[2.575s] Level 1:colcon.colcon_core.environment:create_environment_scripts_only(turtlebot3_simulations)
[2.583s] Level 1:colcon.colcon_core.environment:checking '/home/matt/ros2_ws/install/turtlebot3_simulations' for CMake module files
[2.583s] Level 1:colcon.colcon_core.environment:checking '/home/matt/ros2_ws/install/turtlebot3_simulations' for CMake config files
[2.583s] Level 1:colcon.colcon_core.shell:create_environment_hook('turtlebot3_simulations', 'cmake_prefix_path')
[2.591s] INFO:colcon.colcon_core.shell:Creating environment hook '/home/matt/ros2_ws/install/turtlebot3_simulations/share/turtlebot3_simulations/hook/cmake_prefix_path.ps1'
[2.591s] INFO:colcon.colcon_core.shell:Creating environment descriptor '/home/matt/ros2_ws/install/turtlebot3_simulations/share/turtlebot3_simulations/hook/cmake_prefix_path.dsv'
[2.591s] INFO:colcon.colcon_core.shell:Creating environment hook '/home/matt/ros2_ws/install/turtlebot3_simulations/share/turtlebot3_simulations/hook/cmake_prefix_path.sh'
[2.591s] Level 1:colcon.colcon_core.environment:checking '/home/matt/ros2_ws/install/turtlebot3_simulations/bin'
[2.591s] Level 1:colcon.colcon_core.environment:checking '/home/matt/ros2_ws/install/turtlebot3_simulations/lib/pkgconfig/turtlebot3_simulations.pc'
[2.592s] Level 1:colcon.colcon_core.environment:checking '/home/matt/ros2_ws/install/turtlebot3_simulations/lib/python3.10/site-packages'
[2.592s] Level 1:colcon.colcon_core.environment:checking '/home/matt/ros2_ws/install/turtlebot3_simulations/bin'
[2.600s] INFO:colcon.colcon_core.shell:Creating package script '/home/matt/ros2_ws/install/turtlebot3_simulations/share/turtlebot3_simulations/package.ps1'
[2.600s] INFO:colcon.colcon_core.shell:Creating package descriptor '/home/matt/ros2_ws/install/turtlebot3_simulations/share/turtlebot3_simulations/package.dsv'
[2.600s] INFO:colcon.colcon_core.shell:Creating package script '/home/matt/ros2_ws/install/turtlebot3_simulations/share/turtlebot3_simulations/package.sh'
[2.600s] INFO:colcon.colcon_core.shell:Creating package script '/home/matt/ros2_ws/install/turtlebot3_simulations/share/turtlebot3_simulations/package.bash'
[2.600s] INFO:colcon.colcon_core.shell:Creating package script '/home/matt/ros2_ws/install/turtlebot3_simulations/share/turtlebot3_simulations/package.zsh'
[2.601s] Level 1:colcon.colcon_core.environment:create_file_with_runtime_dependencies(/home/matt/ros2_ws/install/turtlebot3_simulations/share/colcon-core/packages/turtlebot3_simulations)
[2.838s] Level 1:colcon.colcon_core.shell:create_environment_hook('rob599_hw3', 'pythonpath_develop')
[2.839s] DEBUG:colcon.colcon_core.event_handler.log_command:Invoked command in '/home/matt/ros2_ws/build/rob599_hw3' returned '0': CMAKE_PREFIX_PATH=/home/matt/ros2_ws/install/turtlebot3_gazebo:/home/matt/ros2_ws/install/turtlebot3_simulations:/home/matt/ros2_ws/install/turtlebot3_fake_node:/home/matt/ros2_ws/install/ros2_msgs:/home/matt/ros-humble-ros1-bridge/install/ros1_bridge PYTHONPATH=/home/matt/ros2_ws/build/rob599_hw3/prefix_override:/home/matt/ros2_ws/install/rob599_hw3/lib/python3.10/site-packages:${PYTHONPATH} /usr/bin/python3 setup.py develop --editable --build-directory /home/matt/ros2_ws/build/rob599_hw3/build --no-deps install_data
[2.847s] INFO:colcon.colcon_core.shell:Creating environment hook '/home/matt/ros2_ws/build/rob599_hw3/share/rob599_hw3/hook/pythonpath_develop.ps1'
[2.847s] INFO:colcon.colcon_core.shell:Creating environment descriptor '/home/matt/ros2_ws/build/rob599_hw3/share/rob599_hw3/hook/pythonpath_develop.dsv'
[2.848s] INFO:colcon.colcon_core.shell:Creating environment hook '/home/matt/ros2_ws/build/rob599_hw3/share/rob599_hw3/hook/pythonpath_develop.sh'
[2.856s] Level 1:colcon.colcon_core.environment:checking '/home/matt/ros2_ws/install/rob599_hw3' for CMake module files
[2.856s] Level 1:colcon.colcon_core.environment:checking '/home/matt/ros2_ws/install/rob599_hw3' for CMake config files
[2.856s] Level 1:colcon.colcon_core.environment:checking '/home/matt/ros2_ws/install/rob599_hw3/lib'
[2.856s] Level 1:colcon.colcon_core.environment:checking '/home/matt/ros2_ws/install/rob599_hw3/bin'
[2.856s] Level 1:colcon.colcon_core.environment:checking '/home/matt/ros2_ws/install/rob599_hw3/lib/pkgconfig/rob599_hw3.pc'
[2.856s] Level 1:colcon.colcon_core.environment:checking '/home/matt/ros2_ws/install/rob599_hw3/lib/python3.10/site-packages'
[2.856s] Level 1:colcon.colcon_core.shell:create_environment_hook('rob599_hw3', 'pythonpath')
[2.864s] INFO:colcon.colcon_core.shell:Creating environment hook '/home/matt/ros2_ws/install/rob599_hw3/share/rob599_hw3/hook/pythonpath.ps1'
[2.864s] INFO:colcon.colcon_core.shell:Creating environment descriptor '/home/matt/ros2_ws/install/rob599_hw3/share/rob599_hw3/hook/pythonpath.dsv'
[2.864s] INFO:colcon.colcon_core.shell:Creating environment hook '/home/matt/ros2_ws/install/rob599_hw3/share/rob599_hw3/hook/pythonpath.sh'
[2.865s] Level 1:colcon.colcon_core.environment:checking '/home/matt/ros2_ws/install/rob599_hw3/bin'
[2.865s] Level 1:colcon.colcon_core.environment:create_environment_scripts_only(rob599_hw3)
[2.872s] INFO:colcon.colcon_core.shell:Creating package script '/home/matt/ros2_ws/install/rob599_hw3/share/rob599_hw3/package.ps1'
[2.873s] INFO:colcon.colcon_core.shell:Creating package descriptor '/home/matt/ros2_ws/install/rob599_hw3/share/rob599_hw3/package.dsv'
[2.873s] INFO:colcon.colcon_core.shell:Creating package script '/home/matt/ros2_ws/install/rob599_hw3/share/rob599_hw3/package.sh'
[2.873s] INFO:colcon.colcon_core.shell:Creating package script '/home/matt/ros2_ws/install/rob599_hw3/share/rob599_hw3/package.bash'
[2.873s] INFO:colcon.colcon_core.shell:Creating package script '/home/matt/ros2_ws/install/rob599_hw3/share/rob599_hw3/package.zsh'
[2.873s] Level 1:colcon.colcon_core.environment:create_file_with_runtime_dependencies(/home/matt/ros2_ws/install/rob599_hw3/share/colcon-core/packages/rob599_hw3)
[2.874s] DEBUG:colcon.colcon_parallel_executor.executor.parallel:closing loop
[2.874s] DEBUG:colcon.colcon_parallel_executor.executor.parallel:loop closed
[2.874s] DEBUG:colcon.colcon_parallel_executor.executor.parallel:run_until_complete finished with '0'
[2.874s] DEBUG:colcon.colcon_core.event_reactor:joining thread
[2.885s] INFO:colcon.colcon_core.plugin_system:Skipping extension 'colcon_notification.desktop_notification.terminal_notifier': Not used on non-Darwin systems
[2.885s] INFO:colcon.colcon_core.plugin_system:Skipping extension 'colcon_notification.desktop_notification.win32': Not used on non-Windows systems
[2.885s] INFO:colcon.colcon_notification.desktop_notification:Sending desktop notification using 'notify2'
[2.895s] DEBUG:colcon.colcon_core.event_reactor:joined thread
[2.903s] INFO:colcon.colcon_core.shell:Creating prefix script '/home/matt/ros2_ws/install/local_setup.ps1'
[2.904s] INFO:colcon.colcon_core.shell:Creating prefix util module '/home/matt/ros2_ws/install/_local_setup_util_ps1.py'
[2.904s] INFO:colcon.colcon_core.shell:Creating prefix chain script '/home/matt/ros2_ws/install/setup.ps1'
[2.913s] INFO:colcon.colcon_core.shell:Creating prefix script '/home/matt/ros2_ws/install/local_setup.sh'
[2.913s] INFO:colcon.colcon_core.shell:Creating prefix util module '/home/matt/ros2_ws/install/_local_setup_util_sh.py'
[2.913s] INFO:colcon.colcon_core.shell:Creating prefix chain script '/home/matt/ros2_ws/install/setup.sh'
[2.921s] INFO:colcon.colcon_core.shell:Creating prefix script '/home/matt/ros2_ws/install/local_setup.bash'
[2.922s] INFO:colcon.colcon_core.shell:Creating prefix chain script '/home/matt/ros2_ws/install/setup.bash'
[2.930s] INFO:colcon.colcon_core.shell:Creating prefix script '/home/matt/ros2_ws/install/local_setup.zsh'
[2.930s] INFO:colcon.colcon_core.shell:Creating prefix chain script '/home/matt/ros2_ws/install/setup.zsh'
