[0.623s] DEBUG:colcon:Command line arguments: ['/usr/bin/colcon', 'build']
[0.624s] DEBUG:colcon:Parsed command line arguments: Namespace(log_base=None, log_level=None, verb_name='build', build_base='build', install_base='install', merge_install=False, symlink_install=False, test_result_base=None, continue_on_error=False, executor='parallel', parallel_workers=24, event_handlers=None, ignore_user_meta=False, metas=['./colcon.meta'], base_paths=['.'], packages_ignore=None, packages_ignore_regex=None, paths=None, packages_up_to=None, packages_up_to_regex=None, packages_above=None, packages_above_and_dependencies=None, packages_above_depth=None, packages_select_by_dep=None, packages_skip_by_dep=None, packages_skip_up_to=None, packages_select_build_failed=False, packages_skip_build_finished=False, packages_select_test_failures=False, packages_skip_test_passed=False, packages_select=None, packages_skip=None, packages_select_regex=None, packages_skip_regex=None, packages_start=None, packages_end=None, allow_overriding=[], cmake_args=None, cmake_target=None, cmake_target_skip_unavailable=False, cmake_clean_cache=False, cmake_clean_first=False, cmake_force_configure=False, ament_cmake_args=None, catkin_cmake_args=None, catkin_skip_building_tests=False, verb_parser=<colcon_defaults.argument_parser.defaults.DefaultArgumentsDecorator object at 0x7f94180beb90>, verb_extension=<colcon_core.verb.build.BuildVerb object at 0x7f94181fc9a0>, main=<bound method BuildVerb.main of <colcon_core.verb.build.BuildVerb object at 0x7f94181fc9a0>>)
[0.652s] Level 1:colcon.colcon_core.package_discovery:discover_packages(colcon_meta) check parameters
[0.652s] Level 1:colcon.colcon_core.package_discovery:discover_packages(recursive) check parameters
[0.652s] Level 1:colcon.colcon_core.package_discovery:discover_packages(ignore) check parameters
[0.652s] Level 1:colcon.colcon_core.package_discovery:discover_packages(path) check parameters
[0.652s] Level 1:colcon.colcon_core.package_discovery:discover_packages(colcon_meta) discover
[0.652s] Level 1:colcon.colcon_core.package_discovery:discover_packages(recursive) discover
[0.652s] INFO:colcon.colcon_core.package_discovery:Crawling recursively for packages in '/home/matt/ros2_ws'
[0.652s] Level 1:colcon.colcon_core.package_identification:_identify(.) by extensions ['ignore', 'ignore_ament_install']
[0.652s] Level 1:colcon.colcon_core.package_identification:_identify(.) by extension 'ignore'
[0.652s] Level 1:colcon.colcon_core.package_identification:_identify(.) by extension 'ignore_ament_install'
[0.652s] Level 1:colcon.colcon_core.package_identification:_identify(.) by extensions ['colcon_pkg']
[0.652s] Level 1:colcon.colcon_core.package_identification:_identify(.) by extension 'colcon_pkg'
[0.652s] Level 1:colcon.colcon_core.package_identification:_identify(.) by extensions ['colcon_meta']
[0.652s] Level 1:colcon.colcon_core.package_identification:_identify(.) by extension 'colcon_meta'
[0.652s] Level 1:colcon.colcon_core.package_identification:_identify(.) by extensions ['ros']
[0.652s] Level 1:colcon.colcon_core.package_identification:_identify(.) by extension 'ros'
[0.660s] Level 1:colcon.colcon_core.package_identification:_identify(.) by extensions ['cmake', 'python']
[0.660s] Level 1:colcon.colcon_core.package_identification:_identify(.) by extension 'cmake'
[0.660s] Level 1:colcon.colcon_core.package_identification:_identify(.) by extension 'python'
[0.660s] Level 1:colcon.colcon_core.package_identification:_identify(.) by extensions ['python_setup_py']
[0.660s] Level 1:colcon.colcon_core.package_identification:_identify(.) by extension 'python_setup_py'
[0.660s] Level 1:colcon.colcon_core.package_identification:_identify(build) by extensions ['ignore', 'ignore_ament_install']
[0.660s] Level 1:colcon.colcon_core.package_identification:_identify(build) by extension 'ignore'
[0.660s] Level 1:colcon.colcon_core.package_identification:_identify(build) ignored
[0.660s] Level 1:colcon.colcon_core.package_identification:_identify(install) by extensions ['ignore', 'ignore_ament_install']
[0.660s] Level 1:colcon.colcon_core.package_identification:_identify(install) by extension 'ignore'
[0.660s] Level 1:colcon.colcon_core.package_identification:_identify(install) ignored
[0.660s] Level 1:colcon.colcon_core.package_identification:_identify(log) by extensions ['ignore', 'ignore_ament_install']
[0.660s] Level 1:colcon.colcon_core.package_identification:_identify(log) by extension 'ignore'
[0.660s] Level 1:colcon.colcon_core.package_identification:_identify(log) ignored
[0.660s] Level 1:colcon.colcon_core.package_identification:_identify(resources) by extensions ['ignore', 'ignore_ament_install']
[0.660s] Level 1:colcon.colcon_core.package_identification:_identify(resources) by extension 'ignore'
[0.660s] Level 1:colcon.colcon_core.package_identification:_identify(resources) by extension 'ignore_ament_install'
[0.661s] Level 1:colcon.colcon_core.package_identification:_identify(resources) by extensions ['colcon_pkg']
[0.661s] Level 1:colcon.colcon_core.package_identification:_identify(resources) by extension 'colcon_pkg'
[0.661s] Level 1:colcon.colcon_core.package_identification:_identify(resources) by extensions ['colcon_meta']
[0.661s] Level 1:colcon.colcon_core.package_identification:_identify(resources) by extension 'colcon_meta'
[0.661s] Level 1:colcon.colcon_core.package_identification:_identify(resources) by extensions ['ros']
[0.661s] Level 1:colcon.colcon_core.package_identification:_identify(resources) by extension 'ros'
[0.661s] Level 1:colcon.colcon_core.package_identification:_identify(resources) by extensions ['cmake', 'python']
[0.661s] Level 1:colcon.colcon_core.package_identification:_identify(resources) by extension 'cmake'
[0.661s] Level 1:colcon.colcon_core.package_identification:_identify(resources) by extension 'python'
[0.661s] Level 1:colcon.colcon_core.package_identification:_identify(resources) by extensions ['python_setup_py']
[0.661s] Level 1:colcon.colcon_core.package_identification:_identify(resources) by extension 'python_setup_py'
[0.661s] Level 1:colcon.colcon_core.package_identification:_identify(src) by extensions ['ignore', 'ignore_ament_install']
[0.661s] Level 1:colcon.colcon_core.package_identification:_identify(src) by extension 'ignore'
[0.661s] Level 1:colcon.colcon_core.package_identification:_identify(src) by extension 'ignore_ament_install'
[0.661s] Level 1:colcon.colcon_core.package_identification:_identify(src) by extensions ['colcon_pkg']
[0.661s] Level 1:colcon.colcon_core.package_identification:_identify(src) by extension 'colcon_pkg'
[0.661s] Level 1:colcon.colcon_core.package_identification:_identify(src) by extensions ['colcon_meta']
[0.661s] Level 1:colcon.colcon_core.package_identification:_identify(src) by extension 'colcon_meta'
[0.661s] Level 1:colcon.colcon_core.package_identification:_identify(src) by extensions ['ros']
[0.661s] Level 1:colcon.colcon_core.package_identification:_identify(src) by extension 'ros'
[0.661s] Level 1:colcon.colcon_core.package_identification:_identify(src) by extensions ['cmake', 'python']
[0.661s] Level 1:colcon.colcon_core.package_identification:_identify(src) by extension 'cmake'
[0.661s] Level 1:colcon.colcon_core.package_identification:_identify(src) by extension 'python'
[0.661s] Level 1:colcon.colcon_core.package_identification:_identify(src) by extensions ['python_setup_py']
[0.661s] Level 1:colcon.colcon_core.package_identification:_identify(src) by extension 'python_setup_py'
[0.661s] Level 1:colcon.colcon_core.package_identification:_identify(src/rob599_hw3) by extensions ['ignore', 'ignore_ament_install']
[0.661s] Level 1:colcon.colcon_core.package_identification:_identify(src/rob599_hw3) by extension 'ignore'
[0.661s] Level 1:colcon.colcon_core.package_identification:_identify(src/rob599_hw3) by extension 'ignore_ament_install'
[0.661s] Level 1:colcon.colcon_core.package_identification:_identify(src/rob599_hw3) by extensions ['colcon_pkg']
[0.661s] Level 1:colcon.colcon_core.package_identification:_identify(src/rob599_hw3) by extension 'colcon_pkg'
[0.661s] Level 1:colcon.colcon_core.package_identification:_identify(src/rob599_hw3) by extensions ['colcon_meta']
[0.661s] Level 1:colcon.colcon_core.package_identification:_identify(src/rob599_hw3) by extension 'colcon_meta'
[0.661s] Level 1:colcon.colcon_core.package_identification:_identify(src/rob599_hw3) by extensions ['ros']
[0.661s] Level 1:colcon.colcon_core.package_identification:_identify(src/rob599_hw3) by extension 'ros'
[0.663s] DEBUG:colcon.colcon_core.package_identification:Package 'src/rob599_hw3' with type 'ros.ament_python' and name 'rob599_hw3'
[0.663s] Level 1:colcon.colcon_core.package_identification:_identify(src/ros2_msgs) by extensions ['ignore', 'ignore_ament_install']
[0.663s] Level 1:colcon.colcon_core.package_identification:_identify(src/ros2_msgs) by extension 'ignore'
[0.663s] Level 1:colcon.colcon_core.package_identification:_identify(src/ros2_msgs) by extension 'ignore_ament_install'
[0.663s] Level 1:colcon.colcon_core.package_identification:_identify(src/ros2_msgs) by extensions ['colcon_pkg']
[0.663s] Level 1:colcon.colcon_core.package_identification:_identify(src/ros2_msgs) by extension 'colcon_pkg'
[0.663s] Level 1:colcon.colcon_core.package_identification:_identify(src/ros2_msgs) by extensions ['colcon_meta']
[0.663s] Level 1:colcon.colcon_core.package_identification:_identify(src/ros2_msgs) by extension 'colcon_meta'
[0.663s] Level 1:colcon.colcon_core.package_identification:_identify(src/ros2_msgs) by extensions ['ros']
[0.663s] Level 1:colcon.colcon_core.package_identification:_identify(src/ros2_msgs) by extension 'ros'
[0.664s] DEBUG:colcon.colcon_core.package_identification:Package 'src/ros2_msgs' with type 'ros.ament_cmake' and name 'ros2_msgs'
[0.664s] Level 1:colcon.colcon_core.package_identification:_identify(src/turtlebot3_simulations) by extensions ['ignore', 'ignore_ament_install']
[0.664s] Level 1:colcon.colcon_core.package_identification:_identify(src/turtlebot3_simulations) by extension 'ignore'
[0.664s] Level 1:colcon.colcon_core.package_identification:_identify(src/turtlebot3_simulations) by extension 'ignore_ament_install'
[0.664s] Level 1:colcon.colcon_core.package_identification:_identify(src/turtlebot3_simulations) by extensions ['colcon_pkg']
[0.664s] Level 1:colcon.colcon_core.package_identification:_identify(src/turtlebot3_simulations) by extension 'colcon_pkg'
[0.664s] Level 1:colcon.colcon_core.package_identification:_identify(src/turtlebot3_simulations) by extensions ['colcon_meta']
[0.664s] Level 1:colcon.colcon_core.package_identification:_identify(src/turtlebot3_simulations) by extension 'colcon_meta'
[0.664s] Level 1:colcon.colcon_core.package_identification:_identify(src/turtlebot3_simulations) by extensions ['ros']
[0.664s] Level 1:colcon.colcon_core.package_identification:_identify(src/turtlebot3_simulations) by extension 'ros'
[0.664s] Level 1:colcon.colcon_core.package_identification:_identify(src/turtlebot3_simulations) by extensions ['cmake', 'python']
[0.664s] Level 1:colcon.colcon_core.package_identification:_identify(src/turtlebot3_simulations) by extension 'cmake'
[0.664s] Level 1:colcon.colcon_core.package_identification:_identify(src/turtlebot3_simulations) by extension 'python'
[0.664s] Level 1:colcon.colcon_core.package_identification:_identify(src/turtlebot3_simulations) by extensions ['python_setup_py']
[0.664s] Level 1:colcon.colcon_core.package_identification:_identify(src/turtlebot3_simulations) by extension 'python_setup_py'
[0.664s] Level 1:colcon.colcon_core.package_identification:_identify(src/turtlebot3_simulations/turtlebot3_fake_node) by extensions ['ignore', 'ignore_ament_install']
[0.664s] Level 1:colcon.colcon_core.package_identification:_identify(src/turtlebot3_simulations/turtlebot3_fake_node) by extension 'ignore'
[0.664s] Level 1:colcon.colcon_core.package_identification:_identify(src/turtlebot3_simulations/turtlebot3_fake_node) by extension 'ignore_ament_install'
[0.664s] Level 1:colcon.colcon_core.package_identification:_identify(src/turtlebot3_simulations/turtlebot3_fake_node) by extensions ['colcon_pkg']
[0.664s] Level 1:colcon.colcon_core.package_identification:_identify(src/turtlebot3_simulations/turtlebot3_fake_node) by extension 'colcon_pkg'
[0.664s] Level 1:colcon.colcon_core.package_identification:_identify(src/turtlebot3_simulations/turtlebot3_fake_node) by extensions ['colcon_meta']
[0.664s] Level 1:colcon.colcon_core.package_identification:_identify(src/turtlebot3_simulations/turtlebot3_fake_node) by extension 'colcon_meta'
[0.664s] Level 1:colcon.colcon_core.package_identification:_identify(src/turtlebot3_simulations/turtlebot3_fake_node) by extensions ['ros']
[0.664s] Level 1:colcon.colcon_core.package_identification:_identify(src/turtlebot3_simulations/turtlebot3_fake_node) by extension 'ros'
[0.665s] DEBUG:colcon.colcon_core.package_identification:Package 'src/turtlebot3_simulations/turtlebot3_fake_node' with type 'ros.ament_cmake' and name 'turtlebot3_fake_node'
[0.665s] Level 1:colcon.colcon_core.package_identification:_identify(src/turtlebot3_simulations/turtlebot3_gazebo) by extensions ['ignore', 'ignore_ament_install']
[0.665s] Level 1:colcon.colcon_core.package_identification:_identify(src/turtlebot3_simulations/turtlebot3_gazebo) by extension 'ignore'
[0.665s] Level 1:colcon.colcon_core.package_identification:_identify(src/turtlebot3_simulations/turtlebot3_gazebo) by extension 'ignore_ament_install'
[0.665s] Level 1:colcon.colcon_core.package_identification:_identify(src/turtlebot3_simulations/turtlebot3_gazebo) by extensions ['colcon_pkg']
[0.665s] Level 1:colcon.colcon_core.package_identification:_identify(src/turtlebot3_simulations/turtlebot3_gazebo) by extension 'colcon_pkg'
[0.665s] Level 1:colcon.colcon_core.package_identification:_identify(src/turtlebot3_simulations/turtlebot3_gazebo) by extensions ['colcon_meta']
[0.665s] Level 1:colcon.colcon_core.package_identification:_identify(src/turtlebot3_simulations/turtlebot3_gazebo) by extension 'colcon_meta'
[0.665s] Level 1:colcon.colcon_core.package_identification:_identify(src/turtlebot3_simulations/turtlebot3_gazebo) by extensions ['ros']
[0.665s] Level 1:colcon.colcon_core.package_identification:_identify(src/turtlebot3_simulations/turtlebot3_gazebo) by extension 'ros'
[0.666s] DEBUG:colcon.colcon_core.package_identification:Package 'src/turtlebot3_simulations/turtlebot3_gazebo' with type 'ros.ament_cmake' and name 'turtlebot3_gazebo'
[0.666s] Level 1:colcon.colcon_core.package_identification:_identify(src/turtlebot3_simulations/turtlebot3_simulations) by extensions ['ignore', 'ignore_ament_install']
[0.666s] Level 1:colcon.colcon_core.package_identification:_identify(src/turtlebot3_simulations/turtlebot3_simulations) by extension 'ignore'
[0.666s] Level 1:colcon.colcon_core.package_identification:_identify(src/turtlebot3_simulations/turtlebot3_simulations) by extension 'ignore_ament_install'
[0.666s] Level 1:colcon.colcon_core.package_identification:_identify(src/turtlebot3_simulations/turtlebot3_simulations) by extensions ['colcon_pkg']
[0.666s] Level 1:colcon.colcon_core.package_identification:_identify(src/turtlebot3_simulations/turtlebot3_simulations) by extension 'colcon_pkg'
[0.666s] Level 1:colcon.colcon_core.package_identification:_identify(src/turtlebot3_simulations/turtlebot3_simulations) by extensions ['colcon_meta']
[0.666s] Level 1:colcon.colcon_core.package_identification:_identify(src/turtlebot3_simulations/turtlebot3_simulations) by extension 'colcon_meta'
[0.666s] Level 1:colcon.colcon_core.package_identification:_identify(src/turtlebot3_simulations/turtlebot3_simulations) by extensions ['ros']
[0.666s] Level 1:colcon.colcon_core.package_identification:_identify(src/turtlebot3_simulations/turtlebot3_simulations) by extension 'ros'
[0.667s] DEBUG:colcon.colcon_core.package_identification:Package 'src/turtlebot3_simulations/turtlebot3_simulations' with type 'ros.ament_cmake' and name 'turtlebot3_simulations'
[0.667s] Level 1:colcon.colcon_core.package_discovery:discover_packages(recursive) using defaults
[0.667s] Level 1:colcon.colcon_core.package_discovery:discover_packages(ignore) discover
[0.667s] Level 1:colcon.colcon_core.package_discovery:discover_packages(ignore) using defaults
[0.667s] Level 1:colcon.colcon_core.package_discovery:discover_packages(path) discover
[0.667s] Level 1:colcon.colcon_core.package_discovery:discover_packages(path) using defaults
[0.724s] Level 1:colcon.colcon_core.package_discovery:discover_packages(prefix_path) check parameters
[0.724s] Level 1:colcon.colcon_core.package_discovery:discover_packages(prefix_path) discover
[0.741s] DEBUG:colcon.colcon_installed_package_information.package_discovery:Found 1 installed packages in /home/matt/ros-humble-ros1-bridge/install
[0.756s] DEBUG:colcon.colcon_installed_package_information.package_discovery:Found 5 installed packages in /home/matt/ros2_ws/install
[0.765s] DEBUG:colcon.colcon_installed_package_information.package_discovery:Found 394 installed packages in /opt/ros/humble
[0.766s] Level 1:colcon.colcon_core.package_discovery:discover_packages(prefix_path) using defaults
[0.830s] Level 5:colcon.colcon_core.verb:set package 'ros2_msgs' build argument 'cmake_args' from command line to 'None'
[0.830s] Level 5:colcon.colcon_core.verb:set package 'ros2_msgs' build argument 'cmake_target' from command line to 'None'
[0.831s] Level 5:colcon.colcon_core.verb:set package 'ros2_msgs' build argument 'cmake_target_skip_unavailable' from command line to 'False'
[0.831s] Level 5:colcon.colcon_core.verb:set package 'ros2_msgs' build argument 'cmake_clean_cache' from command line to 'False'
[0.831s] Level 5:colcon.colcon_core.verb:set package 'ros2_msgs' build argument 'cmake_clean_first' from command line to 'False'
[0.831s] Level 5:colcon.colcon_core.verb:set package 'ros2_msgs' build argument 'cmake_force_configure' from command line to 'False'
[0.831s] Level 5:colcon.colcon_core.verb:set package 'ros2_msgs' build argument 'ament_cmake_args' from command line to 'None'
[0.831s] Level 5:colcon.colcon_core.verb:set package 'ros2_msgs' build argument 'catkin_cmake_args' from command line to 'None'
[0.831s] Level 5:colcon.colcon_core.verb:set package 'ros2_msgs' build argument 'catkin_skip_building_tests' from command line to 'False'
[0.831s] DEBUG:colcon.colcon_core.verb:Building package 'ros2_msgs' with the following arguments: {'ament_cmake_args': None, 'build_base': '/home/matt/ros2_ws/build/ros2_msgs', 'catkin_cmake_args': None, 'catkin_skip_building_tests': False, 'cmake_args': None, 'cmake_clean_cache': False, 'cmake_clean_first': False, 'cmake_force_configure': False, 'cmake_target': None, 'cmake_target_skip_unavailable': False, 'install_base': '/home/matt/ros2_ws/install/ros2_msgs', 'merge_install': False, 'path': '/home/matt/ros2_ws/src/ros2_msgs', 'symlink_install': False, 'test_result_base': None}
[0.839s] Level 5:colcon.colcon_core.verb:set package 'turtlebot3_fake_node' build argument 'cmake_args' from command line to 'None'
[0.839s] Level 5:colcon.colcon_core.verb:set package 'turtlebot3_fake_node' build argument 'cmake_target' from command line to 'None'
[0.839s] Level 5:colcon.colcon_core.verb:set package 'turtlebot3_fake_node' build argument 'cmake_target_skip_unavailable' from command line to 'False'
[0.839s] Level 5:colcon.colcon_core.verb:set package 'turtlebot3_fake_node' build argument 'cmake_clean_cache' from command line to 'False'
[0.839s] Level 5:colcon.colcon_core.verb:set package 'turtlebot3_fake_node' build argument 'cmake_clean_first' from command line to 'False'
[0.839s] Level 5:colcon.colcon_core.verb:set package 'turtlebot3_fake_node' build argument 'cmake_force_configure' from command line to 'False'
[0.839s] Level 5:colcon.colcon_core.verb:set package 'turtlebot3_fake_node' build argument 'ament_cmake_args' from command line to 'None'
[0.839s] Level 5:colcon.colcon_core.verb:set package 'turtlebot3_fake_node' build argument 'catkin_cmake_args' from command line to 'None'
[0.839s] Level 5:colcon.colcon_core.verb:set package 'turtlebot3_fake_node' build argument 'catkin_skip_building_tests' from command line to 'False'
[0.839s] DEBUG:colcon.colcon_core.verb:Building package 'turtlebot3_fake_node' with the following arguments: {'ament_cmake_args': None, 'build_base': '/home/matt/ros2_ws/build/turtlebot3_fake_node', 'catkin_cmake_args': None, 'catkin_skip_building_tests': False, 'cmake_args': None, 'cmake_clean_cache': False, 'cmake_clean_first': False, 'cmake_force_configure': False, 'cmake_target': None, 'cmake_target_skip_unavailable': False, 'install_base': '/home/matt/ros2_ws/install/turtlebot3_fake_node', 'merge_install': False, 'path': '/home/matt/ros2_ws/src/turtlebot3_simulations/turtlebot3_fake_node', 'symlink_install': False, 'test_result_base': None}
[0.848s] Level 5:colcon.colcon_core.verb:set package 'turtlebot3_gazebo' build argument 'cmake_args' from command line to 'None'
[0.848s] Level 5:colcon.colcon_core.verb:set package 'turtlebot3_gazebo' build argument 'cmake_target' from command line to 'None'
[0.848s] Level 5:colcon.colcon_core.verb:set package 'turtlebot3_gazebo' build argument 'cmake_target_skip_unavailable' from command line to 'False'
[0.848s] Level 5:colcon.colcon_core.verb:set package 'turtlebot3_gazebo' build argument 'cmake_clean_cache' from command line to 'False'
[0.848s] Level 5:colcon.colcon_core.verb:set package 'turtlebot3_gazebo' build argument 'cmake_clean_first' from command line to 'False'
[0.848s] Level 5:colcon.colcon_core.verb:set package 'turtlebot3_gazebo' build argument 'cmake_force_configure' from command line to 'False'
[0.848s] Level 5:colcon.colcon_core.verb:set package 'turtlebot3_gazebo' build argument 'ament_cmake_args' from command line to 'None'
[0.848s] Level 5:colcon.colcon_core.verb:set package 'turtlebot3_gazebo' build argument 'catkin_cmake_args' from command line to 'None'
[0.848s] Level 5:colcon.colcon_core.verb:set package 'turtlebot3_gazebo' build argument 'catkin_skip_building_tests' from command line to 'False'
[0.848s] DEBUG:colcon.colcon_core.verb:Building package 'turtlebot3_gazebo' with the following arguments: {'ament_cmake_args': None, 'build_base': '/home/matt/ros2_ws/build/turtlebot3_gazebo', 'catkin_cmake_args': None, 'catkin_skip_building_tests': False, 'cmake_args': None, 'cmake_clean_cache': False, 'cmake_clean_first': False, 'cmake_force_configure': False, 'cmake_target': None, 'cmake_target_skip_unavailable': False, 'install_base': '/home/matt/ros2_ws/install/turtlebot3_gazebo', 'merge_install': False, 'path': '/home/matt/ros2_ws/src/turtlebot3_simulations/turtlebot3_gazebo', 'symlink_install': False, 'test_result_base': None}
[0.856s] Level 5:colcon.colcon_core.verb:set package 'rob599_hw3' build argument 'cmake_args' from command line to 'None'
[0.857s] Level 5:colcon.colcon_core.verb:set package 'rob599_hw3' build argument 'cmake_target' from command line to 'None'
[0.857s] Level 5:colcon.colcon_core.verb:set package 'rob599_hw3' build argument 'cmake_target_skip_unavailable' from command line to 'False'
[0.857s] Level 5:colcon.colcon_core.verb:set package 'rob599_hw3' build argument 'cmake_clean_cache' from command line to 'False'
[0.857s] Level 5:colcon.colcon_core.verb:set package 'rob599_hw3' build argument 'cmake_clean_first' from command line to 'False'
[0.857s] Level 5:colcon.colcon_core.verb:set package 'rob599_hw3' build argument 'cmake_force_configure' from command line to 'False'
[0.857s] Level 5:colcon.colcon_core.verb:set package 'rob599_hw3' build argument 'ament_cmake_args' from command line to 'None'
[0.857s] Level 5:colcon.colcon_core.verb:set package 'rob599_hw3' build argument 'catkin_cmake_args' from command line to 'None'
[0.857s] Level 5:colcon.colcon_core.verb:set package 'rob599_hw3' build argument 'catkin_skip_building_tests' from command line to 'False'
[0.857s] DEBUG:colcon.colcon_core.verb:Building package 'rob599_hw3' with the following arguments: {'ament_cmake_args': None, 'build_base': '/home/matt/ros2_ws/build/rob599_hw3', 'catkin_cmake_args': None, 'catkin_skip_building_tests': False, 'cmake_args': None, 'cmake_clean_cache': False, 'cmake_clean_first': False, 'cmake_force_configure': False, 'cmake_target': None, 'cmake_target_skip_unavailable': False, 'install_base': '/home/matt/ros2_ws/install/rob599_hw3', 'merge_install': False, 'path': '/home/matt/ros2_ws/src/rob599_hw3', 'symlink_install': False, 'test_result_base': None}
[0.865s] Level 5:colcon.colcon_core.verb:set package 'turtlebot3_simulations' build argument 'cmake_args' from command line to 'None'
[0.865s] Level 5:colcon.colcon_core.verb:set package 'turtlebot3_simulations' build argument 'cmake_target' from command line to 'None'
[0.865s] Level 5:colcon.colcon_core.verb:set package 'turtlebot3_simulations' build argument 'cmake_target_skip_unavailable' from command line to 'False'
[0.865s] Level 5:colcon.colcon_core.verb:set package 'turtlebot3_simulations' build argument 'cmake_clean_cache' from command line to 'False'
[0.865s] Level 5:colcon.colcon_core.verb:set package 'turtlebot3_simulations' build argument 'cmake_clean_first' from command line to 'False'
[0.865s] Level 5:colcon.colcon_core.verb:set package 'turtlebot3_simulations' build argument 'cmake_force_configure' from command line to 'False'
[0.865s] Level 5:colcon.colcon_core.verb:set package 'turtlebot3_simulations' build argument 'ament_cmake_args' from command line to 'None'
[0.865s] Level 5:colcon.colcon_core.verb:set package 'turtlebot3_simulations' build argument 'catkin_cmake_args' from command line to 'None'
[0.865s] Level 5:colcon.colcon_core.verb:set package 'turtlebot3_simulations' build argument 'catkin_skip_building_tests' from command line to 'False'
[0.865s] DEBUG:colcon.colcon_core.verb:Building package 'turtlebot3_simulations' with the following arguments: {'ament_cmake_args': None, 'build_base': '/home/matt/ros2_ws/build/turtlebot3_simulations', 'catkin_cmake_args': None, 'catkin_skip_building_tests': False, 'cmake_args': None, 'cmake_clean_cache': False, 'cmake_clean_first': False, 'cmake_force_configure': False, 'cmake_target': None, 'cmake_target_skip_unavailable': False, 'install_base': '/home/matt/ros2_ws/install/turtlebot3_simulations', 'merge_install': False, 'path': '/home/matt/ros2_ws/src/turtlebot3_simulations/turtlebot3_simulations', 'symlink_install': False, 'test_result_base': None}
[0.874s] INFO:colcon.colcon_core.executor:Executing jobs using 'parallel' executor
[0.883s] DEBUG:colcon.colcon_parallel_executor.executor.parallel:run_until_complete
[0.883s] INFO:colcon.colcon_ros.task.ament_cmake.build:Building ROS package in '/home/matt/ros2_ws/src/turtlebot3_simulations/turtlebot3_gazebo' with build type 'ament_cmake'
[0.883s] INFO:colcon.colcon_cmake.task.cmake.build:Building CMake package in '/home/matt/ros2_ws/src/turtlebot3_simulations/turtlebot3_gazebo'
[0.894s] INFO:colcon.colcon_core.plugin_system:Skipping extension 'colcon_core.shell.bat': Not used on non-Windows systems
[0.894s] INFO:colcon.colcon_core.shell:Skip shell extension 'powershell' for command environment: Not usable outside of PowerShell
[0.894s] DEBUG:colcon.colcon_core.shell:Skip shell extension 'dsv' for command environment
[0.930s] INFO:colcon.colcon_ros.task.ament_cmake.build:Building ROS package in '/home/matt/ros2_ws/src/ros2_msgs' with build type 'ament_cmake'
[0.930s] INFO:colcon.colcon_cmake.task.cmake.build:Building CMake package in '/home/matt/ros2_ws/src/ros2_msgs'
[0.945s] INFO:colcon.colcon_core.shell:Skip shell extension 'powershell' for command environment: Not usable outside of PowerShell
[0.945s] DEBUG:colcon.colcon_core.shell:Skip shell extension 'dsv' for command environment
[0.982s] INFO:colcon.colcon_ros.task.ament_cmake.build:Building ROS package in '/home/matt/ros2_ws/src/turtlebot3_simulations/turtlebot3_fake_node' with build type 'ament_cmake'
[0.982s] INFO:colcon.colcon_cmake.task.cmake.build:Building CMake package in '/home/matt/ros2_ws/src/turtlebot3_simulations/turtlebot3_fake_node'
[0.992s] INFO:colcon.colcon_core.shell:Skip shell extension 'powershell' for command environment: Not usable outside of PowerShell
[0.992s] DEBUG:colcon.colcon_core.shell:Skip shell extension 'dsv' for command environment
[1.033s] DEBUG:colcon.colcon_core.event_handler.log_command:Invoking command in '/home/matt/ros2_ws/build/turtlebot3_gazebo': CMAKE_PREFIX_PATH=${CMAKE_PREFIX_PATH}:/home/matt/ros2_ws/install/rob599_hw3:/opt/ros/humble /usr/bin/cmake --build /home/matt/ros2_ws/build/turtlebot3_gazebo -- -j24 -l24
[1.035s] DEBUG:colcon.colcon_core.event_handler.log_command:Invoking command in '/home/matt/ros2_ws/build/ros2_msgs': CMAKE_PREFIX_PATH=${CMAKE_PREFIX_PATH}:/home/matt/ros2_ws/install/rob599_hw3:/opt/ros/humble /usr/bin/cmake --build /home/matt/ros2_ws/build/ros2_msgs -- -j24 -l24
[1.038s] DEBUG:colcon.colcon_core.event_handler.log_command:Invoking command in '/home/matt/ros2_ws/build/turtlebot3_fake_node': CMAKE_PREFIX_PATH=${CMAKE_PREFIX_PATH}:/home/matt/ros2_ws/install/rob599_hw3:/opt/ros/humble /usr/bin/cmake --build /home/matt/ros2_ws/build/turtlebot3_fake_node -- -j24 -l24
[1.091s] DEBUG:colcon.colcon_core.event_handler.log_command:Invoked command in '/home/matt/ros2_ws/build/turtlebot3_fake_node' returned '0': CMAKE_PREFIX_PATH=${CMAKE_PREFIX_PATH}:/home/matt/ros2_ws/install/rob599_hw3:/opt/ros/humble /usr/bin/cmake --build /home/matt/ros2_ws/build/turtlebot3_fake_node -- -j24 -l24
[1.105s] DEBUG:colcon.colcon_core.event_handler.log_command:Invoked command in '/home/matt/ros2_ws/build/turtlebot3_gazebo' returned '0': CMAKE_PREFIX_PATH=${CMAKE_PREFIX_PATH}:/home/matt/ros2_ws/install/rob599_hw3:/opt/ros/humble /usr/bin/cmake --build /home/matt/ros2_ws/build/turtlebot3_gazebo -- -j24 -l24
[1.122s] DEBUG:colcon.colcon_core.event_handler.log_command:Invoking command in '/home/matt/ros2_ws/build/turtlebot3_fake_node': CMAKE_PREFIX_PATH=${CMAKE_PREFIX_PATH}:/home/matt/ros2_ws/install/rob599_hw3:/opt/ros/humble /usr/bin/cmake --install /home/matt/ros2_ws/build/turtlebot3_fake_node
[1.136s] DEBUG:colcon.colcon_core.event_handler.log_command:Invoking command in '/home/matt/ros2_ws/build/turtlebot3_gazebo': CMAKE_PREFIX_PATH=${CMAKE_PREFIX_PATH}:/home/matt/ros2_ws/install/rob599_hw3:/opt/ros/humble /usr/bin/cmake --install /home/matt/ros2_ws/build/turtlebot3_gazebo
[1.139s] Level 1:colcon.colcon_core.environment:create_environment_scripts_only(turtlebot3_fake_node)
[1.140s] DEBUG:colcon.colcon_core.event_handler.log_command:Invoked command in '/home/matt/ros2_ws/build/turtlebot3_fake_node' returned '0': CMAKE_PREFIX_PATH=${CMAKE_PREFIX_PATH}:/home/matt/ros2_ws/install/rob599_hw3:/opt/ros/humble /usr/bin/cmake --install /home/matt/ros2_ws/build/turtlebot3_fake_node
[1.164s] Level 1:colcon.colcon_core.environment:checking '/home/matt/ros2_ws/install/turtlebot3_fake_node' for CMake module files
[1.165s] Level 1:colcon.colcon_core.environment:checking '/home/matt/ros2_ws/install/turtlebot3_fake_node' for CMake config files
[1.165s] Level 1:colcon.colcon_core.shell:create_environment_hook('turtlebot3_fake_node', 'cmake_prefix_path')
[1.176s] INFO:colcon.colcon_core.shell:Creating environment hook '/home/matt/ros2_ws/install/turtlebot3_fake_node/share/turtlebot3_fake_node/hook/cmake_prefix_path.ps1'
[1.177s] INFO:colcon.colcon_core.shell:Creating environment descriptor '/home/matt/ros2_ws/install/turtlebot3_fake_node/share/turtlebot3_fake_node/hook/cmake_prefix_path.dsv'
[1.177s] INFO:colcon.colcon_core.shell:Creating environment hook '/home/matt/ros2_ws/install/turtlebot3_fake_node/share/turtlebot3_fake_node/hook/cmake_prefix_path.sh'
[1.178s] Level 1:colcon.colcon_core.environment:checking '/home/matt/ros2_ws/install/turtlebot3_fake_node/lib'
[1.178s] Level 1:colcon.colcon_core.environment:checking '/home/matt/ros2_ws/install/turtlebot3_fake_node/bin'
[1.178s] Level 1:colcon.colcon_core.environment:checking '/home/matt/ros2_ws/install/turtlebot3_fake_node/lib/pkgconfig/turtlebot3_fake_node.pc'
[1.178s] Level 1:colcon.colcon_core.environment:checking '/home/matt/ros2_ws/install/turtlebot3_fake_node/lib/python3.10/site-packages'
[1.179s] Level 1:colcon.colcon_core.environment:checking '/home/matt/ros2_ws/install/turtlebot3_fake_node/bin'
[1.189s] INFO:colcon.colcon_core.shell:Creating package script '/home/matt/ros2_ws/install/turtlebot3_fake_node/share/turtlebot3_fake_node/package.ps1'
[1.190s] INFO:colcon.colcon_core.shell:Creating package descriptor '/home/matt/ros2_ws/install/turtlebot3_fake_node/share/turtlebot3_fake_node/package.dsv'
[1.190s] INFO:colcon.colcon_core.shell:Creating package script '/home/matt/ros2_ws/install/turtlebot3_fake_node/share/turtlebot3_fake_node/package.sh'
[1.191s] INFO:colcon.colcon_core.shell:Creating package script '/home/matt/ros2_ws/install/turtlebot3_fake_node/share/turtlebot3_fake_node/package.bash'
[1.191s] INFO:colcon.colcon_core.shell:Creating package script '/home/matt/ros2_ws/install/turtlebot3_fake_node/share/turtlebot3_fake_node/package.zsh'
[1.192s] Level 1:colcon.colcon_core.environment:create_file_with_runtime_dependencies(/home/matt/ros2_ws/install/turtlebot3_fake_node/share/colcon-core/packages/turtlebot3_fake_node)
[1.193s] Level 1:colcon.colcon_core.environment:create_environment_scripts_only(turtlebot3_gazebo)
[1.194s] DEBUG:colcon.colcon_core.event_handler.log_command:Invoked command in '/home/matt/ros2_ws/build/turtlebot3_gazebo' returned '0': CMAKE_PREFIX_PATH=${CMAKE_PREFIX_PATH}:/home/matt/ros2_ws/install/rob599_hw3:/opt/ros/humble /usr/bin/cmake --install /home/matt/ros2_ws/build/turtlebot3_gazebo
[1.204s] Level 1:colcon.colcon_core.environment:checking '/home/matt/ros2_ws/install/turtlebot3_gazebo' for CMake module files
[1.204s] Level 1:colcon.colcon_core.environment:checking '/home/matt/ros2_ws/install/turtlebot3_gazebo' for CMake config files
[1.204s] Level 1:colcon.colcon_core.shell:create_environment_hook('turtlebot3_gazebo', 'cmake_prefix_path')
[1.217s] INFO:colcon.colcon_core.shell:Creating environment hook '/home/matt/ros2_ws/install/turtlebot3_gazebo/share/turtlebot3_gazebo/hook/cmake_prefix_path.ps1'
[1.217s] INFO:colcon.colcon_core.shell:Creating environment descriptor '/home/matt/ros2_ws/install/turtlebot3_gazebo/share/turtlebot3_gazebo/hook/cmake_prefix_path.dsv'
[1.218s] INFO:colcon.colcon_core.shell:Creating environment hook '/home/matt/ros2_ws/install/turtlebot3_gazebo/share/turtlebot3_gazebo/hook/cmake_prefix_path.sh'
[1.218s] Level 1:colcon.colcon_core.environment:checking '/home/matt/ros2_ws/install/turtlebot3_gazebo/lib'
[1.218s] Level 1:colcon.colcon_core.environment:checking '/home/matt/ros2_ws/install/turtlebot3_gazebo/bin'
[1.218s] Level 1:colcon.colcon_core.environment:checking '/home/matt/ros2_ws/install/turtlebot3_gazebo/lib/pkgconfig/turtlebot3_gazebo.pc'
[1.218s] Level 1:colcon.colcon_core.environment:checking '/home/matt/ros2_ws/install/turtlebot3_gazebo/lib/python3.10/site-packages'
[1.218s] Level 1:colcon.colcon_core.environment:checking '/home/matt/ros2_ws/install/turtlebot3_gazebo/bin'
[1.228s] INFO:colcon.colcon_core.shell:Creating package script '/home/matt/ros2_ws/install/turtlebot3_gazebo/share/turtlebot3_gazebo/package.ps1'
[1.229s] INFO:colcon.colcon_core.shell:Creating package descriptor '/home/matt/ros2_ws/install/turtlebot3_gazebo/share/turtlebot3_gazebo/package.dsv'
[1.229s] INFO:colcon.colcon_core.shell:Creating package script '/home/matt/ros2_ws/install/turtlebot3_gazebo/share/turtlebot3_gazebo/package.sh'
[1.229s] INFO:colcon.colcon_core.shell:Creating package script '/home/matt/ros2_ws/install/turtlebot3_gazebo/share/turtlebot3_gazebo/package.bash'
[1.229s] INFO:colcon.colcon_core.shell:Creating package script '/home/matt/ros2_ws/install/turtlebot3_gazebo/share/turtlebot3_gazebo/package.zsh'
[1.230s] Level 1:colcon.colcon_core.environment:create_file_with_runtime_dependencies(/home/matt/ros2_ws/install/turtlebot3_gazebo/share/colcon-core/packages/turtlebot3_gazebo)
[1.243s] Level 1:colcon.colcon_core.environment:create_environment_scripts_only(turtlebot3_fake_node)
[1.255s] Level 1:colcon.colcon_core.environment:checking '/home/matt/ros2_ws/install/turtlebot3_fake_node' for CMake module files
[1.256s] Level 1:colcon.colcon_core.environment:checking '/home/matt/ros2_ws/install/turtlebot3_fake_node' for CMake config files
[1.256s] Level 1:colcon.colcon_core.shell:create_environment_hook('turtlebot3_fake_node', 'cmake_prefix_path')
[1.267s] INFO:colcon.colcon_core.shell:Creating environment hook '/home/matt/ros2_ws/install/turtlebot3_fake_node/share/turtlebot3_fake_node/hook/cmake_prefix_path.ps1'
[1.268s] INFO:colcon.colcon_core.shell:Creating environment descriptor '/home/matt/ros2_ws/install/turtlebot3_fake_node/share/turtlebot3_fake_node/hook/cmake_prefix_path.dsv'
[1.268s] INFO:colcon.colcon_core.shell:Creating environment hook '/home/matt/ros2_ws/install/turtlebot3_fake_node/share/turtlebot3_fake_node/hook/cmake_prefix_path.sh'
[1.269s] Level 1:colcon.colcon_core.environment:checking '/home/matt/ros2_ws/install/turtlebot3_fake_node/lib'
[1.269s] Level 1:colcon.colcon_core.environment:checking '/home/matt/ros2_ws/install/turtlebot3_fake_node/bin'
[1.269s] Level 1:colcon.colcon_core.environment:checking '/home/matt/ros2_ws/install/turtlebot3_fake_node/lib/pkgconfig/turtlebot3_fake_node.pc'
[1.269s] Level 1:colcon.colcon_core.environment:checking '/home/matt/ros2_ws/install/turtlebot3_fake_node/lib/python3.10/site-packages'
[1.269s] Level 1:colcon.colcon_core.environment:checking '/home/matt/ros2_ws/install/turtlebot3_fake_node/bin'
[1.281s] INFO:colcon.colcon_core.shell:Creating package script '/home/matt/ros2_ws/install/turtlebot3_fake_node/share/turtlebot3_fake_node/package.ps1'
[1.282s] INFO:colcon.colcon_core.shell:Creating package descriptor '/home/matt/ros2_ws/install/turtlebot3_fake_node/share/turtlebot3_fake_node/package.dsv'
[1.282s] INFO:colcon.colcon_core.shell:Creating package script '/home/matt/ros2_ws/install/turtlebot3_fake_node/share/turtlebot3_fake_node/package.sh'
[1.283s] INFO:colcon.colcon_core.shell:Creating package script '/home/matt/ros2_ws/install/turtlebot3_fake_node/share/turtlebot3_fake_node/package.bash'
[1.283s] INFO:colcon.colcon_core.shell:Creating package script '/home/matt/ros2_ws/install/turtlebot3_fake_node/share/turtlebot3_fake_node/package.zsh'
[1.284s] Level 1:colcon.colcon_core.environment:create_file_with_runtime_dependencies(/home/matt/ros2_ws/install/turtlebot3_fake_node/share/colcon-core/packages/turtlebot3_fake_node)
[1.297s] Level 1:colcon.colcon_core.environment:create_environment_scripts_only(turtlebot3_gazebo)
[1.311s] Level 1:colcon.colcon_core.environment:checking '/home/matt/ros2_ws/install/turtlebot3_gazebo' for CMake module files
[1.311s] Level 1:colcon.colcon_core.environment:checking '/home/matt/ros2_ws/install/turtlebot3_gazebo' for CMake config files
[1.312s] Level 1:colcon.colcon_core.shell:create_environment_hook('turtlebot3_gazebo', 'cmake_prefix_path')
[1.323s] INFO:colcon.colcon_core.shell:Creating environment hook '/home/matt/ros2_ws/install/turtlebot3_gazebo/share/turtlebot3_gazebo/hook/cmake_prefix_path.ps1'
[1.324s] INFO:colcon.colcon_core.shell:Creating environment descriptor '/home/matt/ros2_ws/install/turtlebot3_gazebo/share/turtlebot3_gazebo/hook/cmake_prefix_path.dsv'
[1.324s] INFO:colcon.colcon_core.shell:Creating environment hook '/home/matt/ros2_ws/install/turtlebot3_gazebo/share/turtlebot3_gazebo/hook/cmake_prefix_path.sh'
[1.325s] Level 1:colcon.colcon_core.environment:checking '/home/matt/ros2_ws/install/turtlebot3_gazebo/lib'
[1.325s] Level 1:colcon.colcon_core.environment:checking '/home/matt/ros2_ws/install/turtlebot3_gazebo/bin'
[1.325s] Level 1:colcon.colcon_core.environment:checking '/home/matt/ros2_ws/install/turtlebot3_gazebo/lib/pkgconfig/turtlebot3_gazebo.pc'
[1.325s] Level 1:colcon.colcon_core.environment:checking '/home/matt/ros2_ws/install/turtlebot3_gazebo/lib/python3.10/site-packages'
[1.325s] Level 1:colcon.colcon_core.environment:checking '/home/matt/ros2_ws/install/turtlebot3_gazebo/bin'
[1.337s] INFO:colcon.colcon_core.shell:Creating package script '/home/matt/ros2_ws/install/turtlebot3_gazebo/share/turtlebot3_gazebo/package.ps1'
[1.337s] INFO:colcon.colcon_core.shell:Creating package descriptor '/home/matt/ros2_ws/install/turtlebot3_gazebo/share/turtlebot3_gazebo/package.dsv'
[1.338s] INFO:colcon.colcon_core.shell:Creating package script '/home/matt/ros2_ws/install/turtlebot3_gazebo/share/turtlebot3_gazebo/package.sh'
[1.338s] INFO:colcon.colcon_core.shell:Creating package script '/home/matt/ros2_ws/install/turtlebot3_gazebo/share/turtlebot3_gazebo/package.bash'
[1.339s] INFO:colcon.colcon_core.shell:Creating package script '/home/matt/ros2_ws/install/turtlebot3_gazebo/share/turtlebot3_gazebo/package.zsh'
[1.339s] Level 1:colcon.colcon_core.environment:create_file_with_runtime_dependencies(/home/matt/ros2_ws/install/turtlebot3_gazebo/share/colcon-core/packages/turtlebot3_gazebo)
[1.339s] INFO:colcon.colcon_ros.task.ament_cmake.build:Building ROS package in '/home/matt/ros2_ws/src/turtlebot3_simulations/turtlebot3_simulations' with build type 'ament_cmake'
[1.339s] INFO:colcon.colcon_cmake.task.cmake.build:Building CMake package in '/home/matt/ros2_ws/src/turtlebot3_simulations/turtlebot3_simulations'
[1.351s] INFO:colcon.colcon_core.shell:Skip shell extension 'powershell' for command environment: Not usable outside of PowerShell
[1.351s] DEBUG:colcon.colcon_core.shell:Skip shell extension 'dsv' for command environment
[1.390s] DEBUG:colcon.colcon_core.event_handler.log_command:Invoked command in '/home/matt/ros2_ws/build/ros2_msgs' returned '0': CMAKE_PREFIX_PATH=${CMAKE_PREFIX_PATH}:/home/matt/ros2_ws/install/rob599_hw3:/opt/ros/humble /usr/bin/cmake --build /home/matt/ros2_ws/build/ros2_msgs -- -j24 -l24
[1.393s] DEBUG:colcon.colcon_core.event_handler.log_command:Invoking command in '/home/matt/ros2_ws/build/turtlebot3_simulations': CMAKE_PREFIX_PATH=/home/matt/ros2_ws/install/turtlebot3_gazebo:/home/matt/ros2_ws/install/turtlebot3_fake_node:/home/matt/ros2_ws/install/turtlebot3_simulations:/home/matt/ros2_ws/install/ros2_msgs:/home/matt/ros-humble-ros1-bridge/install/ros1_bridge:/home/matt/ros2_ws/install/rob599_hw3:/opt/ros/humble /usr/bin/cmake --build /home/matt/ros2_ws/build/turtlebot3_simulations -- -j24 -l24
[1.421s] DEBUG:colcon.colcon_core.event_handler.log_command:Invoked command in '/home/matt/ros2_ws/build/turtlebot3_simulations' returned '0': CMAKE_PREFIX_PATH=/home/matt/ros2_ws/install/turtlebot3_gazebo:/home/matt/ros2_ws/install/turtlebot3_fake_node:/home/matt/ros2_ws/install/turtlebot3_simulations:/home/matt/ros2_ws/install/ros2_msgs:/home/matt/ros-humble-ros1-bridge/install/ros1_bridge:/home/matt/ros2_ws/install/rob599_hw3:/opt/ros/humble /usr/bin/cmake --build /home/matt/ros2_ws/build/turtlebot3_simulations -- -j24 -l24
[1.442s] DEBUG:colcon.colcon_core.event_handler.log_command:Invoking command in '/home/matt/ros2_ws/build/turtlebot3_simulations': CMAKE_PREFIX_PATH=/home/matt/ros2_ws/install/turtlebot3_gazebo:/home/matt/ros2_ws/install/turtlebot3_fake_node:/home/matt/ros2_ws/install/turtlebot3_simulations:/home/matt/ros2_ws/install/ros2_msgs:/home/matt/ros-humble-ros1-bridge/install/ros1_bridge:/home/matt/ros2_ws/install/rob599_hw3:/opt/ros/humble /usr/bin/cmake --install /home/matt/ros2_ws/build/turtlebot3_simulations
[1.457s] Level 1:colcon.colcon_core.environment:create_environment_scripts_only(turtlebot3_simulations)
[1.457s] DEBUG:colcon.colcon_core.event_handler.log_command:Invoked command in '/home/matt/ros2_ws/build/turtlebot3_simulations' returned '0': CMAKE_PREFIX_PATH=/home/matt/ros2_ws/install/turtlebot3_gazebo:/home/matt/ros2_ws/install/turtlebot3_fake_node:/home/matt/ros2_ws/install/turtlebot3_simulations:/home/matt/ros2_ws/install/ros2_msgs:/home/matt/ros-humble-ros1-bridge/install/ros1_bridge:/home/matt/ros2_ws/install/rob599_hw3:/opt/ros/humble /usr/bin/cmake --install /home/matt/ros2_ws/build/turtlebot3_simulations
[1.467s] Level 1:colcon.colcon_core.environment:checking '/home/matt/ros2_ws/install/turtlebot3_simulations' for CMake module files
[1.467s] Level 1:colcon.colcon_core.environment:checking '/home/matt/ros2_ws/install/turtlebot3_simulations' for CMake config files
[1.467s] Level 1:colcon.colcon_core.shell:create_environment_hook('turtlebot3_simulations', 'cmake_prefix_path')
[1.477s] INFO:colcon.colcon_core.shell:Creating environment hook '/home/matt/ros2_ws/install/turtlebot3_simulations/share/turtlebot3_simulations/hook/cmake_prefix_path.ps1'
[1.477s] INFO:colcon.colcon_core.shell:Creating environment descriptor '/home/matt/ros2_ws/install/turtlebot3_simulations/share/turtlebot3_simulations/hook/cmake_prefix_path.dsv'
[1.478s] INFO:colcon.colcon_core.shell:Creating environment hook '/home/matt/ros2_ws/install/turtlebot3_simulations/share/turtlebot3_simulations/hook/cmake_prefix_path.sh'
[1.478s] Level 1:colcon.colcon_core.environment:checking '/home/matt/ros2_ws/install/turtlebot3_simulations/bin'
[1.478s] Level 1:colcon.colcon_core.environment:checking '/home/matt/ros2_ws/install/turtlebot3_simulations/lib/pkgconfig/turtlebot3_simulations.pc'
[1.478s] Level 1:colcon.colcon_core.environment:checking '/home/matt/ros2_ws/install/turtlebot3_simulations/lib/python3.10/site-packages'
[1.479s] Level 1:colcon.colcon_core.environment:checking '/home/matt/ros2_ws/install/turtlebot3_simulations/bin'
[1.489s] INFO:colcon.colcon_core.shell:Creating package script '/home/matt/ros2_ws/install/turtlebot3_simulations/share/turtlebot3_simulations/package.ps1'
[1.490s] INFO:colcon.colcon_core.shell:Creating package descriptor '/home/matt/ros2_ws/install/turtlebot3_simulations/share/turtlebot3_simulations/package.dsv'
[1.490s] INFO:colcon.colcon_core.shell:Creating package script '/home/matt/ros2_ws/install/turtlebot3_simulations/share/turtlebot3_simulations/package.sh'
[1.490s] INFO:colcon.colcon_core.shell:Creating package script '/home/matt/ros2_ws/install/turtlebot3_simulations/share/turtlebot3_simulations/package.bash'
[1.490s] INFO:colcon.colcon_core.shell:Creating package script '/home/matt/ros2_ws/install/turtlebot3_simulations/share/turtlebot3_simulations/package.zsh'
[1.491s] Level 1:colcon.colcon_core.environment:create_file_with_runtime_dependencies(/home/matt/ros2_ws/install/turtlebot3_simulations/share/colcon-core/packages/turtlebot3_simulations)
[1.518s] Level 1:colcon.colcon_core.environment:create_environment_scripts_only(turtlebot3_simulations)
[1.535s] Level 1:colcon.colcon_core.environment:checking '/home/matt/ros2_ws/install/turtlebot3_simulations' for CMake module files
[1.535s] Level 1:colcon.colcon_core.environment:checking '/home/matt/ros2_ws/install/turtlebot3_simulations' for CMake config files
[1.535s] Level 1:colcon.colcon_core.shell:create_environment_hook('turtlebot3_simulations', 'cmake_prefix_path')
[1.545s] INFO:colcon.colcon_core.shell:Creating environment hook '/home/matt/ros2_ws/install/turtlebot3_simulations/share/turtlebot3_simulations/hook/cmake_prefix_path.ps1'
[1.545s] INFO:colcon.colcon_core.shell:Creating environment descriptor '/home/matt/ros2_ws/install/turtlebot3_simulations/share/turtlebot3_simulations/hook/cmake_prefix_path.dsv'
[1.545s] INFO:colcon.colcon_core.shell:Creating environment hook '/home/matt/ros2_ws/install/turtlebot3_simulations/share/turtlebot3_simulations/hook/cmake_prefix_path.sh'
[1.546s] Level 1:colcon.colcon_core.environment:checking '/home/matt/ros2_ws/install/turtlebot3_simulations/bin'
[1.546s] Level 1:colcon.colcon_core.environment:checking '/home/matt/ros2_ws/install/turtlebot3_simulations/lib/pkgconfig/turtlebot3_simulations.pc'
[1.546s] Level 1:colcon.colcon_core.environment:checking '/home/matt/ros2_ws/install/turtlebot3_simulations/lib/python3.10/site-packages'
[1.546s] Level 1:colcon.colcon_core.environment:checking '/home/matt/ros2_ws/install/turtlebot3_simulations/bin'
[1.554s] INFO:colcon.colcon_core.shell:Creating package script '/home/matt/ros2_ws/install/turtlebot3_simulations/share/turtlebot3_simulations/package.ps1'
[1.555s] INFO:colcon.colcon_core.shell:Creating package descriptor '/home/matt/ros2_ws/install/turtlebot3_simulations/share/turtlebot3_simulations/package.dsv'
[1.555s] INFO:colcon.colcon_core.shell:Creating package script '/home/matt/ros2_ws/install/turtlebot3_simulations/share/turtlebot3_simulations/package.sh'
[1.555s] INFO:colcon.colcon_core.shell:Creating package script '/home/matt/ros2_ws/install/turtlebot3_simulations/share/turtlebot3_simulations/package.bash'
[1.555s] INFO:colcon.colcon_core.shell:Creating package script '/home/matt/ros2_ws/install/turtlebot3_simulations/share/turtlebot3_simulations/package.zsh'
[1.556s] Level 1:colcon.colcon_core.environment:create_file_with_runtime_dependencies(/home/matt/ros2_ws/install/turtlebot3_simulations/share/colcon-core/packages/turtlebot3_simulations)
[1.557s] DEBUG:colcon.colcon_core.event_handler.log_command:Invoking command in '/home/matt/ros2_ws/build/ros2_msgs': CMAKE_PREFIX_PATH=${CMAKE_PREFIX_PATH}:/home/matt/ros2_ws/install/rob599_hw3:/opt/ros/humble /usr/bin/cmake --install /home/matt/ros2_ws/build/ros2_msgs
[1.615s] Level 1:colcon.colcon_core.environment:create_environment_scripts_only(ros2_msgs)
[1.616s] DEBUG:colcon.colcon_core.event_handler.log_command:Invoked command in '/home/matt/ros2_ws/build/ros2_msgs' returned '0': CMAKE_PREFIX_PATH=${CMAKE_PREFIX_PATH}:/home/matt/ros2_ws/install/rob599_hw3:/opt/ros/humble /usr/bin/cmake --install /home/matt/ros2_ws/build/ros2_msgs
[1.625s] Level 1:colcon.colcon_core.environment:checking '/home/matt/ros2_ws/install/ros2_msgs' for CMake module files
[1.626s] Level 1:colcon.colcon_core.environment:checking '/home/matt/ros2_ws/install/ros2_msgs' for CMake config files
[1.626s] Level 1:colcon.colcon_core.shell:create_environment_hook('ros2_msgs', 'cmake_prefix_path')
[1.635s] INFO:colcon.colcon_core.shell:Creating environment hook '/home/matt/ros2_ws/install/ros2_msgs/share/ros2_msgs/hook/cmake_prefix_path.ps1'
[1.635s] INFO:colcon.colcon_core.shell:Creating environment descriptor '/home/matt/ros2_ws/install/ros2_msgs/share/ros2_msgs/hook/cmake_prefix_path.dsv'
[1.636s] INFO:colcon.colcon_core.shell:Creating environment hook '/home/matt/ros2_ws/install/ros2_msgs/share/ros2_msgs/hook/cmake_prefix_path.sh'
[1.636s] Level 1:colcon.colcon_core.environment:checking '/home/matt/ros2_ws/install/ros2_msgs/lib'
[1.636s] Level 1:colcon.colcon_core.shell:create_environment_hook('ros2_msgs', 'ld_library_path_lib')
[1.645s] INFO:colcon.colcon_core.shell:Creating environment hook '/home/matt/ros2_ws/install/ros2_msgs/share/ros2_msgs/hook/ld_library_path_lib.ps1'
[1.645s] INFO:colcon.colcon_core.shell:Creating environment descriptor '/home/matt/ros2_ws/install/ros2_msgs/share/ros2_msgs/hook/ld_library_path_lib.dsv'
[1.645s] INFO:colcon.colcon_core.shell:Creating environment hook '/home/matt/ros2_ws/install/ros2_msgs/share/ros2_msgs/hook/ld_library_path_lib.sh'
[1.646s] Level 1:colcon.colcon_core.environment:checking '/home/matt/ros2_ws/install/ros2_msgs/bin'
[1.646s] Level 1:colcon.colcon_core.environment:checking '/home/matt/ros2_ws/install/ros2_msgs/lib/pkgconfig/ros2_msgs.pc'
[1.646s] Level 1:colcon.colcon_core.environment:checking '/home/matt/ros2_ws/install/ros2_msgs/lib/python3.10/site-packages'
[1.646s] Level 1:colcon.colcon_core.environment:checking '/home/matt/ros2_ws/install/ros2_msgs/bin'
[1.655s] INFO:colcon.colcon_core.shell:Creating package script '/home/matt/ros2_ws/install/ros2_msgs/share/ros2_msgs/package.ps1'
[1.655s] INFO:colcon.colcon_core.shell:Creating package descriptor '/home/matt/ros2_ws/install/ros2_msgs/share/ros2_msgs/package.dsv'
[1.656s] INFO:colcon.colcon_core.shell:Creating package script '/home/matt/ros2_ws/install/ros2_msgs/share/ros2_msgs/package.sh'
[1.656s] INFO:colcon.colcon_core.shell:Creating package script '/home/matt/ros2_ws/install/ros2_msgs/share/ros2_msgs/package.bash'
[1.656s] INFO:colcon.colcon_core.shell:Creating package script '/home/matt/ros2_ws/install/ros2_msgs/share/ros2_msgs/package.zsh'
[1.656s] Level 1:colcon.colcon_core.environment:create_file_with_runtime_dependencies(/home/matt/ros2_ws/install/ros2_msgs/share/colcon-core/packages/ros2_msgs)
[1.804s] Level 1:colcon.colcon_core.environment:create_environment_scripts_only(ros2_msgs)
[1.814s] Level 1:colcon.colcon_core.environment:checking '/home/matt/ros2_ws/install/ros2_msgs' for CMake module files
[1.815s] Level 1:colcon.colcon_core.environment:checking '/home/matt/ros2_ws/install/ros2_msgs' for CMake config files
[1.816s] Level 1:colcon.colcon_core.shell:create_environment_hook('ros2_msgs', 'cmake_prefix_path')
[1.828s] INFO:colcon.colcon_core.shell:Creating environment hook '/home/matt/ros2_ws/install/ros2_msgs/share/ros2_msgs/hook/cmake_prefix_path.ps1'
[1.829s] INFO:colcon.colcon_core.shell:Creating environment descriptor '/home/matt/ros2_ws/install/ros2_msgs/share/ros2_msgs/hook/cmake_prefix_path.dsv'
[1.829s] INFO:colcon.colcon_core.shell:Creating environment hook '/home/matt/ros2_ws/install/ros2_msgs/share/ros2_msgs/hook/cmake_prefix_path.sh'
[1.830s] Level 1:colcon.colcon_core.environment:checking '/home/matt/ros2_ws/install/ros2_msgs/lib'
[1.830s] Level 1:colcon.colcon_core.shell:create_environment_hook('ros2_msgs', 'ld_library_path_lib')
[1.842s] INFO:colcon.colcon_core.shell:Creating environment hook '/home/matt/ros2_ws/install/ros2_msgs/share/ros2_msgs/hook/ld_library_path_lib.ps1'
[1.842s] INFO:colcon.colcon_core.shell:Creating environment descriptor '/home/matt/ros2_ws/install/ros2_msgs/share/ros2_msgs/hook/ld_library_path_lib.dsv'
[1.843s] INFO:colcon.colcon_core.shell:Creating environment hook '/home/matt/ros2_ws/install/ros2_msgs/share/ros2_msgs/hook/ld_library_path_lib.sh'
[1.843s] Level 1:colcon.colcon_core.environment:checking '/home/matt/ros2_ws/install/ros2_msgs/bin'
[1.843s] Level 1:colcon.colcon_core.environment:checking '/home/matt/ros2_ws/install/ros2_msgs/lib/pkgconfig/ros2_msgs.pc'
[1.843s] Level 1:colcon.colcon_core.environment:checking '/home/matt/ros2_ws/install/ros2_msgs/lib/python3.10/site-packages'
[1.843s] Level 1:colcon.colcon_core.environment:checking '/home/matt/ros2_ws/install/ros2_msgs/bin'
[1.855s] INFO:colcon.colcon_core.shell:Creating package script '/home/matt/ros2_ws/install/ros2_msgs/share/ros2_msgs/package.ps1'
[1.856s] INFO:colcon.colcon_core.shell:Creating package descriptor '/home/matt/ros2_ws/install/ros2_msgs/share/ros2_msgs/package.dsv'
[1.856s] INFO:colcon.colcon_core.shell:Creating package script '/home/matt/ros2_ws/install/ros2_msgs/share/ros2_msgs/package.sh'
[1.856s] INFO:colcon.colcon_core.shell:Creating package script '/home/matt/ros2_ws/install/ros2_msgs/share/ros2_msgs/package.bash'
[1.857s] INFO:colcon.colcon_core.shell:Creating package script '/home/matt/ros2_ws/install/ros2_msgs/share/ros2_msgs/package.zsh'
[1.857s] Level 1:colcon.colcon_core.environment:create_file_with_runtime_dependencies(/home/matt/ros2_ws/install/ros2_msgs/share/colcon-core/packages/ros2_msgs)
[1.857s] INFO:colcon.colcon_ros.task.ament_python.build:Building ROS package in '/home/matt/ros2_ws/src/rob599_hw3' with build type 'ament_python'
[1.857s] Level 1:colcon.colcon_core.shell:create_environment_hook('rob599_hw3', 'ament_prefix_path')
[1.868s] INFO:colcon.colcon_core.shell:Creating environment hook '/home/matt/ros2_ws/install/rob599_hw3/share/rob599_hw3/hook/ament_prefix_path.ps1'
[1.869s] INFO:colcon.colcon_core.shell:Creating environment descriptor '/home/matt/ros2_ws/install/rob599_hw3/share/rob599_hw3/hook/ament_prefix_path.dsv'
[1.869s] INFO:colcon.colcon_core.shell:Creating environment hook '/home/matt/ros2_ws/install/rob599_hw3/share/rob599_hw3/hook/ament_prefix_path.sh'
[1.880s] INFO:colcon.colcon_core.shell:Skip shell extension 'powershell' for command environment: Not usable outside of PowerShell
[1.880s] DEBUG:colcon.colcon_core.shell:Skip shell extension 'dsv' for command environment
[2.135s] INFO:colcon.colcon_core.task.python.build:Building Python package in '/home/matt/ros2_ws/src/rob599_hw3'
[2.145s] INFO:colcon.colcon_core.shell:Skip shell extension 'powershell' for command environment: Not usable outside of PowerShell
[2.145s] DEBUG:colcon.colcon_core.shell:Skip shell extension 'dsv' for command environment
[2.469s] DEBUG:colcon.colcon_core.event_handler.log_command:Invoking command in '/home/matt/ros2_ws/src/rob599_hw3': CMAKE_PREFIX_PATH=/home/matt/ros2_ws/install/turtlebot3_gazebo:/home/matt/ros2_ws/install/ros2_msgs:/home/matt/ros2_ws/install/turtlebot3_simulations:/home/matt/ros2_ws/install/turtlebot3_fake_node:/home/matt/ros-humble-ros1-bridge/install/ros1_bridge LD_LIBRARY_PATH=/home/matt/ros2_ws/install/ros2_msgs/lib:/home/matt/ros-humble-ros1-bridge/install/ros1_bridge/lib:/usr/lib/x86_64-linux-gnu/gazebo-11/plugins:/opt/ros/humble/opt/rviz_ogre_vendor/lib:/opt/ros/humble/lib/x86_64-linux-gnu:/opt/ros/humble/lib:/usr/lib/x86_64-linux-gnu/gazebo-11/plugins PYTHONPATH=/home/matt/ros2_ws/build/rob599_hw3/prefix_override:/home/matt/ros2_ws/install/rob599_hw3/lib/python3.10/site-packages:${PYTHONPATH} /usr/bin/python3 setup.py egg_info --egg-base ../../build/rob599_hw3 build --build-base /home/matt/ros2_ws/build/rob599_hw3/build install --record /home/matt/ros2_ws/build/rob599_hw3/install.log --single-version-externally-managed
[2.690s] DEBUG:colcon.colcon_core.event_handler.log_command:Invoked command in '/home/matt/ros2_ws/src/rob599_hw3' returned '0': CMAKE_PREFIX_PATH=/home/matt/ros2_ws/install/turtlebot3_gazebo:/home/matt/ros2_ws/install/ros2_msgs:/home/matt/ros2_ws/install/turtlebot3_simulations:/home/matt/ros2_ws/install/turtlebot3_fake_node:/home/matt/ros-humble-ros1-bridge/install/ros1_bridge LD_LIBRARY_PATH=/home/matt/ros2_ws/install/ros2_msgs/lib:/home/matt/ros-humble-ros1-bridge/install/ros1_bridge/lib:/usr/lib/x86_64-linux-gnu/gazebo-11/plugins:/opt/ros/humble/opt/rviz_ogre_vendor/lib:/opt/ros/humble/lib/x86_64-linux-gnu:/opt/ros/humble/lib:/usr/lib/x86_64-linux-gnu/gazebo-11/plugins PYTHONPATH=/home/matt/ros2_ws/build/rob599_hw3/prefix_override:/home/matt/ros2_ws/install/rob599_hw3/lib/python3.10/site-packages:${PYTHONPATH} /usr/bin/python3 setup.py egg_info --egg-base ../../build/rob599_hw3 build --build-base /home/matt/ros2_ws/build/rob599_hw3/build install --record /home/matt/ros2_ws/build/rob599_hw3/install.log --single-version-externally-managed
[2.698s] Level 1:colcon.colcon_core.environment:checking '/home/matt/ros2_ws/install/rob599_hw3' for CMake module files
[2.698s] Level 1:colcon.colcon_core.environment:checking '/home/matt/ros2_ws/install/rob599_hw3' for CMake config files
[2.699s] Level 1:colcon.colcon_core.environment:checking '/home/matt/ros2_ws/install/rob599_hw3/lib'
[2.699s] Level 1:colcon.colcon_core.environment:checking '/home/matt/ros2_ws/install/rob599_hw3/bin'
[2.699s] Level 1:colcon.colcon_core.environment:checking '/home/matt/ros2_ws/install/rob599_hw3/lib/pkgconfig/rob599_hw3.pc'
[2.699s] Level 1:colcon.colcon_core.environment:checking '/home/matt/ros2_ws/install/rob599_hw3/lib/python3.10/site-packages'
[2.699s] Level 1:colcon.colcon_core.shell:create_environment_hook('rob599_hw3', 'pythonpath')
[2.707s] INFO:colcon.colcon_core.shell:Creating environment hook '/home/matt/ros2_ws/install/rob599_hw3/share/rob599_hw3/hook/pythonpath.ps1'
[2.708s] INFO:colcon.colcon_core.shell:Creating environment descriptor '/home/matt/ros2_ws/install/rob599_hw3/share/rob599_hw3/hook/pythonpath.dsv'
[2.708s] INFO:colcon.colcon_core.shell:Creating environment hook '/home/matt/ros2_ws/install/rob599_hw3/share/rob599_hw3/hook/pythonpath.sh'
[2.708s] Level 1:colcon.colcon_core.environment:checking '/home/matt/ros2_ws/install/rob599_hw3/bin'
[2.708s] Level 1:colcon.colcon_core.environment:create_environment_scripts_only(rob599_hw3)
[2.717s] INFO:colcon.colcon_core.shell:Creating package script '/home/matt/ros2_ws/install/rob599_hw3/share/rob599_hw3/package.ps1'
[2.718s] INFO:colcon.colcon_core.shell:Creating package descriptor '/home/matt/ros2_ws/install/rob599_hw3/share/rob599_hw3/package.dsv'
[2.718s] INFO:colcon.colcon_core.shell:Creating package script '/home/matt/ros2_ws/install/rob599_hw3/share/rob599_hw3/package.sh'
[2.718s] INFO:colcon.colcon_core.shell:Creating package script '/home/matt/ros2_ws/install/rob599_hw3/share/rob599_hw3/package.bash'
[2.719s] INFO:colcon.colcon_core.shell:Creating package script '/home/matt/ros2_ws/install/rob599_hw3/share/rob599_hw3/package.zsh'
[2.719s] Level 1:colcon.colcon_core.environment:create_file_with_runtime_dependencies(/home/matt/ros2_ws/install/rob599_hw3/share/colcon-core/packages/rob599_hw3)
[2.719s] DEBUG:colcon.colcon_parallel_executor.executor.parallel:closing loop
[2.719s] DEBUG:colcon.colcon_parallel_executor.executor.parallel:loop closed
[2.719s] DEBUG:colcon.colcon_parallel_executor.executor.parallel:run_until_complete finished with '0'
[2.719s] DEBUG:colcon.colcon_core.event_reactor:joining thread
[2.743s] INFO:colcon.colcon_core.plugin_system:Skipping extension 'colcon_notification.desktop_notification.terminal_notifier': Not used on non-Darwin systems
[2.743s] INFO:colcon.colcon_core.plugin_system:Skipping extension 'colcon_notification.desktop_notification.win32': Not used on non-Windows systems
[2.743s] INFO:colcon.colcon_notification.desktop_notification:Sending desktop notification using 'notify2'
[2.755s] DEBUG:colcon.colcon_core.event_reactor:joined thread
[2.767s] INFO:colcon.colcon_core.shell:Creating prefix script '/home/matt/ros2_ws/install/local_setup.ps1'
[2.768s] INFO:colcon.colcon_core.shell:Creating prefix util module '/home/matt/ros2_ws/install/_local_setup_util_ps1.py'
[2.769s] INFO:colcon.colcon_core.shell:Creating prefix chain script '/home/matt/ros2_ws/install/setup.ps1'
[2.780s] INFO:colcon.colcon_core.shell:Creating prefix script '/home/matt/ros2_ws/install/local_setup.sh'
[2.780s] INFO:colcon.colcon_core.shell:Creating prefix util module '/home/matt/ros2_ws/install/_local_setup_util_sh.py'
[2.780s] INFO:colcon.colcon_core.shell:Creating prefix chain script '/home/matt/ros2_ws/install/setup.sh'
[2.790s] INFO:colcon.colcon_core.shell:Creating prefix script '/home/matt/ros2_ws/install/local_setup.bash'
[2.791s] INFO:colcon.colcon_core.shell:Creating prefix chain script '/home/matt/ros2_ws/install/setup.bash'
[2.799s] INFO:colcon.colcon_core.shell:Creating prefix script '/home/matt/ros2_ws/install/local_setup.zsh'
[2.800s] INFO:colcon.colcon_core.shell:Creating prefix chain script '/home/matt/ros2_ws/install/setup.zsh'
