[1.033s] Invoking command in '/home/matt/ros2_ws/build/turtlebot3_simulations': CMAKE_PREFIX_PATH=/home/matt/ros2_ws/install/turtlebot3_gazebo:/home/matt/ros2_ws/install/turtlebot3_fake_node:/home/matt/ros2_ws/install/turtlebot3_simulations:/home/matt/ros-humble-ros1-bridge/install/ros1_bridge:/home/matt/ros2_ws/install/rob599_hw3:/opt/ros/humble /usr/bin/cmake /home/matt/ros2_ws/src/turtlebot3_simulations/turtlebot3_simulations -DAMENT_CMAKE_SYMLINK_INSTALL=1 -DCMAKE_INSTALL_PREFIX=/home/matt/ros2_ws/install/turtlebot3_simulations
[1.155s] -- The C compiler identification is GNU 11.4.0
[1.292s] -- The CXX compiler identification is GNU 11.4.0
[1.310s] -- Detecting C compiler ABI info
[1.474s] -- Detecting C compiler ABI info - done
[1.494s] -- Check for working C compiler: /usr/bin/cc - skipped
[1.495s] -- Detecting C compile features
[1.496s] -- Detecting C compile features - done
[1.505s] -- Detecting CXX compiler ABI info
[1.696s] -- Detecting CXX compiler ABI info - done
[1.717s] -- Check for working CXX compiler: /usr/bin/c++ - skipped
[1.718s] -- Detecting CXX compile features
[1.719s] -- Detecting CXX compile features - done
[1.726s] -- Found ament_cmake: 1.3.8 (/opt/ros/humble/share/ament_cmake/cmake)
[2.139s] -- Found Python3: /usr/bin/python3 (found version "3.10.12") found components: Interpreter 
[2.305s] -- Override CMake install command with custom implementation using symlinks instead of copying resources
[2.557s] -- Configuring done
[2.562s] -- Generating done
[2.564s] -- Build files have been written to: /home/matt/ros2_ws/build/turtlebot3_simulations
[2.574s] Invoked command in '/home/matt/ros2_ws/build/turtlebot3_simulations' returned '0': CMAKE_PREFIX_PATH=/home/matt/ros2_ws/install/turtlebot3_gazebo:/home/matt/ros2_ws/install/turtlebot3_fake_node:/home/matt/ros2_ws/install/turtlebot3_simulations:/home/matt/ros-humble-ros1-bridge/install/ros1_bridge:/home/matt/ros2_ws/install/rob599_hw3:/opt/ros/humble /usr/bin/cmake /home/matt/ros2_ws/src/turtlebot3_simulations/turtlebot3_simulations -DAMENT_CMAKE_SYMLINK_INSTALL=1 -DCMAKE_INSTALL_PREFIX=/home/matt/ros2_ws/install/turtlebot3_simulations
[2.578s] Invoking command in '/home/matt/ros2_ws/build/turtlebot3_simulations': CMAKE_PREFIX_PATH=/home/matt/ros2_ws/install/turtlebot3_gazebo:/home/matt/ros2_ws/install/turtlebot3_fake_node:/home/matt/ros2_ws/install/turtlebot3_simulations:/home/matt/ros-humble-ros1-bridge/install/ros1_bridge:/home/matt/ros2_ws/install/rob599_hw3:/opt/ros/humble /usr/bin/cmake --build /home/matt/ros2_ws/build/turtlebot3_simulations -- -j24 -l24
[2.666s] Invoked command in '/home/matt/ros2_ws/build/turtlebot3_simulations' returned '0': CMAKE_PREFIX_PATH=/home/matt/ros2_ws/install/turtlebot3_gazebo:/home/matt/ros2_ws/install/turtlebot3_fake_node:/home/matt/ros2_ws/install/turtlebot3_simulations:/home/matt/ros-humble-ros1-bridge/install/ros1_bridge:/home/matt/ros2_ws/install/rob599_hw3:/opt/ros/humble /usr/bin/cmake --build /home/matt/ros2_ws/build/turtlebot3_simulations -- -j24 -l24
[2.718s] Invoking command in '/home/matt/ros2_ws/build/turtlebot3_simulations': CMAKE_PREFIX_PATH=/home/matt/ros2_ws/install/turtlebot3_gazebo:/home/matt/ros2_ws/install/turtlebot3_fake_node:/home/matt/ros2_ws/install/turtlebot3_simulations:/home/matt/ros-humble-ros1-bridge/install/ros1_bridge:/home/matt/ros2_ws/install/rob599_hw3:/opt/ros/humble /usr/bin/cmake --install /home/matt/ros2_ws/build/turtlebot3_simulations
[2.735s] -- Install configuration: ""
[2.737s] -- Execute custom install script
[2.737s] -- Symlinking: /home/matt/ros2_ws/install/turtlebot3_simulations/share/ament_index/resource_index/package_run_dependencies/turtlebot3_simulations
[2.759s] -- Symlinking: /home/matt/ros2_ws/install/turtlebot3_simulations/share/ament_index/resource_index/parent_prefix_path/turtlebot3_simulations
[2.779s] -- Symlinking: /home/matt/ros2_ws/install/turtlebot3_simulations/share/turtlebot3_simulations/environment/ament_prefix_path.sh
[2.799s] -- Symlinking: /home/matt/ros2_ws/install/turtlebot3_simulations/share/turtlebot3_simulations/environment/ament_prefix_path.dsv
[2.820s] -- Symlinking: /home/matt/ros2_ws/install/turtlebot3_simulations/share/turtlebot3_simulations/environment/path.sh
[2.840s] -- Symlinking: /home/matt/ros2_ws/install/turtlebot3_simulations/share/turtlebot3_simulations/environment/path.dsv
[2.862s] -- Symlinking: /home/matt/ros2_ws/install/turtlebot3_simulations/share/turtlebot3_simulations/local_setup.bash
[2.882s] -- Symlinking: /home/matt/ros2_ws/install/turtlebot3_simulations/share/turtlebot3_simulations/local_setup.sh
[2.902s] -- Symlinking: /home/matt/ros2_ws/install/turtlebot3_simulations/share/turtlebot3_simulations/local_setup.zsh
[2.923s] -- Symlinking: /home/matt/ros2_ws/install/turtlebot3_simulations/share/turtlebot3_simulations/local_setup.dsv
[2.943s] -- Symlinking: /home/matt/ros2_ws/install/turtlebot3_simulations/share/turtlebot3_simulations/package.dsv
[2.964s] -- Symlinking: /home/matt/ros2_ws/install/turtlebot3_simulations/share/ament_index/resource_index/packages/turtlebot3_simulations
[2.984s] -- Symlinking: /home/matt/ros2_ws/install/turtlebot3_simulations/share/turtlebot3_simulations/cmake/turtlebot3_simulationsConfig.cmake
[3.004s] -- Symlinking: /home/matt/ros2_ws/install/turtlebot3_simulations/share/turtlebot3_simulations/cmake/turtlebot3_simulationsConfig-version.cmake
[3.025s] -- Symlinking: /home/matt/ros2_ws/install/turtlebot3_simulations/share/turtlebot3_simulations/package.xml
[3.053s] Invoked command in '/home/matt/ros2_ws/build/turtlebot3_simulations' returned '0': CMAKE_PREFIX_PATH=/home/matt/ros2_ws/install/turtlebot3_gazebo:/home/matt/ros2_ws/install/turtlebot3_fake_node:/home/matt/ros2_ws/install/turtlebot3_simulations:/home/matt/ros-humble-ros1-bridge/install/ros1_bridge:/home/matt/ros2_ws/install/rob599_hw3:/opt/ros/humble /usr/bin/cmake --install /home/matt/ros2_ws/build/turtlebot3_simulations
