running egg_info
writing ../../build/rob599_hw3/rob599_hw3.egg-info/PKG-INFO
writing dependency_links to ../../build/rob599_hw3/rob599_hw3.egg-info/dependency_links.txt
writing entry points to ../../build/rob599_hw3/rob599_hw3.egg-info/entry_points.txt
writing requirements to ../../build/rob599_hw3/rob599_hw3.egg-info/requires.txt
writing top-level names to ../../build/rob599_hw3/rob599_hw3.egg-info/top_level.txt
reading manifest file '../../build/rob599_hw3/rob599_hw3.egg-info/SOURCES.txt'
adding license file 'LICENSE'
writing manifest file '../../build/rob599_hw3/rob599_hw3.egg-info/SOURCES.txt'
running build
running build_py
running install
running install_lib
running install_data
running install_egg_info
removing '/home/matt/ros2_ws/install/rob599_hw3/lib/python3.10/site-packages/rob599_hw3-0.0.0-py3.10.egg-info' (and everything under it)
Copying ../../build/rob599_hw3/rob599_hw3.egg-info to /home/matt/ros2_ws/install/rob599_hw3/lib/python3.10/site-packages/rob599_hw3-0.0.0-py3.10.egg-info
running install_scripts
Installing places script to /home/matt/ros2_ws/install/rob599_hw3/lib/rob599_hw3
writing list of installed files to '/home/matt/ros2_ws/build/rob599_hw3/install.log'
