[2.542s] Invoking command in '/home/matt/ros2_ws/build/rob599_hw3': CMAKE_PREFIX_PATH=/home/matt/ros2_ws/install/turtlebot3_gazebo:/home/matt/ros2_ws/install/turtlebot3_simulations:/home/matt/ros2_ws/install/turtlebot3_fake_node:/home/matt/ros-humble-ros1-bridge/install/ros1_bridge PYTHONPATH=/home/matt/ros2_ws/build/rob599_hw3/prefix_override:/home/matt/ros2_ws/install/rob599_hw3/lib/python3.10/site-packages:${PYTHONPATH} /usr/bin/python3 setup.py develop --uninstall --editable --build-directory /home/matt/ros2_ws/build/rob599_hw3/build
[3.187s] running develop
[3.580s] Removing /home/matt/ros2_ws/install/rob599_hw3/lib/python3.10/site-packages/rob599-hw3.egg-link (link to .)
[3.649s] Invoked command in '/home/matt/ros2_ws/build/rob599_hw3' returned '0': CMAKE_PREFIX_PATH=/home/matt/ros2_ws/install/turtlebot3_gazebo:/home/matt/ros2_ws/install/turtlebot3_simulations:/home/matt/ros2_ws/install/turtlebot3_fake_node:/home/matt/ros-humble-ros1-bridge/install/ros1_bridge PYTHONPATH=/home/matt/ros2_ws/build/rob599_hw3/prefix_override:/home/matt/ros2_ws/install/rob599_hw3/lib/python3.10/site-packages:${PYTHONPATH} /usr/bin/python3 setup.py develop --uninstall --editable --build-directory /home/matt/ros2_ws/build/rob599_hw3/build
[3.650s] Invoking command in '/home/matt/ros2_ws/src/rob599_hw3': CMAKE_PREFIX_PATH=/home/matt/ros2_ws/install/turtlebot3_gazebo:/home/matt/ros2_ws/install/turtlebot3_simulations:/home/matt/ros2_ws/install/turtlebot3_fake_node:/home/matt/ros-humble-ros1-bridge/install/ros1_bridge PYTHONPATH=/home/matt/ros2_ws/build/rob599_hw3/prefix_override:/home/matt/ros2_ws/install/rob599_hw3/lib/python3.10/site-packages:${PYTHONPATH} /usr/bin/python3 setup.py egg_info --egg-base ../../build/rob599_hw3 build --build-base /home/matt/ros2_ws/build/rob599_hw3/build install --record /home/matt/ros2_ws/build/rob599_hw3/install.log --single-version-externally-managed
[4.295s] running egg_info
[4.296s] writing ../../build/rob599_hw3/rob599_hw3.egg-info/PKG-INFO
[4.297s] writing dependency_links to ../../build/rob599_hw3/rob599_hw3.egg-info/dependency_links.txt
[4.297s] writing entry points to ../../build/rob599_hw3/rob599_hw3.egg-info/entry_points.txt
[4.297s] writing requirements to ../../build/rob599_hw3/rob599_hw3.egg-info/requires.txt
[4.298s] writing top-level names to ../../build/rob599_hw3/rob599_hw3.egg-info/top_level.txt
[4.301s] reading manifest file '../../build/rob599_hw3/rob599_hw3.egg-info/SOURCES.txt'
[4.302s] adding license file 'LICENSE'
[4.303s] writing manifest file '../../build/rob599_hw3/rob599_hw3.egg-info/SOURCES.txt'
[4.304s] running build
[4.304s] running build_py
[4.304s] creating /home/matt/ros2_ws/build/rob599_hw3/build
[4.304s] creating /home/matt/ros2_ws/build/rob599_hw3/build/lib
[4.304s] creating /home/matt/ros2_ws/build/rob599_hw3/build/lib/rob599_hw3
[4.305s] copying rob599_hw3/__init__.py -> /home/matt/ros2_ws/build/rob599_hw3/build/lib/rob599_hw3
[4.305s] copying rob599_hw3/places.py -> /home/matt/ros2_ws/build/rob599_hw3/build/lib/rob599_hw3
[4.305s] running install
[4.305s] running install_lib
[4.307s] creating /home/matt/ros2_ws/install/rob599_hw3/lib/python3.10/site-packages/rob599_hw3
[4.308s] copying /home/matt/ros2_ws/build/rob599_hw3/build/lib/rob599_hw3/__init__.py -> /home/matt/ros2_ws/install/rob599_hw3/lib/python3.10/site-packages/rob599_hw3
[4.308s] copying /home/matt/ros2_ws/build/rob599_hw3/build/lib/rob599_hw3/places.py -> /home/matt/ros2_ws/install/rob599_hw3/lib/python3.10/site-packages/rob599_hw3
[4.309s] byte-compiling /home/matt/ros2_ws/install/rob599_hw3/lib/python3.10/site-packages/rob599_hw3/__init__.py to __init__.cpython-310.pyc
[4.309s] byte-compiling /home/matt/ros2_ws/install/rob599_hw3/lib/python3.10/site-packages/rob599_hw3/places.py to places.cpython-310.pyc
[4.311s] running install_data
[4.313s] running install_egg_info
[4.317s] Copying ../../build/rob599_hw3/rob599_hw3.egg-info to /home/matt/ros2_ws/install/rob599_hw3/lib/python3.10/site-packages/rob599_hw3-0.0.0-py3.10.egg-info
[4.318s] running install_scripts
[4.371s] Installing places script to /home/matt/ros2_ws/install/rob599_hw3/lib/rob599_hw3
[4.372s] writing list of installed files to '/home/matt/ros2_ws/build/rob599_hw3/install.log'
[4.428s] Invoked command in '/home/matt/ros2_ws/src/rob599_hw3' returned '0': CMAKE_PREFIX_PATH=/home/matt/ros2_ws/install/turtlebot3_gazebo:/home/matt/ros2_ws/install/turtlebot3_simulations:/home/matt/ros2_ws/install/turtlebot3_fake_node:/home/matt/ros-humble-ros1-bridge/install/ros1_bridge PYTHONPATH=/home/matt/ros2_ws/build/rob599_hw3/prefix_override:/home/matt/ros2_ws/install/rob599_hw3/lib/python3.10/site-packages:${PYTHONPATH} /usr/bin/python3 setup.py egg_info --egg-base ../../build/rob599_hw3 build --build-base /home/matt/ros2_ws/build/rob599_hw3/build install --record /home/matt/ros2_ws/build/rob599_hw3/install.log --single-version-externally-managed
