[0.060s] Invoking command in '/home/matt/ros2_ws/build/ros2_msgs': CMAKE_PREFIX_PATH=${CMAKE_PREFIX_PATH}:/home/matt/ros2_ws/install/rob599_hw3:/opt/ros/humble /usr/bin/cmake --build /home/matt/ros2_ws/build/ros2_msgs -- -j24 -l24
[0.102s] [ 10%] Built target ros2_msgs__rosidl_generator_c
[0.102s] [ 12%] Built target ros2_msgs__cpp
[0.109s] [ 12%] Built target ament_cmake_python_symlink_ros2_msgs
[0.121s] [ 23%] Built target ros2_msgs__rosidl_typesupport_introspection_c
[0.124s] [ 34%] Built target ros2_msgs__rosidl_typesupport_c
[0.125s] [ 44%] Built target ros2_msgs__rosidl_typesupport_fastrtps_cpp
[0.125s] [ 55%] Built target ros2_msgs__rosidl_typesupport_introspection_cpp
[0.129s] [ 65%] Built target ros2_msgs__rosidl_typesupport_cpp
[0.130s] [ 76%] Built target ros2_msgs__rosidl_typesupport_fastrtps_c
[0.148s] [ 76%] Built target ros2_msgs
[0.167s] [ 78%] Built target ros2_msgs__py
[0.186s] [ 87%] Built target ros2_msgs__rosidl_generator_py
[0.205s] [100%] Built target ros2_msgs__rosidl_typesupport_introspection_c__pyext
[0.205s] [100%] Built target ros2_msgs__rosidl_typesupport_c__pyext
[0.205s] [100%] Built target ros2_msgs__rosidl_typesupport_fastrtps_c__pyext
[0.314s] running egg_info
[0.315s] writing ros2_msgs.egg-info/PKG-INFO
[0.316s] writing dependency_links to ros2_msgs.egg-info/dependency_links.txt
[0.316s] writing top-level names to ros2_msgs.egg-info/top_level.txt
[0.316s] reading manifest file 'ros2_msgs.egg-info/SOURCES.txt'
[0.317s] writing manifest file 'ros2_msgs.egg-info/SOURCES.txt'
[0.337s] [100%] Built target ament_cmake_python_build_ros2_msgs_egg
[0.670s] Invoked command in '/home/matt/ros2_ws/build/ros2_msgs' returned '0': CMAKE_PREFIX_PATH=${CMAKE_PREFIX_PATH}:/home/matt/ros2_ws/install/rob599_hw3:/opt/ros/humble /usr/bin/cmake --build /home/matt/ros2_ws/build/ros2_msgs -- -j24 -l24
[0.774s] Invoking command in '/home/matt/ros2_ws/build/ros2_msgs': CMAKE_PREFIX_PATH=${CMAKE_PREFIX_PATH}:/home/matt/ros2_ws/install/rob599_hw3:/opt/ros/humble /usr/bin/cmake --install /home/matt/ros2_ws/build/ros2_msgs
[0.779s] -- Install configuration: ""
[0.780s] -- Execute custom install script
[0.780s] -- Up-to-date symlink: /home/matt/ros2_ws/install/ros2_msgs/share/ament_index/resource_index/rosidl_interfaces/ros2_msgs
[0.780s] -- Up-to-date symlink: /home/matt/ros2_ws/install/ros2_msgs/include/ros2_msgs/ros2_msgs/action/detail/nasa__functions.h
[0.780s] -- Up-to-date symlink: /home/matt/ros2_ws/install/ros2_msgs/include/ros2_msgs/ros2_msgs/action/detail/nasa__struct.h
[0.780s] -- Up-to-date symlink: /home/matt/ros2_ws/install/ros2_msgs/include/ros2_msgs/ros2_msgs/action/detail/nasa__type_support.h
[0.780s] -- Up-to-date symlink: /home/matt/ros2_ws/install/ros2_msgs/include/ros2_msgs/ros2_msgs/action/nasa.h
[0.780s] -- Up-to-date symlink: /home/matt/ros2_ws/install/ros2_msgs/include/ros2_msgs/ros2_msgs/msg/detail/location_name__functions.h
[0.780s] -- Up-to-date symlink: /home/matt/ros2_ws/install/ros2_msgs/include/ros2_msgs/ros2_msgs/msg/detail/location_name__struct.h
[0.780s] -- Up-to-date symlink: /home/matt/ros2_ws/install/ros2_msgs/include/ros2_msgs/ros2_msgs/msg/detail/location_name__type_support.h
[0.780s] -- Up-to-date symlink: /home/matt/ros2_ws/install/ros2_msgs/include/ros2_msgs/ros2_msgs/msg/location_name.h
[0.781s] -- Up-to-date symlink: /home/matt/ros2_ws/install/ros2_msgs/include/ros2_msgs/ros2_msgs/msg/rosidl_generator_c__visibility_control.h
[0.781s] -- Up-to-date symlink: /home/matt/ros2_ws/install/ros2_msgs/include/ros2_msgs/ros2_msgs/srv/detail/location__functions.h
[0.781s] -- Up-to-date symlink: /home/matt/ros2_ws/install/ros2_msgs/include/ros2_msgs/ros2_msgs/srv/detail/location__struct.h
[0.782s] -- Up-to-date symlink: /home/matt/ros2_ws/install/ros2_msgs/include/ros2_msgs/ros2_msgs/srv/detail/location__type_support.h
[0.782s] -- Up-to-date symlink: /home/matt/ros2_ws/install/ros2_msgs/include/ros2_msgs/ros2_msgs/srv/location.h
[0.783s] -- Up-to-date symlink: /home/matt/ros2_ws/install/ros2_msgs/share/ros2_msgs/environment/library_path.sh
[0.783s] -- Up-to-date symlink: /home/matt/ros2_ws/install/ros2_msgs/share/ros2_msgs/environment/library_path.dsv
[0.783s] -- Up-to-date symlink: /home/matt/ros2_ws/install/ros2_msgs/include/ros2_msgs/ros2_msgs/action/detail/nasa__rosidl_typesupport_fastrtps_c.h
[0.783s] -- Up-to-date symlink: /home/matt/ros2_ws/install/ros2_msgs/include/ros2_msgs/ros2_msgs/msg/detail/location_name__rosidl_typesupport_fastrtps_c.h
[0.783s] -- Up-to-date symlink: /home/matt/ros2_ws/install/ros2_msgs/include/ros2_msgs/ros2_msgs/msg/rosidl_typesupport_fastrtps_c__visibility_control.h
[0.783s] -- Up-to-date symlink: /home/matt/ros2_ws/install/ros2_msgs/include/ros2_msgs/ros2_msgs/srv/detail/location__rosidl_typesupport_fastrtps_c.h
[0.783s] -- Up-to-date symlink: /home/matt/ros2_ws/install/ros2_msgs/include/ros2_msgs/ros2_msgs/action/detail/nasa__rosidl_typesupport_introspection_c.h
[0.783s] -- Up-to-date symlink: /home/matt/ros2_ws/install/ros2_msgs/include/ros2_msgs/ros2_msgs/msg/detail/location_name__rosidl_typesupport_introspection_c.h
[0.783s] -- Up-to-date symlink: /home/matt/ros2_ws/install/ros2_msgs/include/ros2_msgs/ros2_msgs/msg/rosidl_typesupport_introspection_c__visibility_control.h
[0.783s] -- Up-to-date symlink: /home/matt/ros2_ws/install/ros2_msgs/include/ros2_msgs/ros2_msgs/srv/detail/location__rosidl_typesupport_introspection_c.h
[0.783s] -- Up-to-date symlink: /home/matt/ros2_ws/install/ros2_msgs/include/ros2_msgs/ros2_msgs/action/detail/nasa__builder.hpp
[0.783s] -- Up-to-date symlink: /home/matt/ros2_ws/install/ros2_msgs/include/ros2_msgs/ros2_msgs/action/detail/nasa__struct.hpp
[0.783s] -- Up-to-date symlink: /home/matt/ros2_ws/install/ros2_msgs/include/ros2_msgs/ros2_msgs/action/detail/nasa__traits.hpp
[0.784s] -- Up-to-date symlink: /home/matt/ros2_ws/install/ros2_msgs/include/ros2_msgs/ros2_msgs/action/nasa.hpp
[0.784s] -- Up-to-date symlink: /home/matt/ros2_ws/install/ros2_msgs/include/ros2_msgs/ros2_msgs/msg/detail/location_name__builder.hpp
[0.784s] -- Up-to-date symlink: /home/matt/ros2_ws/install/ros2_msgs/include/ros2_msgs/ros2_msgs/msg/detail/location_name__struct.hpp
[0.784s] -- Up-to-date symlink: /home/matt/ros2_ws/install/ros2_msgs/include/ros2_msgs/ros2_msgs/msg/detail/location_name__traits.hpp
[0.784s] -- Up-to-date symlink: /home/matt/ros2_ws/install/ros2_msgs/include/ros2_msgs/ros2_msgs/msg/location_name.hpp
[0.784s] -- Up-to-date symlink: /home/matt/ros2_ws/install/ros2_msgs/include/ros2_msgs/ros2_msgs/srv/detail/location__builder.hpp
[0.784s] -- Up-to-date symlink: /home/matt/ros2_ws/install/ros2_msgs/include/ros2_msgs/ros2_msgs/srv/detail/location__struct.hpp
[0.784s] -- Up-to-date symlink: /home/matt/ros2_ws/install/ros2_msgs/include/ros2_msgs/ros2_msgs/srv/detail/location__traits.hpp
[0.784s] -- Up-to-date symlink: /home/matt/ros2_ws/install/ros2_msgs/include/ros2_msgs/ros2_msgs/srv/location.hpp
[0.784s] -- Up-to-date symlink: /home/matt/ros2_ws/install/ros2_msgs/include/ros2_msgs/ros2_msgs/action/detail/nasa__rosidl_typesupport_fastrtps_cpp.hpp
[0.784s] -- Up-to-date symlink: /home/matt/ros2_ws/install/ros2_msgs/include/ros2_msgs/ros2_msgs/msg/detail/location_name__rosidl_typesupport_fastrtps_cpp.hpp
[0.784s] -- Up-to-date symlink: /home/matt/ros2_ws/install/ros2_msgs/include/ros2_msgs/ros2_msgs/msg/rosidl_typesupport_fastrtps_cpp__visibility_control.h
[0.784s] -- Up-to-date symlink: /home/matt/ros2_ws/install/ros2_msgs/include/ros2_msgs/ros2_msgs/srv/detail/location__rosidl_typesupport_fastrtps_cpp.hpp
[0.784s] -- Up-to-date symlink: /home/matt/ros2_ws/install/ros2_msgs/include/ros2_msgs/ros2_msgs/action/detail/nasa__rosidl_typesupport_introspection_cpp.hpp
[0.784s] -- Up-to-date symlink: /home/matt/ros2_ws/install/ros2_msgs/include/ros2_msgs/ros2_msgs/msg/detail/location_name__rosidl_typesupport_introspection_cpp.hpp
[0.784s] -- Up-to-date symlink: /home/matt/ros2_ws/install/ros2_msgs/include/ros2_msgs/ros2_msgs/srv/detail/location__rosidl_typesupport_introspection_cpp.hpp
[0.784s] -- Up-to-date symlink: /home/matt/ros2_ws/install/ros2_msgs/share/ros2_msgs/environment/pythonpath.sh
[0.784s] -- Up-to-date symlink: /home/matt/ros2_ws/install/ros2_msgs/share/ros2_msgs/environment/pythonpath.dsv
[0.784s] -- Up-to-date symlink: /home/matt/ros2_ws/install/ros2_msgs/local/lib/python3.10/dist-packages/ros2_msgs-0.0.0-py3.10.egg-info/PKG-INFO
[0.784s] -- Up-to-date symlink: /home/matt/ros2_ws/install/ros2_msgs/local/lib/python3.10/dist-packages/ros2_msgs-0.0.0-py3.10.egg-info/SOURCES.txt
[0.784s] -- Up-to-date symlink: /home/matt/ros2_ws/install/ros2_msgs/local/lib/python3.10/dist-packages/ros2_msgs-0.0.0-py3.10.egg-info/dependency_links.txt
[0.784s] -- Up-to-date symlink: /home/matt/ros2_ws/install/ros2_msgs/local/lib/python3.10/dist-packages/ros2_msgs-0.0.0-py3.10.egg-info/top_level.txt
[0.785s] -- Up-to-date symlink: /home/matt/ros2_ws/install/ros2_msgs/local/lib/python3.10/dist-packages/ros2_msgs/__init__.py
[0.785s] -- Up-to-date symlink: /home/matt/ros2_ws/install/ros2_msgs/local/lib/python3.10/dist-packages/ros2_msgs/_ros2_msgs_s.ep.rosidl_typesupport_c.c
[0.785s] -- Up-to-date symlink: /home/matt/ros2_ws/install/ros2_msgs/local/lib/python3.10/dist-packages/ros2_msgs/_ros2_msgs_s.ep.rosidl_typesupport_fastrtps_c.c
[0.785s] -- Up-to-date symlink: /home/matt/ros2_ws/install/ros2_msgs/local/lib/python3.10/dist-packages/ros2_msgs/_ros2_msgs_s.ep.rosidl_typesupport_introspection_c.c
[0.785s] -- Up-to-date symlink: /home/matt/ros2_ws/install/ros2_msgs/local/lib/python3.10/dist-packages/ros2_msgs/action/__init__.py
[0.785s] -- Up-to-date symlink: /home/matt/ros2_ws/install/ros2_msgs/local/lib/python3.10/dist-packages/ros2_msgs/action/_nasa.py
[0.785s] -- Up-to-date symlink: /home/matt/ros2_ws/install/ros2_msgs/local/lib/python3.10/dist-packages/ros2_msgs/action/_nasa_s.c
[0.785s] -- Up-to-date symlink: /home/matt/ros2_ws/install/ros2_msgs/local/lib/python3.10/dist-packages/ros2_msgs/libros2_msgs__rosidl_generator_py.so
[0.785s] -- Up-to-date symlink: /home/matt/ros2_ws/install/ros2_msgs/local/lib/python3.10/dist-packages/ros2_msgs/msg/__init__.py
[0.785s] -- Up-to-date symlink: /home/matt/ros2_ws/install/ros2_msgs/local/lib/python3.10/dist-packages/ros2_msgs/msg/_location_name.py
[0.785s] -- Up-to-date symlink: /home/matt/ros2_ws/install/ros2_msgs/local/lib/python3.10/dist-packages/ros2_msgs/msg/_location_name_s.c
[0.785s] -- Up-to-date symlink: /home/matt/ros2_ws/install/ros2_msgs/local/lib/python3.10/dist-packages/ros2_msgs/ros2_msgs_s__rosidl_typesupport_c.cpython-310-x86_64-linux-gnu.so
[0.785s] -- Up-to-date symlink: /home/matt/ros2_ws/install/ros2_msgs/local/lib/python3.10/dist-packages/ros2_msgs/ros2_msgs_s__rosidl_typesupport_fastrtps_c.cpython-310-x86_64-linux-gnu.so
[0.785s] -- Up-to-date symlink: /home/matt/ros2_ws/install/ros2_msgs/local/lib/python3.10/dist-packages/ros2_msgs/ros2_msgs_s__rosidl_typesupport_introspection_c.cpython-310-x86_64-linux-gnu.so
[0.786s] -- Up-to-date symlink: /home/matt/ros2_ws/install/ros2_msgs/local/lib/python3.10/dist-packages/ros2_msgs/srv/__init__.py
[0.786s] -- Up-to-date symlink: /home/matt/ros2_ws/install/ros2_msgs/local/lib/python3.10/dist-packages/ros2_msgs/srv/_location.py
[0.786s] -- Up-to-date symlink: /home/matt/ros2_ws/install/ros2_msgs/local/lib/python3.10/dist-packages/ros2_msgs/srv/_location_s.c
[0.786s] -- Up-to-date symlink: /home/matt/ros2_ws/install/ros2_msgs/local/lib/python3.10/dist-packages/ros2_msgs/ros2_msgs_s__rosidl_typesupport_fastrtps_c.cpython-310-x86_64-linux-gnu.so
[0.786s] -- Up-to-date symlink: /home/matt/ros2_ws/install/ros2_msgs/local/lib/python3.10/dist-packages/ros2_msgs/ros2_msgs_s__rosidl_typesupport_introspection_c.cpython-310-x86_64-linux-gnu.so
[0.786s] -- Up-to-date symlink: /home/matt/ros2_ws/install/ros2_msgs/local/lib/python3.10/dist-packages/ros2_msgs/ros2_msgs_s__rosidl_typesupport_c.cpython-310-x86_64-linux-gnu.so
[0.786s] -- Up-to-date symlink: /home/matt/ros2_ws/install/ros2_msgs/share/ros2_msgs/action/Nasa.idl
[0.786s] -- Up-to-date symlink: /home/matt/ros2_ws/install/ros2_msgs/share/ros2_msgs/srv/Location.idl
[0.786s] -- Up-to-date symlink: /home/matt/ros2_ws/install/ros2_msgs/share/ros2_msgs/msg/LocationName.idl
[0.787s] -- Up-to-date symlink: /home/matt/ros2_ws/install/ros2_msgs/share/ros2_msgs/action/Nasa.action
[0.787s] -- Up-to-date symlink: /home/matt/ros2_ws/install/ros2_msgs/share/ros2_msgs/srv/Location.srv
[0.787s] -- Up-to-date symlink: /home/matt/ros2_ws/install/ros2_msgs/share/ros2_msgs/srv/Location_Request.msg
[0.787s] -- Up-to-date symlink: /home/matt/ros2_ws/install/ros2_msgs/share/ros2_msgs/srv/Location_Response.msg
[0.787s] -- Up-to-date symlink: /home/matt/ros2_ws/install/ros2_msgs/share/ros2_msgs/msg/LocationName.msg
[0.787s] -- Up-to-date symlink: /home/matt/ros2_ws/install/ros2_msgs/share/ament_index/resource_index/package_run_dependencies/ros2_msgs
[0.788s] -- Up-to-date symlink: /home/matt/ros2_ws/install/ros2_msgs/share/ament_index/resource_index/parent_prefix_path/ros2_msgs
[0.788s] -- Up-to-date symlink: /home/matt/ros2_ws/install/ros2_msgs/share/ros2_msgs/environment/ament_prefix_path.sh
[0.788s] -- Up-to-date symlink: /home/matt/ros2_ws/install/ros2_msgs/share/ros2_msgs/environment/ament_prefix_path.dsv
[0.788s] -- Up-to-date symlink: /home/matt/ros2_ws/install/ros2_msgs/share/ros2_msgs/environment/path.sh
[0.788s] -- Up-to-date symlink: /home/matt/ros2_ws/install/ros2_msgs/share/ros2_msgs/environment/path.dsv
[0.788s] -- Up-to-date symlink: /home/matt/ros2_ws/install/ros2_msgs/share/ros2_msgs/local_setup.bash
[0.788s] -- Up-to-date symlink: /home/matt/ros2_ws/install/ros2_msgs/share/ros2_msgs/local_setup.sh
[0.788s] -- Up-to-date symlink: /home/matt/ros2_ws/install/ros2_msgs/share/ros2_msgs/local_setup.zsh
[0.788s] -- Up-to-date symlink: /home/matt/ros2_ws/install/ros2_msgs/share/ros2_msgs/local_setup.dsv
[0.788s] -- Symlinking: /home/matt/ros2_ws/install/ros2_msgs/share/ros2_msgs/package.dsv
[0.796s] -- Up-to-date symlink: /home/matt/ros2_ws/install/ros2_msgs/share/ament_index/resource_index/packages/ros2_msgs
[0.796s] -- Up-to-date symlink: /home/matt/ros2_ws/install/ros2_msgs/share/ros2_msgs/cmake/rosidl_cmake-extras.cmake
[0.796s] -- Up-to-date symlink: /home/matt/ros2_ws/install/ros2_msgs/share/ros2_msgs/cmake/ament_cmake_export_dependencies-extras.cmake
[0.796s] -- Up-to-date symlink: /home/matt/ros2_ws/install/ros2_msgs/share/ros2_msgs/cmake/ament_cmake_export_include_directories-extras.cmake
[0.796s] -- Up-to-date symlink: /home/matt/ros2_ws/install/ros2_msgs/share/ros2_msgs/cmake/ament_cmake_export_libraries-extras.cmake
[0.796s] -- Up-to-date symlink: /home/matt/ros2_ws/install/ros2_msgs/share/ros2_msgs/cmake/ament_cmake_export_targets-extras.cmake
[0.796s] -- Up-to-date symlink: /home/matt/ros2_ws/install/ros2_msgs/share/ros2_msgs/cmake/rosidl_cmake_export_typesupport_targets-extras.cmake
[0.797s] -- Up-to-date symlink: /home/matt/ros2_ws/install/ros2_msgs/share/ros2_msgs/cmake/rosidl_cmake_export_typesupport_libraries-extras.cmake
[0.797s] -- Up-to-date symlink: /home/matt/ros2_ws/install/ros2_msgs/share/ros2_msgs/cmake/ros2_msgsConfig.cmake
[0.797s] -- Up-to-date symlink: /home/matt/ros2_ws/install/ros2_msgs/share/ros2_msgs/cmake/ros2_msgsConfig-version.cmake
[0.797s] -- Up-to-date symlink: /home/matt/ros2_ws/install/ros2_msgs/share/ros2_msgs/package.xml
[0.797s] -- Up-to-date: /home/matt/ros2_ws/install/ros2_msgs/lib/libros2_msgs__rosidl_generator_c.so
[0.797s] -- Up-to-date: /home/matt/ros2_ws/install/ros2_msgs/lib/libros2_msgs__rosidl_typesupport_fastrtps_c.so
[0.797s] -- Up-to-date: /home/matt/ros2_ws/install/ros2_msgs/lib/libros2_msgs__rosidl_typesupport_introspection_c.so
[0.797s] -- Up-to-date: /home/matt/ros2_ws/install/ros2_msgs/lib/libros2_msgs__rosidl_typesupport_c.so
[0.797s] -- Up-to-date: /home/matt/ros2_ws/install/ros2_msgs/lib/libros2_msgs__rosidl_typesupport_fastrtps_cpp.so
[0.798s] -- Up-to-date: /home/matt/ros2_ws/install/ros2_msgs/lib/libros2_msgs__rosidl_typesupport_introspection_cpp.so
[0.798s] -- Up-to-date: /home/matt/ros2_ws/install/ros2_msgs/lib/libros2_msgs__rosidl_typesupport_cpp.so
[0.824s] Listing '/home/matt/ros2_ws/install/ros2_msgs/local/lib/python3.10/dist-packages/ros2_msgs'...
[0.825s] Listing '/home/matt/ros2_ws/install/ros2_msgs/local/lib/python3.10/dist-packages/ros2_msgs/action'...
[0.825s] Listing '/home/matt/ros2_ws/install/ros2_msgs/local/lib/python3.10/dist-packages/ros2_msgs/msg'...
[0.825s] Listing '/home/matt/ros2_ws/install/ros2_msgs/local/lib/python3.10/dist-packages/ros2_msgs/srv'...
[0.826s] -- Up-to-date: /home/matt/ros2_ws/install/ros2_msgs/lib/libros2_msgs__rosidl_generator_py.so
[0.828s] -- Up-to-date: /home/matt/ros2_ws/install/ros2_msgs/share/ros2_msgs/cmake/export_ros2_msgs__rosidl_generator_cExport.cmake
[0.828s] -- Up-to-date: /home/matt/ros2_ws/install/ros2_msgs/share/ros2_msgs/cmake/export_ros2_msgs__rosidl_generator_cExport-noconfig.cmake
[0.828s] -- Up-to-date: /home/matt/ros2_ws/install/ros2_msgs/share/ros2_msgs/cmake/export_ros2_msgs__rosidl_typesupport_fastrtps_cExport.cmake
[0.828s] -- Up-to-date: /home/matt/ros2_ws/install/ros2_msgs/share/ros2_msgs/cmake/export_ros2_msgs__rosidl_typesupport_fastrtps_cExport-noconfig.cmake
[0.828s] -- Up-to-date: /home/matt/ros2_ws/install/ros2_msgs/share/ros2_msgs/cmake/ros2_msgs__rosidl_typesupport_introspection_cExport.cmake
[0.828s] -- Up-to-date: /home/matt/ros2_ws/install/ros2_msgs/share/ros2_msgs/cmake/ros2_msgs__rosidl_typesupport_introspection_cExport-noconfig.cmake
[0.828s] -- Up-to-date: /home/matt/ros2_ws/install/ros2_msgs/share/ros2_msgs/cmake/ros2_msgs__rosidl_typesupport_cExport.cmake
[0.828s] -- Up-to-date: /home/matt/ros2_ws/install/ros2_msgs/share/ros2_msgs/cmake/ros2_msgs__rosidl_typesupport_cExport-noconfig.cmake
[0.828s] -- Up-to-date: /home/matt/ros2_ws/install/ros2_msgs/share/ros2_msgs/cmake/export_ros2_msgs__rosidl_generator_cppExport.cmake
[0.828s] -- Up-to-date: /home/matt/ros2_ws/install/ros2_msgs/share/ros2_msgs/cmake/export_ros2_msgs__rosidl_typesupport_fastrtps_cppExport.cmake
[0.828s] -- Up-to-date: /home/matt/ros2_ws/install/ros2_msgs/share/ros2_msgs/cmake/export_ros2_msgs__rosidl_typesupport_fastrtps_cppExport-noconfig.cmake
[0.828s] -- Up-to-date: /home/matt/ros2_ws/install/ros2_msgs/share/ros2_msgs/cmake/ros2_msgs__rosidl_typesupport_introspection_cppExport.cmake
[0.828s] -- Up-to-date: /home/matt/ros2_ws/install/ros2_msgs/share/ros2_msgs/cmake/ros2_msgs__rosidl_typesupport_introspection_cppExport-noconfig.cmake
[0.828s] -- Up-to-date: /home/matt/ros2_ws/install/ros2_msgs/share/ros2_msgs/cmake/ros2_msgs__rosidl_typesupport_cppExport.cmake
[0.828s] -- Up-to-date: /home/matt/ros2_ws/install/ros2_msgs/share/ros2_msgs/cmake/ros2_msgs__rosidl_typesupport_cppExport-noconfig.cmake
[0.828s] -- Up-to-date: /home/matt/ros2_ws/install/ros2_msgs/share/ros2_msgs/cmake/export_ros2_msgs__rosidl_generator_pyExport.cmake
[0.829s] -- Up-to-date: /home/matt/ros2_ws/install/ros2_msgs/share/ros2_msgs/cmake/export_ros2_msgs__rosidl_generator_pyExport-noconfig.cmake
[0.842s] Invoked command in '/home/matt/ros2_ws/build/ros2_msgs' returned '0': CMAKE_PREFIX_PATH=${CMAKE_PREFIX_PATH}:/home/matt/ros2_ws/install/rob599_hw3:/opt/ros/humble /usr/bin/cmake --install /home/matt/ros2_ws/build/ros2_msgs
