[0.143s] Invoking command in '/home/matt/ros2_ws/build/turtlebot3_gazebo': CMAKE_PREFIX_PATH=${CMAKE_PREFIX_PATH}:/home/matt/ros2_ws/install/rob599_hw3:/opt/ros/humble /usr/bin/cmake /home/matt/ros2_ws/src/turtlebot3_simulations/turtlebot3_gazebo -DAMENT_CMAKE_SYMLINK_INSTALL=1 -DCMAKE_INSTALL_PREFIX=/home/matt/ros2_ws/install/turtlebot3_gazebo
[0.156s] -- Found ament_cmake: 1.3.8 (/opt/ros/humble/share/ament_cmake/cmake)
[0.237s] -- Override CMake install command with custom implementation using symlinks instead of copying resources
[0.247s] [33mCMake Warning (dev) at /usr/share/cmake-3.22/Modules/FindPackageHandleStandardArgs.cmake:438 (message):
[0.248s]   The package name passed to `find_package_handle_standard_args` (PkgConfig)
[0.248s]   does not match the name of the calling package (gazebo).  This can lead to
[0.248s]   problems in calling code that expects `find_package` result variables
[0.248s]   (e.g., `_FOUND`) to follow a certain pattern.
[0.248s] Call Stack (most recent call first):
[0.248s]   /usr/share/cmake-3.22/Modules/FindPkgConfig.cmake:99 (find_package_handle_standard_args)
[0.248s]   /usr/lib/x86_64-linux-gnu/cmake/gazebo/gazebo-config.cmake:72 (include)
[0.248s]   CMakeLists.txt:23 (find_package)
[0.248s] This warning is for project developers.  Use -Wno-dev to suppress it.
[0.248s] [0m
[0.265s] -- Found DART: /usr/include (Required is at least version "6.6") found components: dart 
[0.287s] -- Found Protobuf: /usr/lib/x86_64-linux-gnu/libprotobuf.so (found version "3.12.4") 
[0.288s] -- Looking for ignition-math6 -- found version 6.15.1
[0.291s] -- Searching for dependencies of ignition-math6
[0.292s] -- Looking for OGRE...
[0.295s] -- Found Ogre Ghadamon (1.9.0)
[0.296s] -- Found OGRE: optimized;/usr/lib/x86_64-linux-gnu/libOgreMain.so;debug;/usr/lib/x86_64-linux-gnu/libOgreMain.so
[0.302s] -- Looking for OGRE_Paging...
[0.303s] -- Found OGRE_Paging: optimized;/usr/lib/x86_64-linux-gnu/libOgrePaging.so;debug;/usr/lib/x86_64-linux-gnu/libOgrePaging.so
[0.303s] -- Looking for OGRE_Terrain...
[0.303s] -- Found OGRE_Terrain: optimized;/usr/lib/x86_64-linux-gnu/libOgreTerrain.so;debug;/usr/lib/x86_64-linux-gnu/libOgreTerrain.so
[0.303s] -- Looking for OGRE_Property...
[0.303s] -- Found OGRE_Property: optimized;/usr/lib/x86_64-linux-gnu/libOgreProperty.so;debug;/usr/lib/x86_64-linux-gnu/libOgreProperty.so
[0.303s] -- Looking for OGRE_RTShaderSystem...
[0.303s] -- Found OGRE_RTShaderSystem: optimized;/usr/lib/x86_64-linux-gnu/libOgreRTShaderSystem.so;debug;/usr/lib/x86_64-linux-gnu/libOgreRTShaderSystem.so
[0.303s] -- Looking for OGRE_Volume...
[0.303s] -- Found OGRE_Volume: optimized;/usr/lib/x86_64-linux-gnu/libOgreVolume.so;debug;/usr/lib/x86_64-linux-gnu/libOgreVolume.so
[0.303s] -- Looking for OGRE_Overlay...
[0.303s] -- Found OGRE_Overlay: optimized;/usr/lib/x86_64-linux-gnu/libOgreOverlay.so;debug;/usr/lib/x86_64-linux-gnu/libOgreOverlay.so
[0.379s] -- Looking for ignition-math6 -- found version 6.15.1
[0.380s] -- Looking for ignition-transport8 -- found version 8.2.1
[0.380s] -- Searching for dependencies of ignition-transport8
[0.396s] -- Found Protobuf: /usr/lib/x86_64-linux-gnu/libprotobuf.so (found suitable version "3.12.4", minimum required is "3") 
[0.403s] -- Config-file not installed for ZeroMQ -- checking for pkg-config
[0.406s] -- Checking for module 'libzmq >= 4'
[0.414s] --   Found libzmq , version 4.3.4
[0.441s] -- Checking for module 'uuid'
[0.449s] --   Found uuid, version 2.37.2
[0.467s] -- Looking for ignition-msgs5 -- found version 5.8.1
[0.467s] -- Searching for dependencies of ignition-msgs5
[0.479s] -- Looking for ignition-math6 -- found version 6.15.1
[0.483s] -- Checking for module 'tinyxml2'
[0.490s] --   Found tinyxml2, version 9.0.0
[0.509s] -- Looking for ignition-msgs5 -- found version 5.8.1
[0.509s] -- Looking for ignition-common3 -- found version 3.14.0
[0.510s] -- Searching for dependencies of ignition-common3
[0.510s] -- Looking for dlfcn.h - found
[0.510s] -- Looking for libdl - found
[0.518s] -- Searching for <ignition-common3> component [graphics]
[0.518s] -- Looking for ignition-common3-graphics -- found version 3.14.0
[0.518s] -- Searching for dependencies of ignition-common3-graphics
[0.519s] -- Looking for ignition-math6 -- found version 6.15.1
[0.519s] -- Looking for ignition-fuel_tools4 -- found version 4.4.0
[0.519s] -- Searching for dependencies of ignition-fuel_tools4
[0.548s] -- Checking for module 'jsoncpp'
[0.555s] --   Found jsoncpp, version 1.9.5
[0.578s] -- Checking for module 'libzip'
[0.586s] --   Found libzip, version 1.7.3
[0.605s] -- Looking for ignition-common3 -- found version 3.14.0
[0.605s] -- Looking for ignition-math6 -- found version 6.15.1
[0.605s] -- Looking for ignition-msgs5 -- found version 5.8.1
[0.607s] -- Found gazebo_ros_pkgs: 3.7.0 (/opt/ros/humble/share/gazebo_ros_pkgs/cmake)
[0.607s] -- Found geometry_msgs: 4.2.3 (/opt/ros/humble/share/geometry_msgs/cmake)
[0.619s] -- Found rosidl_generator_c: 3.1.5 (/opt/ros/humble/share/rosidl_generator_c/cmake)
[0.621s] -- Found rosidl_adapter: 3.1.5 (/opt/ros/humble/share/rosidl_adapter/cmake)
[0.625s] -- Found rosidl_generator_cpp: 3.1.5 (/opt/ros/humble/share/rosidl_generator_cpp/cmake)
[0.632s] -- Using all available rosidl_typesupport_c: rosidl_typesupport_fastrtps_c;rosidl_typesupport_introspection_c
[0.644s] -- Using all available rosidl_typesupport_cpp: rosidl_typesupport_fastrtps_cpp;rosidl_typesupport_introspection_cpp
[0.729s] -- Found nav_msgs: 4.2.3 (/opt/ros/humble/share/nav_msgs/cmake)
[0.783s] -- Found rclcpp: 16.0.8 (/opt/ros/humble/share/rclcpp/cmake)
[0.814s] -- Found rmw_implementation_cmake: 6.1.1 (/opt/ros/humble/share/rmw_implementation_cmake/cmake)
[0.815s] -- Found rmw_cyclonedds_cpp: 1.3.4 (/opt/ros/humble/share/rmw_cyclonedds_cpp/cmake)
[0.834s] -- Using RMW implementation 'rmw_cyclonedds_cpp' as default
[0.920s] -- Found sensor_msgs: 4.2.3 (/opt/ros/humble/share/sensor_msgs/cmake)
[0.979s] -- Found tf2: 0.25.6 (/opt/ros/humble/share/tf2/cmake)
[1.033s] -- Configuring done
[1.056s] -- Generating done
[1.057s] -- Build files have been written to: /home/matt/ros2_ws/build/turtlebot3_gazebo
[1.067s] Invoked command in '/home/matt/ros2_ws/build/turtlebot3_gazebo' returned '0': CMAKE_PREFIX_PATH=${CMAKE_PREFIX_PATH}:/home/matt/ros2_ws/install/rob599_hw3:/opt/ros/humble /usr/bin/cmake /home/matt/ros2_ws/src/turtlebot3_simulations/turtlebot3_gazebo -DAMENT_CMAKE_SYMLINK_INSTALL=1 -DCMAKE_INSTALL_PREFIX=/home/matt/ros2_ws/install/turtlebot3_gazebo
[1.068s] Invoking command in '/home/matt/ros2_ws/build/turtlebot3_gazebo': CMAKE_PREFIX_PATH=${CMAKE_PREFIX_PATH}:/home/matt/ros2_ws/install/rob599_hw3:/opt/ros/humble /usr/bin/cmake --build /home/matt/ros2_ws/build/turtlebot3_gazebo -- -j24 -l24
[1.098s] [35m[1mConsolidate compiler generated dependencies of target turtlebot3_drive[0m
[1.099s] [35m[1mConsolidate compiler generated dependencies of target obstacle1[0m
[1.100s] [35m[1mConsolidate compiler generated dependencies of target obstacle2[0m
[1.100s] [35m[1mConsolidate compiler generated dependencies of target obstacles[0m
[1.110s] [ 25%] Built target turtlebot3_drive
[1.131s] [ 62%] Built target obstacle2
[1.132s] [ 75%] Built target obstacle1
[1.132s] [100%] Built target obstacles
[1.142s] Invoked command in '/home/matt/ros2_ws/build/turtlebot3_gazebo' returned '0': CMAKE_PREFIX_PATH=${CMAKE_PREFIX_PATH}:/home/matt/ros2_ws/install/rob599_hw3:/opt/ros/humble /usr/bin/cmake --build /home/matt/ros2_ws/build/turtlebot3_gazebo -- -j24 -l24
[1.171s] Invoking command in '/home/matt/ros2_ws/build/turtlebot3_gazebo': CMAKE_PREFIX_PATH=${CMAKE_PREFIX_PATH}:/home/matt/ros2_ws/install/rob599_hw3:/opt/ros/humble /usr/bin/cmake --install /home/matt/ros2_ws/build/turtlebot3_gazebo
[1.175s] -- Install configuration: ""
[1.176s] -- Execute custom install script
[1.176s] -- Up-to-date symlink: /home/matt/ros2_ws/install/turtlebot3_gazebo/lib/turtlebot3_gazebo/turtlebot3_drive
[1.177s] -- Up-to-date symlink: /home/matt/ros2_ws/install/turtlebot3_gazebo/share/turtlebot3_gazebo//launch/empty_world.launch.py
[1.177s] -- Up-to-date symlink: /home/matt/ros2_ws/install/turtlebot3_gazebo/share/turtlebot3_gazebo//launch/robot_state_publisher.launch.py
[1.177s] -- Up-to-date symlink: /home/matt/ros2_ws/install/turtlebot3_gazebo/share/turtlebot3_gazebo//launch/spawn_turtlebot3.launch.py
[1.177s] -- Up-to-date symlink: /home/matt/ros2_ws/install/turtlebot3_gazebo/share/turtlebot3_gazebo//launch/turtlebot3_dqn_stage1.launch.py
[1.177s] -- Up-to-date symlink: /home/matt/ros2_ws/install/turtlebot3_gazebo/share/turtlebot3_gazebo//launch/turtlebot3_dqn_stage2.launch.py
[1.177s] -- Up-to-date symlink: /home/matt/ros2_ws/install/turtlebot3_gazebo/share/turtlebot3_gazebo//launch/turtlebot3_dqn_stage3.launch.py
[1.177s] -- Up-to-date symlink: /home/matt/ros2_ws/install/turtlebot3_gazebo/share/turtlebot3_gazebo//launch/turtlebot3_dqn_stage4.launch.py
[1.177s] -- Up-to-date symlink: /home/matt/ros2_ws/install/turtlebot3_gazebo/share/turtlebot3_gazebo//launch/turtlebot3_house.launch.py
[1.178s] -- Up-to-date symlink: /home/matt/ros2_ws/install/turtlebot3_gazebo/share/turtlebot3_gazebo//launch/turtlebot3_world.launch.py
[1.179s] -- Up-to-date symlink: /home/matt/ros2_ws/install/turtlebot3_gazebo/share/turtlebot3_gazebo//models/turtlebot3_burger/model-1_4.sdf
[1.180s] -- Up-to-date symlink: /home/matt/ros2_ws/install/turtlebot3_gazebo/share/turtlebot3_gazebo//models/turtlebot3_burger/model.config
[1.180s] -- Up-to-date symlink: /home/matt/ros2_ws/install/turtlebot3_gazebo/share/turtlebot3_gazebo//models/turtlebot3_burger/model.sdf
[1.180s] -- Up-to-date symlink: /home/matt/ros2_ws/install/turtlebot3_gazebo/share/turtlebot3_gazebo//models/turtlebot3_common/meshes/burger_base.dae
[1.180s] -- Up-to-date symlink: /home/matt/ros2_ws/install/turtlebot3_gazebo/share/turtlebot3_gazebo//models/turtlebot3_common/meshes/lds.dae
[1.180s] -- Up-to-date symlink: /home/matt/ros2_ws/install/turtlebot3_gazebo/share/turtlebot3_gazebo//models/turtlebot3_common/meshes/r200.dae
[1.180s] -- Up-to-date symlink: /home/matt/ros2_ws/install/turtlebot3_gazebo/share/turtlebot3_gazebo//models/turtlebot3_common/meshes/tire.dae
[1.181s] -- Up-to-date symlink: /home/matt/ros2_ws/install/turtlebot3_gazebo/share/turtlebot3_gazebo//models/turtlebot3_common/meshes/waffle_base.dae
[1.181s] -- Up-to-date symlink: /home/matt/ros2_ws/install/turtlebot3_gazebo/share/turtlebot3_gazebo//models/turtlebot3_common/meshes/waffle_pi_base.dae
[1.181s] -- Up-to-date symlink: /home/matt/ros2_ws/install/turtlebot3_gazebo/share/turtlebot3_gazebo//models/turtlebot3_common/model.config
[1.181s] -- Up-to-date symlink: /home/matt/ros2_ws/install/turtlebot3_gazebo/share/turtlebot3_gazebo//models/turtlebot3_dqn_world/goal_box/model.config
[1.181s] -- Up-to-date symlink: /home/matt/ros2_ws/install/turtlebot3_gazebo/share/turtlebot3_gazebo//models/turtlebot3_dqn_world/goal_box/model.sdf
[1.181s] -- Up-to-date symlink: /home/matt/ros2_ws/install/turtlebot3_gazebo/share/turtlebot3_gazebo//models/turtlebot3_dqn_world/inner_walls/model.config
[1.182s] -- Up-to-date symlink: /home/matt/ros2_ws/install/turtlebot3_gazebo/share/turtlebot3_gazebo//models/turtlebot3_dqn_world/inner_walls/model.sdf
[1.182s] -- Up-to-date symlink: /home/matt/ros2_ws/install/turtlebot3_gazebo/share/turtlebot3_gazebo//models/turtlebot3_dqn_world/model.config
[1.182s] -- Up-to-date symlink: /home/matt/ros2_ws/install/turtlebot3_gazebo/share/turtlebot3_gazebo//models/turtlebot3_dqn_world/model.sdf
[1.182s] -- Up-to-date symlink: /home/matt/ros2_ws/install/turtlebot3_gazebo/share/turtlebot3_gazebo//models/turtlebot3_dqn_world/obstacle1/model.config
[1.182s] -- Up-to-date symlink: /home/matt/ros2_ws/install/turtlebot3_gazebo/share/turtlebot3_gazebo//models/turtlebot3_dqn_world/obstacle1/model.sdf
[1.182s] -- Up-to-date symlink: /home/matt/ros2_ws/install/turtlebot3_gazebo/share/turtlebot3_gazebo//models/turtlebot3_dqn_world/obstacle2/model.config
[1.183s] -- Up-to-date symlink: /home/matt/ros2_ws/install/turtlebot3_gazebo/share/turtlebot3_gazebo//models/turtlebot3_dqn_world/obstacle2/model.sdf
[1.183s] -- Up-to-date symlink: /home/matt/ros2_ws/install/turtlebot3_gazebo/share/turtlebot3_gazebo//models/turtlebot3_dqn_world/obstacle_plugin/CMakeLists.txt
[1.183s] -- Up-to-date symlink: /home/matt/ros2_ws/install/turtlebot3_gazebo/share/turtlebot3_gazebo//models/turtlebot3_dqn_world/obstacle_plugin/obstacle1.cc
[1.183s] -- Up-to-date symlink: /home/matt/ros2_ws/install/turtlebot3_gazebo/share/turtlebot3_gazebo//models/turtlebot3_dqn_world/obstacle_plugin/obstacle2.cc
[1.183s] -- Up-to-date symlink: /home/matt/ros2_ws/install/turtlebot3_gazebo/share/turtlebot3_gazebo//models/turtlebot3_dqn_world/obstacle_plugin/obstacles.cc
[1.183s] -- Up-to-date symlink: /home/matt/ros2_ws/install/turtlebot3_gazebo/share/turtlebot3_gazebo//models/turtlebot3_dqn_world/obstacles/model.config
[1.184s] -- Up-to-date symlink: /home/matt/ros2_ws/install/turtlebot3_gazebo/share/turtlebot3_gazebo//models/turtlebot3_dqn_world/obstacles/model.sdf
[1.184s] -- Up-to-date symlink: /home/matt/ros2_ws/install/turtlebot3_gazebo/share/turtlebot3_gazebo//models/turtlebot3_house/model.config
[1.184s] -- Up-to-date symlink: /home/matt/ros2_ws/install/turtlebot3_gazebo/share/turtlebot3_gazebo//models/turtlebot3_house/model.sdf
[1.184s] -- Up-to-date symlink: /home/matt/ros2_ws/install/turtlebot3_gazebo/share/turtlebot3_gazebo//models/turtlebot3_waffle/model-1_4.sdf
[1.184s] -- Up-to-date symlink: /home/matt/ros2_ws/install/turtlebot3_gazebo/share/turtlebot3_gazebo//models/turtlebot3_waffle/model.config
[1.184s] -- Up-to-date symlink: /home/matt/ros2_ws/install/turtlebot3_gazebo/share/turtlebot3_gazebo//models/turtlebot3_waffle/model.sdf
[1.184s] -- Up-to-date symlink: /home/matt/ros2_ws/install/turtlebot3_gazebo/share/turtlebot3_gazebo//models/turtlebot3_waffle_pi/model-1_4_.sdf
[1.185s] -- Up-to-date symlink: /home/matt/ros2_ws/install/turtlebot3_gazebo/share/turtlebot3_gazebo//models/turtlebot3_waffle_pi/model.config
[1.185s] -- Up-to-date symlink: /home/matt/ros2_ws/install/turtlebot3_gazebo/share/turtlebot3_gazebo//models/turtlebot3_waffle_pi/model.sdf
[1.185s] -- Up-to-date symlink: /home/matt/ros2_ws/install/turtlebot3_gazebo/share/turtlebot3_gazebo//models/turtlebot3_world/meshes/hexagon.dae
[1.185s] -- Up-to-date symlink: /home/matt/ros2_ws/install/turtlebot3_gazebo/share/turtlebot3_gazebo//models/turtlebot3_world/meshes/wall.dae
[1.185s] -- Up-to-date symlink: /home/matt/ros2_ws/install/turtlebot3_gazebo/share/turtlebot3_gazebo//models/turtlebot3_world/model-1_4.sdf
[1.185s] -- Up-to-date symlink: /home/matt/ros2_ws/install/turtlebot3_gazebo/share/turtlebot3_gazebo//models/turtlebot3_world/model.config
[1.185s] -- Up-to-date symlink: /home/matt/ros2_ws/install/turtlebot3_gazebo/share/turtlebot3_gazebo//models/turtlebot3_world/model.sdf
[1.186s] -- Up-to-date symlink: /home/matt/ros2_ws/install/turtlebot3_gazebo/share/turtlebot3_gazebo//rviz/tb3_gazebo.rviz
[1.186s] -- Up-to-date symlink: /home/matt/ros2_ws/install/turtlebot3_gazebo/share/turtlebot3_gazebo//urdf/common_properties.urdf
[1.186s] -- Up-to-date symlink: /home/matt/ros2_ws/install/turtlebot3_gazebo/share/turtlebot3_gazebo//urdf/turtlebot3_burger.urdf
[1.187s] -- Up-to-date symlink: /home/matt/ros2_ws/install/turtlebot3_gazebo/share/turtlebot3_gazebo//urdf/turtlebot3_waffle.urdf
[1.187s] -- Up-to-date symlink: /home/matt/ros2_ws/install/turtlebot3_gazebo/share/turtlebot3_gazebo//urdf/turtlebot3_waffle_pi.urdf
[1.187s] -- Up-to-date symlink: /home/matt/ros2_ws/install/turtlebot3_gazebo/share/turtlebot3_gazebo//worlds/empty_world.world
[1.187s] -- Up-to-date symlink: /home/matt/ros2_ws/install/turtlebot3_gazebo/share/turtlebot3_gazebo//worlds/turtlebot3_dqn_stage1.world
[1.187s] -- Up-to-date symlink: /home/matt/ros2_ws/install/turtlebot3_gazebo/share/turtlebot3_gazebo//worlds/turtlebot3_dqn_stage2.world
[1.188s] -- Up-to-date symlink: /home/matt/ros2_ws/install/turtlebot3_gazebo/share/turtlebot3_gazebo//worlds/turtlebot3_dqn_stage3.world
[1.188s] -- Up-to-date symlink: /home/matt/ros2_ws/install/turtlebot3_gazebo/share/turtlebot3_gazebo//worlds/turtlebot3_dqn_stage4.world
[1.188s] -- Up-to-date symlink: /home/matt/ros2_ws/install/turtlebot3_gazebo/share/turtlebot3_gazebo//worlds/turtlebot3_house.world
[1.188s] -- Up-to-date symlink: /home/matt/ros2_ws/install/turtlebot3_gazebo/share/turtlebot3_gazebo//worlds/turtlebot3_world.world
[1.188s] -- Up-to-date symlink: /home/matt/ros2_ws/install/turtlebot3_gazebo/include//turtlebot3_gazebo/turtlebot3_drive.hpp
[1.188s] -- Up-to-date symlink: /home/matt/ros2_ws/install/turtlebot3_gazebo/share/ament_index/resource_index/package_run_dependencies/turtlebot3_gazebo
[1.189s] -- Up-to-date symlink: /home/matt/ros2_ws/install/turtlebot3_gazebo/share/ament_index/resource_index/parent_prefix_path/turtlebot3_gazebo
[1.189s] -- Up-to-date symlink: /home/matt/ros2_ws/install/turtlebot3_gazebo/share/turtlebot3_gazebo/environment/ament_prefix_path.sh
[1.189s] -- Up-to-date symlink: /home/matt/ros2_ws/install/turtlebot3_gazebo/share/turtlebot3_gazebo/environment/ament_prefix_path.dsv
[1.189s] -- Up-to-date symlink: /home/matt/ros2_ws/install/turtlebot3_gazebo/share/turtlebot3_gazebo/environment/path.sh
[1.189s] -- Up-to-date symlink: /home/matt/ros2_ws/install/turtlebot3_gazebo/share/turtlebot3_gazebo/environment/path.dsv
[1.190s] -- Up-to-date symlink: /home/matt/ros2_ws/install/turtlebot3_gazebo/share/turtlebot3_gazebo/local_setup.bash
[1.190s] -- Up-to-date symlink: /home/matt/ros2_ws/install/turtlebot3_gazebo/share/turtlebot3_gazebo/local_setup.sh
[1.190s] -- Up-to-date symlink: /home/matt/ros2_ws/install/turtlebot3_gazebo/share/turtlebot3_gazebo/local_setup.zsh
[1.190s] -- Up-to-date symlink: /home/matt/ros2_ws/install/turtlebot3_gazebo/share/turtlebot3_gazebo/local_setup.dsv
[1.190s] -- Symlinking: /home/matt/ros2_ws/install/turtlebot3_gazebo/share/turtlebot3_gazebo/package.dsv
[1.196s] -- Up-to-date symlink: /home/matt/ros2_ws/install/turtlebot3_gazebo/share/ament_index/resource_index/packages/turtlebot3_gazebo
[1.196s] -- Up-to-date symlink: /home/matt/ros2_ws/install/turtlebot3_gazebo/share/turtlebot3_gazebo/cmake/ament_cmake_export_include_directories-extras.cmake
[1.196s] -- Up-to-date symlink: /home/matt/ros2_ws/install/turtlebot3_gazebo/share/turtlebot3_gazebo/cmake/ament_cmake_export_dependencies-extras.cmake
[1.196s] -- Up-to-date symlink: /home/matt/ros2_ws/install/turtlebot3_gazebo/share/turtlebot3_gazebo/cmake/turtlebot3_gazeboConfig.cmake
[1.197s] -- Up-to-date symlink: /home/matt/ros2_ws/install/turtlebot3_gazebo/share/turtlebot3_gazebo/cmake/turtlebot3_gazeboConfig-version.cmake
[1.197s] -- Up-to-date symlink: /home/matt/ros2_ws/install/turtlebot3_gazebo/share/turtlebot3_gazebo/package.xml
[1.199s] Invoked command in '/home/matt/ros2_ws/build/turtlebot3_gazebo' returned '0': CMAKE_PREFIX_PATH=${CMAKE_PREFIX_PATH}:/home/matt/ros2_ws/install/rob599_hw3:/opt/ros/humble /usr/bin/cmake --install /home/matt/ros2_ws/build/turtlebot3_gazebo
