[1.474s] Invoking command in '/home/matt/ros2_ws/src/rob599_hw3': CMAKE_PREFIX_PATH=/home/matt/ros2_ws/install/turtlebot3_gazebo:/home/matt/ros2_ws/install/ros2_msgs:/home/matt/ros2_ws/install/turtlebot3_simulations:/home/matt/ros2_ws/install/turtlebot3_fake_node:/home/matt/ros-humble-ros1-bridge/install/ros1_bridge PYTHONPATH=/home/matt/ros2_ws/build/rob599_hw3/prefix_override:/home/matt/ros2_ws/install/rob599_hw3/lib/python3.10/site-packages:${PYTHONPATH} /usr/bin/python3 setup.py egg_info --egg-base ../../build/rob599_hw3 build --build-base /home/matt/ros2_ws/build/rob599_hw3/build install --record /home/matt/ros2_ws/build/rob599_hw3/install.log --single-version-externally-managed
[1.847s] running egg_info
[1.848s] writing ../../build/rob599_hw3/rob599_hw3.egg-info/PKG-INFO
[1.848s] writing dependency_links to ../../build/rob599_hw3/rob599_hw3.egg-info/dependency_links.txt
[1.848s] writing entry points to ../../build/rob599_hw3/rob599_hw3.egg-info/entry_points.txt
[1.848s] writing requirements to ../../build/rob599_hw3/rob599_hw3.egg-info/requires.txt
[1.848s] writing top-level names to ../../build/rob599_hw3/rob599_hw3.egg-info/top_level.txt
[1.851s] reading manifest file '../../build/rob599_hw3/rob599_hw3.egg-info/SOURCES.txt'
[1.851s] adding license file 'LICENSE'
[1.852s] writing manifest file '../../build/rob599_hw3/rob599_hw3.egg-info/SOURCES.txt'
[1.852s] running build
[1.852s] running build_py
[1.852s] running install
[1.852s] running install_lib
[1.854s] running install_data
[1.855s] copying launch/turtlebot3_nav_launch.py -> /home/matt/ros2_ws/install/rob599_hw3/share/rob599_hw3/launch
[1.855s] running install_egg_info
[1.857s] removing '/home/matt/ros2_ws/install/rob599_hw3/lib/python3.10/site-packages/rob599_hw3-0.0.0-py3.10.egg-info' (and everything under it)
[1.857s] Copying ../../build/rob599_hw3/rob599_hw3.egg-info to /home/matt/ros2_ws/install/rob599_hw3/lib/python3.10/site-packages/rob599_hw3-0.0.0-py3.10.egg-info
[1.858s] running install_scripts
[1.892s] Installing places script to /home/matt/ros2_ws/install/rob599_hw3/lib/rob599_hw3
[1.893s] writing list of installed files to '/home/matt/ros2_ws/build/rob599_hw3/install.log'
[1.926s] Invoked command in '/home/matt/ros2_ws/src/rob599_hw3' returned '0': CMAKE_PREFIX_PATH=/home/matt/ros2_ws/install/turtlebot3_gazebo:/home/matt/ros2_ws/install/ros2_msgs:/home/matt/ros2_ws/install/turtlebot3_simulations:/home/matt/ros2_ws/install/turtlebot3_fake_node:/home/matt/ros-humble-ros1-bridge/install/ros1_bridge PYTHONPATH=/home/matt/ros2_ws/build/rob599_hw3/prefix_override:/home/matt/ros2_ws/install/rob599_hw3/lib/python3.10/site-packages:${PYTHONPATH} /usr/bin/python3 setup.py egg_info --egg-base ../../build/rob599_hw3 build --build-base /home/matt/ros2_ws/build/rob599_hw3/build install --record /home/matt/ros2_ws/build/rob599_hw3/install.log --single-version-externally-managed
