[0.645s] Invoking command in '/home/matt/ros2_ws/build/rob599_hw3': CMAKE_PREFIX_PATH=/home/matt/ros2_ws/install/turtlebot3_gazebo:/home/matt/ros2_ws/install/turtlebot3_simulations:/home/matt/ros2_ws/install/turtlebot3_fake_node:/home/matt/ros2_ws/install/ros2_msgs:/home/matt/ros-humble-ros1-bridge/install/ros1_bridge PYTHONPATH=/home/matt/ros2_ws/build/rob599_hw3/prefix_override:/home/matt/ros2_ws/install/rob599_hw3/lib/python3.10/site-packages:${PYTHONPATH} /usr/bin/python3 setup.py develop --uninstall --editable --build-directory /home/matt/ros2_ws/build/rob599_hw3/build
[0.809s] running develop
[0.905s] Removing /home/matt/ros2_ws/install/rob599_hw3/lib/python3.10/site-packages/rob599-hw3.egg-link (link to .)
[0.922s] Invoked command in '/home/matt/ros2_ws/build/rob599_hw3' returned '0': CMAKE_PREFIX_PATH=/home/matt/ros2_ws/install/turtlebot3_gazebo:/home/matt/ros2_ws/install/turtlebot3_simulations:/home/matt/ros2_ws/install/turtlebot3_fake_node:/home/matt/ros2_ws/install/ros2_msgs:/home/matt/ros-humble-ros1-bridge/install/ros1_bridge PYTHONPATH=/home/matt/ros2_ws/build/rob599_hw3/prefix_override:/home/matt/ros2_ws/install/rob599_hw3/lib/python3.10/site-packages:${PYTHONPATH} /usr/bin/python3 setup.py develop --uninstall --editable --build-directory /home/matt/ros2_ws/build/rob599_hw3/build
[0.923s] Invoking command in '/home/matt/ros2_ws/src/rob599_hw3': CMAKE_PREFIX_PATH=/home/matt/ros2_ws/install/turtlebot3_gazebo:/home/matt/ros2_ws/install/turtlebot3_simulations:/home/matt/ros2_ws/install/turtlebot3_fake_node:/home/matt/ros2_ws/install/ros2_msgs:/home/matt/ros-humble-ros1-bridge/install/ros1_bridge PYTHONPATH=/home/matt/ros2_ws/build/rob599_hw3/prefix_override:/home/matt/ros2_ws/install/rob599_hw3/lib/python3.10/site-packages:${PYTHONPATH} /usr/bin/python3 setup.py egg_info --egg-base ../../build/rob599_hw3 build --build-base /home/matt/ros2_ws/build/rob599_hw3/build install --record /home/matt/ros2_ws/build/rob599_hw3/install.log --single-version-externally-managed
[1.074s] running egg_info
[1.075s] writing ../../build/rob599_hw3/rob599_hw3.egg-info/PKG-INFO
[1.075s] writing dependency_links to ../../build/rob599_hw3/rob599_hw3.egg-info/dependency_links.txt
[1.075s] writing entry points to ../../build/rob599_hw3/rob599_hw3.egg-info/entry_points.txt
[1.075s] writing requirements to ../../build/rob599_hw3/rob599_hw3.egg-info/requires.txt
[1.075s] writing top-level names to ../../build/rob599_hw3/rob599_hw3.egg-info/top_level.txt
[1.076s] reading manifest file '../../build/rob599_hw3/rob599_hw3.egg-info/SOURCES.txt'
[1.076s] adding license file 'LICENSE'
[1.076s] writing manifest file '../../build/rob599_hw3/rob599_hw3.egg-info/SOURCES.txt'
[1.077s] running build
[1.077s] running build_py
[1.077s] running install
[1.077s] running install_lib
[1.077s] creating /home/matt/ros2_ws/install/rob599_hw3/lib/python3.10/site-packages/rob599_hw3
[1.077s] copying /home/matt/ros2_ws/build/rob599_hw3/build/lib/rob599_hw3/__init__.py -> /home/matt/ros2_ws/install/rob599_hw3/lib/python3.10/site-packages/rob599_hw3
[1.077s] copying /home/matt/ros2_ws/build/rob599_hw3/build/lib/rob599_hw3/places.py -> /home/matt/ros2_ws/install/rob599_hw3/lib/python3.10/site-packages/rob599_hw3
[1.078s] byte-compiling /home/matt/ros2_ws/install/rob599_hw3/lib/python3.10/site-packages/rob599_hw3/__init__.py to __init__.cpython-310.pyc
[1.078s] byte-compiling /home/matt/ros2_ws/install/rob599_hw3/lib/python3.10/site-packages/rob599_hw3/places.py to places.cpython-310.pyc
[1.078s] running install_data
[1.079s] running install_egg_info
[1.080s] Copying ../../build/rob599_hw3/rob599_hw3.egg-info to /home/matt/ros2_ws/install/rob599_hw3/lib/python3.10/site-packages/rob599_hw3-0.0.0-py3.10.egg-info
[1.080s] running install_scripts
[1.093s] Installing places script to /home/matt/ros2_ws/install/rob599_hw3/lib/rob599_hw3
[1.093s] writing list of installed files to '/home/matt/ros2_ws/build/rob599_hw3/install.log'
[1.107s] Invoked command in '/home/matt/ros2_ws/src/rob599_hw3' returned '0': CMAKE_PREFIX_PATH=/home/matt/ros2_ws/install/turtlebot3_gazebo:/home/matt/ros2_ws/install/turtlebot3_simulations:/home/matt/ros2_ws/install/turtlebot3_fake_node:/home/matt/ros2_ws/install/ros2_msgs:/home/matt/ros-humble-ros1-bridge/install/ros1_bridge PYTHONPATH=/home/matt/ros2_ws/build/rob599_hw3/prefix_override:/home/matt/ros2_ws/install/rob599_hw3/lib/python3.10/site-packages:${PYTHONPATH} /usr/bin/python3 setup.py egg_info --egg-base ../../build/rob599_hw3 build --build-base /home/matt/ros2_ws/build/rob599_hw3/build install --record /home/matt/ros2_ws/build/rob599_hw3/install.log --single-version-externally-managed
