[0.087s] Invoking command in '/home/matt/ros2_ws/build/ros2_msgs': CMAKE_PREFIX_PATH=${CMAKE_PREFIX_PATH}:/home/matt/ros2_ws/install/rob599_hw3:/opt/ros/humble /usr/bin/cmake --build /home/matt/ros2_ws/build/ros2_msgs -- -j24 -l24
[0.103s] -- Found ament_cmake: 1.3.8 (/opt/ros/humble/share/ament_cmake/cmake)
[0.190s] -- Override CMake install command with custom implementation using symlinks instead of copying resources
[0.195s] -- Found rosidl_default_generators: 1.2.0 (/opt/ros/humble/share/rosidl_default_generators/cmake)
[0.196s] -- Using all available rosidl_typesupport_c: rosidl_typesupport_fastrtps_c;rosidl_typesupport_introspection_c
[0.198s] -- Found rosidl_adapter: 3.1.5 (/opt/ros/humble/share/rosidl_adapter/cmake)
[0.218s] -- Using all available rosidl_typesupport_cpp: rosidl_typesupport_fastrtps_cpp;rosidl_typesupport_introspection_cpp
[0.477s] -- Found ament_cmake_ros: 0.10.0 (/opt/ros/humble/share/ament_cmake_ros/cmake)
[0.613s] -- Using all available rosidl_typesupport_c: rosidl_typesupport_fastrtps_c;rosidl_typesupport_introspection_c
[0.800s] -- Using all available rosidl_typesupport_cpp: rosidl_typesupport_fastrtps_cpp;rosidl_typesupport_introspection_cpp
[0.816s] -- Found python_cmake_module: 0.10.0 (/opt/ros/humble/share/python_cmake_module/cmake)
[0.832s] -- Using PYTHON_EXECUTABLE: /usr/bin/python3
[0.832s] -- Using PYTHON_INCLUDE_DIRS: /usr/include/python3.10
[0.832s] -- Using PYTHON_LIBRARIES: /usr/lib/x86_64-linux-gnu/libpython3.10.so
[0.847s] -- Found ament_lint_auto: 0.12.10 (/opt/ros/humble/share/ament_lint_auto/cmake)
[0.853s] -- Added test 'lint_cmake' to check CMake code style
[0.854s] -- Added test 'xmllint' to check XML markup files
[0.855s] -- Configuring done
[0.876s] -- Generating done
[0.877s] -- Build files have been written to: /home/matt/ros2_ws/build/ros2_msgs
[0.894s] [  1%] [34m[1mGenerating C code for ROS interfaces[0m
[0.900s] [  3%] [34m[1mGenerating C++ code for ROS interfaces[0m
[0.904s] [  3%] Built target ament_cmake_python_symlink_ros2_msgs
[1.062s] running egg_info
[1.063s] writing ros2_msgs.egg-info/PKG-INFO
[1.063s] writing dependency_links to ros2_msgs.egg-info/dependency_links.txt
[1.063s] writing top-level names to ros2_msgs.egg-info/top_level.txt
[1.064s] reading manifest file 'ros2_msgs.egg-info/SOURCES.txt'
[1.065s] writing manifest file 'ros2_msgs.egg-info/SOURCES.txt'
[1.081s] [  3%] Built target ament_cmake_python_build_ros2_msgs_egg
[1.263s] [  3%] Built target ros2_msgs__cpp
[1.271s] [  7%] [34m[1mGenerating C++ type support for eProsima Fast-RTPS[0m
[1.271s] [  9%] [34m[1mGenerating C++ type support dispatch for ROS interfaces[0m
[1.271s] [  9%] [34m[1mGenerating C++ introspection for ROS interfaces[0m
[1.273s] [35m[1mConsolidate compiler generated dependencies of target ros2_msgs__rosidl_generator_c[0m
[1.281s] [ 10%] [32mBuilding C object CMakeFiles/ros2_msgs__rosidl_generator_c.dir/rosidl_generator_c/ros2_msgs/action/detail/nasa__functions.c.o[0m
[1.281s] [ 12%] [32mBuilding C object CMakeFiles/ros2_msgs__rosidl_generator_c.dir/rosidl_generator_c/ros2_msgs/srv/detail/location__functions.c.o[0m
[1.282s] [ 14%] [32mBuilding C object CMakeFiles/ros2_msgs__rosidl_generator_c.dir/rosidl_generator_c/ros2_msgs/srv/detail/clear__functions.c.o[0m
[1.282s] [ 16%] [32mBuilding C object CMakeFiles/ros2_msgs__rosidl_generator_c.dir/rosidl_generator_c/ros2_msgs/msg/detail/location_name__functions.c.o[0m
[1.381s] [ 18%] [32m[1mLinking C shared library libros2_msgs__rosidl_generator_c.so[0m
[1.415s] [ 18%] Built target ros2_msgs__rosidl_generator_c
[1.422s] [ 23%] [34m[1mGenerating C type support dispatch for ROS interfaces[0m
[1.422s] [ 23%] [34m[1mGenerating C type support for eProsima Fast-RTPS[0m
[1.422s] [ 23%] [34m[1mGenerating C introspection for ROS interfaces[0m
[1.550s] [35m[1mConsolidate compiler generated dependencies of target ros2_msgs__rosidl_typesupport_cpp[0m
[1.561s] [ 25%] [32mBuilding CXX object CMakeFiles/ros2_msgs__rosidl_typesupport_cpp.dir/rosidl_typesupport_cpp/ros2_msgs/action/nasa__type_support.cpp.o[0m
[1.562s] [ 27%] [32mBuilding CXX object CMakeFiles/ros2_msgs__rosidl_typesupport_cpp.dir/rosidl_typesupport_cpp/ros2_msgs/msg/location_name__type_support.cpp.o[0m
[1.565s] [ 29%] [32mBuilding CXX object CMakeFiles/ros2_msgs__rosidl_typesupport_cpp.dir/rosidl_typesupport_cpp/ros2_msgs/srv/location__type_support.cpp.o[0m
[1.565s] [ 30%] [32mBuilding CXX object CMakeFiles/ros2_msgs__rosidl_typesupport_cpp.dir/rosidl_typesupport_cpp/ros2_msgs/srv/clear__type_support.cpp.o[0m
[1.614s] [35m[1mConsolidate compiler generated dependencies of target ros2_msgs__rosidl_typesupport_introspection_cpp[0m
[1.629s] [ 32%] [32mBuilding CXX object CMakeFiles/ros2_msgs__rosidl_typesupport_introspection_cpp.dir/rosidl_typesupport_introspection_cpp/ros2_msgs/srv/detail/location__type_support.cpp.o[0m
[1.631s] [ 34%] [32mBuilding CXX object CMakeFiles/ros2_msgs__rosidl_typesupport_introspection_cpp.dir/rosidl_typesupport_introspection_cpp/ros2_msgs/action/detail/nasa__type_support.cpp.o[0m
[1.632s] [ 36%] [32mBuilding CXX object CMakeFiles/ros2_msgs__rosidl_typesupport_introspection_cpp.dir/rosidl_typesupport_introspection_cpp/ros2_msgs/srv/detail/clear__type_support.cpp.o[0m
[1.633s] [ 38%] [32mBuilding CXX object CMakeFiles/ros2_msgs__rosidl_typesupport_introspection_cpp.dir/rosidl_typesupport_introspection_cpp/ros2_msgs/msg/detail/location_name__type_support.cpp.o[0m
[1.689s] [35m[1mConsolidate compiler generated dependencies of target ros2_msgs__rosidl_typesupport_fastrtps_cpp[0m
[1.706s] [ 40%] [32mBuilding CXX object CMakeFiles/ros2_msgs__rosidl_typesupport_fastrtps_cpp.dir/rosidl_typesupport_fastrtps_cpp/ros2_msgs/action/detail/dds_fastrtps/nasa__type_support.cpp.o[0m
[1.706s] [ 41%] [32mBuilding CXX object CMakeFiles/ros2_msgs__rosidl_typesupport_fastrtps_cpp.dir/rosidl_typesupport_fastrtps_cpp/ros2_msgs/srv/detail/dds_fastrtps/location__type_support.cpp.o[0m
[1.707s] [ 43%] [32mBuilding CXX object CMakeFiles/ros2_msgs__rosidl_typesupport_fastrtps_cpp.dir/rosidl_typesupport_fastrtps_cpp/ros2_msgs/msg/detail/dds_fastrtps/location_name__type_support.cpp.o[0m
[1.708s] [ 45%] [32mBuilding CXX object CMakeFiles/ros2_msgs__rosidl_typesupport_fastrtps_cpp.dir/rosidl_typesupport_fastrtps_cpp/ros2_msgs/srv/detail/dds_fastrtps/clear__type_support.cpp.o[0m
[1.743s] [35m[1mConsolidate compiler generated dependencies of target ros2_msgs__rosidl_typesupport_c[0m
[1.757s] [ 47%] [32mBuilding CXX object CMakeFiles/ros2_msgs__rosidl_typesupport_c.dir/rosidl_typesupport_c/ros2_msgs/srv/clear__type_support.cpp.o[0m
[1.757s] [ 49%] [32mBuilding CXX object CMakeFiles/ros2_msgs__rosidl_typesupport_c.dir/rosidl_typesupport_c/ros2_msgs/action/nasa__type_support.cpp.o[0m
[1.758s] [ 50%] [32mBuilding CXX object CMakeFiles/ros2_msgs__rosidl_typesupport_c.dir/rosidl_typesupport_c/ros2_msgs/srv/location__type_support.cpp.o[0m
[1.758s] [ 52%] [32mBuilding CXX object CMakeFiles/ros2_msgs__rosidl_typesupport_c.dir/rosidl_typesupport_c/ros2_msgs/msg/location_name__type_support.cpp.o[0m
[1.825s] [ 54%] [32m[1mLinking CXX shared library libros2_msgs__rosidl_typesupport_c.so[0m
[1.863s] [35m[1mConsolidate compiler generated dependencies of target ros2_msgs__rosidl_typesupport_introspection_c[0m
[1.871s] [ 54%] Built target ros2_msgs__rosidl_typesupport_c
[1.874s] [ 56%] [32mBuilding C object CMakeFiles/ros2_msgs__rosidl_typesupport_introspection_c.dir/rosidl_typesupport_introspection_c/ros2_msgs/action/detail/nasa__type_support.c.o[0m
[1.877s] [ 58%] [32mBuilding C object CMakeFiles/ros2_msgs__rosidl_typesupport_introspection_c.dir/rosidl_typesupport_introspection_c/ros2_msgs/srv/detail/location__type_support.c.o[0m
[1.879s] [ 61%] [32mBuilding C object CMakeFiles/ros2_msgs__rosidl_typesupport_introspection_c.dir/rosidl_typesupport_introspection_c/ros2_msgs/msg/detail/location_name__type_support.c.o[0m
[1.879s] [ 61%] [32mBuilding C object CMakeFiles/ros2_msgs__rosidl_typesupport_introspection_c.dir/rosidl_typesupport_introspection_c/ros2_msgs/srv/detail/clear__type_support.c.o[0m
[1.900s] [35m[1mConsolidate compiler generated dependencies of target ros2_msgs__rosidl_typesupport_fastrtps_c[0m
[1.916s] [ 65%] [32mBuilding CXX object CMakeFiles/ros2_msgs__rosidl_typesupport_fastrtps_c.dir/rosidl_typesupport_fastrtps_c/ros2_msgs/srv/detail/location__type_support_c.cpp.o[0m
[1.916s] [ 67%] [32mBuilding CXX object CMakeFiles/ros2_msgs__rosidl_typesupport_fastrtps_c.dir/rosidl_typesupport_fastrtps_c/ros2_msgs/srv/detail/clear__type_support_c.cpp.o[0m
[1.916s] [ 67%] [32mBuilding CXX object CMakeFiles/ros2_msgs__rosidl_typesupport_fastrtps_c.dir/rosidl_typesupport_fastrtps_c/ros2_msgs/action/detail/nasa__type_support_c.cpp.o[0m
[1.917s] [ 69%] [32mBuilding CXX object CMakeFiles/ros2_msgs__rosidl_typesupport_fastrtps_c.dir/rosidl_typesupport_fastrtps_c/ros2_msgs/msg/detail/location_name__type_support_c.cpp.o[0m
[1.930s] [ 70%] [32m[1mLinking C shared library libros2_msgs__rosidl_typesupport_introspection_c.so[0m
[1.973s] [ 70%] Built target ros2_msgs__rosidl_typesupport_introspection_c
[2.212s] [ 72%] [32m[1mLinking CXX shared library libros2_msgs__rosidl_typesupport_fastrtps_cpp.so[0m
[2.235s] [ 74%] [32m[1mLinking CXX shared library libros2_msgs__rosidl_typesupport_fastrtps_c.so[0m
[2.251s] [ 76%] [32m[1mLinking CXX shared library libros2_msgs__rosidl_typesupport_cpp.so[0m
[2.264s] [ 76%] Built target ros2_msgs__rosidl_typesupport_fastrtps_cpp
[2.278s] [ 76%] Built target ros2_msgs__rosidl_typesupport_cpp
[2.284s] [ 76%] Built target ros2_msgs__rosidl_typesupport_fastrtps_c
[2.338s] [ 78%] [32m[1mLinking CXX shared library libros2_msgs__rosidl_typesupport_introspection_cpp.so[0m
[2.389s] [ 78%] Built target ros2_msgs__rosidl_typesupport_introspection_cpp
[2.401s] [ 78%] Built target ros2_msgs
[2.416s] [ 80%] [34m[1mGenerating Python code for ROS interfaces[0m
[3.053s] [ 80%] Built target ros2_msgs__py
[3.059s] [35m[1mConsolidate compiler generated dependencies of target ros2_msgs__rosidl_generator_py[0m
[3.070s] [ 81%] [32mBuilding C object CMakeFiles/ros2_msgs__rosidl_generator_py.dir/rosidl_generator_py/ros2_msgs/action/_nasa_s.c.o[0m
[3.070s] [ 85%] [32mBuilding C object CMakeFiles/ros2_msgs__rosidl_generator_py.dir/rosidl_generator_py/ros2_msgs/srv/_clear_s.c.o[0m
[3.071s] [ 83%] [32mBuilding C object CMakeFiles/ros2_msgs__rosidl_generator_py.dir/rosidl_generator_py/ros2_msgs/srv/_location_s.c.o[0m
[3.071s] [ 87%] [32mBuilding C object CMakeFiles/ros2_msgs__rosidl_generator_py.dir/rosidl_generator_py/ros2_msgs/msg/_location_name_s.c.o[0m
[3.166s] [ 89%] [32m[1mLinking C shared library rosidl_generator_py/ros2_msgs/libros2_msgs__rosidl_generator_py.so[0m
[3.194s] [ 89%] Built target ros2_msgs__rosidl_generator_py
[3.201s] [35m[1mConsolidate compiler generated dependencies of target ros2_msgs__rosidl_typesupport_fastrtps_c__pyext[0m
[3.202s] [35m[1mConsolidate compiler generated dependencies of target ros2_msgs__rosidl_typesupport_introspection_c__pyext[0m
[3.202s] [35m[1mConsolidate compiler generated dependencies of target ros2_msgs__rosidl_typesupport_c__pyext[0m
[3.212s] [ 90%] [32mBuilding C object CMakeFiles/ros2_msgs__rosidl_typesupport_fastrtps_c__pyext.dir/rosidl_generator_py/ros2_msgs/_ros2_msgs_s.ep.rosidl_typesupport_fastrtps_c.c.o[0m
[3.212s] [ 92%] [32mBuilding C object CMakeFiles/ros2_msgs__rosidl_typesupport_introspection_c__pyext.dir/rosidl_generator_py/ros2_msgs/_ros2_msgs_s.ep.rosidl_typesupport_introspection_c.c.o[0m
[3.212s] [ 94%] [32mBuilding C object CMakeFiles/ros2_msgs__rosidl_typesupport_c__pyext.dir/rosidl_generator_py/ros2_msgs/_ros2_msgs_s.ep.rosidl_typesupport_c.c.o[0m
[3.294s] [100%] [32m[1mLinking C shared library rosidl_generator_py/ros2_msgs/ros2_msgs_s__rosidl_typesupport_introspection_c.cpython-310-x86_64-linux-gnu.so[0m
[3.294s] [100%] [32m[1mLinking C shared library rosidl_generator_py/ros2_msgs/ros2_msgs_s__rosidl_typesupport_c.cpython-310-x86_64-linux-gnu.so[0m
[3.295s] [100%] [32m[1mLinking C shared library rosidl_generator_py/ros2_msgs/ros2_msgs_s__rosidl_typesupport_fastrtps_c.cpython-310-x86_64-linux-gnu.so[0m
[3.321s] [100%] Built target ros2_msgs__rosidl_typesupport_c__pyext
[3.321s] [100%] Built target ros2_msgs__rosidl_typesupport_introspection_c__pyext
[3.321s] [100%] Built target ros2_msgs__rosidl_typesupport_fastrtps_c__pyext
[3.328s] Invoked command in '/home/matt/ros2_ws/build/ros2_msgs' returned '0': CMAKE_PREFIX_PATH=${CMAKE_PREFIX_PATH}:/home/matt/ros2_ws/install/rob599_hw3:/opt/ros/humble /usr/bin/cmake --build /home/matt/ros2_ws/build/ros2_msgs -- -j24 -l24
[3.429s] Invoking command in '/home/matt/ros2_ws/build/ros2_msgs': CMAKE_PREFIX_PATH=${CMAKE_PREFIX_PATH}:/home/matt/ros2_ws/install/rob599_hw3:/opt/ros/humble /usr/bin/cmake --install /home/matt/ros2_ws/build/ros2_msgs
[3.437s] -- Install configuration: ""
[3.437s] -- Execute custom install script
[3.438s] -- Up-to-date symlink: /home/matt/ros2_ws/install/ros2_msgs/share/ament_index/resource_index/rosidl_interfaces/ros2_msgs
[3.438s] -- Up-to-date symlink: /home/matt/ros2_ws/install/ros2_msgs/include/ros2_msgs/ros2_msgs/action/detail/nasa__functions.h
[3.438s] -- Up-to-date symlink: /home/matt/ros2_ws/install/ros2_msgs/include/ros2_msgs/ros2_msgs/action/detail/nasa__struct.h
[3.438s] -- Up-to-date symlink: /home/matt/ros2_ws/install/ros2_msgs/include/ros2_msgs/ros2_msgs/action/detail/nasa__type_support.h
[3.438s] -- Up-to-date symlink: /home/matt/ros2_ws/install/ros2_msgs/include/ros2_msgs/ros2_msgs/action/nasa.h
[3.439s] -- Up-to-date symlink: /home/matt/ros2_ws/install/ros2_msgs/include/ros2_msgs/ros2_msgs/msg/detail/location_name__functions.h
[3.439s] -- Up-to-date symlink: /home/matt/ros2_ws/install/ros2_msgs/include/ros2_msgs/ros2_msgs/msg/detail/location_name__struct.h
[3.439s] -- Up-to-date symlink: /home/matt/ros2_ws/install/ros2_msgs/include/ros2_msgs/ros2_msgs/msg/detail/location_name__type_support.h
[3.439s] -- Up-to-date symlink: /home/matt/ros2_ws/install/ros2_msgs/include/ros2_msgs/ros2_msgs/msg/location_name.h
[3.439s] -- Up-to-date symlink: /home/matt/ros2_ws/install/ros2_msgs/include/ros2_msgs/ros2_msgs/msg/rosidl_generator_c__visibility_control.h
[3.439s] -- Symlinking: /home/matt/ros2_ws/install/ros2_msgs/include/ros2_msgs/ros2_msgs/srv/clear.h
[3.446s] -- Symlinking: /home/matt/ros2_ws/install/ros2_msgs/include/ros2_msgs/ros2_msgs/srv/detail/clear__functions.h
[3.456s] -- Symlinking: /home/matt/ros2_ws/install/ros2_msgs/include/ros2_msgs/ros2_msgs/srv/detail/clear__struct.h
[3.465s] -- Symlinking: /home/matt/ros2_ws/install/ros2_msgs/include/ros2_msgs/ros2_msgs/srv/detail/clear__type_support.h
[3.474s] -- Up-to-date symlink: /home/matt/ros2_ws/install/ros2_msgs/include/ros2_msgs/ros2_msgs/srv/detail/location__functions.h
[3.474s] -- Up-to-date symlink: /home/matt/ros2_ws/install/ros2_msgs/include/ros2_msgs/ros2_msgs/srv/detail/location__struct.h
[3.474s] -- Up-to-date symlink: /home/matt/ros2_ws/install/ros2_msgs/include/ros2_msgs/ros2_msgs/srv/detail/location__type_support.h
[3.475s] -- Up-to-date symlink: /home/matt/ros2_ws/install/ros2_msgs/include/ros2_msgs/ros2_msgs/srv/location.h
[3.475s] -- Up-to-date symlink: /home/matt/ros2_ws/install/ros2_msgs/share/ros2_msgs/environment/library_path.sh
[3.475s] -- Up-to-date symlink: /home/matt/ros2_ws/install/ros2_msgs/share/ros2_msgs/environment/library_path.dsv
[3.475s] -- Up-to-date symlink: /home/matt/ros2_ws/install/ros2_msgs/include/ros2_msgs/ros2_msgs/action/detail/nasa__rosidl_typesupport_fastrtps_c.h
[3.475s] -- Up-to-date symlink: /home/matt/ros2_ws/install/ros2_msgs/include/ros2_msgs/ros2_msgs/msg/detail/location_name__rosidl_typesupport_fastrtps_c.h
[3.475s] -- Up-to-date symlink: /home/matt/ros2_ws/install/ros2_msgs/include/ros2_msgs/ros2_msgs/msg/rosidl_typesupport_fastrtps_c__visibility_control.h
[3.475s] -- Symlinking: /home/matt/ros2_ws/install/ros2_msgs/include/ros2_msgs/ros2_msgs/srv/detail/clear__rosidl_typesupport_fastrtps_c.h
[3.486s] -- Up-to-date symlink: /home/matt/ros2_ws/install/ros2_msgs/include/ros2_msgs/ros2_msgs/srv/detail/location__rosidl_typesupport_fastrtps_c.h
[3.486s] -- Up-to-date symlink: /home/matt/ros2_ws/install/ros2_msgs/include/ros2_msgs/ros2_msgs/action/detail/nasa__rosidl_typesupport_introspection_c.h
[3.486s] -- Up-to-date symlink: /home/matt/ros2_ws/install/ros2_msgs/include/ros2_msgs/ros2_msgs/msg/detail/location_name__rosidl_typesupport_introspection_c.h
[3.486s] -- Up-to-date symlink: /home/matt/ros2_ws/install/ros2_msgs/include/ros2_msgs/ros2_msgs/msg/rosidl_typesupport_introspection_c__visibility_control.h
[3.486s] -- Symlinking: /home/matt/ros2_ws/install/ros2_msgs/include/ros2_msgs/ros2_msgs/srv/detail/clear__rosidl_typesupport_introspection_c.h
[3.494s] -- Up-to-date symlink: /home/matt/ros2_ws/install/ros2_msgs/include/ros2_msgs/ros2_msgs/srv/detail/location__rosidl_typesupport_introspection_c.h
[3.494s] -- Up-to-date symlink: /home/matt/ros2_ws/install/ros2_msgs/include/ros2_msgs/ros2_msgs/action/detail/nasa__builder.hpp
[3.494s] -- Up-to-date symlink: /home/matt/ros2_ws/install/ros2_msgs/include/ros2_msgs/ros2_msgs/action/detail/nasa__struct.hpp
[3.494s] -- Up-to-date symlink: /home/matt/ros2_ws/install/ros2_msgs/include/ros2_msgs/ros2_msgs/action/detail/nasa__traits.hpp
[3.494s] -- Up-to-date symlink: /home/matt/ros2_ws/install/ros2_msgs/include/ros2_msgs/ros2_msgs/action/nasa.hpp
[3.494s] -- Up-to-date symlink: /home/matt/ros2_ws/install/ros2_msgs/include/ros2_msgs/ros2_msgs/msg/detail/location_name__builder.hpp
[3.494s] -- Up-to-date symlink: /home/matt/ros2_ws/install/ros2_msgs/include/ros2_msgs/ros2_msgs/msg/detail/location_name__struct.hpp
[3.494s] -- Up-to-date symlink: /home/matt/ros2_ws/install/ros2_msgs/include/ros2_msgs/ros2_msgs/msg/detail/location_name__traits.hpp
[3.494s] -- Up-to-date symlink: /home/matt/ros2_ws/install/ros2_msgs/include/ros2_msgs/ros2_msgs/msg/location_name.hpp
[3.494s] -- Symlinking: /home/matt/ros2_ws/install/ros2_msgs/include/ros2_msgs/ros2_msgs/srv/clear.hpp
[3.502s] -- Symlinking: /home/matt/ros2_ws/install/ros2_msgs/include/ros2_msgs/ros2_msgs/srv/detail/clear__builder.hpp
[3.510s] -- Symlinking: /home/matt/ros2_ws/install/ros2_msgs/include/ros2_msgs/ros2_msgs/srv/detail/clear__struct.hpp
[3.517s] -- Symlinking: /home/matt/ros2_ws/install/ros2_msgs/include/ros2_msgs/ros2_msgs/srv/detail/clear__traits.hpp
[3.524s] -- Up-to-date symlink: /home/matt/ros2_ws/install/ros2_msgs/include/ros2_msgs/ros2_msgs/srv/detail/location__builder.hpp
[3.524s] -- Up-to-date symlink: /home/matt/ros2_ws/install/ros2_msgs/include/ros2_msgs/ros2_msgs/srv/detail/location__struct.hpp
[3.524s] -- Up-to-date symlink: /home/matt/ros2_ws/install/ros2_msgs/include/ros2_msgs/ros2_msgs/srv/detail/location__traits.hpp
[3.524s] -- Up-to-date symlink: /home/matt/ros2_ws/install/ros2_msgs/include/ros2_msgs/ros2_msgs/srv/location.hpp
[3.524s] -- Up-to-date symlink: /home/matt/ros2_ws/install/ros2_msgs/include/ros2_msgs/ros2_msgs/action/detail/nasa__rosidl_typesupport_fastrtps_cpp.hpp
[3.524s] -- Up-to-date symlink: /home/matt/ros2_ws/install/ros2_msgs/include/ros2_msgs/ros2_msgs/msg/detail/location_name__rosidl_typesupport_fastrtps_cpp.hpp
[3.524s] -- Up-to-date symlink: /home/matt/ros2_ws/install/ros2_msgs/include/ros2_msgs/ros2_msgs/msg/rosidl_typesupport_fastrtps_cpp__visibility_control.h
[3.524s] -- Symlinking: /home/matt/ros2_ws/install/ros2_msgs/include/ros2_msgs/ros2_msgs/srv/detail/clear__rosidl_typesupport_fastrtps_cpp.hpp
[3.532s] -- Up-to-date symlink: /home/matt/ros2_ws/install/ros2_msgs/include/ros2_msgs/ros2_msgs/srv/detail/location__rosidl_typesupport_fastrtps_cpp.hpp
[3.533s] -- Up-to-date symlink: /home/matt/ros2_ws/install/ros2_msgs/include/ros2_msgs/ros2_msgs/action/detail/nasa__rosidl_typesupport_introspection_cpp.hpp
[3.533s] -- Up-to-date symlink: /home/matt/ros2_ws/install/ros2_msgs/include/ros2_msgs/ros2_msgs/msg/detail/location_name__rosidl_typesupport_introspection_cpp.hpp
[3.533s] -- Symlinking: /home/matt/ros2_ws/install/ros2_msgs/include/ros2_msgs/ros2_msgs/srv/detail/clear__rosidl_typesupport_introspection_cpp.hpp
[3.542s] -- Up-to-date symlink: /home/matt/ros2_ws/install/ros2_msgs/include/ros2_msgs/ros2_msgs/srv/detail/location__rosidl_typesupport_introspection_cpp.hpp
[3.542s] -- Up-to-date symlink: /home/matt/ros2_ws/install/ros2_msgs/share/ros2_msgs/environment/pythonpath.sh
[3.542s] -- Up-to-date symlink: /home/matt/ros2_ws/install/ros2_msgs/share/ros2_msgs/environment/pythonpath.dsv
[3.542s] -- Up-to-date symlink: /home/matt/ros2_ws/install/ros2_msgs/local/lib/python3.10/dist-packages/ros2_msgs-0.0.0-py3.10.egg-info/PKG-INFO
[3.542s] -- Up-to-date symlink: /home/matt/ros2_ws/install/ros2_msgs/local/lib/python3.10/dist-packages/ros2_msgs-0.0.0-py3.10.egg-info/SOURCES.txt
[3.542s] -- Up-to-date symlink: /home/matt/ros2_ws/install/ros2_msgs/local/lib/python3.10/dist-packages/ros2_msgs-0.0.0-py3.10.egg-info/dependency_links.txt
[3.542s] -- Up-to-date symlink: /home/matt/ros2_ws/install/ros2_msgs/local/lib/python3.10/dist-packages/ros2_msgs-0.0.0-py3.10.egg-info/top_level.txt
[3.542s] -- Up-to-date symlink: /home/matt/ros2_ws/install/ros2_msgs/local/lib/python3.10/dist-packages/ros2_msgs/__init__.py
[3.542s] -- Up-to-date symlink: /home/matt/ros2_ws/install/ros2_msgs/local/lib/python3.10/dist-packages/ros2_msgs/_ros2_msgs_s.ep.rosidl_typesupport_c.c
[3.543s] -- Up-to-date symlink: /home/matt/ros2_ws/install/ros2_msgs/local/lib/python3.10/dist-packages/ros2_msgs/_ros2_msgs_s.ep.rosidl_typesupport_fastrtps_c.c
[3.543s] -- Up-to-date symlink: /home/matt/ros2_ws/install/ros2_msgs/local/lib/python3.10/dist-packages/ros2_msgs/_ros2_msgs_s.ep.rosidl_typesupport_introspection_c.c
[3.543s] -- Up-to-date symlink: /home/matt/ros2_ws/install/ros2_msgs/local/lib/python3.10/dist-packages/ros2_msgs/action/__init__.py
[3.543s] -- Up-to-date symlink: /home/matt/ros2_ws/install/ros2_msgs/local/lib/python3.10/dist-packages/ros2_msgs/action/_nasa.py
[3.543s] -- Up-to-date symlink: /home/matt/ros2_ws/install/ros2_msgs/local/lib/python3.10/dist-packages/ros2_msgs/action/_nasa_s.c
[3.543s] -- Up-to-date symlink: /home/matt/ros2_ws/install/ros2_msgs/local/lib/python3.10/dist-packages/ros2_msgs/libros2_msgs__rosidl_generator_py.so
[3.543s] -- Up-to-date symlink: /home/matt/ros2_ws/install/ros2_msgs/local/lib/python3.10/dist-packages/ros2_msgs/msg/__init__.py
[3.543s] -- Up-to-date symlink: /home/matt/ros2_ws/install/ros2_msgs/local/lib/python3.10/dist-packages/ros2_msgs/msg/_location_name.py
[3.543s] -- Up-to-date symlink: /home/matt/ros2_ws/install/ros2_msgs/local/lib/python3.10/dist-packages/ros2_msgs/msg/_location_name_s.c
[3.543s] -- Up-to-date symlink: /home/matt/ros2_ws/install/ros2_msgs/local/lib/python3.10/dist-packages/ros2_msgs/ros2_msgs_s__rosidl_typesupport_c.cpython-310-x86_64-linux-gnu.so
[3.543s] -- Up-to-date symlink: /home/matt/ros2_ws/install/ros2_msgs/local/lib/python3.10/dist-packages/ros2_msgs/ros2_msgs_s__rosidl_typesupport_fastrtps_c.cpython-310-x86_64-linux-gnu.so
[3.543s] -- Up-to-date symlink: /home/matt/ros2_ws/install/ros2_msgs/local/lib/python3.10/dist-packages/ros2_msgs/ros2_msgs_s__rosidl_typesupport_introspection_c.cpython-310-x86_64-linux-gnu.so
[3.543s] -- Up-to-date symlink: /home/matt/ros2_ws/install/ros2_msgs/local/lib/python3.10/dist-packages/ros2_msgs/srv/__init__.py
[3.543s] -- Symlinking: /home/matt/ros2_ws/install/ros2_msgs/local/lib/python3.10/dist-packages/ros2_msgs/srv/_clear.py
[3.552s] -- Symlinking: /home/matt/ros2_ws/install/ros2_msgs/local/lib/python3.10/dist-packages/ros2_msgs/srv/_clear_s.c
[3.561s] -- Up-to-date symlink: /home/matt/ros2_ws/install/ros2_msgs/local/lib/python3.10/dist-packages/ros2_msgs/srv/_location.py
[3.561s] -- Up-to-date symlink: /home/matt/ros2_ws/install/ros2_msgs/local/lib/python3.10/dist-packages/ros2_msgs/srv/_location_s.c
[3.561s] -- Up-to-date symlink: /home/matt/ros2_ws/install/ros2_msgs/local/lib/python3.10/dist-packages/ros2_msgs/ros2_msgs_s__rosidl_typesupport_fastrtps_c.cpython-310-x86_64-linux-gnu.so
[3.561s] -- Up-to-date symlink: /home/matt/ros2_ws/install/ros2_msgs/local/lib/python3.10/dist-packages/ros2_msgs/ros2_msgs_s__rosidl_typesupport_introspection_c.cpython-310-x86_64-linux-gnu.so
[3.561s] -- Up-to-date symlink: /home/matt/ros2_ws/install/ros2_msgs/local/lib/python3.10/dist-packages/ros2_msgs/ros2_msgs_s__rosidl_typesupport_c.cpython-310-x86_64-linux-gnu.so
[3.561s] -- Up-to-date symlink: /home/matt/ros2_ws/install/ros2_msgs/share/ros2_msgs/action/Nasa.idl
[3.561s] -- Up-to-date symlink: /home/matt/ros2_ws/install/ros2_msgs/share/ros2_msgs/srv/Location.idl
[3.561s] -- Symlinking: /home/matt/ros2_ws/install/ros2_msgs/share/ros2_msgs/srv/Clear.idl
[3.570s] -- Up-to-date symlink: /home/matt/ros2_ws/install/ros2_msgs/share/ros2_msgs/msg/LocationName.idl
[3.570s] -- Up-to-date symlink: /home/matt/ros2_ws/install/ros2_msgs/share/ros2_msgs/action/Nasa.action
[3.570s] -- Up-to-date symlink: /home/matt/ros2_ws/install/ros2_msgs/share/ros2_msgs/srv/Location.srv
[3.570s] -- Up-to-date symlink: /home/matt/ros2_ws/install/ros2_msgs/share/ros2_msgs/srv/Location_Request.msg
[3.570s] -- Up-to-date symlink: /home/matt/ros2_ws/install/ros2_msgs/share/ros2_msgs/srv/Location_Response.msg
[3.570s] -- Symlinking: /home/matt/ros2_ws/install/ros2_msgs/share/ros2_msgs/srv/Clear.srv
[3.579s] -- Symlinking: /home/matt/ros2_ws/install/ros2_msgs/share/ros2_msgs/srv/Clear_Request.msg
[3.586s] -- Symlinking: /home/matt/ros2_ws/install/ros2_msgs/share/ros2_msgs/srv/Clear_Response.msg
[3.594s] -- Up-to-date symlink: /home/matt/ros2_ws/install/ros2_msgs/share/ros2_msgs/msg/LocationName.msg
[3.594s] -- Up-to-date symlink: /home/matt/ros2_ws/install/ros2_msgs/share/ament_index/resource_index/package_run_dependencies/ros2_msgs
[3.594s] -- Up-to-date symlink: /home/matt/ros2_ws/install/ros2_msgs/share/ament_index/resource_index/parent_prefix_path/ros2_msgs
[3.594s] -- Up-to-date symlink: /home/matt/ros2_ws/install/ros2_msgs/share/ros2_msgs/environment/ament_prefix_path.sh
[3.594s] -- Up-to-date symlink: /home/matt/ros2_ws/install/ros2_msgs/share/ros2_msgs/environment/ament_prefix_path.dsv
[3.594s] -- Up-to-date symlink: /home/matt/ros2_ws/install/ros2_msgs/share/ros2_msgs/environment/path.sh
[3.594s] -- Up-to-date symlink: /home/matt/ros2_ws/install/ros2_msgs/share/ros2_msgs/environment/path.dsv
[3.594s] -- Up-to-date symlink: /home/matt/ros2_ws/install/ros2_msgs/share/ros2_msgs/local_setup.bash
[3.594s] -- Up-to-date symlink: /home/matt/ros2_ws/install/ros2_msgs/share/ros2_msgs/local_setup.sh
[3.594s] -- Up-to-date symlink: /home/matt/ros2_ws/install/ros2_msgs/share/ros2_msgs/local_setup.zsh
[3.594s] -- Up-to-date symlink: /home/matt/ros2_ws/install/ros2_msgs/share/ros2_msgs/local_setup.dsv
[3.595s] -- Symlinking: /home/matt/ros2_ws/install/ros2_msgs/share/ros2_msgs/package.dsv
[3.602s] -- Up-to-date symlink: /home/matt/ros2_ws/install/ros2_msgs/share/ament_index/resource_index/packages/ros2_msgs
[3.602s] -- Up-to-date symlink: /home/matt/ros2_ws/install/ros2_msgs/share/ros2_msgs/cmake/rosidl_cmake-extras.cmake
[3.603s] -- Up-to-date symlink: /home/matt/ros2_ws/install/ros2_msgs/share/ros2_msgs/cmake/ament_cmake_export_dependencies-extras.cmake
[3.603s] -- Up-to-date symlink: /home/matt/ros2_ws/install/ros2_msgs/share/ros2_msgs/cmake/ament_cmake_export_include_directories-extras.cmake
[3.603s] -- Up-to-date symlink: /home/matt/ros2_ws/install/ros2_msgs/share/ros2_msgs/cmake/ament_cmake_export_libraries-extras.cmake
[3.603s] -- Up-to-date symlink: /home/matt/ros2_ws/install/ros2_msgs/share/ros2_msgs/cmake/ament_cmake_export_targets-extras.cmake
[3.603s] -- Up-to-date symlink: /home/matt/ros2_ws/install/ros2_msgs/share/ros2_msgs/cmake/rosidl_cmake_export_typesupport_targets-extras.cmake
[3.603s] -- Up-to-date symlink: /home/matt/ros2_ws/install/ros2_msgs/share/ros2_msgs/cmake/rosidl_cmake_export_typesupport_libraries-extras.cmake
[3.603s] -- Up-to-date symlink: /home/matt/ros2_ws/install/ros2_msgs/share/ros2_msgs/cmake/ros2_msgsConfig.cmake
[3.603s] -- Up-to-date symlink: /home/matt/ros2_ws/install/ros2_msgs/share/ros2_msgs/cmake/ros2_msgsConfig-version.cmake
[3.603s] -- Up-to-date symlink: /home/matt/ros2_ws/install/ros2_msgs/share/ros2_msgs/package.xml
[3.603s] -- Installing: /home/matt/ros2_ws/install/ros2_msgs/lib/libros2_msgs__rosidl_generator_c.so
[3.604s] -- Set runtime path of "/home/matt/ros2_ws/install/ros2_msgs/lib/libros2_msgs__rosidl_generator_c.so" to ""
[3.604s] -- Installing: /home/matt/ros2_ws/install/ros2_msgs/lib/libros2_msgs__rosidl_typesupport_fastrtps_c.so
[3.604s] -- Set runtime path of "/home/matt/ros2_ws/install/ros2_msgs/lib/libros2_msgs__rosidl_typesupport_fastrtps_c.so" to ""
[3.604s] -- Installing: /home/matt/ros2_ws/install/ros2_msgs/lib/libros2_msgs__rosidl_typesupport_introspection_c.so
[3.604s] -- Set runtime path of "/home/matt/ros2_ws/install/ros2_msgs/lib/libros2_msgs__rosidl_typesupport_introspection_c.so" to ""
[3.604s] -- Installing: /home/matt/ros2_ws/install/ros2_msgs/lib/libros2_msgs__rosidl_typesupport_c.so
[3.605s] -- Set runtime path of "/home/matt/ros2_ws/install/ros2_msgs/lib/libros2_msgs__rosidl_typesupport_c.so" to ""
[3.605s] -- Installing: /home/matt/ros2_ws/install/ros2_msgs/lib/libros2_msgs__rosidl_typesupport_fastrtps_cpp.so
[3.605s] -- Set runtime path of "/home/matt/ros2_ws/install/ros2_msgs/lib/libros2_msgs__rosidl_typesupport_fastrtps_cpp.so" to ""
[3.605s] -- Installing: /home/matt/ros2_ws/install/ros2_msgs/lib/libros2_msgs__rosidl_typesupport_introspection_cpp.so
[3.606s] -- Set runtime path of "/home/matt/ros2_ws/install/ros2_msgs/lib/libros2_msgs__rosidl_typesupport_introspection_cpp.so" to ""
[3.606s] -- Installing: /home/matt/ros2_ws/install/ros2_msgs/lib/libros2_msgs__rosidl_typesupport_cpp.so
[3.606s] -- Set runtime path of "/home/matt/ros2_ws/install/ros2_msgs/lib/libros2_msgs__rosidl_typesupport_cpp.so" to ""
[3.637s] Listing '/home/matt/ros2_ws/install/ros2_msgs/local/lib/python3.10/dist-packages/ros2_msgs'...
[3.637s] Compiling '/home/matt/ros2_ws/install/ros2_msgs/local/lib/python3.10/dist-packages/ros2_msgs/__init__.py'...
[3.637s] Listing '/home/matt/ros2_ws/install/ros2_msgs/local/lib/python3.10/dist-packages/ros2_msgs/action'...
[3.638s] Compiling '/home/matt/ros2_ws/install/ros2_msgs/local/lib/python3.10/dist-packages/ros2_msgs/action/__init__.py'...
[3.638s] Compiling '/home/matt/ros2_ws/install/ros2_msgs/local/lib/python3.10/dist-packages/ros2_msgs/action/_nasa.py'...
[3.638s] Listing '/home/matt/ros2_ws/install/ros2_msgs/local/lib/python3.10/dist-packages/ros2_msgs/msg'...
[3.638s] Compiling '/home/matt/ros2_ws/install/ros2_msgs/local/lib/python3.10/dist-packages/ros2_msgs/msg/__init__.py'...
[3.638s] Compiling '/home/matt/ros2_ws/install/ros2_msgs/local/lib/python3.10/dist-packages/ros2_msgs/msg/_location_name.py'...
[3.638s] Listing '/home/matt/ros2_ws/install/ros2_msgs/local/lib/python3.10/dist-packages/ros2_msgs/srv'...
[3.638s] Compiling '/home/matt/ros2_ws/install/ros2_msgs/local/lib/python3.10/dist-packages/ros2_msgs/srv/__init__.py'...
[3.638s] Compiling '/home/matt/ros2_ws/install/ros2_msgs/local/lib/python3.10/dist-packages/ros2_msgs/srv/_clear.py'...
[3.638s] Compiling '/home/matt/ros2_ws/install/ros2_msgs/local/lib/python3.10/dist-packages/ros2_msgs/srv/_location.py'...
[3.641s] -- Installing: /home/matt/ros2_ws/install/ros2_msgs/lib/libros2_msgs__rosidl_generator_py.so
[3.641s] -- Set runtime path of "/home/matt/ros2_ws/install/ros2_msgs/lib/libros2_msgs__rosidl_generator_py.so" to ""
[3.641s] -- Up-to-date: /home/matt/ros2_ws/install/ros2_msgs/share/ros2_msgs/cmake/export_ros2_msgs__rosidl_generator_cExport.cmake
[3.641s] -- Up-to-date: /home/matt/ros2_ws/install/ros2_msgs/share/ros2_msgs/cmake/export_ros2_msgs__rosidl_generator_cExport-noconfig.cmake
[3.641s] -- Up-to-date: /home/matt/ros2_ws/install/ros2_msgs/share/ros2_msgs/cmake/export_ros2_msgs__rosidl_typesupport_fastrtps_cExport.cmake
[3.641s] -- Up-to-date: /home/matt/ros2_ws/install/ros2_msgs/share/ros2_msgs/cmake/export_ros2_msgs__rosidl_typesupport_fastrtps_cExport-noconfig.cmake
[3.641s] -- Up-to-date: /home/matt/ros2_ws/install/ros2_msgs/share/ros2_msgs/cmake/ros2_msgs__rosidl_typesupport_introspection_cExport.cmake
[3.641s] -- Up-to-date: /home/matt/ros2_ws/install/ros2_msgs/share/ros2_msgs/cmake/ros2_msgs__rosidl_typesupport_introspection_cExport-noconfig.cmake
[3.641s] -- Up-to-date: /home/matt/ros2_ws/install/ros2_msgs/share/ros2_msgs/cmake/ros2_msgs__rosidl_typesupport_cExport.cmake
[3.641s] -- Up-to-date: /home/matt/ros2_ws/install/ros2_msgs/share/ros2_msgs/cmake/ros2_msgs__rosidl_typesupport_cExport-noconfig.cmake
[3.641s] -- Up-to-date: /home/matt/ros2_ws/install/ros2_msgs/share/ros2_msgs/cmake/export_ros2_msgs__rosidl_generator_cppExport.cmake
[3.641s] -- Up-to-date: /home/matt/ros2_ws/install/ros2_msgs/share/ros2_msgs/cmake/export_ros2_msgs__rosidl_typesupport_fastrtps_cppExport.cmake
[3.641s] -- Up-to-date: /home/matt/ros2_ws/install/ros2_msgs/share/ros2_msgs/cmake/export_ros2_msgs__rosidl_typesupport_fastrtps_cppExport-noconfig.cmake
[3.641s] -- Up-to-date: /home/matt/ros2_ws/install/ros2_msgs/share/ros2_msgs/cmake/ros2_msgs__rosidl_typesupport_introspection_cppExport.cmake
[3.642s] -- Up-to-date: /home/matt/ros2_ws/install/ros2_msgs/share/ros2_msgs/cmake/ros2_msgs__rosidl_typesupport_introspection_cppExport-noconfig.cmake
[3.642s] -- Up-to-date: /home/matt/ros2_ws/install/ros2_msgs/share/ros2_msgs/cmake/ros2_msgs__rosidl_typesupport_cppExport.cmake
[3.642s] -- Up-to-date: /home/matt/ros2_ws/install/ros2_msgs/share/ros2_msgs/cmake/ros2_msgs__rosidl_typesupport_cppExport-noconfig.cmake
[3.642s] -- Up-to-date: /home/matt/ros2_ws/install/ros2_msgs/share/ros2_msgs/cmake/export_ros2_msgs__rosidl_generator_pyExport.cmake
[3.642s] -- Up-to-date: /home/matt/ros2_ws/install/ros2_msgs/share/ros2_msgs/cmake/export_ros2_msgs__rosidl_generator_pyExport-noconfig.cmake
[3.643s] Invoked command in '/home/matt/ros2_ws/build/ros2_msgs' returned '0': CMAKE_PREFIX_PATH=${CMAKE_PREFIX_PATH}:/home/matt/ros2_ws/install/rob599_hw3:/opt/ros/humble /usr/bin/cmake --install /home/matt/ros2_ws/build/ros2_msgs
