[0.557s] DEBUG:colcon:Command line arguments: ['/usr/bin/colcon', 'build']
[0.557s] DEBUG:colcon:Parsed command line arguments: Namespace(log_base=None, log_level=None, verb_name='build', build_base='build', install_base='install', merge_install=False, symlink_install=False, test_result_base=None, continue_on_error=False, executor='parallel', parallel_workers=24, event_handlers=None, ignore_user_meta=False, metas=['./colcon.meta'], base_paths=['.'], packages_ignore=None, packages_ignore_regex=None, paths=None, packages_up_to=None, packages_up_to_regex=None, packages_above=None, packages_above_and_dependencies=None, packages_above_depth=None, packages_select_by_dep=None, packages_skip_by_dep=None, packages_skip_up_to=None, packages_select_build_failed=False, packages_skip_build_finished=False, packages_select_test_failures=False, packages_skip_test_passed=False, packages_select=None, packages_skip=None, packages_select_regex=None, packages_skip_regex=None, packages_start=None, packages_end=None, allow_overriding=[], cmake_args=None, cmake_target=None, cmake_target_skip_unavailable=False, cmake_clean_cache=False, cmake_clean_first=False, cmake_force_configure=False, ament_cmake_args=None, catkin_cmake_args=None, catkin_skip_building_tests=False, verb_parser=<colcon_defaults.argument_parser.defaults.DefaultArgumentsDecorator object at 0x7f16e90ea200>, verb_extension=<colcon_core.verb.build.BuildVerb object at 0x7f16e907e170>, main=<bound method BuildVerb.main of <colcon_core.verb.build.BuildVerb object at 0x7f16e907e170>>)
[0.583s] Level 1:colcon.colcon_core.package_discovery:discover_packages(colcon_meta) check parameters
[0.583s] Level 1:colcon.colcon_core.package_discovery:discover_packages(recursive) check parameters
[0.583s] Level 1:colcon.colcon_core.package_discovery:discover_packages(ignore) check parameters
[0.583s] Level 1:colcon.colcon_core.package_discovery:discover_packages(path) check parameters
[0.583s] Level 1:colcon.colcon_core.package_discovery:discover_packages(colcon_meta) discover
[0.583s] Level 1:colcon.colcon_core.package_discovery:discover_packages(recursive) discover
[0.583s] INFO:colcon.colcon_core.package_discovery:Crawling recursively for packages in '/home/matt/ros2_ws'
[0.583s] Level 1:colcon.colcon_core.package_identification:_identify(.) by extensions ['ignore', 'ignore_ament_install']
[0.583s] Level 1:colcon.colcon_core.package_identification:_identify(.) by extension 'ignore'
[0.583s] Level 1:colcon.colcon_core.package_identification:_identify(.) by extension 'ignore_ament_install'
[0.583s] Level 1:colcon.colcon_core.package_identification:_identify(.) by extensions ['colcon_pkg']
[0.583s] Level 1:colcon.colcon_core.package_identification:_identify(.) by extension 'colcon_pkg'
[0.583s] Level 1:colcon.colcon_core.package_identification:_identify(.) by extensions ['colcon_meta']
[0.583s] Level 1:colcon.colcon_core.package_identification:_identify(.) by extension 'colcon_meta'
[0.583s] Level 1:colcon.colcon_core.package_identification:_identify(.) by extensions ['ros']
[0.583s] Level 1:colcon.colcon_core.package_identification:_identify(.) by extension 'ros'
[0.590s] Level 1:colcon.colcon_core.package_identification:_identify(.) by extensions ['cmake', 'python']
[0.590s] Level 1:colcon.colcon_core.package_identification:_identify(.) by extension 'cmake'
[0.590s] Level 1:colcon.colcon_core.package_identification:_identify(.) by extension 'python'
[0.591s] Level 1:colcon.colcon_core.package_identification:_identify(.) by extensions ['python_setup_py']
[0.591s] Level 1:colcon.colcon_core.package_identification:_identify(.) by extension 'python_setup_py'
[0.591s] Level 1:colcon.colcon_core.package_identification:_identify(build) by extensions ['ignore', 'ignore_ament_install']
[0.591s] Level 1:colcon.colcon_core.package_identification:_identify(build) by extension 'ignore'
[0.591s] Level 1:colcon.colcon_core.package_identification:_identify(build) ignored
[0.591s] Level 1:colcon.colcon_core.package_identification:_identify(install) by extensions ['ignore', 'ignore_ament_install']
[0.591s] Level 1:colcon.colcon_core.package_identification:_identify(install) by extension 'ignore'
[0.591s] Level 1:colcon.colcon_core.package_identification:_identify(install) ignored
[0.591s] Level 1:colcon.colcon_core.package_identification:_identify(log) by extensions ['ignore', 'ignore_ament_install']
[0.591s] Level 1:colcon.colcon_core.package_identification:_identify(log) by extension 'ignore'
[0.591s] Level 1:colcon.colcon_core.package_identification:_identify(log) ignored
[0.591s] Level 1:colcon.colcon_core.package_identification:_identify(src) by extensions ['ignore', 'ignore_ament_install']
[0.591s] Level 1:colcon.colcon_core.package_identification:_identify(src) by extension 'ignore'
[0.591s] Level 1:colcon.colcon_core.package_identification:_identify(src) by extension 'ignore_ament_install'
[0.591s] Level 1:colcon.colcon_core.package_identification:_identify(src) by extensions ['colcon_pkg']
[0.591s] Level 1:colcon.colcon_core.package_identification:_identify(src) by extension 'colcon_pkg'
[0.591s] Level 1:colcon.colcon_core.package_identification:_identify(src) by extensions ['colcon_meta']
[0.591s] Level 1:colcon.colcon_core.package_identification:_identify(src) by extension 'colcon_meta'
[0.591s] Level 1:colcon.colcon_core.package_identification:_identify(src) by extensions ['ros']
[0.591s] Level 1:colcon.colcon_core.package_identification:_identify(src) by extension 'ros'
[0.591s] Level 1:colcon.colcon_core.package_identification:_identify(src) by extensions ['cmake', 'python']
[0.591s] Level 1:colcon.colcon_core.package_identification:_identify(src) by extension 'cmake'
[0.591s] Level 1:colcon.colcon_core.package_identification:_identify(src) by extension 'python'
[0.591s] Level 1:colcon.colcon_core.package_identification:_identify(src) by extensions ['python_setup_py']
[0.591s] Level 1:colcon.colcon_core.package_identification:_identify(src) by extension 'python_setup_py'
[0.591s] Level 1:colcon.colcon_core.package_identification:_identify(src/rob599_hw3) by extensions ['ignore', 'ignore_ament_install']
[0.591s] Level 1:colcon.colcon_core.package_identification:_identify(src/rob599_hw3) by extension 'ignore'
[0.591s] Level 1:colcon.colcon_core.package_identification:_identify(src/rob599_hw3) by extension 'ignore_ament_install'
[0.591s] Level 1:colcon.colcon_core.package_identification:_identify(src/rob599_hw3) by extensions ['colcon_pkg']
[0.591s] Level 1:colcon.colcon_core.package_identification:_identify(src/rob599_hw3) by extension 'colcon_pkg'
[0.591s] Level 1:colcon.colcon_core.package_identification:_identify(src/rob599_hw3) by extensions ['colcon_meta']
[0.591s] Level 1:colcon.colcon_core.package_identification:_identify(src/rob599_hw3) by extension 'colcon_meta'
[0.592s] Level 1:colcon.colcon_core.package_identification:_identify(src/rob599_hw3) by extensions ['ros']
[0.592s] Level 1:colcon.colcon_core.package_identification:_identify(src/rob599_hw3) by extension 'ros'
[0.593s] DEBUG:colcon.colcon_core.package_identification:Package 'src/rob599_hw3' with type 'ros.ament_python' and name 'rob599_hw3'
[0.593s] Level 1:colcon.colcon_core.package_identification:_identify(src/ros2_msgs) by extensions ['ignore', 'ignore_ament_install']
[0.593s] Level 1:colcon.colcon_core.package_identification:_identify(src/ros2_msgs) by extension 'ignore'
[0.593s] Level 1:colcon.colcon_core.package_identification:_identify(src/ros2_msgs) by extension 'ignore_ament_install'
[0.593s] Level 1:colcon.colcon_core.package_identification:_identify(src/ros2_msgs) by extensions ['colcon_pkg']
[0.593s] Level 1:colcon.colcon_core.package_identification:_identify(src/ros2_msgs) by extension 'colcon_pkg'
[0.593s] Level 1:colcon.colcon_core.package_identification:_identify(src/ros2_msgs) by extensions ['colcon_meta']
[0.593s] Level 1:colcon.colcon_core.package_identification:_identify(src/ros2_msgs) by extension 'colcon_meta'
[0.593s] Level 1:colcon.colcon_core.package_identification:_identify(src/ros2_msgs) by extensions ['ros']
[0.593s] Level 1:colcon.colcon_core.package_identification:_identify(src/ros2_msgs) by extension 'ros'
[0.594s] DEBUG:colcon.colcon_core.package_identification:Package 'src/ros2_msgs' with type 'ros.ament_cmake' and name 'ros2_msgs'
[0.594s] Level 1:colcon.colcon_core.package_identification:_identify(src/turtlebot3_simulations) by extensions ['ignore', 'ignore_ament_install']
[0.594s] Level 1:colcon.colcon_core.package_identification:_identify(src/turtlebot3_simulations) by extension 'ignore'
[0.594s] Level 1:colcon.colcon_core.package_identification:_identify(src/turtlebot3_simulations) by extension 'ignore_ament_install'
[0.594s] Level 1:colcon.colcon_core.package_identification:_identify(src/turtlebot3_simulations) by extensions ['colcon_pkg']
[0.594s] Level 1:colcon.colcon_core.package_identification:_identify(src/turtlebot3_simulations) by extension 'colcon_pkg'
[0.594s] Level 1:colcon.colcon_core.package_identification:_identify(src/turtlebot3_simulations) by extensions ['colcon_meta']
[0.594s] Level 1:colcon.colcon_core.package_identification:_identify(src/turtlebot3_simulations) by extension 'colcon_meta'
[0.594s] Level 1:colcon.colcon_core.package_identification:_identify(src/turtlebot3_simulations) by extensions ['ros']
[0.594s] Level 1:colcon.colcon_core.package_identification:_identify(src/turtlebot3_simulations) by extension 'ros'
[0.594s] Level 1:colcon.colcon_core.package_identification:_identify(src/turtlebot3_simulations) by extensions ['cmake', 'python']
[0.594s] Level 1:colcon.colcon_core.package_identification:_identify(src/turtlebot3_simulations) by extension 'cmake'
[0.594s] Level 1:colcon.colcon_core.package_identification:_identify(src/turtlebot3_simulations) by extension 'python'
[0.594s] Level 1:colcon.colcon_core.package_identification:_identify(src/turtlebot3_simulations) by extensions ['python_setup_py']
[0.594s] Level 1:colcon.colcon_core.package_identification:_identify(src/turtlebot3_simulations) by extension 'python_setup_py'
[0.594s] Level 1:colcon.colcon_core.package_identification:_identify(src/turtlebot3_simulations/turtlebot3_fake_node) by extensions ['ignore', 'ignore_ament_install']
[0.594s] Level 1:colcon.colcon_core.package_identification:_identify(src/turtlebot3_simulations/turtlebot3_fake_node) by extension 'ignore'
[0.594s] Level 1:colcon.colcon_core.package_identification:_identify(src/turtlebot3_simulations/turtlebot3_fake_node) by extension 'ignore_ament_install'
[0.594s] Level 1:colcon.colcon_core.package_identification:_identify(src/turtlebot3_simulations/turtlebot3_fake_node) by extensions ['colcon_pkg']
[0.594s] Level 1:colcon.colcon_core.package_identification:_identify(src/turtlebot3_simulations/turtlebot3_fake_node) by extension 'colcon_pkg'
[0.594s] Level 1:colcon.colcon_core.package_identification:_identify(src/turtlebot3_simulations/turtlebot3_fake_node) by extensions ['colcon_meta']
[0.594s] Level 1:colcon.colcon_core.package_identification:_identify(src/turtlebot3_simulations/turtlebot3_fake_node) by extension 'colcon_meta'
[0.594s] Level 1:colcon.colcon_core.package_identification:_identify(src/turtlebot3_simulations/turtlebot3_fake_node) by extensions ['ros']
[0.594s] Level 1:colcon.colcon_core.package_identification:_identify(src/turtlebot3_simulations/turtlebot3_fake_node) by extension 'ros'
[0.595s] DEBUG:colcon.colcon_core.package_identification:Package 'src/turtlebot3_simulations/turtlebot3_fake_node' with type 'ros.ament_cmake' and name 'turtlebot3_fake_node'
[0.595s] Level 1:colcon.colcon_core.package_identification:_identify(src/turtlebot3_simulations/turtlebot3_gazebo) by extensions ['ignore', 'ignore_ament_install']
[0.595s] Level 1:colcon.colcon_core.package_identification:_identify(src/turtlebot3_simulations/turtlebot3_gazebo) by extension 'ignore'
[0.595s] Level 1:colcon.colcon_core.package_identification:_identify(src/turtlebot3_simulations/turtlebot3_gazebo) by extension 'ignore_ament_install'
[0.595s] Level 1:colcon.colcon_core.package_identification:_identify(src/turtlebot3_simulations/turtlebot3_gazebo) by extensions ['colcon_pkg']
[0.595s] Level 1:colcon.colcon_core.package_identification:_identify(src/turtlebot3_simulations/turtlebot3_gazebo) by extension 'colcon_pkg'
[0.595s] Level 1:colcon.colcon_core.package_identification:_identify(src/turtlebot3_simulations/turtlebot3_gazebo) by extensions ['colcon_meta']
[0.595s] Level 1:colcon.colcon_core.package_identification:_identify(src/turtlebot3_simulations/turtlebot3_gazebo) by extension 'colcon_meta'
[0.595s] Level 1:colcon.colcon_core.package_identification:_identify(src/turtlebot3_simulations/turtlebot3_gazebo) by extensions ['ros']
[0.595s] Level 1:colcon.colcon_core.package_identification:_identify(src/turtlebot3_simulations/turtlebot3_gazebo) by extension 'ros'
[0.596s] DEBUG:colcon.colcon_core.package_identification:Package 'src/turtlebot3_simulations/turtlebot3_gazebo' with type 'ros.ament_cmake' and name 'turtlebot3_gazebo'
[0.596s] Level 1:colcon.colcon_core.package_identification:_identify(src/turtlebot3_simulations/turtlebot3_simulations) by extensions ['ignore', 'ignore_ament_install']
[0.596s] Level 1:colcon.colcon_core.package_identification:_identify(src/turtlebot3_simulations/turtlebot3_simulations) by extension 'ignore'
[0.596s] Level 1:colcon.colcon_core.package_identification:_identify(src/turtlebot3_simulations/turtlebot3_simulations) by extension 'ignore_ament_install'
[0.596s] Level 1:colcon.colcon_core.package_identification:_identify(src/turtlebot3_simulations/turtlebot3_simulations) by extensions ['colcon_pkg']
[0.596s] Level 1:colcon.colcon_core.package_identification:_identify(src/turtlebot3_simulations/turtlebot3_simulations) by extension 'colcon_pkg'
[0.596s] Level 1:colcon.colcon_core.package_identification:_identify(src/turtlebot3_simulations/turtlebot3_simulations) by extensions ['colcon_meta']
[0.596s] Level 1:colcon.colcon_core.package_identification:_identify(src/turtlebot3_simulations/turtlebot3_simulations) by extension 'colcon_meta'
[0.596s] Level 1:colcon.colcon_core.package_identification:_identify(src/turtlebot3_simulations/turtlebot3_simulations) by extensions ['ros']
[0.596s] Level 1:colcon.colcon_core.package_identification:_identify(src/turtlebot3_simulations/turtlebot3_simulations) by extension 'ros'
[0.596s] DEBUG:colcon.colcon_core.package_identification:Package 'src/turtlebot3_simulations/turtlebot3_simulations' with type 'ros.ament_cmake' and name 'turtlebot3_simulations'
[0.596s] Level 1:colcon.colcon_core.package_discovery:discover_packages(recursive) using defaults
[0.596s] Level 1:colcon.colcon_core.package_discovery:discover_packages(ignore) discover
[0.596s] Level 1:colcon.colcon_core.package_discovery:discover_packages(ignore) using defaults
[0.596s] Level 1:colcon.colcon_core.package_discovery:discover_packages(path) discover
[0.596s] Level 1:colcon.colcon_core.package_discovery:discover_packages(path) using defaults
[0.648s] Level 1:colcon.colcon_core.package_discovery:discover_packages(prefix_path) check parameters
[0.648s] Level 1:colcon.colcon_core.package_discovery:discover_packages(prefix_path) discover
[0.664s] DEBUG:colcon.colcon_installed_package_information.package_discovery:Found 1 installed packages in /home/matt/ros-humble-ros1-bridge/install
[0.677s] DEBUG:colcon.colcon_installed_package_information.package_discovery:Found 5 installed packages in /home/matt/ros2_ws/install
[0.685s] DEBUG:colcon.colcon_installed_package_information.package_discovery:Found 394 installed packages in /opt/ros/humble
[0.686s] Level 1:colcon.colcon_core.package_discovery:discover_packages(prefix_path) using defaults
[0.745s] Level 5:colcon.colcon_core.verb:set package 'ros2_msgs' build argument 'cmake_args' from command line to 'None'
[0.745s] Level 5:colcon.colcon_core.verb:set package 'ros2_msgs' build argument 'cmake_target' from command line to 'None'
[0.745s] Level 5:colcon.colcon_core.verb:set package 'ros2_msgs' build argument 'cmake_target_skip_unavailable' from command line to 'False'
[0.745s] Level 5:colcon.colcon_core.verb:set package 'ros2_msgs' build argument 'cmake_clean_cache' from command line to 'False'
[0.745s] Level 5:colcon.colcon_core.verb:set package 'ros2_msgs' build argument 'cmake_clean_first' from command line to 'False'
[0.745s] Level 5:colcon.colcon_core.verb:set package 'ros2_msgs' build argument 'cmake_force_configure' from command line to 'False'
[0.745s] Level 5:colcon.colcon_core.verb:set package 'ros2_msgs' build argument 'ament_cmake_args' from command line to 'None'
[0.745s] Level 5:colcon.colcon_core.verb:set package 'ros2_msgs' build argument 'catkin_cmake_args' from command line to 'None'
[0.745s] Level 5:colcon.colcon_core.verb:set package 'ros2_msgs' build argument 'catkin_skip_building_tests' from command line to 'False'
[0.745s] DEBUG:colcon.colcon_core.verb:Building package 'ros2_msgs' with the following arguments: {'ament_cmake_args': None, 'build_base': '/home/matt/ros2_ws/build/ros2_msgs', 'catkin_cmake_args': None, 'catkin_skip_building_tests': False, 'cmake_args': None, 'cmake_clean_cache': False, 'cmake_clean_first': False, 'cmake_force_configure': False, 'cmake_target': None, 'cmake_target_skip_unavailable': False, 'install_base': '/home/matt/ros2_ws/install/ros2_msgs', 'merge_install': False, 'path': '/home/matt/ros2_ws/src/ros2_msgs', 'symlink_install': False, 'test_result_base': None}
[0.753s] Level 5:colcon.colcon_core.verb:set package 'turtlebot3_fake_node' build argument 'cmake_args' from command line to 'None'
[0.753s] Level 5:colcon.colcon_core.verb:set package 'turtlebot3_fake_node' build argument 'cmake_target' from command line to 'None'
[0.753s] Level 5:colcon.colcon_core.verb:set package 'turtlebot3_fake_node' build argument 'cmake_target_skip_unavailable' from command line to 'False'
[0.753s] Level 5:colcon.colcon_core.verb:set package 'turtlebot3_fake_node' build argument 'cmake_clean_cache' from command line to 'False'
[0.753s] Level 5:colcon.colcon_core.verb:set package 'turtlebot3_fake_node' build argument 'cmake_clean_first' from command line to 'False'
[0.753s] Level 5:colcon.colcon_core.verb:set package 'turtlebot3_fake_node' build argument 'cmake_force_configure' from command line to 'False'
[0.753s] Level 5:colcon.colcon_core.verb:set package 'turtlebot3_fake_node' build argument 'ament_cmake_args' from command line to 'None'
[0.753s] Level 5:colcon.colcon_core.verb:set package 'turtlebot3_fake_node' build argument 'catkin_cmake_args' from command line to 'None'
[0.753s] Level 5:colcon.colcon_core.verb:set package 'turtlebot3_fake_node' build argument 'catkin_skip_building_tests' from command line to 'False'
[0.754s] DEBUG:colcon.colcon_core.verb:Building package 'turtlebot3_fake_node' with the following arguments: {'ament_cmake_args': None, 'build_base': '/home/matt/ros2_ws/build/turtlebot3_fake_node', 'catkin_cmake_args': None, 'catkin_skip_building_tests': False, 'cmake_args': None, 'cmake_clean_cache': False, 'cmake_clean_first': False, 'cmake_force_configure': False, 'cmake_target': None, 'cmake_target_skip_unavailable': False, 'install_base': '/home/matt/ros2_ws/install/turtlebot3_fake_node', 'merge_install': False, 'path': '/home/matt/ros2_ws/src/turtlebot3_simulations/turtlebot3_fake_node', 'symlink_install': False, 'test_result_base': None}
[0.761s] Level 5:colcon.colcon_core.verb:set package 'turtlebot3_gazebo' build argument 'cmake_args' from command line to 'None'
[0.761s] Level 5:colcon.colcon_core.verb:set package 'turtlebot3_gazebo' build argument 'cmake_target' from command line to 'None'
[0.762s] Level 5:colcon.colcon_core.verb:set package 'turtlebot3_gazebo' build argument 'cmake_target_skip_unavailable' from command line to 'False'
[0.762s] Level 5:colcon.colcon_core.verb:set package 'turtlebot3_gazebo' build argument 'cmake_clean_cache' from command line to 'False'
[0.762s] Level 5:colcon.colcon_core.verb:set package 'turtlebot3_gazebo' build argument 'cmake_clean_first' from command line to 'False'
[0.762s] Level 5:colcon.colcon_core.verb:set package 'turtlebot3_gazebo' build argument 'cmake_force_configure' from command line to 'False'
[0.762s] Level 5:colcon.colcon_core.verb:set package 'turtlebot3_gazebo' build argument 'ament_cmake_args' from command line to 'None'
[0.762s] Level 5:colcon.colcon_core.verb:set package 'turtlebot3_gazebo' build argument 'catkin_cmake_args' from command line to 'None'
[0.762s] Level 5:colcon.colcon_core.verb:set package 'turtlebot3_gazebo' build argument 'catkin_skip_building_tests' from command line to 'False'
[0.762s] DEBUG:colcon.colcon_core.verb:Building package 'turtlebot3_gazebo' with the following arguments: {'ament_cmake_args': None, 'build_base': '/home/matt/ros2_ws/build/turtlebot3_gazebo', 'catkin_cmake_args': None, 'catkin_skip_building_tests': False, 'cmake_args': None, 'cmake_clean_cache': False, 'cmake_clean_first': False, 'cmake_force_configure': False, 'cmake_target': None, 'cmake_target_skip_unavailable': False, 'install_base': '/home/matt/ros2_ws/install/turtlebot3_gazebo', 'merge_install': False, 'path': '/home/matt/ros2_ws/src/turtlebot3_simulations/turtlebot3_gazebo', 'symlink_install': False, 'test_result_base': None}
[0.770s] Level 5:colcon.colcon_core.verb:set package 'rob599_hw3' build argument 'cmake_args' from command line to 'None'
[0.770s] Level 5:colcon.colcon_core.verb:set package 'rob599_hw3' build argument 'cmake_target' from command line to 'None'
[0.770s] Level 5:colcon.colcon_core.verb:set package 'rob599_hw3' build argument 'cmake_target_skip_unavailable' from command line to 'False'
[0.770s] Level 5:colcon.colcon_core.verb:set package 'rob599_hw3' build argument 'cmake_clean_cache' from command line to 'False'
[0.770s] Level 5:colcon.colcon_core.verb:set package 'rob599_hw3' build argument 'cmake_clean_first' from command line to 'False'
[0.770s] Level 5:colcon.colcon_core.verb:set package 'rob599_hw3' build argument 'cmake_force_configure' from command line to 'False'
[0.770s] Level 5:colcon.colcon_core.verb:set package 'rob599_hw3' build argument 'ament_cmake_args' from command line to 'None'
[0.770s] Level 5:colcon.colcon_core.verb:set package 'rob599_hw3' build argument 'catkin_cmake_args' from command line to 'None'
[0.770s] Level 5:colcon.colcon_core.verb:set package 'rob599_hw3' build argument 'catkin_skip_building_tests' from command line to 'False'
[0.770s] DEBUG:colcon.colcon_core.verb:Building package 'rob599_hw3' with the following arguments: {'ament_cmake_args': None, 'build_base': '/home/matt/ros2_ws/build/rob599_hw3', 'catkin_cmake_args': None, 'catkin_skip_building_tests': False, 'cmake_args': None, 'cmake_clean_cache': False, 'cmake_clean_first': False, 'cmake_force_configure': False, 'cmake_target': None, 'cmake_target_skip_unavailable': False, 'install_base': '/home/matt/ros2_ws/install/rob599_hw3', 'merge_install': False, 'path': '/home/matt/ros2_ws/src/rob599_hw3', 'symlink_install': False, 'test_result_base': None}
[0.778s] Level 5:colcon.colcon_core.verb:set package 'turtlebot3_simulations' build argument 'cmake_args' from command line to 'None'
[0.778s] Level 5:colcon.colcon_core.verb:set package 'turtlebot3_simulations' build argument 'cmake_target' from command line to 'None'
[0.778s] Level 5:colcon.colcon_core.verb:set package 'turtlebot3_simulations' build argument 'cmake_target_skip_unavailable' from command line to 'False'
[0.778s] Level 5:colcon.colcon_core.verb:set package 'turtlebot3_simulations' build argument 'cmake_clean_cache' from command line to 'False'
[0.778s] Level 5:colcon.colcon_core.verb:set package 'turtlebot3_simulations' build argument 'cmake_clean_first' from command line to 'False'
[0.778s] Level 5:colcon.colcon_core.verb:set package 'turtlebot3_simulations' build argument 'cmake_force_configure' from command line to 'False'
[0.778s] Level 5:colcon.colcon_core.verb:set package 'turtlebot3_simulations' build argument 'ament_cmake_args' from command line to 'None'
[0.778s] Level 5:colcon.colcon_core.verb:set package 'turtlebot3_simulations' build argument 'catkin_cmake_args' from command line to 'None'
[0.778s] Level 5:colcon.colcon_core.verb:set package 'turtlebot3_simulations' build argument 'catkin_skip_building_tests' from command line to 'False'
[0.778s] DEBUG:colcon.colcon_core.verb:Building package 'turtlebot3_simulations' with the following arguments: {'ament_cmake_args': None, 'build_base': '/home/matt/ros2_ws/build/turtlebot3_simulations', 'catkin_cmake_args': None, 'catkin_skip_building_tests': False, 'cmake_args': None, 'cmake_clean_cache': False, 'cmake_clean_first': False, 'cmake_force_configure': False, 'cmake_target': None, 'cmake_target_skip_unavailable': False, 'install_base': '/home/matt/ros2_ws/install/turtlebot3_simulations', 'merge_install': False, 'path': '/home/matt/ros2_ws/src/turtlebot3_simulations/turtlebot3_simulations', 'symlink_install': False, 'test_result_base': None}
[0.785s] INFO:colcon.colcon_core.executor:Executing jobs using 'parallel' executor
[0.794s] DEBUG:colcon.colcon_parallel_executor.executor.parallel:run_until_complete
[0.794s] INFO:colcon.colcon_ros.task.ament_cmake.build:Building ROS package in '/home/matt/ros2_ws/src/turtlebot3_simulations/turtlebot3_gazebo' with build type 'ament_cmake'
[0.794s] INFO:colcon.colcon_cmake.task.cmake.build:Building CMake package in '/home/matt/ros2_ws/src/turtlebot3_simulations/turtlebot3_gazebo'
[0.810s] INFO:colcon.colcon_core.plugin_system:Skipping extension 'colcon_core.shell.bat': Not used on non-Windows systems
[0.810s] INFO:colcon.colcon_core.shell:Skip shell extension 'powershell' for command environment: Not usable outside of PowerShell
[0.810s] DEBUG:colcon.colcon_core.shell:Skip shell extension 'dsv' for command environment
[0.844s] INFO:colcon.colcon_ros.task.ament_cmake.build:Building ROS package in '/home/matt/ros2_ws/src/turtlebot3_simulations/turtlebot3_fake_node' with build type 'ament_cmake'
[0.844s] INFO:colcon.colcon_cmake.task.cmake.build:Building CMake package in '/home/matt/ros2_ws/src/turtlebot3_simulations/turtlebot3_fake_node'
[0.852s] INFO:colcon.colcon_core.shell:Skip shell extension 'powershell' for command environment: Not usable outside of PowerShell
[0.852s] DEBUG:colcon.colcon_core.shell:Skip shell extension 'dsv' for command environment
[0.885s] INFO:colcon.colcon_ros.task.ament_cmake.build:Building ROS package in '/home/matt/ros2_ws/src/ros2_msgs' with build type 'ament_cmake'
[0.885s] INFO:colcon.colcon_cmake.task.cmake.build:Building CMake package in '/home/matt/ros2_ws/src/ros2_msgs'
[0.893s] INFO:colcon.colcon_core.shell:Skip shell extension 'powershell' for command environment: Not usable outside of PowerShell
[0.893s] DEBUG:colcon.colcon_core.shell:Skip shell extension 'dsv' for command environment
[0.930s] DEBUG:colcon.colcon_core.event_handler.log_command:Invoking command in '/home/matt/ros2_ws/build/turtlebot3_gazebo': CMAKE_PREFIX_PATH=${CMAKE_PREFIX_PATH}:/home/matt/ros2_ws/install/rob599_hw3:/opt/ros/humble /usr/bin/cmake --build /home/matt/ros2_ws/build/turtlebot3_gazebo -- -j24 -l24
[0.931s] DEBUG:colcon.colcon_core.event_handler.log_command:Invoking command in '/home/matt/ros2_ws/build/turtlebot3_fake_node': CMAKE_PREFIX_PATH=${CMAKE_PREFIX_PATH}:/home/matt/ros2_ws/install/rob599_hw3:/opt/ros/humble /usr/bin/cmake --build /home/matt/ros2_ws/build/turtlebot3_fake_node -- -j24 -l24
[0.934s] DEBUG:colcon.colcon_core.event_handler.log_command:Invoking command in '/home/matt/ros2_ws/build/ros2_msgs': CMAKE_PREFIX_PATH=${CMAKE_PREFIX_PATH}:/home/matt/ros2_ws/install/rob599_hw3:/opt/ros/humble /usr/bin/cmake --build /home/matt/ros2_ws/build/ros2_msgs -- -j24 -l24
[1.016s] DEBUG:colcon.colcon_core.event_handler.log_command:Invoked command in '/home/matt/ros2_ws/build/turtlebot3_fake_node' returned '0': CMAKE_PREFIX_PATH=${CMAKE_PREFIX_PATH}:/home/matt/ros2_ws/install/rob599_hw3:/opt/ros/humble /usr/bin/cmake --build /home/matt/ros2_ws/build/turtlebot3_fake_node -- -j24 -l24
[1.042s] DEBUG:colcon.colcon_core.event_handler.log_command:Invoking command in '/home/matt/ros2_ws/build/turtlebot3_fake_node': CMAKE_PREFIX_PATH=${CMAKE_PREFIX_PATH}:/home/matt/ros2_ws/install/rob599_hw3:/opt/ros/humble /usr/bin/cmake --install /home/matt/ros2_ws/build/turtlebot3_fake_node
[1.051s] DEBUG:colcon.colcon_core.event_handler.log_command:Invoked command in '/home/matt/ros2_ws/build/turtlebot3_gazebo' returned '0': CMAKE_PREFIX_PATH=${CMAKE_PREFIX_PATH}:/home/matt/ros2_ws/install/rob599_hw3:/opt/ros/humble /usr/bin/cmake --build /home/matt/ros2_ws/build/turtlebot3_gazebo -- -j24 -l24
[1.057s] Level 1:colcon.colcon_core.environment:create_environment_scripts_only(turtlebot3_fake_node)
[1.058s] DEBUG:colcon.colcon_core.event_handler.log_command:Invoked command in '/home/matt/ros2_ws/build/turtlebot3_fake_node' returned '0': CMAKE_PREFIX_PATH=${CMAKE_PREFIX_PATH}:/home/matt/ros2_ws/install/rob599_hw3:/opt/ros/humble /usr/bin/cmake --install /home/matt/ros2_ws/build/turtlebot3_fake_node
[1.070s] Level 1:colcon.colcon_core.environment:checking '/home/matt/ros2_ws/install/turtlebot3_fake_node' for CMake module files
[1.070s] Level 1:colcon.colcon_core.environment:checking '/home/matt/ros2_ws/install/turtlebot3_fake_node' for CMake config files
[1.070s] Level 1:colcon.colcon_core.shell:create_environment_hook('turtlebot3_fake_node', 'cmake_prefix_path')
[1.079s] INFO:colcon.colcon_core.shell:Creating environment hook '/home/matt/ros2_ws/install/turtlebot3_fake_node/share/turtlebot3_fake_node/hook/cmake_prefix_path.ps1'
[1.080s] INFO:colcon.colcon_core.shell:Creating environment descriptor '/home/matt/ros2_ws/install/turtlebot3_fake_node/share/turtlebot3_fake_node/hook/cmake_prefix_path.dsv'
[1.080s] INFO:colcon.colcon_core.shell:Creating environment hook '/home/matt/ros2_ws/install/turtlebot3_fake_node/share/turtlebot3_fake_node/hook/cmake_prefix_path.sh'
[1.081s] Level 1:colcon.colcon_core.environment:checking '/home/matt/ros2_ws/install/turtlebot3_fake_node/lib'
[1.081s] Level 1:colcon.colcon_core.environment:checking '/home/matt/ros2_ws/install/turtlebot3_fake_node/bin'
[1.081s] Level 1:colcon.colcon_core.environment:checking '/home/matt/ros2_ws/install/turtlebot3_fake_node/lib/pkgconfig/turtlebot3_fake_node.pc'
[1.081s] Level 1:colcon.colcon_core.environment:checking '/home/matt/ros2_ws/install/turtlebot3_fake_node/lib/python3.10/site-packages'
[1.081s] Level 1:colcon.colcon_core.environment:checking '/home/matt/ros2_ws/install/turtlebot3_fake_node/bin'
[1.090s] INFO:colcon.colcon_core.shell:Creating package script '/home/matt/ros2_ws/install/turtlebot3_fake_node/share/turtlebot3_fake_node/package.ps1'
[1.091s] INFO:colcon.colcon_core.shell:Creating package descriptor '/home/matt/ros2_ws/install/turtlebot3_fake_node/share/turtlebot3_fake_node/package.dsv'
[1.091s] INFO:colcon.colcon_core.shell:Creating package script '/home/matt/ros2_ws/install/turtlebot3_fake_node/share/turtlebot3_fake_node/package.sh'
[1.091s] INFO:colcon.colcon_core.shell:Creating package script '/home/matt/ros2_ws/install/turtlebot3_fake_node/share/turtlebot3_fake_node/package.bash'
[1.092s] INFO:colcon.colcon_core.shell:Creating package script '/home/matt/ros2_ws/install/turtlebot3_fake_node/share/turtlebot3_fake_node/package.zsh'
[1.093s] Level 1:colcon.colcon_core.environment:create_file_with_runtime_dependencies(/home/matt/ros2_ws/install/turtlebot3_fake_node/share/colcon-core/packages/turtlebot3_fake_node)
[1.095s] DEBUG:colcon.colcon_core.event_handler.log_command:Invoking command in '/home/matt/ros2_ws/build/turtlebot3_gazebo': CMAKE_PREFIX_PATH=${CMAKE_PREFIX_PATH}:/home/matt/ros2_ws/install/rob599_hw3:/opt/ros/humble /usr/bin/cmake --install /home/matt/ros2_ws/build/turtlebot3_gazebo
[1.119s] Level 1:colcon.colcon_core.environment:create_environment_scripts_only(turtlebot3_fake_node)
[1.127s] Level 1:colcon.colcon_core.environment:checking '/home/matt/ros2_ws/install/turtlebot3_fake_node' for CMake module files
[1.127s] Level 1:colcon.colcon_core.environment:checking '/home/matt/ros2_ws/install/turtlebot3_fake_node' for CMake config files
[1.127s] Level 1:colcon.colcon_core.shell:create_environment_hook('turtlebot3_fake_node', 'cmake_prefix_path')
[1.135s] INFO:colcon.colcon_core.shell:Creating environment hook '/home/matt/ros2_ws/install/turtlebot3_fake_node/share/turtlebot3_fake_node/hook/cmake_prefix_path.ps1'
[1.135s] INFO:colcon.colcon_core.shell:Creating environment descriptor '/home/matt/ros2_ws/install/turtlebot3_fake_node/share/turtlebot3_fake_node/hook/cmake_prefix_path.dsv'
[1.136s] INFO:colcon.colcon_core.shell:Creating environment hook '/home/matt/ros2_ws/install/turtlebot3_fake_node/share/turtlebot3_fake_node/hook/cmake_prefix_path.sh'
[1.136s] Level 1:colcon.colcon_core.environment:checking '/home/matt/ros2_ws/install/turtlebot3_fake_node/lib'
[1.136s] Level 1:colcon.colcon_core.environment:checking '/home/matt/ros2_ws/install/turtlebot3_fake_node/bin'
[1.136s] Level 1:colcon.colcon_core.environment:checking '/home/matt/ros2_ws/install/turtlebot3_fake_node/lib/pkgconfig/turtlebot3_fake_node.pc'
[1.136s] Level 1:colcon.colcon_core.environment:checking '/home/matt/ros2_ws/install/turtlebot3_fake_node/lib/python3.10/site-packages'
[1.136s] Level 1:colcon.colcon_core.environment:checking '/home/matt/ros2_ws/install/turtlebot3_fake_node/bin'
[1.144s] INFO:colcon.colcon_core.shell:Creating package script '/home/matt/ros2_ws/install/turtlebot3_fake_node/share/turtlebot3_fake_node/package.ps1'
[1.144s] INFO:colcon.colcon_core.shell:Creating package descriptor '/home/matt/ros2_ws/install/turtlebot3_fake_node/share/turtlebot3_fake_node/package.dsv'
[1.145s] INFO:colcon.colcon_core.shell:Creating package script '/home/matt/ros2_ws/install/turtlebot3_fake_node/share/turtlebot3_fake_node/package.sh'
[1.145s] INFO:colcon.colcon_core.shell:Creating package script '/home/matt/ros2_ws/install/turtlebot3_fake_node/share/turtlebot3_fake_node/package.bash'
[1.145s] INFO:colcon.colcon_core.shell:Creating package script '/home/matt/ros2_ws/install/turtlebot3_fake_node/share/turtlebot3_fake_node/package.zsh'
[1.145s] Level 1:colcon.colcon_core.environment:create_file_with_runtime_dependencies(/home/matt/ros2_ws/install/turtlebot3_fake_node/share/colcon-core/packages/turtlebot3_fake_node)
[1.146s] Level 1:colcon.colcon_core.environment:create_environment_scripts_only(turtlebot3_gazebo)
[1.147s] DEBUG:colcon.colcon_core.event_handler.log_command:Invoked command in '/home/matt/ros2_ws/build/turtlebot3_gazebo' returned '0': CMAKE_PREFIX_PATH=${CMAKE_PREFIX_PATH}:/home/matt/ros2_ws/install/rob599_hw3:/opt/ros/humble /usr/bin/cmake --install /home/matt/ros2_ws/build/turtlebot3_gazebo
[1.154s] Level 1:colcon.colcon_core.environment:checking '/home/matt/ros2_ws/install/turtlebot3_gazebo' for CMake module files
[1.154s] Level 1:colcon.colcon_core.environment:checking '/home/matt/ros2_ws/install/turtlebot3_gazebo' for CMake config files
[1.155s] Level 1:colcon.colcon_core.shell:create_environment_hook('turtlebot3_gazebo', 'cmake_prefix_path')
[1.163s] INFO:colcon.colcon_core.shell:Creating environment hook '/home/matt/ros2_ws/install/turtlebot3_gazebo/share/turtlebot3_gazebo/hook/cmake_prefix_path.ps1'
[1.163s] INFO:colcon.colcon_core.shell:Creating environment descriptor '/home/matt/ros2_ws/install/turtlebot3_gazebo/share/turtlebot3_gazebo/hook/cmake_prefix_path.dsv'
[1.163s] INFO:colcon.colcon_core.shell:Creating environment hook '/home/matt/ros2_ws/install/turtlebot3_gazebo/share/turtlebot3_gazebo/hook/cmake_prefix_path.sh'
[1.164s] Level 1:colcon.colcon_core.environment:checking '/home/matt/ros2_ws/install/turtlebot3_gazebo/lib'
[1.164s] Level 1:colcon.colcon_core.environment:checking '/home/matt/ros2_ws/install/turtlebot3_gazebo/bin'
[1.164s] Level 1:colcon.colcon_core.environment:checking '/home/matt/ros2_ws/install/turtlebot3_gazebo/lib/pkgconfig/turtlebot3_gazebo.pc'
[1.164s] Level 1:colcon.colcon_core.environment:checking '/home/matt/ros2_ws/install/turtlebot3_gazebo/lib/python3.10/site-packages'
[1.164s] Level 1:colcon.colcon_core.environment:checking '/home/matt/ros2_ws/install/turtlebot3_gazebo/bin'
[1.173s] INFO:colcon.colcon_core.shell:Creating package script '/home/matt/ros2_ws/install/turtlebot3_gazebo/share/turtlebot3_gazebo/package.ps1'
[1.173s] INFO:colcon.colcon_core.shell:Creating package descriptor '/home/matt/ros2_ws/install/turtlebot3_gazebo/share/turtlebot3_gazebo/package.dsv'
[1.173s] INFO:colcon.colcon_core.shell:Creating package script '/home/matt/ros2_ws/install/turtlebot3_gazebo/share/turtlebot3_gazebo/package.sh'
[1.173s] INFO:colcon.colcon_core.shell:Creating package script '/home/matt/ros2_ws/install/turtlebot3_gazebo/share/turtlebot3_gazebo/package.bash'
[1.174s] INFO:colcon.colcon_core.shell:Creating package script '/home/matt/ros2_ws/install/turtlebot3_gazebo/share/turtlebot3_gazebo/package.zsh'
[1.174s] Level 1:colcon.colcon_core.environment:create_file_with_runtime_dependencies(/home/matt/ros2_ws/install/turtlebot3_gazebo/share/colcon-core/packages/turtlebot3_gazebo)
[1.196s] DEBUG:colcon.colcon_core.event_handler.log_command:Invoked command in '/home/matt/ros2_ws/build/ros2_msgs' returned '0': CMAKE_PREFIX_PATH=${CMAKE_PREFIX_PATH}:/home/matt/ros2_ws/install/rob599_hw3:/opt/ros/humble /usr/bin/cmake --build /home/matt/ros2_ws/build/ros2_msgs -- -j24 -l24
[1.205s] Level 1:colcon.colcon_core.environment:create_environment_scripts_only(turtlebot3_gazebo)
[1.213s] Level 1:colcon.colcon_core.environment:checking '/home/matt/ros2_ws/install/turtlebot3_gazebo' for CMake module files
[1.213s] Level 1:colcon.colcon_core.environment:checking '/home/matt/ros2_ws/install/turtlebot3_gazebo' for CMake config files
[1.214s] Level 1:colcon.colcon_core.shell:create_environment_hook('turtlebot3_gazebo', 'cmake_prefix_path')
[1.222s] INFO:colcon.colcon_core.shell:Creating environment hook '/home/matt/ros2_ws/install/turtlebot3_gazebo/share/turtlebot3_gazebo/hook/cmake_prefix_path.ps1'
[1.222s] INFO:colcon.colcon_core.shell:Creating environment descriptor '/home/matt/ros2_ws/install/turtlebot3_gazebo/share/turtlebot3_gazebo/hook/cmake_prefix_path.dsv'
[1.222s] INFO:colcon.colcon_core.shell:Creating environment hook '/home/matt/ros2_ws/install/turtlebot3_gazebo/share/turtlebot3_gazebo/hook/cmake_prefix_path.sh'
[1.223s] Level 1:colcon.colcon_core.environment:checking '/home/matt/ros2_ws/install/turtlebot3_gazebo/lib'
[1.223s] Level 1:colcon.colcon_core.environment:checking '/home/matt/ros2_ws/install/turtlebot3_gazebo/bin'
[1.223s] Level 1:colcon.colcon_core.environment:checking '/home/matt/ros2_ws/install/turtlebot3_gazebo/lib/pkgconfig/turtlebot3_gazebo.pc'
[1.223s] Level 1:colcon.colcon_core.environment:checking '/home/matt/ros2_ws/install/turtlebot3_gazebo/lib/python3.10/site-packages'
[1.223s] Level 1:colcon.colcon_core.environment:checking '/home/matt/ros2_ws/install/turtlebot3_gazebo/bin'
[1.231s] INFO:colcon.colcon_core.shell:Creating package script '/home/matt/ros2_ws/install/turtlebot3_gazebo/share/turtlebot3_gazebo/package.ps1'
[1.231s] INFO:colcon.colcon_core.shell:Creating package descriptor '/home/matt/ros2_ws/install/turtlebot3_gazebo/share/turtlebot3_gazebo/package.dsv'
[1.231s] INFO:colcon.colcon_core.shell:Creating package script '/home/matt/ros2_ws/install/turtlebot3_gazebo/share/turtlebot3_gazebo/package.sh'
[1.232s] INFO:colcon.colcon_core.shell:Creating package script '/home/matt/ros2_ws/install/turtlebot3_gazebo/share/turtlebot3_gazebo/package.bash'
[1.232s] INFO:colcon.colcon_core.shell:Creating package script '/home/matt/ros2_ws/install/turtlebot3_gazebo/share/turtlebot3_gazebo/package.zsh'
[1.232s] Level 1:colcon.colcon_core.environment:create_file_with_runtime_dependencies(/home/matt/ros2_ws/install/turtlebot3_gazebo/share/colcon-core/packages/turtlebot3_gazebo)
[1.232s] INFO:colcon.colcon_ros.task.ament_python.build:Building ROS package in '/home/matt/ros2_ws/src/rob599_hw3' with build type 'ament_python'
[1.232s] Level 1:colcon.colcon_core.shell:create_environment_hook('rob599_hw3', 'ament_prefix_path')
[1.240s] INFO:colcon.colcon_core.shell:Creating environment hook '/home/matt/ros2_ws/install/rob599_hw3/share/rob599_hw3/hook/ament_prefix_path.ps1'
[1.241s] INFO:colcon.colcon_core.shell:Creating environment descriptor '/home/matt/ros2_ws/install/rob599_hw3/share/rob599_hw3/hook/ament_prefix_path.dsv'
[1.241s] INFO:colcon.colcon_core.shell:Creating environment hook '/home/matt/ros2_ws/install/rob599_hw3/share/rob599_hw3/hook/ament_prefix_path.sh'
[1.249s] INFO:colcon.colcon_core.shell:Skip shell extension 'powershell' for command environment: Not usable outside of PowerShell
[1.249s] DEBUG:colcon.colcon_core.shell:Skip shell extension 'dsv' for command environment
[1.283s] INFO:colcon.colcon_ros.task.ament_cmake.build:Building ROS package in '/home/matt/ros2_ws/src/turtlebot3_simulations/turtlebot3_simulations' with build type 'ament_cmake'
[1.283s] INFO:colcon.colcon_cmake.task.cmake.build:Building CMake package in '/home/matt/ros2_ws/src/turtlebot3_simulations/turtlebot3_simulations'
[1.291s] INFO:colcon.colcon_core.shell:Skip shell extension 'powershell' for command environment: Not usable outside of PowerShell
[1.291s] DEBUG:colcon.colcon_core.shell:Skip shell extension 'dsv' for command environment
[1.332s] DEBUG:colcon.colcon_core.event_handler.log_command:Invoking command in '/home/matt/ros2_ws/build/ros2_msgs': CMAKE_PREFIX_PATH=${CMAKE_PREFIX_PATH}:/home/matt/ros2_ws/install/rob599_hw3:/opt/ros/humble /usr/bin/cmake --install /home/matt/ros2_ws/build/ros2_msgs
[1.493s] INFO:colcon.colcon_core.task.python.build:Building Python package in '/home/matt/ros2_ws/src/rob599_hw3'
[1.502s] INFO:colcon.colcon_core.shell:Skip shell extension 'powershell' for command environment: Not usable outside of PowerShell
[1.502s] DEBUG:colcon.colcon_core.shell:Skip shell extension 'dsv' for command environment
[1.542s] Level 1:colcon.colcon_core.environment:create_environment_scripts_only(ros2_msgs)
[1.543s] DEBUG:colcon.colcon_core.event_handler.log_command:Invoking command in '/home/matt/ros2_ws/build/turtlebot3_simulations': CMAKE_PREFIX_PATH=/home/matt/ros2_ws/install/turtlebot3_gazebo:/home/matt/ros2_ws/install/turtlebot3_fake_node:/home/matt/ros2_ws/install/turtlebot3_simulations:/home/matt/ros2_ws/install/ros2_msgs:/home/matt/ros-humble-ros1-bridge/install/ros1_bridge:/home/matt/ros2_ws/install/rob599_hw3:/opt/ros/humble /usr/bin/cmake --build /home/matt/ros2_ws/build/turtlebot3_simulations -- -j24 -l24
[1.543s] DEBUG:colcon.colcon_core.event_handler.log_command:Invoked command in '/home/matt/ros2_ws/build/ros2_msgs' returned '0': CMAKE_PREFIX_PATH=${CMAKE_PREFIX_PATH}:/home/matt/ros2_ws/install/rob599_hw3:/opt/ros/humble /usr/bin/cmake --install /home/matt/ros2_ws/build/ros2_msgs
[1.551s] Level 1:colcon.colcon_core.environment:checking '/home/matt/ros2_ws/install/ros2_msgs' for CMake module files
[1.551s] Level 1:colcon.colcon_core.environment:checking '/home/matt/ros2_ws/install/ros2_msgs' for CMake config files
[1.552s] Level 1:colcon.colcon_core.shell:create_environment_hook('ros2_msgs', 'cmake_prefix_path')
[1.560s] INFO:colcon.colcon_core.shell:Creating environment hook '/home/matt/ros2_ws/install/ros2_msgs/share/ros2_msgs/hook/cmake_prefix_path.ps1'
[1.560s] INFO:colcon.colcon_core.shell:Creating environment descriptor '/home/matt/ros2_ws/install/ros2_msgs/share/ros2_msgs/hook/cmake_prefix_path.dsv'
[1.560s] INFO:colcon.colcon_core.shell:Creating environment hook '/home/matt/ros2_ws/install/ros2_msgs/share/ros2_msgs/hook/cmake_prefix_path.sh'
[1.561s] Level 1:colcon.colcon_core.environment:checking '/home/matt/ros2_ws/install/ros2_msgs/lib'
[1.561s] Level 1:colcon.colcon_core.shell:create_environment_hook('ros2_msgs', 'ld_library_path_lib')
[1.569s] INFO:colcon.colcon_core.shell:Creating environment hook '/home/matt/ros2_ws/install/ros2_msgs/share/ros2_msgs/hook/ld_library_path_lib.ps1'
[1.569s] INFO:colcon.colcon_core.shell:Creating environment descriptor '/home/matt/ros2_ws/install/ros2_msgs/share/ros2_msgs/hook/ld_library_path_lib.dsv'
[1.569s] INFO:colcon.colcon_core.shell:Creating environment hook '/home/matt/ros2_ws/install/ros2_msgs/share/ros2_msgs/hook/ld_library_path_lib.sh'
[1.569s] Level 1:colcon.colcon_core.environment:checking '/home/matt/ros2_ws/install/ros2_msgs/bin'
[1.569s] Level 1:colcon.colcon_core.environment:checking '/home/matt/ros2_ws/install/ros2_msgs/lib/pkgconfig/ros2_msgs.pc'
[1.569s] Level 1:colcon.colcon_core.environment:checking '/home/matt/ros2_ws/install/ros2_msgs/lib/python3.10/site-packages'
[1.570s] Level 1:colcon.colcon_core.environment:checking '/home/matt/ros2_ws/install/ros2_msgs/bin'
[1.577s] INFO:colcon.colcon_core.shell:Creating package script '/home/matt/ros2_ws/install/ros2_msgs/share/ros2_msgs/package.ps1'
[1.578s] INFO:colcon.colcon_core.shell:Creating package descriptor '/home/matt/ros2_ws/install/ros2_msgs/share/ros2_msgs/package.dsv'
[1.578s] INFO:colcon.colcon_core.shell:Creating package script '/home/matt/ros2_ws/install/ros2_msgs/share/ros2_msgs/package.sh'
[1.578s] INFO:colcon.colcon_core.shell:Creating package script '/home/matt/ros2_ws/install/ros2_msgs/share/ros2_msgs/package.bash'
[1.578s] INFO:colcon.colcon_core.shell:Creating package script '/home/matt/ros2_ws/install/ros2_msgs/share/ros2_msgs/package.zsh'
[1.578s] Level 1:colcon.colcon_core.environment:create_file_with_runtime_dependencies(/home/matt/ros2_ws/install/ros2_msgs/share/colcon-core/packages/ros2_msgs)
[1.581s] DEBUG:colcon.colcon_core.event_handler.log_command:Invoked command in '/home/matt/ros2_ws/build/turtlebot3_simulations' returned '0': CMAKE_PREFIX_PATH=/home/matt/ros2_ws/install/turtlebot3_gazebo:/home/matt/ros2_ws/install/turtlebot3_fake_node:/home/matt/ros2_ws/install/turtlebot3_simulations:/home/matt/ros2_ws/install/ros2_msgs:/home/matt/ros-humble-ros1-bridge/install/ros1_bridge:/home/matt/ros2_ws/install/rob599_hw3:/opt/ros/humble /usr/bin/cmake --build /home/matt/ros2_ws/build/turtlebot3_simulations -- -j24 -l24
[1.595s] DEBUG:colcon.colcon_core.event_handler.log_command:Invoking command in '/home/matt/ros2_ws/build/turtlebot3_simulations': CMAKE_PREFIX_PATH=/home/matt/ros2_ws/install/turtlebot3_gazebo:/home/matt/ros2_ws/install/turtlebot3_fake_node:/home/matt/ros2_ws/install/turtlebot3_simulations:/home/matt/ros2_ws/install/ros2_msgs:/home/matt/ros-humble-ros1-bridge/install/ros1_bridge:/home/matt/ros2_ws/install/rob599_hw3:/opt/ros/humble /usr/bin/cmake --install /home/matt/ros2_ws/build/turtlebot3_simulations
[1.607s] Level 1:colcon.colcon_core.environment:create_environment_scripts_only(turtlebot3_simulations)
[1.608s] DEBUG:colcon.colcon_core.event_handler.log_command:Invoked command in '/home/matt/ros2_ws/build/turtlebot3_simulations' returned '0': CMAKE_PREFIX_PATH=/home/matt/ros2_ws/install/turtlebot3_gazebo:/home/matt/ros2_ws/install/turtlebot3_fake_node:/home/matt/ros2_ws/install/turtlebot3_simulations:/home/matt/ros2_ws/install/ros2_msgs:/home/matt/ros-humble-ros1-bridge/install/ros1_bridge:/home/matt/ros2_ws/install/rob599_hw3:/opt/ros/humble /usr/bin/cmake --install /home/matt/ros2_ws/build/turtlebot3_simulations
[1.616s] Level 1:colcon.colcon_core.environment:checking '/home/matt/ros2_ws/install/turtlebot3_simulations' for CMake module files
[1.616s] Level 1:colcon.colcon_core.environment:checking '/home/matt/ros2_ws/install/turtlebot3_simulations' for CMake config files
[1.617s] Level 1:colcon.colcon_core.shell:create_environment_hook('turtlebot3_simulations', 'cmake_prefix_path')
[1.625s] INFO:colcon.colcon_core.shell:Creating environment hook '/home/matt/ros2_ws/install/turtlebot3_simulations/share/turtlebot3_simulations/hook/cmake_prefix_path.ps1'
[1.625s] INFO:colcon.colcon_core.shell:Creating environment descriptor '/home/matt/ros2_ws/install/turtlebot3_simulations/share/turtlebot3_simulations/hook/cmake_prefix_path.dsv'
[1.625s] INFO:colcon.colcon_core.shell:Creating environment hook '/home/matt/ros2_ws/install/turtlebot3_simulations/share/turtlebot3_simulations/hook/cmake_prefix_path.sh'
[1.626s] Level 1:colcon.colcon_core.environment:checking '/home/matt/ros2_ws/install/turtlebot3_simulations/bin'
[1.626s] Level 1:colcon.colcon_core.environment:checking '/home/matt/ros2_ws/install/turtlebot3_simulations/lib/pkgconfig/turtlebot3_simulations.pc'
[1.626s] Level 1:colcon.colcon_core.environment:checking '/home/matt/ros2_ws/install/turtlebot3_simulations/lib/python3.10/site-packages'
[1.626s] Level 1:colcon.colcon_core.environment:checking '/home/matt/ros2_ws/install/turtlebot3_simulations/bin'
[1.634s] INFO:colcon.colcon_core.shell:Creating package script '/home/matt/ros2_ws/install/turtlebot3_simulations/share/turtlebot3_simulations/package.ps1'
[1.634s] INFO:colcon.colcon_core.shell:Creating package descriptor '/home/matt/ros2_ws/install/turtlebot3_simulations/share/turtlebot3_simulations/package.dsv'
[1.635s] INFO:colcon.colcon_core.shell:Creating package script '/home/matt/ros2_ws/install/turtlebot3_simulations/share/turtlebot3_simulations/package.sh'
[1.635s] INFO:colcon.colcon_core.shell:Creating package script '/home/matt/ros2_ws/install/turtlebot3_simulations/share/turtlebot3_simulations/package.bash'
[1.635s] INFO:colcon.colcon_core.shell:Creating package script '/home/matt/ros2_ws/install/turtlebot3_simulations/share/turtlebot3_simulations/package.zsh'
[1.635s] Level 1:colcon.colcon_core.environment:create_file_with_runtime_dependencies(/home/matt/ros2_ws/install/turtlebot3_simulations/share/colcon-core/packages/turtlebot3_simulations)
[1.645s] Level 1:colcon.colcon_core.environment:create_environment_scripts_only(ros2_msgs)
[1.653s] Level 1:colcon.colcon_core.environment:checking '/home/matt/ros2_ws/install/ros2_msgs' for CMake module files
[1.653s] Level 1:colcon.colcon_core.environment:checking '/home/matt/ros2_ws/install/ros2_msgs' for CMake config files
[1.654s] Level 1:colcon.colcon_core.shell:create_environment_hook('ros2_msgs', 'cmake_prefix_path')
[1.662s] INFO:colcon.colcon_core.shell:Creating environment hook '/home/matt/ros2_ws/install/ros2_msgs/share/ros2_msgs/hook/cmake_prefix_path.ps1'
[1.662s] INFO:colcon.colcon_core.shell:Creating environment descriptor '/home/matt/ros2_ws/install/ros2_msgs/share/ros2_msgs/hook/cmake_prefix_path.dsv'
[1.662s] INFO:colcon.colcon_core.shell:Creating environment hook '/home/matt/ros2_ws/install/ros2_msgs/share/ros2_msgs/hook/cmake_prefix_path.sh'
[1.663s] Level 1:colcon.colcon_core.environment:checking '/home/matt/ros2_ws/install/ros2_msgs/lib'
[1.663s] Level 1:colcon.colcon_core.shell:create_environment_hook('ros2_msgs', 'ld_library_path_lib')
[1.671s] INFO:colcon.colcon_core.shell:Creating environment hook '/home/matt/ros2_ws/install/ros2_msgs/share/ros2_msgs/hook/ld_library_path_lib.ps1'
[1.671s] INFO:colcon.colcon_core.shell:Creating environment descriptor '/home/matt/ros2_ws/install/ros2_msgs/share/ros2_msgs/hook/ld_library_path_lib.dsv'
[1.671s] INFO:colcon.colcon_core.shell:Creating environment hook '/home/matt/ros2_ws/install/ros2_msgs/share/ros2_msgs/hook/ld_library_path_lib.sh'
[1.671s] Level 1:colcon.colcon_core.environment:checking '/home/matt/ros2_ws/install/ros2_msgs/bin'
[1.671s] Level 1:colcon.colcon_core.environment:checking '/home/matt/ros2_ws/install/ros2_msgs/lib/pkgconfig/ros2_msgs.pc'
[1.672s] Level 1:colcon.colcon_core.environment:checking '/home/matt/ros2_ws/install/ros2_msgs/lib/python3.10/site-packages'
[1.672s] Level 1:colcon.colcon_core.environment:checking '/home/matt/ros2_ws/install/ros2_msgs/bin'
[1.680s] INFO:colcon.colcon_core.shell:Creating package script '/home/matt/ros2_ws/install/ros2_msgs/share/ros2_msgs/package.ps1'
[1.680s] INFO:colcon.colcon_core.shell:Creating package descriptor '/home/matt/ros2_ws/install/ros2_msgs/share/ros2_msgs/package.dsv'
[1.680s] INFO:colcon.colcon_core.shell:Creating package script '/home/matt/ros2_ws/install/ros2_msgs/share/ros2_msgs/package.sh'
[1.680s] INFO:colcon.colcon_core.shell:Creating package script '/home/matt/ros2_ws/install/ros2_msgs/share/ros2_msgs/package.bash'
[1.681s] INFO:colcon.colcon_core.shell:Creating package script '/home/matt/ros2_ws/install/ros2_msgs/share/ros2_msgs/package.zsh'
[1.681s] Level 1:colcon.colcon_core.environment:create_file_with_runtime_dependencies(/home/matt/ros2_ws/install/ros2_msgs/share/colcon-core/packages/ros2_msgs)
[1.689s] Level 1:colcon.colcon_core.environment:create_environment_scripts_only(turtlebot3_simulations)
[1.697s] Level 1:colcon.colcon_core.environment:checking '/home/matt/ros2_ws/install/turtlebot3_simulations' for CMake module files
[1.698s] Level 1:colcon.colcon_core.environment:checking '/home/matt/ros2_ws/install/turtlebot3_simulations' for CMake config files
[1.698s] Level 1:colcon.colcon_core.shell:create_environment_hook('turtlebot3_simulations', 'cmake_prefix_path')
[1.706s] INFO:colcon.colcon_core.shell:Creating environment hook '/home/matt/ros2_ws/install/turtlebot3_simulations/share/turtlebot3_simulations/hook/cmake_prefix_path.ps1'
[1.706s] INFO:colcon.colcon_core.shell:Creating environment descriptor '/home/matt/ros2_ws/install/turtlebot3_simulations/share/turtlebot3_simulations/hook/cmake_prefix_path.dsv'
[1.706s] INFO:colcon.colcon_core.shell:Creating environment hook '/home/matt/ros2_ws/install/turtlebot3_simulations/share/turtlebot3_simulations/hook/cmake_prefix_path.sh'
[1.706s] Level 1:colcon.colcon_core.environment:checking '/home/matt/ros2_ws/install/turtlebot3_simulations/bin'
[1.706s] Level 1:colcon.colcon_core.environment:checking '/home/matt/ros2_ws/install/turtlebot3_simulations/lib/pkgconfig/turtlebot3_simulations.pc'
[1.706s] Level 1:colcon.colcon_core.environment:checking '/home/matt/ros2_ws/install/turtlebot3_simulations/lib/python3.10/site-packages'
[1.706s] Level 1:colcon.colcon_core.environment:checking '/home/matt/ros2_ws/install/turtlebot3_simulations/bin'
[1.715s] INFO:colcon.colcon_core.shell:Creating package script '/home/matt/ros2_ws/install/turtlebot3_simulations/share/turtlebot3_simulations/package.ps1'
[1.715s] INFO:colcon.colcon_core.shell:Creating package descriptor '/home/matt/ros2_ws/install/turtlebot3_simulations/share/turtlebot3_simulations/package.dsv'
[1.715s] INFO:colcon.colcon_core.shell:Creating package script '/home/matt/ros2_ws/install/turtlebot3_simulations/share/turtlebot3_simulations/package.sh'
[1.715s] INFO:colcon.colcon_core.shell:Creating package script '/home/matt/ros2_ws/install/turtlebot3_simulations/share/turtlebot3_simulations/package.bash'
[1.715s] INFO:colcon.colcon_core.shell:Creating package script '/home/matt/ros2_ws/install/turtlebot3_simulations/share/turtlebot3_simulations/package.zsh'
[1.716s] Level 1:colcon.colcon_core.environment:create_file_with_runtime_dependencies(/home/matt/ros2_ws/install/turtlebot3_simulations/share/colcon-core/packages/turtlebot3_simulations)
[1.845s] DEBUG:colcon.colcon_core.event_handler.log_command:Invoking command in '/home/matt/ros2_ws/src/rob599_hw3': CMAKE_PREFIX_PATH=/home/matt/ros2_ws/install/turtlebot3_gazebo:/home/matt/ros2_ws/install/turtlebot3_simulations:/home/matt/ros2_ws/install/turtlebot3_fake_node:/home/matt/ros2_ws/install/ros2_msgs:/home/matt/ros-humble-ros1-bridge/install/ros1_bridge PYTHONPATH=/home/matt/ros2_ws/build/rob599_hw3/prefix_override:/home/matt/ros2_ws/install/rob599_hw3/lib/python3.10/site-packages:${PYTHONPATH} /usr/bin/python3 setup.py egg_info --egg-base ../../build/rob599_hw3 build --build-base /home/matt/ros2_ws/build/rob599_hw3/build install --record /home/matt/ros2_ws/build/rob599_hw3/install.log --single-version-externally-managed
[2.031s] DEBUG:colcon.colcon_core.event_handler.log_command:Invoked command in '/home/matt/ros2_ws/src/rob599_hw3' returned '0': CMAKE_PREFIX_PATH=/home/matt/ros2_ws/install/turtlebot3_gazebo:/home/matt/ros2_ws/install/turtlebot3_simulations:/home/matt/ros2_ws/install/turtlebot3_fake_node:/home/matt/ros2_ws/install/ros2_msgs:/home/matt/ros-humble-ros1-bridge/install/ros1_bridge PYTHONPATH=/home/matt/ros2_ws/build/rob599_hw3/prefix_override:/home/matt/ros2_ws/install/rob599_hw3/lib/python3.10/site-packages:${PYTHONPATH} /usr/bin/python3 setup.py egg_info --egg-base ../../build/rob599_hw3 build --build-base /home/matt/ros2_ws/build/rob599_hw3/build install --record /home/matt/ros2_ws/build/rob599_hw3/install.log --single-version-externally-managed
[2.039s] Level 1:colcon.colcon_core.environment:checking '/home/matt/ros2_ws/install/rob599_hw3' for CMake module files
[2.039s] Level 1:colcon.colcon_core.environment:checking '/home/matt/ros2_ws/install/rob599_hw3' for CMake config files
[2.040s] Level 1:colcon.colcon_core.environment:checking '/home/matt/ros2_ws/install/rob599_hw3/lib'
[2.040s] Level 1:colcon.colcon_core.environment:checking '/home/matt/ros2_ws/install/rob599_hw3/bin'
[2.040s] Level 1:colcon.colcon_core.environment:checking '/home/matt/ros2_ws/install/rob599_hw3/lib/pkgconfig/rob599_hw3.pc'
[2.040s] Level 1:colcon.colcon_core.environment:checking '/home/matt/ros2_ws/install/rob599_hw3/lib/python3.10/site-packages'
[2.040s] Level 1:colcon.colcon_core.shell:create_environment_hook('rob599_hw3', 'pythonpath')
[2.048s] INFO:colcon.colcon_core.shell:Creating environment hook '/home/matt/ros2_ws/install/rob599_hw3/share/rob599_hw3/hook/pythonpath.ps1'
[2.048s] INFO:colcon.colcon_core.shell:Creating environment descriptor '/home/matt/ros2_ws/install/rob599_hw3/share/rob599_hw3/hook/pythonpath.dsv'
[2.048s] INFO:colcon.colcon_core.shell:Creating environment hook '/home/matt/ros2_ws/install/rob599_hw3/share/rob599_hw3/hook/pythonpath.sh'
[2.049s] Level 1:colcon.colcon_core.environment:checking '/home/matt/ros2_ws/install/rob599_hw3/bin'
[2.049s] Level 1:colcon.colcon_core.environment:create_environment_scripts_only(rob599_hw3)
[2.056s] INFO:colcon.colcon_core.shell:Creating package script '/home/matt/ros2_ws/install/rob599_hw3/share/rob599_hw3/package.ps1'
[2.057s] INFO:colcon.colcon_core.shell:Creating package descriptor '/home/matt/ros2_ws/install/rob599_hw3/share/rob599_hw3/package.dsv'
[2.057s] INFO:colcon.colcon_core.shell:Creating package script '/home/matt/ros2_ws/install/rob599_hw3/share/rob599_hw3/package.sh'
[2.057s] INFO:colcon.colcon_core.shell:Creating package script '/home/matt/ros2_ws/install/rob599_hw3/share/rob599_hw3/package.bash'
[2.057s] INFO:colcon.colcon_core.shell:Creating package script '/home/matt/ros2_ws/install/rob599_hw3/share/rob599_hw3/package.zsh'
[2.057s] Level 1:colcon.colcon_core.environment:create_file_with_runtime_dependencies(/home/matt/ros2_ws/install/rob599_hw3/share/colcon-core/packages/rob599_hw3)
[2.058s] DEBUG:colcon.colcon_parallel_executor.executor.parallel:closing loop
[2.058s] DEBUG:colcon.colcon_parallel_executor.executor.parallel:loop closed
[2.058s] DEBUG:colcon.colcon_parallel_executor.executor.parallel:run_until_complete finished with '0'
[2.058s] DEBUG:colcon.colcon_core.event_reactor:joining thread
[2.070s] INFO:colcon.colcon_core.plugin_system:Skipping extension 'colcon_notification.desktop_notification.terminal_notifier': Not used on non-Darwin systems
[2.070s] INFO:colcon.colcon_core.plugin_system:Skipping extension 'colcon_notification.desktop_notification.win32': Not used on non-Windows systems
[2.070s] INFO:colcon.colcon_notification.desktop_notification:Sending desktop notification using 'notify2'
[2.087s] DEBUG:colcon.colcon_core.event_reactor:joined thread
[2.096s] INFO:colcon.colcon_core.shell:Creating prefix script '/home/matt/ros2_ws/install/local_setup.ps1'
[2.096s] INFO:colcon.colcon_core.shell:Creating prefix util module '/home/matt/ros2_ws/install/_local_setup_util_ps1.py'
[2.097s] INFO:colcon.colcon_core.shell:Creating prefix chain script '/home/matt/ros2_ws/install/setup.ps1'
[2.106s] INFO:colcon.colcon_core.shell:Creating prefix script '/home/matt/ros2_ws/install/local_setup.sh'
[2.106s] INFO:colcon.colcon_core.shell:Creating prefix util module '/home/matt/ros2_ws/install/_local_setup_util_sh.py'
[2.106s] INFO:colcon.colcon_core.shell:Creating prefix chain script '/home/matt/ros2_ws/install/setup.sh'
[2.115s] INFO:colcon.colcon_core.shell:Creating prefix script '/home/matt/ros2_ws/install/local_setup.bash'
[2.115s] INFO:colcon.colcon_core.shell:Creating prefix chain script '/home/matt/ros2_ws/install/setup.bash'
[2.124s] INFO:colcon.colcon_core.shell:Creating prefix script '/home/matt/ros2_ws/install/local_setup.zsh'
[2.124s] INFO:colcon.colcon_core.shell:Creating prefix chain script '/home/matt/ros2_ws/install/setup.zsh'
