[2.197s] Invoking command in '/home/matt/ros2_ws/build/rob599_hw3': CMAKE_PREFIX_PATH=/home/matt/ros2_ws/install/turtlebot3_gazebo:/home/matt/ros2_ws/install/ros2_msgs:/home/matt/ros2_ws/install/turtlebot3_simulations:/home/matt/ros2_ws/install/turtlebot3_fake_node:/home/matt/ros-humble-ros1-bridge/install/ros1_bridge PYTHONPATH=/home/matt/ros2_ws/build/rob599_hw3/prefix_override:/home/matt/ros2_ws/install/rob599_hw3/lib/python3.10/site-packages:${PYTHONPATH} /usr/bin/python3 setup.py develop --uninstall --editable --build-directory /home/matt/ros2_ws/build/rob599_hw3/build
[2.750s] running develop
[3.088s] Removing /home/matt/ros2_ws/install/rob599_hw3/lib/python3.10/site-packages/rob599-hw3.egg-link (link to .)
[3.157s] Invoked command in '/home/matt/ros2_ws/build/rob599_hw3' returned '0': CMAKE_PREFIX_PATH=/home/matt/ros2_ws/install/turtlebot3_gazebo:/home/matt/ros2_ws/install/ros2_msgs:/home/matt/ros2_ws/install/turtlebot3_simulations:/home/matt/ros2_ws/install/turtlebot3_fake_node:/home/matt/ros-humble-ros1-bridge/install/ros1_bridge PYTHONPATH=/home/matt/ros2_ws/build/rob599_hw3/prefix_override:/home/matt/ros2_ws/install/rob599_hw3/lib/python3.10/site-packages:${PYTHONPATH} /usr/bin/python3 setup.py develop --uninstall --editable --build-directory /home/matt/ros2_ws/build/rob599_hw3/build
[3.162s] Invoking command in '/home/matt/ros2_ws/src/rob599_hw3': CMAKE_PREFIX_PATH=/home/matt/ros2_ws/install/turtlebot3_gazebo:/home/matt/ros2_ws/install/ros2_msgs:/home/matt/ros2_ws/install/turtlebot3_simulations:/home/matt/ros2_ws/install/turtlebot3_fake_node:/home/matt/ros-humble-ros1-bridge/install/ros1_bridge PYTHONPATH=/home/matt/ros2_ws/build/rob599_hw3/prefix_override:/home/matt/ros2_ws/install/rob599_hw3/lib/python3.10/site-packages:${PYTHONPATH} /usr/bin/python3 setup.py egg_info --egg-base ../../build/rob599_hw3 build --build-base /home/matt/ros2_ws/build/rob599_hw3/build install --record /home/matt/ros2_ws/build/rob599_hw3/install.log --single-version-externally-managed
[3.748s] running egg_info
[3.749s] writing ../../build/rob599_hw3/rob599_hw3.egg-info/PKG-INFO
[3.749s] writing dependency_links to ../../build/rob599_hw3/rob599_hw3.egg-info/dependency_links.txt
[3.750s] writing entry points to ../../build/rob599_hw3/rob599_hw3.egg-info/entry_points.txt
[3.750s] writing requirements to ../../build/rob599_hw3/rob599_hw3.egg-info/requires.txt
[3.750s] writing top-level names to ../../build/rob599_hw3/rob599_hw3.egg-info/top_level.txt
[3.754s] reading manifest file '../../build/rob599_hw3/rob599_hw3.egg-info/SOURCES.txt'
[3.754s] adding license file 'LICENSE'
[3.755s] writing manifest file '../../build/rob599_hw3/rob599_hw3.egg-info/SOURCES.txt'
[3.756s] running build
[3.756s] running build_py
[3.756s] running install
[3.758s] running install_lib
[3.759s] creating /home/matt/ros2_ws/install/rob599_hw3/lib/python3.10/site-packages/rob599_hw3
[3.760s] copying /home/matt/ros2_ws/build/rob599_hw3/build/lib/rob599_hw3/__init__.py -> /home/matt/ros2_ws/install/rob599_hw3/lib/python3.10/site-packages/rob599_hw3
[3.760s] copying /home/matt/ros2_ws/build/rob599_hw3/build/lib/rob599_hw3/places.py -> /home/matt/ros2_ws/install/rob599_hw3/lib/python3.10/site-packages/rob599_hw3
[3.761s] byte-compiling /home/matt/ros2_ws/install/rob599_hw3/lib/python3.10/site-packages/rob599_hw3/__init__.py to __init__.cpython-310.pyc
[3.762s] byte-compiling /home/matt/ros2_ws/install/rob599_hw3/lib/python3.10/site-packages/rob599_hw3/places.py to places.cpython-310.pyc
[3.764s] running install_data
[3.765s] running install_egg_info
[3.769s] Copying ../../build/rob599_hw3/rob599_hw3.egg-info to /home/matt/ros2_ws/install/rob599_hw3/lib/python3.10/site-packages/rob599_hw3-0.0.0-py3.10.egg-info
[3.771s] running install_scripts
[3.816s] Installing places script to /home/matt/ros2_ws/install/rob599_hw3/lib/rob599_hw3
[3.817s] writing list of installed files to '/home/matt/ros2_ws/build/rob599_hw3/install.log'
[3.863s] Invoked command in '/home/matt/ros2_ws/src/rob599_hw3' returned '0': CMAKE_PREFIX_PATH=/home/matt/ros2_ws/install/turtlebot3_gazebo:/home/matt/ros2_ws/install/ros2_msgs:/home/matt/ros2_ws/install/turtlebot3_simulations:/home/matt/ros2_ws/install/turtlebot3_fake_node:/home/matt/ros-humble-ros1-bridge/install/ros1_bridge PYTHONPATH=/home/matt/ros2_ws/build/rob599_hw3/prefix_override:/home/matt/ros2_ws/install/rob599_hw3/lib/python3.10/site-packages:${PYTHONPATH} /usr/bin/python3 setup.py egg_info --egg-base ../../build/rob599_hw3 build --build-base /home/matt/ros2_ws/build/rob599_hw3/build install --record /home/matt/ros2_ws/build/rob599_hw3/install.log --single-version-externally-managed
