[0.098s] Invoking command in '/home/matt/ros2_ws/build/ros2_msgs': CMAKE_PREFIX_PATH=${CMAKE_PREFIX_PATH}:/home/matt/ros2_ws/install/rob599_hw3:/opt/ros/humble /usr/bin/cmake /home/matt/ros2_ws/src/ros2_msgs -DAMENT_CMAKE_SYMLINK_INSTALL=1 -DCMAKE_INSTALL_PREFIX=/home/matt/ros2_ws/install/ros2_msgs
[0.106s] -- Found ament_cmake: 1.3.8 (/opt/ros/humble/share/ament_cmake/cmake)
[0.186s] -- Override CMake install command with custom implementation using symlinks instead of copying resources
[0.192s] -- Found rosidl_default_generators: 1.2.0 (/opt/ros/humble/share/rosidl_default_generators/cmake)
[0.194s] -- Using all available rosidl_typesupport_c: rosidl_typesupport_fastrtps_c;rosidl_typesupport_introspection_c
[0.196s] -- Found rosidl_adapter: 3.1.5 (/opt/ros/humble/share/rosidl_adapter/cmake)
[0.225s] -- Using all available rosidl_typesupport_cpp: rosidl_typesupport_fastrtps_cpp;rosidl_typesupport_introspection_cpp
[0.513s] -- Found ament_cmake_ros: 0.10.0 (/opt/ros/humble/share/ament_cmake_ros/cmake)
[0.656s] -- Using all available rosidl_typesupport_c: rosidl_typesupport_fastrtps_c;rosidl_typesupport_introspection_c
[0.829s] -- Using all available rosidl_typesupport_cpp: rosidl_typesupport_fastrtps_cpp;rosidl_typesupport_introspection_cpp
[0.845s] -- Found python_cmake_module: 0.10.0 (/opt/ros/humble/share/python_cmake_module/cmake)
[0.861s] -- Using PYTHON_EXECUTABLE: /usr/bin/python3
[0.861s] -- Using PYTHON_INCLUDE_DIRS: /usr/include/python3.10
[0.862s] -- Using PYTHON_LIBRARIES: /usr/lib/x86_64-linux-gnu/libpython3.10.so
[0.877s] -- Found ament_lint_auto: 0.12.10 (/opt/ros/humble/share/ament_lint_auto/cmake)
[0.886s] -- Added test 'lint_cmake' to check CMake code style
[0.887s] -- Added test 'xmllint' to check XML markup files
[0.889s] -- Configuring done
[0.921s] -- Generating done
[0.921s] -- Build files have been written to: /home/matt/ros2_ws/build/ros2_msgs
[0.926s] Invoked command in '/home/matt/ros2_ws/build/ros2_msgs' returned '0': CMAKE_PREFIX_PATH=${CMAKE_PREFIX_PATH}:/home/matt/ros2_ws/install/rob599_hw3:/opt/ros/humble /usr/bin/cmake /home/matt/ros2_ws/src/ros2_msgs -DAMENT_CMAKE_SYMLINK_INSTALL=1 -DCMAKE_INSTALL_PREFIX=/home/matt/ros2_ws/install/ros2_msgs
[0.927s] Invoking command in '/home/matt/ros2_ws/build/ros2_msgs': CMAKE_PREFIX_PATH=${CMAKE_PREFIX_PATH}:/home/matt/ros2_ws/install/rob599_hw3:/opt/ros/humble /usr/bin/cmake --build /home/matt/ros2_ws/build/ros2_msgs -- -j24 -l24
[0.954s] [  1%] [34m[1mGenerating C code for ROS interfaces[0m
[0.961s] [  2%] [34m[1mGenerating C++ code for ROS interfaces[0m
[0.967s] [  2%] Built target ament_cmake_python_symlink_ros2_msgs
[1.157s] running egg_info
[1.157s] writing ros2_msgs.egg-info/PKG-INFO
[1.158s] writing dependency_links to ros2_msgs.egg-info/dependency_links.txt
[1.158s] writing top-level names to ros2_msgs.egg-info/top_level.txt
[1.159s] reading manifest file 'ros2_msgs.egg-info/SOURCES.txt'
[1.159s] writing manifest file 'ros2_msgs.egg-info/SOURCES.txt'
[1.177s] [  2%] Built target ament_cmake_python_build_ros2_msgs_egg
[1.769s] [  2%] Built target ros2_msgs__cpp
[1.779s] [  3%] [34m[1mGenerating C++ type support for eProsima Fast-RTPS[0m
[1.782s] [  4%] [34m[1mGenerating C++ type support dispatch for ROS interfaces[0m
[1.787s] [  5%] [34m[1mGenerating C++ introspection for ROS interfaces[0m
[1.798s] [35m[1mConsolidate compiler generated dependencies of target ros2_msgs__rosidl_generator_c[0m
[1.810s] [  6%] [32mBuilding C object CMakeFiles/ros2_msgs__rosidl_generator_c.dir/rosidl_generator_c/ros2_msgs/action/detail/go_to__functions.c.o[0m
[1.810s] [  7%] [32mBuilding C object CMakeFiles/ros2_msgs__rosidl_generator_c.dir/rosidl_generator_c/ros2_msgs/action/detail/patrol__functions.c.o[0m
[1.814s] [  9%] [32mBuilding C object CMakeFiles/ros2_msgs__rosidl_generator_c.dir/rosidl_generator_c/ros2_msgs/action/detail/nasa__functions.c.o[0m
[1.814s] [  9%] [32mBuilding C object CMakeFiles/ros2_msgs__rosidl_generator_c.dir/rosidl_generator_c/ros2_msgs/srv/detail/clear__functions.c.o[0m
[1.815s] [ 10%] [32mBuilding C object CMakeFiles/ros2_msgs__rosidl_generator_c.dir/rosidl_generator_c/ros2_msgs/srv/detail/location__functions.c.o[0m
[1.816s] [ 11%] [32mBuilding C object CMakeFiles/ros2_msgs__rosidl_generator_c.dir/rosidl_generator_c/ros2_msgs/msg/detail/location_name__functions.c.o[0m
[1.816s] [ 12%] [32mBuilding C object CMakeFiles/ros2_msgs__rosidl_generator_c.dir/rosidl_generator_c/ros2_msgs/srv/detail/load__functions.c.o[0m
[1.817s] [ 14%] [32mBuilding C object CMakeFiles/ros2_msgs__rosidl_generator_c.dir/rosidl_generator_c/ros2_msgs/srv/detail/save__functions.c.o[0m
[1.817s] [ 14%] [32mBuilding C object CMakeFiles/ros2_msgs__rosidl_generator_c.dir/rosidl_generator_c/ros2_msgs/srv/detail/knock_knock__functions.c.o[0m
[1.951s] [ 15%] [32m[1mLinking C shared library libros2_msgs__rosidl_generator_c.so[0m
[1.982s] [ 15%] Built target ros2_msgs__rosidl_generator_c
[1.990s] [ 18%] [34m[1mGenerating C type support dispatch for ROS interfaces[0m
[1.990s] [ 18%] [34m[1mGenerating C introspection for ROS interfaces[0m
[1.990s] [ 18%] [34m[1mGenerating C type support for eProsima Fast-RTPS[0m
[2.301s] [35m[1mConsolidate compiler generated dependencies of target ros2_msgs__rosidl_typesupport_cpp[0m
[2.315s] [ 20%] [32mBuilding CXX object CMakeFiles/ros2_msgs__rosidl_typesupport_cpp.dir/rosidl_typesupport_cpp/ros2_msgs/action/nasa__type_support.cpp.o[0m
[2.317s] [ 21%] [32mBuilding CXX object CMakeFiles/ros2_msgs__rosidl_typesupport_cpp.dir/rosidl_typesupport_cpp/ros2_msgs/srv/save__type_support.cpp.o[0m
[2.319s] [ 22%] [32mBuilding CXX object CMakeFiles/ros2_msgs__rosidl_typesupport_cpp.dir/rosidl_typesupport_cpp/ros2_msgs/action/go_to__type_support.cpp.o[0m
[2.319s] [ 23%] [32mBuilding CXX object CMakeFiles/ros2_msgs__rosidl_typesupport_cpp.dir/rosidl_typesupport_cpp/ros2_msgs/action/patrol__type_support.cpp.o[0m
[2.319s] [ 24%] [32mBuilding CXX object CMakeFiles/ros2_msgs__rosidl_typesupport_cpp.dir/rosidl_typesupport_cpp/ros2_msgs/srv/location__type_support.cpp.o[0m
[2.320s] [ 26%] [32mBuilding CXX object CMakeFiles/ros2_msgs__rosidl_typesupport_cpp.dir/rosidl_typesupport_cpp/ros2_msgs/srv/knock_knock__type_support.cpp.o[0m
[2.320s] [ 26%] [32mBuilding CXX object CMakeFiles/ros2_msgs__rosidl_typesupport_cpp.dir/rosidl_typesupport_cpp/ros2_msgs/srv/clear__type_support.cpp.o[0m
[2.320s] [ 27%] [32mBuilding CXX object CMakeFiles/ros2_msgs__rosidl_typesupport_cpp.dir/rosidl_typesupport_cpp/ros2_msgs/msg/location_name__type_support.cpp.o[0m
[2.321s] [ 28%] [32mBuilding CXX object CMakeFiles/ros2_msgs__rosidl_typesupport_cpp.dir/rosidl_typesupport_cpp/ros2_msgs/srv/load__type_support.cpp.o[0m
[2.529s] [35m[1mConsolidate compiler generated dependencies of target ros2_msgs__rosidl_typesupport_c[0m
[2.544s] [ 29%] [32mBuilding CXX object CMakeFiles/ros2_msgs__rosidl_typesupport_c.dir/rosidl_typesupport_c/ros2_msgs/action/nasa__type_support.cpp.o[0m
[2.544s] [ 31%] [32mBuilding CXX object CMakeFiles/ros2_msgs__rosidl_typesupport_c.dir/rosidl_typesupport_c/ros2_msgs/action/patrol__type_support.cpp.o[0m
[2.544s] [ 31%] [32mBuilding CXX object CMakeFiles/ros2_msgs__rosidl_typesupport_c.dir/rosidl_typesupport_c/ros2_msgs/action/go_to__type_support.cpp.o[0m
[2.545s] [ 32%] [32mBuilding CXX object CMakeFiles/ros2_msgs__rosidl_typesupport_c.dir/rosidl_typesupport_c/ros2_msgs/srv/clear__type_support.cpp.o[0m
[2.545s] [ 33%] [32mBuilding CXX object CMakeFiles/ros2_msgs__rosidl_typesupport_c.dir/rosidl_typesupport_c/ros2_msgs/msg/location_name__type_support.cpp.o[0m
[2.545s] [ 34%] [32mBuilding CXX object CMakeFiles/ros2_msgs__rosidl_typesupport_c.dir/rosidl_typesupport_c/ros2_msgs/srv/knock_knock__type_support.cpp.o[0m
[2.547s] [ 36%] [32mBuilding CXX object CMakeFiles/ros2_msgs__rosidl_typesupport_c.dir/rosidl_typesupport_c/ros2_msgs/srv/load__type_support.cpp.o[0m
[2.547s] [ 35%] [32mBuilding CXX object CMakeFiles/ros2_msgs__rosidl_typesupport_c.dir/rosidl_typesupport_c/ros2_msgs/srv/location__type_support.cpp.o[0m
[2.548s] [35m[1mConsolidate compiler generated dependencies of target ros2_msgs__rosidl_typesupport_introspection_cpp[0m
[2.556s] [ 37%] [32mBuilding CXX object CMakeFiles/ros2_msgs__rosidl_typesupport_c.dir/rosidl_typesupport_c/ros2_msgs/srv/save__type_support.cpp.o[0m
[2.570s] [ 38%] [32mBuilding CXX object CMakeFiles/ros2_msgs__rosidl_typesupport_introspection_cpp.dir/rosidl_typesupport_introspection_cpp/ros2_msgs/srv/detail/location__type_support.cpp.o[0m
[2.570s] [ 40%] [32mBuilding CXX object CMakeFiles/ros2_msgs__rosidl_typesupport_introspection_cpp.dir/rosidl_typesupport_introspection_cpp/ros2_msgs/action/detail/patrol__type_support.cpp.o[0m
[2.578s] [ 41%] [32mBuilding CXX object CMakeFiles/ros2_msgs__rosidl_typesupport_introspection_cpp.dir/rosidl_typesupport_introspection_cpp/ros2_msgs/srv/detail/clear__type_support.cpp.o[0m
[2.583s] [ 42%] [32mBuilding CXX object CMakeFiles/ros2_msgs__rosidl_typesupport_introspection_cpp.dir/rosidl_typesupport_introspection_cpp/ros2_msgs/action/detail/nasa__type_support.cpp.o[0m
[2.584s] [ 43%] [32mBuilding CXX object CMakeFiles/ros2_msgs__rosidl_typesupport_introspection_cpp.dir/rosidl_typesupport_introspection_cpp/ros2_msgs/action/detail/go_to__type_support.cpp.o[0m
[2.591s] [ 44%] [32mBuilding CXX object CMakeFiles/ros2_msgs__rosidl_typesupport_introspection_cpp.dir/rosidl_typesupport_introspection_cpp/ros2_msgs/msg/detail/location_name__type_support.cpp.o[0m
[2.595s] [ 45%] [32mBuilding CXX object CMakeFiles/ros2_msgs__rosidl_typesupport_introspection_cpp.dir/rosidl_typesupport_introspection_cpp/ros2_msgs/srv/detail/save__type_support.cpp.o[0m
[2.597s] [ 46%] [32mBuilding CXX object CMakeFiles/ros2_msgs__rosidl_typesupport_introspection_cpp.dir/rosidl_typesupport_introspection_cpp/ros2_msgs/srv/detail/knock_knock__type_support.cpp.o[0m
[2.600s] [ 47%] [32mBuilding CXX object CMakeFiles/ros2_msgs__rosidl_typesupport_introspection_cpp.dir/rosidl_typesupport_introspection_cpp/ros2_msgs/srv/detail/load__type_support.cpp.o[0m
[2.614s] [ 48%] [32m[1mLinking CXX shared library libros2_msgs__rosidl_typesupport_c.so[0m
[2.709s] [ 48%] Built target ros2_msgs__rosidl_typesupport_c
[2.860s] [35m[1mConsolidate compiler generated dependencies of target ros2_msgs__rosidl_typesupport_fastrtps_cpp[0m
[2.893s] [ 49%] [32mBuilding CXX object CMakeFiles/ros2_msgs__rosidl_typesupport_fastrtps_cpp.dir/rosidl_typesupport_fastrtps_cpp/ros2_msgs/action/detail/dds_fastrtps/nasa__type_support.cpp.o[0m
[2.893s] [ 52%] [32mBuilding CXX object CMakeFiles/ros2_msgs__rosidl_typesupport_fastrtps_cpp.dir/rosidl_typesupport_fastrtps_cpp/ros2_msgs/srv/detail/dds_fastrtps/location__type_support.cpp.o[0m
[2.894s] [ 52%] [32mBuilding CXX object CMakeFiles/ros2_msgs__rosidl_typesupport_fastrtps_cpp.dir/rosidl_typesupport_fastrtps_cpp/ros2_msgs/srv/detail/dds_fastrtps/clear__type_support.cpp.o[0m
[2.894s] [ 54%] [32mBuilding CXX object CMakeFiles/ros2_msgs__rosidl_typesupport_fastrtps_cpp.dir/rosidl_typesupport_fastrtps_cpp/ros2_msgs/msg/detail/dds_fastrtps/location_name__type_support.cpp.o[0m
[2.894s] [ 54%] [32mBuilding CXX object CMakeFiles/ros2_msgs__rosidl_typesupport_fastrtps_cpp.dir/rosidl_typesupport_fastrtps_cpp/ros2_msgs/action/detail/dds_fastrtps/patrol__type_support.cpp.o[0m
[2.894s] [ 54%] [32mBuilding CXX object CMakeFiles/ros2_msgs__rosidl_typesupport_fastrtps_cpp.dir/rosidl_typesupport_fastrtps_cpp/ros2_msgs/srv/detail/dds_fastrtps/knock_knock__type_support.cpp.o[0m
[2.895s] [ 56%] [32mBuilding CXX object CMakeFiles/ros2_msgs__rosidl_typesupport_fastrtps_cpp.dir/rosidl_typesupport_fastrtps_cpp/ros2_msgs/action/detail/dds_fastrtps/go_to__type_support.cpp.o[0m
[2.895s] [ 56%] [32mBuilding CXX object CMakeFiles/ros2_msgs__rosidl_typesupport_fastrtps_cpp.dir/rosidl_typesupport_fastrtps_cpp/ros2_msgs/srv/detail/dds_fastrtps/save__type_support.cpp.o[0m
[2.907s] [ 57%] [32mBuilding CXX object CMakeFiles/ros2_msgs__rosidl_typesupport_fastrtps_cpp.dir/rosidl_typesupport_fastrtps_cpp/ros2_msgs/srv/detail/dds_fastrtps/load__type_support.cpp.o[0m
[2.989s] [35m[1mConsolidate compiler generated dependencies of target ros2_msgs__rosidl_typesupport_introspection_c[0m
[3.013s] [ 58%] [32mBuilding C object CMakeFiles/ros2_msgs__rosidl_typesupport_introspection_c.dir/rosidl_typesupport_introspection_c/ros2_msgs/action/detail/nasa__type_support.c.o[0m
[3.013s] [ 60%] [32mBuilding C object CMakeFiles/ros2_msgs__rosidl_typesupport_introspection_c.dir/rosidl_typesupport_introspection_c/ros2_msgs/action/detail/go_to__type_support.c.o[0m
[3.020s] [ 61%] [32mBuilding C object CMakeFiles/ros2_msgs__rosidl_typesupport_introspection_c.dir/rosidl_typesupport_introspection_c/ros2_msgs/action/detail/patrol__type_support.c.o[0m
[3.031s] [ 62%] [32mBuilding C object CMakeFiles/ros2_msgs__rosidl_typesupport_introspection_c.dir/rosidl_typesupport_introspection_c/ros2_msgs/srv/detail/location__type_support.c.o[0m
[3.083s] [ 63%] [32mBuilding C object CMakeFiles/ros2_msgs__rosidl_typesupport_introspection_c.dir/rosidl_typesupport_introspection_c/ros2_msgs/srv/detail/clear__type_support.c.o[0m
[3.099s] [ 64%] [32mBuilding C object CMakeFiles/ros2_msgs__rosidl_typesupport_introspection_c.dir/rosidl_typesupport_introspection_c/ros2_msgs/msg/detail/location_name__type_support.c.o[0m
[3.102s] [ 65%] [32m[1mLinking CXX shared library libros2_msgs__rosidl_typesupport_cpp.so[0m
[3.104s] [ 66%] [32mBuilding C object CMakeFiles/ros2_msgs__rosidl_typesupport_introspection_c.dir/rosidl_typesupport_introspection_c/ros2_msgs/srv/detail/load__type_support.c.o[0m
[3.114s] [ 67%] [32mBuilding C object CMakeFiles/ros2_msgs__rosidl_typesupport_introspection_c.dir/rosidl_typesupport_introspection_c/ros2_msgs/srv/detail/save__type_support.c.o[0m
[3.116s] [ 68%] [32mBuilding C object CMakeFiles/ros2_msgs__rosidl_typesupport_introspection_c.dir/rosidl_typesupport_introspection_c/ros2_msgs/srv/detail/knock_knock__type_support.c.o[0m
[3.118s] [35m[1mConsolidate compiler generated dependencies of target ros2_msgs__rosidl_typesupport_fastrtps_c[0m
[3.147s] [ 69%] [32mBuilding CXX object CMakeFiles/ros2_msgs__rosidl_typesupport_fastrtps_c.dir/rosidl_typesupport_fastrtps_c/ros2_msgs/action/detail/patrol__type_support_c.cpp.o[0m
[3.147s] [ 70%] [32mBuilding CXX object CMakeFiles/ros2_msgs__rosidl_typesupport_fastrtps_c.dir/rosidl_typesupport_fastrtps_c/ros2_msgs/srv/detail/location__type_support_c.cpp.o[0m
[3.158s] [ 72%] [32mBuilding CXX object CMakeFiles/ros2_msgs__rosidl_typesupport_fastrtps_c.dir/rosidl_typesupport_fastrtps_c/ros2_msgs/action/detail/nasa__type_support_c.cpp.o[0m
[3.158s] [ 72%] [32mBuilding CXX object CMakeFiles/ros2_msgs__rosidl_typesupport_fastrtps_c.dir/rosidl_typesupport_fastrtps_c/ros2_msgs/srv/detail/clear__type_support_c.cpp.o[0m
[3.159s] [ 73%] [32mBuilding CXX object CMakeFiles/ros2_msgs__rosidl_typesupport_fastrtps_c.dir/rosidl_typesupport_fastrtps_c/ros2_msgs/action/detail/go_to__type_support_c.cpp.o[0m
[3.170s] [ 74%] [32m[1mLinking C shared library libros2_msgs__rosidl_typesupport_introspection_c.so[0m
[3.182s] [ 74%] Built target ros2_msgs__rosidl_typesupport_cpp
[3.186s] [ 75%] [32mBuilding CXX object CMakeFiles/ros2_msgs__rosidl_typesupport_fastrtps_c.dir/rosidl_typesupport_fastrtps_c/ros2_msgs/msg/detail/location_name__type_support_c.cpp.o[0m
[3.202s] [ 76%] [32mBuilding CXX object CMakeFiles/ros2_msgs__rosidl_typesupport_fastrtps_c.dir/rosidl_typesupport_fastrtps_c/ros2_msgs/srv/detail/load__type_support_c.cpp.o[0m
[3.204s] [ 77%] [32mBuilding CXX object CMakeFiles/ros2_msgs__rosidl_typesupport_fastrtps_c.dir/rosidl_typesupport_fastrtps_c/ros2_msgs/srv/detail/save__type_support_c.cpp.o[0m
[3.213s] [ 78%] [32mBuilding CXX object CMakeFiles/ros2_msgs__rosidl_typesupport_fastrtps_c.dir/rosidl_typesupport_fastrtps_c/ros2_msgs/srv/detail/knock_knock__type_support_c.cpp.o[0m
[3.221s] [ 78%] Built target ros2_msgs__rosidl_typesupport_introspection_c
[3.518s] [ 80%] [32m[1mLinking CXX shared library libros2_msgs__rosidl_typesupport_introspection_cpp.so[0m
[3.576s] [ 80%] Built target ros2_msgs__rosidl_typesupport_introspection_cpp
[3.613s] [ 81%] [32m[1mLinking CXX shared library libros2_msgs__rosidl_typesupport_fastrtps_cpp.so[0m
[3.642s] [ 82%] [32m[1mLinking CXX shared library libros2_msgs__rosidl_typesupport_fastrtps_c.so[0m
[3.662s] [ 82%] Built target ros2_msgs__rosidl_typesupport_fastrtps_cpp
[3.693s] [ 82%] Built target ros2_msgs__rosidl_typesupport_fastrtps_c
[3.707s] [ 82%] Built target ros2_msgs
[3.720s] [ 83%] [34m[1mGenerating Python code for ROS interfaces[0m
[5.205s] [ 83%] Built target ros2_msgs__py
[5.213s] [35m[1mConsolidate compiler generated dependencies of target ros2_msgs__rosidl_generator_py[0m
[5.225s] [ 84%] [32mBuilding C object CMakeFiles/ros2_msgs__rosidl_generator_py.dir/rosidl_generator_py/ros2_msgs/action/_nasa_s.c.o[0m
[5.225s] [ 85%] [32mBuilding C object CMakeFiles/ros2_msgs__rosidl_generator_py.dir/rosidl_generator_py/ros2_msgs/action/_go_to_s.c.o[0m
[5.226s] [ 86%] [32mBuilding C object CMakeFiles/ros2_msgs__rosidl_generator_py.dir/rosidl_generator_py/ros2_msgs/action/_patrol_s.c.o[0m
[5.226s] [ 87%] [32mBuilding C object CMakeFiles/ros2_msgs__rosidl_generator_py.dir/rosidl_generator_py/ros2_msgs/srv/_location_s.c.o[0m
[5.226s] [ 88%] [32mBuilding C object CMakeFiles/ros2_msgs__rosidl_generator_py.dir/rosidl_generator_py/ros2_msgs/srv/_clear_s.c.o[0m
[5.226s] [ 89%] [32mBuilding C object CMakeFiles/ros2_msgs__rosidl_generator_py.dir/rosidl_generator_py/ros2_msgs/msg/_location_name_s.c.o[0m
[5.227s] [ 90%] [32mBuilding C object CMakeFiles/ros2_msgs__rosidl_generator_py.dir/rosidl_generator_py/ros2_msgs/srv/_load_s.c.o[0m
[5.228s] [ 91%] [32mBuilding C object CMakeFiles/ros2_msgs__rosidl_generator_py.dir/rosidl_generator_py/ros2_msgs/srv/_save_s.c.o[0m
[5.232s] [ 92%] [32mBuilding C object CMakeFiles/ros2_msgs__rosidl_generator_py.dir/rosidl_generator_py/ros2_msgs/srv/_knock_knock_s.c.o[0m
[5.327s] [ 93%] [32m[1mLinking C shared library rosidl_generator_py/ros2_msgs/libros2_msgs__rosidl_generator_py.so[0m
[5.355s] [ 93%] Built target ros2_msgs__rosidl_generator_py
[5.363s] [35m[1mConsolidate compiler generated dependencies of target ros2_msgs__rosidl_typesupport_introspection_c__pyext[0m
[5.363s] [35m[1mConsolidate compiler generated dependencies of target ros2_msgs__rosidl_typesupport_fastrtps_c__pyext[0m
[5.363s] [35m[1mConsolidate compiler generated dependencies of target ros2_msgs__rosidl_typesupport_c__pyext[0m
[5.371s] [ 95%] [32mBuilding C object CMakeFiles/ros2_msgs__rosidl_typesupport_c__pyext.dir/rosidl_generator_py/ros2_msgs/_ros2_msgs_s.ep.rosidl_typesupport_c.c.o[0m
[5.371s] [ 95%] [32mBuilding C object CMakeFiles/ros2_msgs__rosidl_typesupport_fastrtps_c__pyext.dir/rosidl_generator_py/ros2_msgs/_ros2_msgs_s.ep.rosidl_typesupport_fastrtps_c.c.o[0m
[5.371s] [ 96%] [32mBuilding C object CMakeFiles/ros2_msgs__rosidl_typesupport_introspection_c__pyext.dir/rosidl_generator_py/ros2_msgs/_ros2_msgs_s.ep.rosidl_typesupport_introspection_c.c.o[0m
[5.498s] [ 98%] [32m[1mLinking C shared library rosidl_generator_py/ros2_msgs/ros2_msgs_s__rosidl_typesupport_introspection_c.cpython-310-x86_64-linux-gnu.so[0m
[5.499s] [ 98%] [32m[1mLinking C shared library rosidl_generator_py/ros2_msgs/ros2_msgs_s__rosidl_typesupport_c.cpython-310-x86_64-linux-gnu.so[0m
[5.500s] [100%] [32m[1mLinking C shared library rosidl_generator_py/ros2_msgs/ros2_msgs_s__rosidl_typesupport_fastrtps_c.cpython-310-x86_64-linux-gnu.so[0m
[5.530s] [100%] Built target ros2_msgs__rosidl_typesupport_c__pyext
[5.530s] [100%] Built target ros2_msgs__rosidl_typesupport_fastrtps_c__pyext
[5.530s] [100%] Built target ros2_msgs__rosidl_typesupport_introspection_c__pyext
[5.538s] Invoked command in '/home/matt/ros2_ws/build/ros2_msgs' returned '0': CMAKE_PREFIX_PATH=${CMAKE_PREFIX_PATH}:/home/matt/ros2_ws/install/rob599_hw3:/opt/ros/humble /usr/bin/cmake --build /home/matt/ros2_ws/build/ros2_msgs -- -j24 -l24
[5.690s] Invoking command in '/home/matt/ros2_ws/build/ros2_msgs': CMAKE_PREFIX_PATH=${CMAKE_PREFIX_PATH}:/home/matt/ros2_ws/install/rob599_hw3:/opt/ros/humble /usr/bin/cmake --install /home/matt/ros2_ws/build/ros2_msgs
[5.695s] -- Install configuration: ""
[5.695s] -- Execute custom install script
[5.695s] -- Up-to-date symlink: /home/matt/ros2_ws/install/ros2_msgs/share/ament_index/resource_index/rosidl_interfaces/ros2_msgs
[5.696s] -- Up-to-date symlink: /home/matt/ros2_ws/install/ros2_msgs/include/ros2_msgs/ros2_msgs/action/detail/go_to__functions.h
[5.696s] -- Up-to-date symlink: /home/matt/ros2_ws/install/ros2_msgs/include/ros2_msgs/ros2_msgs/action/detail/go_to__struct.h
[5.696s] -- Up-to-date symlink: /home/matt/ros2_ws/install/ros2_msgs/include/ros2_msgs/ros2_msgs/action/detail/go_to__type_support.h
[5.696s] -- Up-to-date symlink: /home/matt/ros2_ws/install/ros2_msgs/include/ros2_msgs/ros2_msgs/action/detail/nasa__functions.h
[5.696s] -- Up-to-date symlink: /home/matt/ros2_ws/install/ros2_msgs/include/ros2_msgs/ros2_msgs/action/detail/nasa__struct.h
[5.696s] -- Up-to-date symlink: /home/matt/ros2_ws/install/ros2_msgs/include/ros2_msgs/ros2_msgs/action/detail/nasa__type_support.h
[5.696s] -- Up-to-date symlink: /home/matt/ros2_ws/install/ros2_msgs/include/ros2_msgs/ros2_msgs/action/detail/patrol__functions.h
[5.696s] -- Up-to-date symlink: /home/matt/ros2_ws/install/ros2_msgs/include/ros2_msgs/ros2_msgs/action/detail/patrol__struct.h
[5.696s] -- Up-to-date symlink: /home/matt/ros2_ws/install/ros2_msgs/include/ros2_msgs/ros2_msgs/action/detail/patrol__type_support.h
[5.697s] -- Up-to-date symlink: /home/matt/ros2_ws/install/ros2_msgs/include/ros2_msgs/ros2_msgs/action/go_to.h
[5.697s] -- Up-to-date symlink: /home/matt/ros2_ws/install/ros2_msgs/include/ros2_msgs/ros2_msgs/action/nasa.h
[5.697s] -- Up-to-date symlink: /home/matt/ros2_ws/install/ros2_msgs/include/ros2_msgs/ros2_msgs/action/patrol.h
[5.697s] -- Up-to-date symlink: /home/matt/ros2_ws/install/ros2_msgs/include/ros2_msgs/ros2_msgs/msg/detail/location_name__functions.h
[5.697s] -- Up-to-date symlink: /home/matt/ros2_ws/install/ros2_msgs/include/ros2_msgs/ros2_msgs/msg/detail/location_name__struct.h
[5.697s] -- Up-to-date symlink: /home/matt/ros2_ws/install/ros2_msgs/include/ros2_msgs/ros2_msgs/msg/detail/location_name__type_support.h
[5.697s] -- Up-to-date symlink: /home/matt/ros2_ws/install/ros2_msgs/include/ros2_msgs/ros2_msgs/msg/location_name.h
[5.697s] -- Up-to-date symlink: /home/matt/ros2_ws/install/ros2_msgs/include/ros2_msgs/ros2_msgs/msg/rosidl_generator_c__visibility_control.h
[5.697s] -- Up-to-date symlink: /home/matt/ros2_ws/install/ros2_msgs/include/ros2_msgs/ros2_msgs/srv/clear.h
[5.697s] -- Up-to-date symlink: /home/matt/ros2_ws/install/ros2_msgs/include/ros2_msgs/ros2_msgs/srv/detail/clear__functions.h
[5.697s] -- Up-to-date symlink: /home/matt/ros2_ws/install/ros2_msgs/include/ros2_msgs/ros2_msgs/srv/detail/clear__struct.h
[5.697s] -- Up-to-date symlink: /home/matt/ros2_ws/install/ros2_msgs/include/ros2_msgs/ros2_msgs/srv/detail/clear__type_support.h
[5.697s] -- Symlinking: /home/matt/ros2_ws/install/ros2_msgs/include/ros2_msgs/ros2_msgs/srv/detail/knock_knock__functions.h
[5.707s] -- Symlinking: /home/matt/ros2_ws/install/ros2_msgs/include/ros2_msgs/ros2_msgs/srv/detail/knock_knock__struct.h
[5.714s] -- Symlinking: /home/matt/ros2_ws/install/ros2_msgs/include/ros2_msgs/ros2_msgs/srv/detail/knock_knock__type_support.h
[5.719s] -- Up-to-date symlink: /home/matt/ros2_ws/install/ros2_msgs/include/ros2_msgs/ros2_msgs/srv/detail/load__functions.h
[5.720s] -- Up-to-date symlink: /home/matt/ros2_ws/install/ros2_msgs/include/ros2_msgs/ros2_msgs/srv/detail/load__struct.h
[5.720s] -- Up-to-date symlink: /home/matt/ros2_ws/install/ros2_msgs/include/ros2_msgs/ros2_msgs/srv/detail/load__type_support.h
[5.720s] -- Up-to-date symlink: /home/matt/ros2_ws/install/ros2_msgs/include/ros2_msgs/ros2_msgs/srv/detail/location__functions.h
[5.720s] -- Up-to-date symlink: /home/matt/ros2_ws/install/ros2_msgs/include/ros2_msgs/ros2_msgs/srv/detail/location__struct.h
[5.720s] -- Up-to-date symlink: /home/matt/ros2_ws/install/ros2_msgs/include/ros2_msgs/ros2_msgs/srv/detail/location__type_support.h
[5.720s] -- Up-to-date symlink: /home/matt/ros2_ws/install/ros2_msgs/include/ros2_msgs/ros2_msgs/srv/detail/save__functions.h
[5.720s] -- Up-to-date symlink: /home/matt/ros2_ws/install/ros2_msgs/include/ros2_msgs/ros2_msgs/srv/detail/save__struct.h
[5.720s] -- Up-to-date symlink: /home/matt/ros2_ws/install/ros2_msgs/include/ros2_msgs/ros2_msgs/srv/detail/save__type_support.h
[5.720s] -- Symlinking: /home/matt/ros2_ws/install/ros2_msgs/include/ros2_msgs/ros2_msgs/srv/knock_knock.h
[5.725s] -- Up-to-date symlink: /home/matt/ros2_ws/install/ros2_msgs/include/ros2_msgs/ros2_msgs/srv/load.h
[5.725s] -- Up-to-date symlink: /home/matt/ros2_ws/install/ros2_msgs/include/ros2_msgs/ros2_msgs/srv/location.h
[5.725s] -- Up-to-date symlink: /home/matt/ros2_ws/install/ros2_msgs/include/ros2_msgs/ros2_msgs/srv/save.h
[5.725s] -- Up-to-date symlink: /home/matt/ros2_ws/install/ros2_msgs/share/ros2_msgs/environment/library_path.sh
[5.726s] -- Up-to-date symlink: /home/matt/ros2_ws/install/ros2_msgs/share/ros2_msgs/environment/library_path.dsv
[5.726s] -- Up-to-date symlink: /home/matt/ros2_ws/install/ros2_msgs/include/ros2_msgs/ros2_msgs/action/detail/go_to__rosidl_typesupport_fastrtps_c.h
[5.726s] -- Up-to-date symlink: /home/matt/ros2_ws/install/ros2_msgs/include/ros2_msgs/ros2_msgs/action/detail/nasa__rosidl_typesupport_fastrtps_c.h
[5.726s] -- Up-to-date symlink: /home/matt/ros2_ws/install/ros2_msgs/include/ros2_msgs/ros2_msgs/action/detail/patrol__rosidl_typesupport_fastrtps_c.h
[5.726s] -- Up-to-date symlink: /home/matt/ros2_ws/install/ros2_msgs/include/ros2_msgs/ros2_msgs/msg/detail/location_name__rosidl_typesupport_fastrtps_c.h
[5.726s] -- Up-to-date symlink: /home/matt/ros2_ws/install/ros2_msgs/include/ros2_msgs/ros2_msgs/msg/rosidl_typesupport_fastrtps_c__visibility_control.h
[5.726s] -- Up-to-date symlink: /home/matt/ros2_ws/install/ros2_msgs/include/ros2_msgs/ros2_msgs/srv/detail/clear__rosidl_typesupport_fastrtps_c.h
[5.726s] -- Symlinking: /home/matt/ros2_ws/install/ros2_msgs/include/ros2_msgs/ros2_msgs/srv/detail/knock_knock__rosidl_typesupport_fastrtps_c.h
[5.732s] -- Up-to-date symlink: /home/matt/ros2_ws/install/ros2_msgs/include/ros2_msgs/ros2_msgs/srv/detail/load__rosidl_typesupport_fastrtps_c.h
[5.733s] -- Up-to-date symlink: /home/matt/ros2_ws/install/ros2_msgs/include/ros2_msgs/ros2_msgs/srv/detail/location__rosidl_typesupport_fastrtps_c.h
[5.733s] -- Up-to-date symlink: /home/matt/ros2_ws/install/ros2_msgs/include/ros2_msgs/ros2_msgs/srv/detail/save__rosidl_typesupport_fastrtps_c.h
[5.733s] -- Up-to-date symlink: /home/matt/ros2_ws/install/ros2_msgs/include/ros2_msgs/ros2_msgs/action/detail/go_to__rosidl_typesupport_introspection_c.h
[5.733s] -- Up-to-date symlink: /home/matt/ros2_ws/install/ros2_msgs/include/ros2_msgs/ros2_msgs/action/detail/nasa__rosidl_typesupport_introspection_c.h
[5.733s] -- Up-to-date symlink: /home/matt/ros2_ws/install/ros2_msgs/include/ros2_msgs/ros2_msgs/action/detail/patrol__rosidl_typesupport_introspection_c.h
[5.733s] -- Up-to-date symlink: /home/matt/ros2_ws/install/ros2_msgs/include/ros2_msgs/ros2_msgs/msg/detail/location_name__rosidl_typesupport_introspection_c.h
[5.733s] -- Up-to-date symlink: /home/matt/ros2_ws/install/ros2_msgs/include/ros2_msgs/ros2_msgs/msg/rosidl_typesupport_introspection_c__visibility_control.h
[5.733s] -- Up-to-date symlink: /home/matt/ros2_ws/install/ros2_msgs/include/ros2_msgs/ros2_msgs/srv/detail/clear__rosidl_typesupport_introspection_c.h
[5.733s] -- Symlinking: /home/matt/ros2_ws/install/ros2_msgs/include/ros2_msgs/ros2_msgs/srv/detail/knock_knock__rosidl_typesupport_introspection_c.h
[5.739s] -- Up-to-date symlink: /home/matt/ros2_ws/install/ros2_msgs/include/ros2_msgs/ros2_msgs/srv/detail/load__rosidl_typesupport_introspection_c.h
[5.740s] -- Up-to-date symlink: /home/matt/ros2_ws/install/ros2_msgs/include/ros2_msgs/ros2_msgs/srv/detail/location__rosidl_typesupport_introspection_c.h
[5.740s] -- Up-to-date symlink: /home/matt/ros2_ws/install/ros2_msgs/include/ros2_msgs/ros2_msgs/srv/detail/save__rosidl_typesupport_introspection_c.h
[5.740s] -- Up-to-date symlink: /home/matt/ros2_ws/install/ros2_msgs/include/ros2_msgs/ros2_msgs/action/detail/go_to__builder.hpp
[5.740s] -- Up-to-date symlink: /home/matt/ros2_ws/install/ros2_msgs/include/ros2_msgs/ros2_msgs/action/detail/go_to__struct.hpp
[5.740s] -- Up-to-date symlink: /home/matt/ros2_ws/install/ros2_msgs/include/ros2_msgs/ros2_msgs/action/detail/go_to__traits.hpp
[5.740s] -- Up-to-date symlink: /home/matt/ros2_ws/install/ros2_msgs/include/ros2_msgs/ros2_msgs/action/detail/nasa__builder.hpp
[5.741s] -- Up-to-date symlink: /home/matt/ros2_ws/install/ros2_msgs/include/ros2_msgs/ros2_msgs/action/detail/nasa__struct.hpp
[5.741s] -- Up-to-date symlink: /home/matt/ros2_ws/install/ros2_msgs/include/ros2_msgs/ros2_msgs/action/detail/nasa__traits.hpp
[5.741s] -- Up-to-date symlink: /home/matt/ros2_ws/install/ros2_msgs/include/ros2_msgs/ros2_msgs/action/detail/patrol__builder.hpp
[5.741s] -- Up-to-date symlink: /home/matt/ros2_ws/install/ros2_msgs/include/ros2_msgs/ros2_msgs/action/detail/patrol__struct.hpp
[5.741s] -- Up-to-date symlink: /home/matt/ros2_ws/install/ros2_msgs/include/ros2_msgs/ros2_msgs/action/detail/patrol__traits.hpp
[5.741s] -- Up-to-date symlink: /home/matt/ros2_ws/install/ros2_msgs/include/ros2_msgs/ros2_msgs/action/go_to.hpp
[5.741s] -- Up-to-date symlink: /home/matt/ros2_ws/install/ros2_msgs/include/ros2_msgs/ros2_msgs/action/nasa.hpp
[5.741s] -- Up-to-date symlink: /home/matt/ros2_ws/install/ros2_msgs/include/ros2_msgs/ros2_msgs/action/patrol.hpp
[5.741s] -- Up-to-date symlink: /home/matt/ros2_ws/install/ros2_msgs/include/ros2_msgs/ros2_msgs/msg/detail/location_name__builder.hpp
[5.741s] -- Up-to-date symlink: /home/matt/ros2_ws/install/ros2_msgs/include/ros2_msgs/ros2_msgs/msg/detail/location_name__struct.hpp
[5.741s] -- Up-to-date symlink: /home/matt/ros2_ws/install/ros2_msgs/include/ros2_msgs/ros2_msgs/msg/detail/location_name__traits.hpp
[5.741s] -- Up-to-date symlink: /home/matt/ros2_ws/install/ros2_msgs/include/ros2_msgs/ros2_msgs/msg/location_name.hpp
[5.741s] -- Up-to-date symlink: /home/matt/ros2_ws/install/ros2_msgs/include/ros2_msgs/ros2_msgs/srv/clear.hpp
[5.741s] -- Up-to-date symlink: /home/matt/ros2_ws/install/ros2_msgs/include/ros2_msgs/ros2_msgs/srv/detail/clear__builder.hpp
[5.741s] -- Up-to-date symlink: /home/matt/ros2_ws/install/ros2_msgs/include/ros2_msgs/ros2_msgs/srv/detail/clear__struct.hpp
[5.741s] -- Up-to-date symlink: /home/matt/ros2_ws/install/ros2_msgs/include/ros2_msgs/ros2_msgs/srv/detail/clear__traits.hpp
[5.741s] -- Symlinking: /home/matt/ros2_ws/install/ros2_msgs/include/ros2_msgs/ros2_msgs/srv/detail/knock_knock__builder.hpp
[5.748s] -- Symlinking: /home/matt/ros2_ws/install/ros2_msgs/include/ros2_msgs/ros2_msgs/srv/detail/knock_knock__struct.hpp
[5.754s] -- Symlinking: /home/matt/ros2_ws/install/ros2_msgs/include/ros2_msgs/ros2_msgs/srv/detail/knock_knock__traits.hpp
[5.760s] -- Up-to-date symlink: /home/matt/ros2_ws/install/ros2_msgs/include/ros2_msgs/ros2_msgs/srv/detail/load__builder.hpp
[5.760s] -- Up-to-date symlink: /home/matt/ros2_ws/install/ros2_msgs/include/ros2_msgs/ros2_msgs/srv/detail/load__struct.hpp
[5.760s] -- Up-to-date symlink: /home/matt/ros2_ws/install/ros2_msgs/include/ros2_msgs/ros2_msgs/srv/detail/load__traits.hpp
[5.760s] -- Up-to-date symlink: /home/matt/ros2_ws/install/ros2_msgs/include/ros2_msgs/ros2_msgs/srv/detail/location__builder.hpp
[5.760s] -- Up-to-date symlink: /home/matt/ros2_ws/install/ros2_msgs/include/ros2_msgs/ros2_msgs/srv/detail/location__struct.hpp
[5.760s] -- Up-to-date symlink: /home/matt/ros2_ws/install/ros2_msgs/include/ros2_msgs/ros2_msgs/srv/detail/location__traits.hpp
[5.760s] -- Up-to-date symlink: /home/matt/ros2_ws/install/ros2_msgs/include/ros2_msgs/ros2_msgs/srv/detail/save__builder.hpp
[5.761s] -- Up-to-date symlink: /home/matt/ros2_ws/install/ros2_msgs/include/ros2_msgs/ros2_msgs/srv/detail/save__struct.hpp
[5.761s] -- Up-to-date symlink: /home/matt/ros2_ws/install/ros2_msgs/include/ros2_msgs/ros2_msgs/srv/detail/save__traits.hpp
[5.761s] -- Symlinking: /home/matt/ros2_ws/install/ros2_msgs/include/ros2_msgs/ros2_msgs/srv/knock_knock.hpp
[5.766s] -- Up-to-date symlink: /home/matt/ros2_ws/install/ros2_msgs/include/ros2_msgs/ros2_msgs/srv/load.hpp
[5.767s] -- Up-to-date symlink: /home/matt/ros2_ws/install/ros2_msgs/include/ros2_msgs/ros2_msgs/srv/location.hpp
[5.767s] -- Up-to-date symlink: /home/matt/ros2_ws/install/ros2_msgs/include/ros2_msgs/ros2_msgs/srv/save.hpp
[5.767s] -- Up-to-date symlink: /home/matt/ros2_ws/install/ros2_msgs/include/ros2_msgs/ros2_msgs/action/detail/go_to__rosidl_typesupport_fastrtps_cpp.hpp
[5.767s] -- Up-to-date symlink: /home/matt/ros2_ws/install/ros2_msgs/include/ros2_msgs/ros2_msgs/action/detail/nasa__rosidl_typesupport_fastrtps_cpp.hpp
[5.767s] -- Up-to-date symlink: /home/matt/ros2_ws/install/ros2_msgs/include/ros2_msgs/ros2_msgs/action/detail/patrol__rosidl_typesupport_fastrtps_cpp.hpp
[5.767s] -- Up-to-date symlink: /home/matt/ros2_ws/install/ros2_msgs/include/ros2_msgs/ros2_msgs/msg/detail/location_name__rosidl_typesupport_fastrtps_cpp.hpp
[5.767s] -- Up-to-date symlink: /home/matt/ros2_ws/install/ros2_msgs/include/ros2_msgs/ros2_msgs/msg/rosidl_typesupport_fastrtps_cpp__visibility_control.h
[5.767s] -- Up-to-date symlink: /home/matt/ros2_ws/install/ros2_msgs/include/ros2_msgs/ros2_msgs/srv/detail/clear__rosidl_typesupport_fastrtps_cpp.hpp
[5.767s] -- Symlinking: /home/matt/ros2_ws/install/ros2_msgs/include/ros2_msgs/ros2_msgs/srv/detail/knock_knock__rosidl_typesupport_fastrtps_cpp.hpp
[5.774s] -- Up-to-date symlink: /home/matt/ros2_ws/install/ros2_msgs/include/ros2_msgs/ros2_msgs/srv/detail/load__rosidl_typesupport_fastrtps_cpp.hpp
[5.774s] -- Up-to-date symlink: /home/matt/ros2_ws/install/ros2_msgs/include/ros2_msgs/ros2_msgs/srv/detail/location__rosidl_typesupport_fastrtps_cpp.hpp
[5.774s] -- Up-to-date symlink: /home/matt/ros2_ws/install/ros2_msgs/include/ros2_msgs/ros2_msgs/srv/detail/save__rosidl_typesupport_fastrtps_cpp.hpp
[5.774s] -- Up-to-date symlink: /home/matt/ros2_ws/install/ros2_msgs/include/ros2_msgs/ros2_msgs/action/detail/go_to__rosidl_typesupport_introspection_cpp.hpp
[5.775s] -- Up-to-date symlink: /home/matt/ros2_ws/install/ros2_msgs/include/ros2_msgs/ros2_msgs/action/detail/nasa__rosidl_typesupport_introspection_cpp.hpp
[5.775s] -- Up-to-date symlink: /home/matt/ros2_ws/install/ros2_msgs/include/ros2_msgs/ros2_msgs/action/detail/patrol__rosidl_typesupport_introspection_cpp.hpp
[5.775s] -- Up-to-date symlink: /home/matt/ros2_ws/install/ros2_msgs/include/ros2_msgs/ros2_msgs/msg/detail/location_name__rosidl_typesupport_introspection_cpp.hpp
[5.775s] -- Up-to-date symlink: /home/matt/ros2_ws/install/ros2_msgs/include/ros2_msgs/ros2_msgs/srv/detail/clear__rosidl_typesupport_introspection_cpp.hpp
[5.775s] -- Symlinking: /home/matt/ros2_ws/install/ros2_msgs/include/ros2_msgs/ros2_msgs/srv/detail/knock_knock__rosidl_typesupport_introspection_cpp.hpp
[5.780s] -- Up-to-date symlink: /home/matt/ros2_ws/install/ros2_msgs/include/ros2_msgs/ros2_msgs/srv/detail/load__rosidl_typesupport_introspection_cpp.hpp
[5.781s] -- Up-to-date symlink: /home/matt/ros2_ws/install/ros2_msgs/include/ros2_msgs/ros2_msgs/srv/detail/location__rosidl_typesupport_introspection_cpp.hpp
[5.781s] -- Up-to-date symlink: /home/matt/ros2_ws/install/ros2_msgs/include/ros2_msgs/ros2_msgs/srv/detail/save__rosidl_typesupport_introspection_cpp.hpp
[5.781s] -- Up-to-date symlink: /home/matt/ros2_ws/install/ros2_msgs/share/ros2_msgs/environment/pythonpath.sh
[5.781s] -- Up-to-date symlink: /home/matt/ros2_ws/install/ros2_msgs/share/ros2_msgs/environment/pythonpath.dsv
[5.781s] -- Up-to-date symlink: /home/matt/ros2_ws/install/ros2_msgs/local/lib/python3.10/dist-packages/ros2_msgs-0.0.0-py3.10.egg-info/PKG-INFO
[5.781s] -- Up-to-date symlink: /home/matt/ros2_ws/install/ros2_msgs/local/lib/python3.10/dist-packages/ros2_msgs-0.0.0-py3.10.egg-info/SOURCES.txt
[5.781s] -- Up-to-date symlink: /home/matt/ros2_ws/install/ros2_msgs/local/lib/python3.10/dist-packages/ros2_msgs-0.0.0-py3.10.egg-info/dependency_links.txt
[5.781s] -- Up-to-date symlink: /home/matt/ros2_ws/install/ros2_msgs/local/lib/python3.10/dist-packages/ros2_msgs-0.0.0-py3.10.egg-info/top_level.txt
[5.781s] -- Up-to-date symlink: /home/matt/ros2_ws/install/ros2_msgs/local/lib/python3.10/dist-packages/ros2_msgs/__init__.py
[5.782s] -- Up-to-date symlink: /home/matt/ros2_ws/install/ros2_msgs/local/lib/python3.10/dist-packages/ros2_msgs/_ros2_msgs_s.ep.rosidl_typesupport_c.c
[5.782s] -- Up-to-date symlink: /home/matt/ros2_ws/install/ros2_msgs/local/lib/python3.10/dist-packages/ros2_msgs/_ros2_msgs_s.ep.rosidl_typesupport_fastrtps_c.c
[5.782s] -- Up-to-date symlink: /home/matt/ros2_ws/install/ros2_msgs/local/lib/python3.10/dist-packages/ros2_msgs/_ros2_msgs_s.ep.rosidl_typesupport_introspection_c.c
[5.782s] -- Up-to-date symlink: /home/matt/ros2_ws/install/ros2_msgs/local/lib/python3.10/dist-packages/ros2_msgs/action/__init__.py
[5.782s] -- Up-to-date symlink: /home/matt/ros2_ws/install/ros2_msgs/local/lib/python3.10/dist-packages/ros2_msgs/action/_go_to.py
[5.782s] -- Up-to-date symlink: /home/matt/ros2_ws/install/ros2_msgs/local/lib/python3.10/dist-packages/ros2_msgs/action/_go_to_s.c
[5.782s] -- Up-to-date symlink: /home/matt/ros2_ws/install/ros2_msgs/local/lib/python3.10/dist-packages/ros2_msgs/action/_nasa.py
[5.782s] -- Up-to-date symlink: /home/matt/ros2_ws/install/ros2_msgs/local/lib/python3.10/dist-packages/ros2_msgs/action/_nasa_s.c
[5.782s] -- Up-to-date symlink: /home/matt/ros2_ws/install/ros2_msgs/local/lib/python3.10/dist-packages/ros2_msgs/action/_patrol.py
[5.782s] -- Up-to-date symlink: /home/matt/ros2_ws/install/ros2_msgs/local/lib/python3.10/dist-packages/ros2_msgs/action/_patrol_s.c
[5.782s] -- Up-to-date symlink: /home/matt/ros2_ws/install/ros2_msgs/local/lib/python3.10/dist-packages/ros2_msgs/libros2_msgs__rosidl_generator_py.so
[5.783s] -- Up-to-date symlink: /home/matt/ros2_ws/install/ros2_msgs/local/lib/python3.10/dist-packages/ros2_msgs/msg/__init__.py
[5.783s] -- Up-to-date symlink: /home/matt/ros2_ws/install/ros2_msgs/local/lib/python3.10/dist-packages/ros2_msgs/msg/_location_name.py
[5.783s] -- Up-to-date symlink: /home/matt/ros2_ws/install/ros2_msgs/local/lib/python3.10/dist-packages/ros2_msgs/msg/_location_name_s.c
[5.783s] -- Up-to-date symlink: /home/matt/ros2_ws/install/ros2_msgs/local/lib/python3.10/dist-packages/ros2_msgs/ros2_msgs_s__rosidl_typesupport_c.cpython-310-x86_64-linux-gnu.so
[5.783s] -- Up-to-date symlink: /home/matt/ros2_ws/install/ros2_msgs/local/lib/python3.10/dist-packages/ros2_msgs/ros2_msgs_s__rosidl_typesupport_fastrtps_c.cpython-310-x86_64-linux-gnu.so
[5.783s] -- Up-to-date symlink: /home/matt/ros2_ws/install/ros2_msgs/local/lib/python3.10/dist-packages/ros2_msgs/ros2_msgs_s__rosidl_typesupport_introspection_c.cpython-310-x86_64-linux-gnu.so
[5.783s] -- Up-to-date symlink: /home/matt/ros2_ws/install/ros2_msgs/local/lib/python3.10/dist-packages/ros2_msgs/srv/__init__.py
[5.783s] -- Up-to-date symlink: /home/matt/ros2_ws/install/ros2_msgs/local/lib/python3.10/dist-packages/ros2_msgs/srv/_clear.py
[5.783s] -- Up-to-date symlink: /home/matt/ros2_ws/install/ros2_msgs/local/lib/python3.10/dist-packages/ros2_msgs/srv/_clear_s.c
[5.783s] -- Symlinking: /home/matt/ros2_ws/install/ros2_msgs/local/lib/python3.10/dist-packages/ros2_msgs/srv/_knock_knock.py
[5.788s] -- Symlinking: /home/matt/ros2_ws/install/ros2_msgs/local/lib/python3.10/dist-packages/ros2_msgs/srv/_knock_knock_s.c
[5.794s] -- Up-to-date symlink: /home/matt/ros2_ws/install/ros2_msgs/local/lib/python3.10/dist-packages/ros2_msgs/srv/_load.py
[5.794s] -- Up-to-date symlink: /home/matt/ros2_ws/install/ros2_msgs/local/lib/python3.10/dist-packages/ros2_msgs/srv/_load_s.c
[5.794s] -- Up-to-date symlink: /home/matt/ros2_ws/install/ros2_msgs/local/lib/python3.10/dist-packages/ros2_msgs/srv/_location.py
[5.795s] -- Up-to-date symlink: /home/matt/ros2_ws/install/ros2_msgs/local/lib/python3.10/dist-packages/ros2_msgs/srv/_location_s.c
[5.795s] -- Up-to-date symlink: /home/matt/ros2_ws/install/ros2_msgs/local/lib/python3.10/dist-packages/ros2_msgs/srv/_save.py
[5.795s] -- Up-to-date symlink: /home/matt/ros2_ws/install/ros2_msgs/local/lib/python3.10/dist-packages/ros2_msgs/srv/_save_s.c
[5.795s] -- Up-to-date symlink: /home/matt/ros2_ws/install/ros2_msgs/local/lib/python3.10/dist-packages/ros2_msgs/ros2_msgs_s__rosidl_typesupport_fastrtps_c.cpython-310-x86_64-linux-gnu.so
[5.795s] -- Up-to-date symlink: /home/matt/ros2_ws/install/ros2_msgs/local/lib/python3.10/dist-packages/ros2_msgs/ros2_msgs_s__rosidl_typesupport_introspection_c.cpython-310-x86_64-linux-gnu.so
[5.796s] -- Up-to-date symlink: /home/matt/ros2_ws/install/ros2_msgs/local/lib/python3.10/dist-packages/ros2_msgs/ros2_msgs_s__rosidl_typesupport_c.cpython-310-x86_64-linux-gnu.so
[5.796s] -- Up-to-date symlink: /home/matt/ros2_ws/install/ros2_msgs/share/ros2_msgs/action/Nasa.idl
[5.796s] -- Up-to-date symlink: /home/matt/ros2_ws/install/ros2_msgs/share/ros2_msgs/action/GoTo.idl
[5.796s] -- Up-to-date symlink: /home/matt/ros2_ws/install/ros2_msgs/share/ros2_msgs/action/Patrol.idl
[5.796s] -- Up-to-date symlink: /home/matt/ros2_ws/install/ros2_msgs/share/ros2_msgs/srv/Location.idl
[5.796s] -- Up-to-date symlink: /home/matt/ros2_ws/install/ros2_msgs/share/ros2_msgs/srv/Clear.idl
[5.796s] -- Up-to-date symlink: /home/matt/ros2_ws/install/ros2_msgs/share/ros2_msgs/msg/LocationName.idl
[5.797s] -- Up-to-date symlink: /home/matt/ros2_ws/install/ros2_msgs/share/ros2_msgs/srv/Load.idl
[5.797s] -- Up-to-date symlink: /home/matt/ros2_ws/install/ros2_msgs/share/ros2_msgs/srv/Save.idl
[5.797s] -- Symlinking: /home/matt/ros2_ws/install/ros2_msgs/share/ros2_msgs/srv/KnockKnock.idl
[5.805s] -- Up-to-date symlink: /home/matt/ros2_ws/install/ros2_msgs/share/ros2_msgs/action/Nasa.action
[5.805s] -- Up-to-date symlink: /home/matt/ros2_ws/install/ros2_msgs/share/ros2_msgs/action/GoTo.action
[5.805s] -- Up-to-date symlink: /home/matt/ros2_ws/install/ros2_msgs/share/ros2_msgs/action/Patrol.action
[5.805s] -- Up-to-date symlink: /home/matt/ros2_ws/install/ros2_msgs/share/ros2_msgs/srv/Location.srv
[5.806s] -- Up-to-date symlink: /home/matt/ros2_ws/install/ros2_msgs/share/ros2_msgs/srv/Location_Request.msg
[5.806s] -- Up-to-date symlink: /home/matt/ros2_ws/install/ros2_msgs/share/ros2_msgs/srv/Location_Response.msg
[5.806s] -- Up-to-date symlink: /home/matt/ros2_ws/install/ros2_msgs/share/ros2_msgs/srv/Clear.srv
[5.806s] -- Up-to-date symlink: /home/matt/ros2_ws/install/ros2_msgs/share/ros2_msgs/srv/Clear_Request.msg
[5.806s] -- Up-to-date symlink: /home/matt/ros2_ws/install/ros2_msgs/share/ros2_msgs/srv/Clear_Response.msg
[5.806s] -- Up-to-date symlink: /home/matt/ros2_ws/install/ros2_msgs/share/ros2_msgs/msg/LocationName.msg
[5.806s] -- Up-to-date symlink: /home/matt/ros2_ws/install/ros2_msgs/share/ros2_msgs/srv/Load.srv
[5.806s] -- Up-to-date symlink: /home/matt/ros2_ws/install/ros2_msgs/share/ros2_msgs/srv/Load_Request.msg
[5.806s] -- Up-to-date symlink: /home/matt/ros2_ws/install/ros2_msgs/share/ros2_msgs/srv/Load_Response.msg
[5.806s] -- Up-to-date symlink: /home/matt/ros2_ws/install/ros2_msgs/share/ros2_msgs/srv/Save.srv
[5.806s] -- Up-to-date symlink: /home/matt/ros2_ws/install/ros2_msgs/share/ros2_msgs/srv/Save_Request.msg
[5.806s] -- Up-to-date symlink: /home/matt/ros2_ws/install/ros2_msgs/share/ros2_msgs/srv/Save_Response.msg
[5.806s] -- Symlinking: /home/matt/ros2_ws/install/ros2_msgs/share/ros2_msgs/srv/KnockKnock.srv
[5.812s] -- Symlinking: /home/matt/ros2_ws/install/ros2_msgs/share/ros2_msgs/srv/KnockKnock_Request.msg
[5.817s] -- Symlinking: /home/matt/ros2_ws/install/ros2_msgs/share/ros2_msgs/srv/KnockKnock_Response.msg
[5.822s] -- Up-to-date symlink: /home/matt/ros2_ws/install/ros2_msgs/share/ament_index/resource_index/package_run_dependencies/ros2_msgs
[5.822s] -- Up-to-date symlink: /home/matt/ros2_ws/install/ros2_msgs/share/ament_index/resource_index/parent_prefix_path/ros2_msgs
[5.823s] -- Up-to-date symlink: /home/matt/ros2_ws/install/ros2_msgs/share/ros2_msgs/environment/ament_prefix_path.sh
[5.823s] -- Up-to-date symlink: /home/matt/ros2_ws/install/ros2_msgs/share/ros2_msgs/environment/ament_prefix_path.dsv
[5.823s] -- Up-to-date symlink: /home/matt/ros2_ws/install/ros2_msgs/share/ros2_msgs/environment/path.sh
[5.823s] -- Up-to-date symlink: /home/matt/ros2_ws/install/ros2_msgs/share/ros2_msgs/environment/path.dsv
[5.823s] -- Up-to-date symlink: /home/matt/ros2_ws/install/ros2_msgs/share/ros2_msgs/local_setup.bash
[5.823s] -- Up-to-date symlink: /home/matt/ros2_ws/install/ros2_msgs/share/ros2_msgs/local_setup.sh
[5.823s] -- Up-to-date symlink: /home/matt/ros2_ws/install/ros2_msgs/share/ros2_msgs/local_setup.zsh
[5.823s] -- Up-to-date symlink: /home/matt/ros2_ws/install/ros2_msgs/share/ros2_msgs/local_setup.dsv
[5.823s] -- Symlinking: /home/matt/ros2_ws/install/ros2_msgs/share/ros2_msgs/package.dsv
[5.828s] -- Up-to-date symlink: /home/matt/ros2_ws/install/ros2_msgs/share/ament_index/resource_index/packages/ros2_msgs
[5.828s] -- Up-to-date symlink: /home/matt/ros2_ws/install/ros2_msgs/share/ros2_msgs/cmake/rosidl_cmake-extras.cmake
[5.828s] -- Up-to-date symlink: /home/matt/ros2_ws/install/ros2_msgs/share/ros2_msgs/cmake/ament_cmake_export_dependencies-extras.cmake
[5.828s] -- Up-to-date symlink: /home/matt/ros2_ws/install/ros2_msgs/share/ros2_msgs/cmake/ament_cmake_export_include_directories-extras.cmake
[5.828s] -- Up-to-date symlink: /home/matt/ros2_ws/install/ros2_msgs/share/ros2_msgs/cmake/ament_cmake_export_libraries-extras.cmake
[5.828s] -- Up-to-date symlink: /home/matt/ros2_ws/install/ros2_msgs/share/ros2_msgs/cmake/ament_cmake_export_targets-extras.cmake
[5.828s] -- Up-to-date symlink: /home/matt/ros2_ws/install/ros2_msgs/share/ros2_msgs/cmake/rosidl_cmake_export_typesupport_targets-extras.cmake
[5.829s] -- Up-to-date symlink: /home/matt/ros2_ws/install/ros2_msgs/share/ros2_msgs/cmake/rosidl_cmake_export_typesupport_libraries-extras.cmake
[5.829s] -- Up-to-date symlink: /home/matt/ros2_ws/install/ros2_msgs/share/ros2_msgs/cmake/ros2_msgsConfig.cmake
[5.829s] -- Up-to-date symlink: /home/matt/ros2_ws/install/ros2_msgs/share/ros2_msgs/cmake/ros2_msgsConfig-version.cmake
[5.829s] -- Up-to-date symlink: /home/matt/ros2_ws/install/ros2_msgs/share/ros2_msgs/package.xml
[5.829s] -- Installing: /home/matt/ros2_ws/install/ros2_msgs/lib/libros2_msgs__rosidl_generator_c.so
[5.829s] -- Set runtime path of "/home/matt/ros2_ws/install/ros2_msgs/lib/libros2_msgs__rosidl_generator_c.so" to ""
[5.829s] -- Installing: /home/matt/ros2_ws/install/ros2_msgs/lib/libros2_msgs__rosidl_typesupport_fastrtps_c.so
[5.830s] -- Set runtime path of "/home/matt/ros2_ws/install/ros2_msgs/lib/libros2_msgs__rosidl_typesupport_fastrtps_c.so" to ""
[5.830s] -- Installing: /home/matt/ros2_ws/install/ros2_msgs/lib/libros2_msgs__rosidl_typesupport_introspection_c.so
[5.830s] -- Set runtime path of "/home/matt/ros2_ws/install/ros2_msgs/lib/libros2_msgs__rosidl_typesupport_introspection_c.so" to ""
[5.830s] -- Installing: /home/matt/ros2_ws/install/ros2_msgs/lib/libros2_msgs__rosidl_typesupport_c.so
[5.830s] -- Set runtime path of "/home/matt/ros2_ws/install/ros2_msgs/lib/libros2_msgs__rosidl_typesupport_c.so" to ""
[5.831s] -- Installing: /home/matt/ros2_ws/install/ros2_msgs/lib/libros2_msgs__rosidl_typesupport_fastrtps_cpp.so
[5.831s] -- Set runtime path of "/home/matt/ros2_ws/install/ros2_msgs/lib/libros2_msgs__rosidl_typesupport_fastrtps_cpp.so" to ""
[5.831s] -- Installing: /home/matt/ros2_ws/install/ros2_msgs/lib/libros2_msgs__rosidl_typesupport_introspection_cpp.so
[5.831s] -- Set runtime path of "/home/matt/ros2_ws/install/ros2_msgs/lib/libros2_msgs__rosidl_typesupport_introspection_cpp.so" to ""
[5.831s] -- Installing: /home/matt/ros2_ws/install/ros2_msgs/lib/libros2_msgs__rosidl_typesupport_cpp.so
[5.831s] -- Set runtime path of "/home/matt/ros2_ws/install/ros2_msgs/lib/libros2_msgs__rosidl_typesupport_cpp.so" to ""
[5.875s] Listing '/home/matt/ros2_ws/install/ros2_msgs/local/lib/python3.10/dist-packages/ros2_msgs'...
[5.875s] Compiling '/home/matt/ros2_ws/install/ros2_msgs/local/lib/python3.10/dist-packages/ros2_msgs/__init__.py'...
[5.875s] Listing '/home/matt/ros2_ws/install/ros2_msgs/local/lib/python3.10/dist-packages/ros2_msgs/action'...
[5.875s] Compiling '/home/matt/ros2_ws/install/ros2_msgs/local/lib/python3.10/dist-packages/ros2_msgs/action/__init__.py'...
[5.875s] Compiling '/home/matt/ros2_ws/install/ros2_msgs/local/lib/python3.10/dist-packages/ros2_msgs/action/_go_to.py'...
[5.875s] Compiling '/home/matt/ros2_ws/install/ros2_msgs/local/lib/python3.10/dist-packages/ros2_msgs/action/_nasa.py'...
[5.875s] Compiling '/home/matt/ros2_ws/install/ros2_msgs/local/lib/python3.10/dist-packages/ros2_msgs/action/_patrol.py'...
[5.875s] Listing '/home/matt/ros2_ws/install/ros2_msgs/local/lib/python3.10/dist-packages/ros2_msgs/msg'...
[5.875s] Compiling '/home/matt/ros2_ws/install/ros2_msgs/local/lib/python3.10/dist-packages/ros2_msgs/msg/__init__.py'...
[5.875s] Compiling '/home/matt/ros2_ws/install/ros2_msgs/local/lib/python3.10/dist-packages/ros2_msgs/msg/_location_name.py'...
[5.875s] Listing '/home/matt/ros2_ws/install/ros2_msgs/local/lib/python3.10/dist-packages/ros2_msgs/srv'...
[5.875s] Compiling '/home/matt/ros2_ws/install/ros2_msgs/local/lib/python3.10/dist-packages/ros2_msgs/srv/__init__.py'...
[5.876s] Compiling '/home/matt/ros2_ws/install/ros2_msgs/local/lib/python3.10/dist-packages/ros2_msgs/srv/_clear.py'...
[5.876s] Compiling '/home/matt/ros2_ws/install/ros2_msgs/local/lib/python3.10/dist-packages/ros2_msgs/srv/_knock_knock.py'...
[5.876s] Compiling '/home/matt/ros2_ws/install/ros2_msgs/local/lib/python3.10/dist-packages/ros2_msgs/srv/_load.py'...
[5.876s] Compiling '/home/matt/ros2_ws/install/ros2_msgs/local/lib/python3.10/dist-packages/ros2_msgs/srv/_location.py'...
[5.876s] Compiling '/home/matt/ros2_ws/install/ros2_msgs/local/lib/python3.10/dist-packages/ros2_msgs/srv/_save.py'...
[5.878s] -- Installing: /home/matt/ros2_ws/install/ros2_msgs/lib/libros2_msgs__rosidl_generator_py.so
[5.879s] -- Set runtime path of "/home/matt/ros2_ws/install/ros2_msgs/lib/libros2_msgs__rosidl_generator_py.so" to ""
[5.879s] -- Up-to-date: /home/matt/ros2_ws/install/ros2_msgs/share/ros2_msgs/cmake/export_ros2_msgs__rosidl_generator_cExport.cmake
[5.879s] -- Up-to-date: /home/matt/ros2_ws/install/ros2_msgs/share/ros2_msgs/cmake/export_ros2_msgs__rosidl_generator_cExport-noconfig.cmake
[5.879s] -- Up-to-date: /home/matt/ros2_ws/install/ros2_msgs/share/ros2_msgs/cmake/export_ros2_msgs__rosidl_typesupport_fastrtps_cExport.cmake
[5.879s] -- Up-to-date: /home/matt/ros2_ws/install/ros2_msgs/share/ros2_msgs/cmake/export_ros2_msgs__rosidl_typesupport_fastrtps_cExport-noconfig.cmake
[5.879s] -- Up-to-date: /home/matt/ros2_ws/install/ros2_msgs/share/ros2_msgs/cmake/ros2_msgs__rosidl_typesupport_introspection_cExport.cmake
[5.879s] -- Up-to-date: /home/matt/ros2_ws/install/ros2_msgs/share/ros2_msgs/cmake/ros2_msgs__rosidl_typesupport_introspection_cExport-noconfig.cmake
[5.880s] -- Up-to-date: /home/matt/ros2_ws/install/ros2_msgs/share/ros2_msgs/cmake/ros2_msgs__rosidl_typesupport_cExport.cmake
[5.880s] -- Up-to-date: /home/matt/ros2_ws/install/ros2_msgs/share/ros2_msgs/cmake/ros2_msgs__rosidl_typesupport_cExport-noconfig.cmake
[5.880s] -- Up-to-date: /home/matt/ros2_ws/install/ros2_msgs/share/ros2_msgs/cmake/export_ros2_msgs__rosidl_generator_cppExport.cmake
[5.880s] -- Up-to-date: /home/matt/ros2_ws/install/ros2_msgs/share/ros2_msgs/cmake/export_ros2_msgs__rosidl_typesupport_fastrtps_cppExport.cmake
[5.880s] -- Up-to-date: /home/matt/ros2_ws/install/ros2_msgs/share/ros2_msgs/cmake/export_ros2_msgs__rosidl_typesupport_fastrtps_cppExport-noconfig.cmake
[5.880s] -- Up-to-date: /home/matt/ros2_ws/install/ros2_msgs/share/ros2_msgs/cmake/ros2_msgs__rosidl_typesupport_introspection_cppExport.cmake
[5.880s] -- Up-to-date: /home/matt/ros2_ws/install/ros2_msgs/share/ros2_msgs/cmake/ros2_msgs__rosidl_typesupport_introspection_cppExport-noconfig.cmake
[5.880s] -- Up-to-date: /home/matt/ros2_ws/install/ros2_msgs/share/ros2_msgs/cmake/ros2_msgs__rosidl_typesupport_cppExport.cmake
[5.880s] -- Up-to-date: /home/matt/ros2_ws/install/ros2_msgs/share/ros2_msgs/cmake/ros2_msgs__rosidl_typesupport_cppExport-noconfig.cmake
[5.880s] -- Up-to-date: /home/matt/ros2_ws/install/ros2_msgs/share/ros2_msgs/cmake/export_ros2_msgs__rosidl_generator_pyExport.cmake
[5.880s] -- Up-to-date: /home/matt/ros2_ws/install/ros2_msgs/share/ros2_msgs/cmake/export_ros2_msgs__rosidl_generator_pyExport-noconfig.cmake
[5.882s] Invoked command in '/home/matt/ros2_ws/build/ros2_msgs' returned '0': CMAKE_PREFIX_PATH=${CMAKE_PREFIX_PATH}:/home/matt/ros2_ws/install/rob599_hw3:/opt/ros/humble /usr/bin/cmake --install /home/matt/ros2_ws/build/ros2_msgs
