running develop
running egg_info
creating rob599_hw3.egg-info
writing rob599_hw3.egg-info/PKG-INFO
writing dependency_links to rob599_hw3.egg-info/dependency_links.txt
writing entry points to rob599_hw3.egg-info/entry_points.txt
writing requirements to rob599_hw3.egg-info/requires.txt
writing top-level names to rob599_hw3.egg-info/top_level.txt
writing manifest file 'rob599_hw3.egg-info/SOURCES.txt'
reading manifest file 'rob599_hw3.egg-info/SOURCES.txt'
writing manifest file 'rob599_hw3.egg-info/SOURCES.txt'
running build_ext
Creating /home/matt/ros2_ws/install/rob599_hw3/lib/python3.10/site-packages/rob599-hw3.egg-link (link to .)
Installing places script to /home/matt/ros2_ws/install/rob599_hw3/lib/rob599_hw3

Installed /home/matt/ros2_ws/build/rob599_hw3
running install_data
creating /home/matt/ros2_ws/install/rob599_hw3/share/ament_index
creating /home/matt/ros2_ws/install/rob599_hw3/share/ament_index/resource_index
creating /home/matt/ros2_ws/install/rob599_hw3/share/ament_index/resource_index/packages
copying resource/rob599_hw3 -> /home/matt/ros2_ws/install/rob599_hw3/share/ament_index/resource_index/packages
copying package.xml -> /home/matt/ros2_ws/install/rob599_hw3/share/rob599_hw3
creating /home/matt/ros2_ws/install/rob599_hw3/share/rob599_hw3/launch
copying launch/turtlebot3_slam_launch.py -> /home/matt/ros2_ws/install/rob599_hw3/share/rob599_hw3/launch
copying launch/turtlebot3_nav_launch.py -> /home/matt/ros2_ws/install/rob599_hw3/share/rob599_hw3/launch
