[2.189s] Invoking command in '/home/matt/ros2_ws/build/rob599_hw3': CMAKE_PREFIX_PATH=/home/matt/ros2_ws/install/turtlebot3_gazebo:/home/matt/ros2_ws/install/turtlebot3_simulations:/home/matt/ros2_ws/install/turtlebot3_fake_node:/home/matt/ros-humble-ros1-bridge/install/ros1_bridge PYTHONPATH=/home/matt/ros2_ws/build/rob599_hw3/prefix_override:/home/matt/ros2_ws/install/rob599_hw3/lib/python3.10/site-packages:${PYTHONPATH} /usr/bin/python3 setup.py develop --editable --build-directory /home/matt/ros2_ws/build/rob599_hw3/build --no-deps install_data
[2.876s] running develop
[3.278s] running egg_info
[3.278s] creating rob599_hw3.egg-info
[3.279s] writing rob599_hw3.egg-info/PKG-INFO
[3.280s] writing dependency_links to rob599_hw3.egg-info/dependency_links.txt
[3.280s] writing entry points to rob599_hw3.egg-info/entry_points.txt
[3.281s] writing requirements to rob599_hw3.egg-info/requires.txt
[3.282s] writing top-level names to rob599_hw3.egg-info/top_level.txt
[3.283s] writing manifest file 'rob599_hw3.egg-info/SOURCES.txt'
[3.285s] reading manifest file 'rob599_hw3.egg-info/SOURCES.txt'
[3.286s] writing manifest file 'rob599_hw3.egg-info/SOURCES.txt'
[3.289s] running build_ext
[3.290s] Creating /home/matt/ros2_ws/install/rob599_hw3/lib/python3.10/site-packages/rob599-hw3.egg-link (link to .)
[3.291s] Installing places script to /home/matt/ros2_ws/install/rob599_hw3/lib/rob599_hw3
[3.293s] 
[3.294s] Installed /home/matt/ros2_ws/build/rob599_hw3
[3.294s] running install_data
[3.294s] creating /home/matt/ros2_ws/install/rob599_hw3/share/ament_index
[3.294s] creating /home/matt/ros2_ws/install/rob599_hw3/share/ament_index/resource_index
[3.294s] creating /home/matt/ros2_ws/install/rob599_hw3/share/ament_index/resource_index/packages
[3.295s] copying resource/rob599_hw3 -> /home/matt/ros2_ws/install/rob599_hw3/share/ament_index/resource_index/packages
[3.295s] copying package.xml -> /home/matt/ros2_ws/install/rob599_hw3/share/rob599_hw3
[3.295s] creating /home/matt/ros2_ws/install/rob599_hw3/share/rob599_hw3/launch
[3.295s] copying launch/turtlebot3_slam_launch.py -> /home/matt/ros2_ws/install/rob599_hw3/share/rob599_hw3/launch
[3.295s] copying launch/turtlebot3_nav_launch.py -> /home/matt/ros2_ws/install/rob599_hw3/share/rob599_hw3/launch
[3.414s] Invoked command in '/home/matt/ros2_ws/build/rob599_hw3' returned '0': CMAKE_PREFIX_PATH=/home/matt/ros2_ws/install/turtlebot3_gazebo:/home/matt/ros2_ws/install/turtlebot3_simulations:/home/matt/ros2_ws/install/turtlebot3_fake_node:/home/matt/ros-humble-ros1-bridge/install/ros1_bridge PYTHONPATH=/home/matt/ros2_ws/build/rob599_hw3/prefix_override:/home/matt/ros2_ws/install/rob599_hw3/lib/python3.10/site-packages:${PYTHONPATH} /usr/bin/python3 setup.py develop --editable --build-directory /home/matt/ros2_ws/build/rob599_hw3/build --no-deps install_data
