-- Found ament_cmake: 1.3.8 (/opt/ros/humble/share/ament_cmake/cmake)
-- Override CMake install command with custom implementation using symlinks instead of copying resources
-- Found rosidl_default_generators: 1.2.0 (/opt/ros/humble/share/rosidl_default_generators/cmake)
-- Using all available rosidl_typesupport_c: rosidl_typesupport_fastrtps_c;rosidl_typesupport_introspection_c
-- Found rosidl_adapter: 3.1.5 (/opt/ros/humble/share/rosidl_adapter/cmake)
-- Using all available rosidl_typesupport_cpp: rosidl_typesupport_fastrtps_cpp;rosidl_typesupport_introspection_cpp
-- Found ament_cmake_ros: 0.10.0 (/opt/ros/humble/share/ament_cmake_ros/cmake)
-- Using all available rosidl_typesupport_c: rosidl_typesupport_fastrtps_c;rosidl_typesupport_introspection_c
-- Using all available rosidl_typesupport_cpp: rosidl_typesupport_fastrtps_cpp;rosidl_typesupport_introspection_cpp
-- Found python_cmake_module: 0.10.0 (/opt/ros/humble/share/python_cmake_module/cmake)
-- Using PYTHON_EXECUTABLE: /usr/bin/python3
-- Using PYTHON_INCLUDE_DIRS: /usr/include/python3.10
-- Using PYTHON_LIBRARIES: /usr/lib/x86_64-linux-gnu/libpython3.10.so
-- Found ament_lint_auto: 0.12.10 (/opt/ros/humble/share/ament_lint_auto/cmake)
-- Added test 'lint_cmake' to check CMake code style
-- Added test 'xmllint' to check XML markup files
-- Configuring done
-- Generating done
-- Build files have been written to: /home/matt/ros2_ws/build/ros2_msgs
[  1%] [34m[1mGenerating C code for ROS interfaces[0m
[  2%] [34m[1mGenerating C++ code for ROS interfaces[0m
[  2%] Built target ament_cmake_python_symlink_ros2_msgs
running egg_info
writing ros2_msgs.egg-info/PKG-INFO
writing dependency_links to ros2_msgs.egg-info/dependency_links.txt
writing top-level names to ros2_msgs.egg-info/top_level.txt
reading manifest file 'ros2_msgs.egg-info/SOURCES.txt'
writing manifest file 'ros2_msgs.egg-info/SOURCES.txt'
[  2%] Built target ament_cmake_python_build_ros2_msgs_egg
[  2%] Built target ros2_msgs__cpp
[  6%] [34m[1mGenerating C++ type support for eProsima Fast-RTPS[0m
[  6%] [34m[1mGenerating C++ type support dispatch for ROS interfaces[0m
[  6%] [34m[1mGenerating C++ introspection for ROS interfaces[0m
[35m[1mConsolidate compiler generated dependencies of target ros2_msgs__rosidl_generator_c[0m
[  8%] [32mBuilding C object CMakeFiles/ros2_msgs__rosidl_generator_c.dir/rosidl_generator_c/ros2_msgs/srv/detail/location__functions.c.o[0m
[  8%] [32mBuilding C object CMakeFiles/ros2_msgs__rosidl_generator_c.dir/rosidl_generator_c/ros2_msgs/action/detail/nasa__functions.c.o[0m
[ 10%] [32mBuilding C object CMakeFiles/ros2_msgs__rosidl_generator_c.dir/rosidl_generator_c/ros2_msgs/action/detail/go_to__functions.c.o[0m
[ 11%] [32mBuilding C object CMakeFiles/ros2_msgs__rosidl_generator_c.dir/rosidl_generator_c/ros2_msgs/srv/detail/clear__functions.c.o[0m
[ 12%] [32mBuilding C object CMakeFiles/ros2_msgs__rosidl_generator_c.dir/rosidl_generator_c/ros2_msgs/msg/detail/location_name__functions.c.o[0m
[ 15%] [32mBuilding C object CMakeFiles/ros2_msgs__rosidl_generator_c.dir/rosidl_generator_c/ros2_msgs/srv/detail/load__functions.c.o[0m
[ 15%] [32mBuilding C object CMakeFiles/ros2_msgs__rosidl_generator_c.dir/rosidl_generator_c/ros2_msgs/srv/detail/save__functions.c.o[0m
[ 16%] [32m[1mLinking C shared library libros2_msgs__rosidl_generator_c.so[0m
[ 16%] Built target ros2_msgs__rosidl_generator_c
[ 20%] [34m[1mGenerating C type support dispatch for ROS interfaces[0m
[ 20%] [34m[1mGenerating C introspection for ROS interfaces[0m
[ 20%] [34m[1mGenerating C type support for eProsima Fast-RTPS[0m
[35m[1mConsolidate compiler generated dependencies of target ros2_msgs__rosidl_typesupport_cpp[0m
[ 21%] [32mBuilding CXX object CMakeFiles/ros2_msgs__rosidl_typesupport_cpp.dir/rosidl_typesupport_cpp/ros2_msgs/action/nasa__type_support.cpp.o[0m
[ 22%] [32mBuilding CXX object CMakeFiles/ros2_msgs__rosidl_typesupport_cpp.dir/rosidl_typesupport_cpp/ros2_msgs/action/go_to__type_support.cpp.o[0m
[ 24%] [32mBuilding CXX object CMakeFiles/ros2_msgs__rosidl_typesupport_cpp.dir/rosidl_typesupport_cpp/ros2_msgs/srv/load__type_support.cpp.o[0m
[ 25%] [32mBuilding CXX object CMakeFiles/ros2_msgs__rosidl_typesupport_cpp.dir/rosidl_typesupport_cpp/ros2_msgs/srv/location__type_support.cpp.o[0m
[ 26%] [32mBuilding CXX object CMakeFiles/ros2_msgs__rosidl_typesupport_cpp.dir/rosidl_typesupport_cpp/ros2_msgs/srv/clear__type_support.cpp.o[0m
[ 27%] [32mBuilding CXX object CMakeFiles/ros2_msgs__rosidl_typesupport_cpp.dir/rosidl_typesupport_cpp/ros2_msgs/msg/location_name__type_support.cpp.o[0m
[ 29%] [32mBuilding CXX object CMakeFiles/ros2_msgs__rosidl_typesupport_cpp.dir/rosidl_typesupport_cpp/ros2_msgs/srv/save__type_support.cpp.o[0m
[35m[1mConsolidate compiler generated dependencies of target ros2_msgs__rosidl_typesupport_introspection_cpp[0m
[ 34%] [32mBuilding CXX object CMakeFiles/ros2_msgs__rosidl_typesupport_introspection_cpp.dir/rosidl_typesupport_introspection_cpp/ros2_msgs/srv/detail/location__type_support.cpp.o[0m
[ 34%] [32mBuilding CXX object CMakeFiles/ros2_msgs__rosidl_typesupport_introspection_cpp.dir/rosidl_typesupport_introspection_cpp/ros2_msgs/action/detail/nasa__type_support.cpp.o[0m
[ 34%] [32mBuilding CXX object CMakeFiles/ros2_msgs__rosidl_typesupport_introspection_cpp.dir/rosidl_typesupport_introspection_cpp/ros2_msgs/msg/detail/location_name__type_support.cpp.o[0m
[ 34%] [32mBuilding CXX object CMakeFiles/ros2_msgs__rosidl_typesupport_introspection_cpp.dir/rosidl_typesupport_introspection_cpp/ros2_msgs/action/detail/go_to__type_support.cpp.o[0m
[ 35%] [32mBuilding CXX object CMakeFiles/ros2_msgs__rosidl_typesupport_introspection_cpp.dir/rosidl_typesupport_introspection_cpp/ros2_msgs/srv/detail/load__type_support.cpp.o[0m
[ 36%] [32mBuilding CXX object CMakeFiles/ros2_msgs__rosidl_typesupport_introspection_cpp.dir/rosidl_typesupport_introspection_cpp/ros2_msgs/srv/detail/clear__type_support.cpp.o[0m
[ 37%] [32mBuilding CXX object CMakeFiles/ros2_msgs__rosidl_typesupport_introspection_cpp.dir/rosidl_typesupport_introspection_cpp/ros2_msgs/srv/detail/save__type_support.cpp.o[0m
[35m[1mConsolidate compiler generated dependencies of target ros2_msgs__rosidl_typesupport_c[0m
[ 40%] [32mBuilding CXX object CMakeFiles/ros2_msgs__rosidl_typesupport_c.dir/rosidl_typesupport_c/ros2_msgs/srv/clear__type_support.cpp.o[0m
[ 40%] [32mBuilding CXX object CMakeFiles/ros2_msgs__rosidl_typesupport_c.dir/rosidl_typesupport_c/ros2_msgs/action/nasa__type_support.cpp.o[0m
[ 41%] [32mBuilding CXX object CMakeFiles/ros2_msgs__rosidl_typesupport_c.dir/rosidl_typesupport_c/ros2_msgs/srv/location__type_support.cpp.o[0m
[ 43%] [32mBuilding CXX object CMakeFiles/ros2_msgs__rosidl_typesupport_c.dir/rosidl_typesupport_c/ros2_msgs/action/go_to__type_support.cpp.o[0m
[ 44%] [32mBuilding CXX object CMakeFiles/ros2_msgs__rosidl_typesupport_c.dir/rosidl_typesupport_c/ros2_msgs/msg/location_name__type_support.cpp.o[0m
[ 45%] [32mBuilding CXX object CMakeFiles/ros2_msgs__rosidl_typesupport_c.dir/rosidl_typesupport_c/ros2_msgs/srv/load__type_support.cpp.o[0m
[ 46%] [32mBuilding CXX object CMakeFiles/ros2_msgs__rosidl_typesupport_c.dir/rosidl_typesupport_c/ros2_msgs/srv/save__type_support.cpp.o[0m
[ 48%] [32m[1mLinking CXX shared library libros2_msgs__rosidl_typesupport_c.so[0m
[35m[1mConsolidate compiler generated dependencies of target ros2_msgs__rosidl_typesupport_fastrtps_cpp[0m
[ 48%] Built target ros2_msgs__rosidl_typesupport_c
[ 49%] [32mBuilding CXX object CMakeFiles/ros2_msgs__rosidl_typesupport_fastrtps_cpp.dir/rosidl_typesupport_fastrtps_cpp/ros2_msgs/action/detail/dds_fastrtps/nasa__type_support.cpp.o[0m
[ 50%] [32mBuilding CXX object CMakeFiles/ros2_msgs__rosidl_typesupport_fastrtps_cpp.dir/rosidl_typesupport_fastrtps_cpp/ros2_msgs/action/detail/dds_fastrtps/go_to__type_support.cpp.o[0m
[ 51%] [32mBuilding CXX object CMakeFiles/ros2_msgs__rosidl_typesupport_fastrtps_cpp.dir/rosidl_typesupport_fastrtps_cpp/ros2_msgs/srv/detail/dds_fastrtps/location__type_support.cpp.o[0m
[ 54%] [32mBuilding CXX object CMakeFiles/ros2_msgs__rosidl_typesupport_fastrtps_cpp.dir/rosidl_typesupport_fastrtps_cpp/ros2_msgs/srv/detail/dds_fastrtps/load__type_support.cpp.o[0m
[ 54%] [32mBuilding CXX object CMakeFiles/ros2_msgs__rosidl_typesupport_fastrtps_cpp.dir/rosidl_typesupport_fastrtps_cpp/ros2_msgs/srv/detail/dds_fastrtps/save__type_support.cpp.o[0m
[ 55%] [32mBuilding CXX object CMakeFiles/ros2_msgs__rosidl_typesupport_fastrtps_cpp.dir/rosidl_typesupport_fastrtps_cpp/ros2_msgs/msg/detail/dds_fastrtps/location_name__type_support.cpp.o[0m
[ 56%] [32mBuilding CXX object CMakeFiles/ros2_msgs__rosidl_typesupport_fastrtps_cpp.dir/rosidl_typesupport_fastrtps_cpp/ros2_msgs/srv/detail/dds_fastrtps/clear__type_support.cpp.o[0m
[35m[1mConsolidate compiler generated dependencies of target ros2_msgs__rosidl_typesupport_introspection_c[0m
[ 58%] [32mBuilding C object CMakeFiles/ros2_msgs__rosidl_typesupport_introspection_c.dir/rosidl_typesupport_introspection_c/ros2_msgs/action/detail/nasa__type_support.c.o[0m
[ 59%] [32mBuilding C object CMakeFiles/ros2_msgs__rosidl_typesupport_introspection_c.dir/rosidl_typesupport_introspection_c/ros2_msgs/srv/detail/clear__type_support.c.o[0m
[ 60%] [32mBuilding C object CMakeFiles/ros2_msgs__rosidl_typesupport_introspection_c.dir/rosidl_typesupport_introspection_c/ros2_msgs/srv/detail/location__type_support.c.o[0m
[ 62%] [32mBuilding C object CMakeFiles/ros2_msgs__rosidl_typesupport_introspection_c.dir/rosidl_typesupport_introspection_c/ros2_msgs/action/detail/go_to__type_support.c.o[0m
[ 64%] [32mBuilding C object CMakeFiles/ros2_msgs__rosidl_typesupport_introspection_c.dir/rosidl_typesupport_introspection_c/ros2_msgs/msg/detail/location_name__type_support.c.o[0m
[ 64%] [32mBuilding C object CMakeFiles/ros2_msgs__rosidl_typesupport_introspection_c.dir/rosidl_typesupport_introspection_c/ros2_msgs/srv/detail/load__type_support.c.o[0m
[ 65%] [32mBuilding C object CMakeFiles/ros2_msgs__rosidl_typesupport_introspection_c.dir/rosidl_typesupport_introspection_c/ros2_msgs/srv/detail/save__type_support.c.o[0m
[35m[1mConsolidate compiler generated dependencies of target ros2_msgs__rosidl_typesupport_fastrtps_c[0m
[ 67%] [32mBuilding CXX object CMakeFiles/ros2_msgs__rosidl_typesupport_fastrtps_c.dir/rosidl_typesupport_fastrtps_c/ros2_msgs/srv/detail/location__type_support_c.cpp.o[0m
[ 69%] [32mBuilding CXX object CMakeFiles/ros2_msgs__rosidl_typesupport_fastrtps_c.dir/rosidl_typesupport_fastrtps_c/ros2_msgs/srv/detail/clear__type_support_c.cpp.o[0m
[ 69%] [32mBuilding CXX object CMakeFiles/ros2_msgs__rosidl_typesupport_fastrtps_c.dir/rosidl_typesupport_fastrtps_c/ros2_msgs/action/detail/go_to__type_support_c.cpp.o[0m
[ 70%] [32mBuilding CXX object CMakeFiles/ros2_msgs__rosidl_typesupport_fastrtps_c.dir/rosidl_typesupport_fastrtps_c/ros2_msgs/srv/detail/save__type_support_c.cpp.o[0m
[ 72%] [32mBuilding CXX object CMakeFiles/ros2_msgs__rosidl_typesupport_fastrtps_c.dir/rosidl_typesupport_fastrtps_c/ros2_msgs/msg/detail/location_name__type_support_c.cpp.o[0m
[ 73%] [32mBuilding CXX object CMakeFiles/ros2_msgs__rosidl_typesupport_fastrtps_c.dir/rosidl_typesupport_fastrtps_c/ros2_msgs/srv/detail/load__type_support_c.cpp.o[0m
[ 74%] [32mBuilding CXX object CMakeFiles/ros2_msgs__rosidl_typesupport_fastrtps_c.dir/rosidl_typesupport_fastrtps_c/ros2_msgs/action/detail/nasa__type_support_c.cpp.o[0m
[ 75%] [32m[1mLinking C shared library libros2_msgs__rosidl_typesupport_introspection_c.so[0m
[ 75%] Built target ros2_msgs__rosidl_typesupport_introspection_c
[ 77%] [32m[1mLinking CXX shared library libros2_msgs__rosidl_typesupport_cpp.so[0m
[ 77%] Built target ros2_msgs__rosidl_typesupport_cpp
[ 78%] [32m[1mLinking CXX shared library libros2_msgs__rosidl_typesupport_introspection_cpp.so[0m
[ 78%] Built target ros2_msgs__rosidl_typesupport_introspection_cpp
[ 79%] [32m[1mLinking CXX shared library libros2_msgs__rosidl_typesupport_fastrtps_cpp.so[0m
[ 81%] [32m[1mLinking CXX shared library libros2_msgs__rosidl_typesupport_fastrtps_c.so[0m
[ 81%] Built target ros2_msgs__rosidl_typesupport_fastrtps_cpp
[ 81%] Built target ros2_msgs__rosidl_typesupport_fastrtps_c
[ 81%] Built target ros2_msgs
[ 82%] [34m[1mGenerating Python code for ROS interfaces[0m
[ 82%] Built target ros2_msgs__py
[35m[1mConsolidate compiler generated dependencies of target ros2_msgs__rosidl_generator_py[0m
[ 83%] [32mBuilding C object CMakeFiles/ros2_msgs__rosidl_generator_py.dir/rosidl_generator_py/ros2_msgs/action/_nasa_s.c.o[0m
[ 86%] [32mBuilding C object CMakeFiles/ros2_msgs__rosidl_generator_py.dir/rosidl_generator_py/ros2_msgs/srv/_clear_s.c.o[0m
[ 87%] [32mBuilding C object CMakeFiles/ros2_msgs__rosidl_generator_py.dir/rosidl_generator_py/ros2_msgs/srv/_location_s.c.o[0m
[ 87%] [32mBuilding C object CMakeFiles/ros2_msgs__rosidl_generator_py.dir/rosidl_generator_py/ros2_msgs/action/_go_to_s.c.o[0m
[ 88%] [32mBuilding C object CMakeFiles/ros2_msgs__rosidl_generator_py.dir/rosidl_generator_py/ros2_msgs/msg/_location_name_s.c.o[0m
[ 89%] [32mBuilding C object CMakeFiles/ros2_msgs__rosidl_generator_py.dir/rosidl_generator_py/ros2_msgs/srv/_load_s.c.o[0m
[ 91%] [32mBuilding C object CMakeFiles/ros2_msgs__rosidl_generator_py.dir/rosidl_generator_py/ros2_msgs/srv/_save_s.c.o[0m
[ 92%] [32m[1mLinking C shared library rosidl_generator_py/ros2_msgs/libros2_msgs__rosidl_generator_py.so[0m
[ 92%] Built target ros2_msgs__rosidl_generator_py
[35m[1mConsolidate compiler generated dependencies of target ros2_msgs__rosidl_typesupport_introspection_c__pyext[0m
[35m[1mConsolidate compiler generated dependencies of target ros2_msgs__rosidl_typesupport_c__pyext[0m
[35m[1mConsolidate compiler generated dependencies of target ros2_msgs__rosidl_typesupport_fastrtps_c__pyext[0m
[ 96%] [32mBuilding C object CMakeFiles/ros2_msgs__rosidl_typesupport_introspection_c__pyext.dir/rosidl_generator_py/ros2_msgs/_ros2_msgs_s.ep.rosidl_typesupport_introspection_c.c.o[0m
[ 96%] [32mBuilding C object CMakeFiles/ros2_msgs__rosidl_typesupport_fastrtps_c__pyext.dir/rosidl_generator_py/ros2_msgs/_ros2_msgs_s.ep.rosidl_typesupport_fastrtps_c.c.o[0m
[ 96%] [32mBuilding C object CMakeFiles/ros2_msgs__rosidl_typesupport_c__pyext.dir/rosidl_generator_py/ros2_msgs/_ros2_msgs_s.ep.rosidl_typesupport_c.c.o[0m
[ 97%] [32m[1mLinking C shared library rosidl_generator_py/ros2_msgs/ros2_msgs_s__rosidl_typesupport_introspection_c.cpython-310-x86_64-linux-gnu.so[0m
[ 98%] [32m[1mLinking C shared library rosidl_generator_py/ros2_msgs/ros2_msgs_s__rosidl_typesupport_fastrtps_c.cpython-310-x86_64-linux-gnu.so[0m
[100%] [32m[1mLinking C shared library rosidl_generator_py/ros2_msgs/ros2_msgs_s__rosidl_typesupport_c.cpython-310-x86_64-linux-gnu.so[0m
[100%] Built target ros2_msgs__rosidl_typesupport_introspection_c__pyext
[100%] Built target ros2_msgs__rosidl_typesupport_fastrtps_c__pyext
[100%] Built target ros2_msgs__rosidl_typesupport_c__pyext
-- Install configuration: ""
-- Execute custom install script
-- Up-to-date symlink: /home/matt/ros2_ws/install/ros2_msgs/share/ament_index/resource_index/rosidl_interfaces/ros2_msgs
-- Symlinking: /home/matt/ros2_ws/install/ros2_msgs/include/ros2_msgs/ros2_msgs/action/detail/go_to__functions.h
-- Symlinking: /home/matt/ros2_ws/install/ros2_msgs/include/ros2_msgs/ros2_msgs/action/detail/go_to__struct.h
-- Symlinking: /home/matt/ros2_ws/install/ros2_msgs/include/ros2_msgs/ros2_msgs/action/detail/go_to__type_support.h
-- Up-to-date symlink: /home/matt/ros2_ws/install/ros2_msgs/include/ros2_msgs/ros2_msgs/action/detail/nasa__functions.h
-- Up-to-date symlink: /home/matt/ros2_ws/install/ros2_msgs/include/ros2_msgs/ros2_msgs/action/detail/nasa__struct.h
-- Up-to-date symlink: /home/matt/ros2_ws/install/ros2_msgs/include/ros2_msgs/ros2_msgs/action/detail/nasa__type_support.h
-- Symlinking: /home/matt/ros2_ws/install/ros2_msgs/include/ros2_msgs/ros2_msgs/action/go_to.h
-- Up-to-date symlink: /home/matt/ros2_ws/install/ros2_msgs/include/ros2_msgs/ros2_msgs/action/nasa.h
-- Up-to-date symlink: /home/matt/ros2_ws/install/ros2_msgs/include/ros2_msgs/ros2_msgs/msg/detail/location_name__functions.h
-- Up-to-date symlink: /home/matt/ros2_ws/install/ros2_msgs/include/ros2_msgs/ros2_msgs/msg/detail/location_name__struct.h
-- Up-to-date symlink: /home/matt/ros2_ws/install/ros2_msgs/include/ros2_msgs/ros2_msgs/msg/detail/location_name__type_support.h
-- Up-to-date symlink: /home/matt/ros2_ws/install/ros2_msgs/include/ros2_msgs/ros2_msgs/msg/location_name.h
-- Up-to-date symlink: /home/matt/ros2_ws/install/ros2_msgs/include/ros2_msgs/ros2_msgs/msg/rosidl_generator_c__visibility_control.h
-- Up-to-date symlink: /home/matt/ros2_ws/install/ros2_msgs/include/ros2_msgs/ros2_msgs/srv/clear.h
-- Up-to-date symlink: /home/matt/ros2_ws/install/ros2_msgs/include/ros2_msgs/ros2_msgs/srv/detail/clear__functions.h
-- Up-to-date symlink: /home/matt/ros2_ws/install/ros2_msgs/include/ros2_msgs/ros2_msgs/srv/detail/clear__struct.h
-- Up-to-date symlink: /home/matt/ros2_ws/install/ros2_msgs/include/ros2_msgs/ros2_msgs/srv/detail/clear__type_support.h
-- Up-to-date symlink: /home/matt/ros2_ws/install/ros2_msgs/include/ros2_msgs/ros2_msgs/srv/detail/load__functions.h
-- Up-to-date symlink: /home/matt/ros2_ws/install/ros2_msgs/include/ros2_msgs/ros2_msgs/srv/detail/load__struct.h
-- Up-to-date symlink: /home/matt/ros2_ws/install/ros2_msgs/include/ros2_msgs/ros2_msgs/srv/detail/load__type_support.h
-- Up-to-date symlink: /home/matt/ros2_ws/install/ros2_msgs/include/ros2_msgs/ros2_msgs/srv/detail/location__functions.h
-- Up-to-date symlink: /home/matt/ros2_ws/install/ros2_msgs/include/ros2_msgs/ros2_msgs/srv/detail/location__struct.h
-- Up-to-date symlink: /home/matt/ros2_ws/install/ros2_msgs/include/ros2_msgs/ros2_msgs/srv/detail/location__type_support.h
-- Up-to-date symlink: /home/matt/ros2_ws/install/ros2_msgs/include/ros2_msgs/ros2_msgs/srv/detail/save__functions.h
-- Up-to-date symlink: /home/matt/ros2_ws/install/ros2_msgs/include/ros2_msgs/ros2_msgs/srv/detail/save__struct.h
-- Up-to-date symlink: /home/matt/ros2_ws/install/ros2_msgs/include/ros2_msgs/ros2_msgs/srv/detail/save__type_support.h
-- Up-to-date symlink: /home/matt/ros2_ws/install/ros2_msgs/include/ros2_msgs/ros2_msgs/srv/load.h
-- Up-to-date symlink: /home/matt/ros2_ws/install/ros2_msgs/include/ros2_msgs/ros2_msgs/srv/location.h
-- Up-to-date symlink: /home/matt/ros2_ws/install/ros2_msgs/include/ros2_msgs/ros2_msgs/srv/save.h
-- Up-to-date symlink: /home/matt/ros2_ws/install/ros2_msgs/share/ros2_msgs/environment/library_path.sh
-- Up-to-date symlink: /home/matt/ros2_ws/install/ros2_msgs/share/ros2_msgs/environment/library_path.dsv
-- Symlinking: /home/matt/ros2_ws/install/ros2_msgs/include/ros2_msgs/ros2_msgs/action/detail/go_to__rosidl_typesupport_fastrtps_c.h
-- Up-to-date symlink: /home/matt/ros2_ws/install/ros2_msgs/include/ros2_msgs/ros2_msgs/action/detail/nasa__rosidl_typesupport_fastrtps_c.h
-- Up-to-date symlink: /home/matt/ros2_ws/install/ros2_msgs/include/ros2_msgs/ros2_msgs/msg/detail/location_name__rosidl_typesupport_fastrtps_c.h
-- Up-to-date symlink: /home/matt/ros2_ws/install/ros2_msgs/include/ros2_msgs/ros2_msgs/msg/rosidl_typesupport_fastrtps_c__visibility_control.h
-- Up-to-date symlink: /home/matt/ros2_ws/install/ros2_msgs/include/ros2_msgs/ros2_msgs/srv/detail/clear__rosidl_typesupport_fastrtps_c.h
-- Up-to-date symlink: /home/matt/ros2_ws/install/ros2_msgs/include/ros2_msgs/ros2_msgs/srv/detail/load__rosidl_typesupport_fastrtps_c.h
-- Up-to-date symlink: /home/matt/ros2_ws/install/ros2_msgs/include/ros2_msgs/ros2_msgs/srv/detail/location__rosidl_typesupport_fastrtps_c.h
-- Up-to-date symlink: /home/matt/ros2_ws/install/ros2_msgs/include/ros2_msgs/ros2_msgs/srv/detail/save__rosidl_typesupport_fastrtps_c.h
-- Symlinking: /home/matt/ros2_ws/install/ros2_msgs/include/ros2_msgs/ros2_msgs/action/detail/go_to__rosidl_typesupport_introspection_c.h
-- Up-to-date symlink: /home/matt/ros2_ws/install/ros2_msgs/include/ros2_msgs/ros2_msgs/action/detail/nasa__rosidl_typesupport_introspection_c.h
-- Up-to-date symlink: /home/matt/ros2_ws/install/ros2_msgs/include/ros2_msgs/ros2_msgs/msg/detail/location_name__rosidl_typesupport_introspection_c.h
-- Up-to-date symlink: /home/matt/ros2_ws/install/ros2_msgs/include/ros2_msgs/ros2_msgs/msg/rosidl_typesupport_introspection_c__visibility_control.h
-- Up-to-date symlink: /home/matt/ros2_ws/install/ros2_msgs/include/ros2_msgs/ros2_msgs/srv/detail/clear__rosidl_typesupport_introspection_c.h
-- Up-to-date symlink: /home/matt/ros2_ws/install/ros2_msgs/include/ros2_msgs/ros2_msgs/srv/detail/load__rosidl_typesupport_introspection_c.h
-- Up-to-date symlink: /home/matt/ros2_ws/install/ros2_msgs/include/ros2_msgs/ros2_msgs/srv/detail/location__rosidl_typesupport_introspection_c.h
-- Up-to-date symlink: /home/matt/ros2_ws/install/ros2_msgs/include/ros2_msgs/ros2_msgs/srv/detail/save__rosidl_typesupport_introspection_c.h
-- Symlinking: /home/matt/ros2_ws/install/ros2_msgs/include/ros2_msgs/ros2_msgs/action/detail/go_to__builder.hpp
-- Symlinking: /home/matt/ros2_ws/install/ros2_msgs/include/ros2_msgs/ros2_msgs/action/detail/go_to__struct.hpp
-- Symlinking: /home/matt/ros2_ws/install/ros2_msgs/include/ros2_msgs/ros2_msgs/action/detail/go_to__traits.hpp
-- Up-to-date symlink: /home/matt/ros2_ws/install/ros2_msgs/include/ros2_msgs/ros2_msgs/action/detail/nasa__builder.hpp
-- Up-to-date symlink: /home/matt/ros2_ws/install/ros2_msgs/include/ros2_msgs/ros2_msgs/action/detail/nasa__struct.hpp
-- Up-to-date symlink: /home/matt/ros2_ws/install/ros2_msgs/include/ros2_msgs/ros2_msgs/action/detail/nasa__traits.hpp
-- Symlinking: /home/matt/ros2_ws/install/ros2_msgs/include/ros2_msgs/ros2_msgs/action/go_to.hpp
-- Up-to-date symlink: /home/matt/ros2_ws/install/ros2_msgs/include/ros2_msgs/ros2_msgs/action/nasa.hpp
-- Up-to-date symlink: /home/matt/ros2_ws/install/ros2_msgs/include/ros2_msgs/ros2_msgs/msg/detail/location_name__builder.hpp
-- Up-to-date symlink: /home/matt/ros2_ws/install/ros2_msgs/include/ros2_msgs/ros2_msgs/msg/detail/location_name__struct.hpp
-- Up-to-date symlink: /home/matt/ros2_ws/install/ros2_msgs/include/ros2_msgs/ros2_msgs/msg/detail/location_name__traits.hpp
-- Up-to-date symlink: /home/matt/ros2_ws/install/ros2_msgs/include/ros2_msgs/ros2_msgs/msg/location_name.hpp
-- Up-to-date symlink: /home/matt/ros2_ws/install/ros2_msgs/include/ros2_msgs/ros2_msgs/srv/clear.hpp
-- Up-to-date symlink: /home/matt/ros2_ws/install/ros2_msgs/include/ros2_msgs/ros2_msgs/srv/detail/clear__builder.hpp
-- Up-to-date symlink: /home/matt/ros2_ws/install/ros2_msgs/include/ros2_msgs/ros2_msgs/srv/detail/clear__struct.hpp
-- Up-to-date symlink: /home/matt/ros2_ws/install/ros2_msgs/include/ros2_msgs/ros2_msgs/srv/detail/clear__traits.hpp
-- Up-to-date symlink: /home/matt/ros2_ws/install/ros2_msgs/include/ros2_msgs/ros2_msgs/srv/detail/load__builder.hpp
-- Up-to-date symlink: /home/matt/ros2_ws/install/ros2_msgs/include/ros2_msgs/ros2_msgs/srv/detail/load__struct.hpp
-- Up-to-date symlink: /home/matt/ros2_ws/install/ros2_msgs/include/ros2_msgs/ros2_msgs/srv/detail/load__traits.hpp
-- Up-to-date symlink: /home/matt/ros2_ws/install/ros2_msgs/include/ros2_msgs/ros2_msgs/srv/detail/location__builder.hpp
-- Up-to-date symlink: /home/matt/ros2_ws/install/ros2_msgs/include/ros2_msgs/ros2_msgs/srv/detail/location__struct.hpp
-- Up-to-date symlink: /home/matt/ros2_ws/install/ros2_msgs/include/ros2_msgs/ros2_msgs/srv/detail/location__traits.hpp
-- Up-to-date symlink: /home/matt/ros2_ws/install/ros2_msgs/include/ros2_msgs/ros2_msgs/srv/detail/save__builder.hpp
-- Up-to-date symlink: /home/matt/ros2_ws/install/ros2_msgs/include/ros2_msgs/ros2_msgs/srv/detail/save__struct.hpp
-- Up-to-date symlink: /home/matt/ros2_ws/install/ros2_msgs/include/ros2_msgs/ros2_msgs/srv/detail/save__traits.hpp
-- Up-to-date symlink: /home/matt/ros2_ws/install/ros2_msgs/include/ros2_msgs/ros2_msgs/srv/load.hpp
-- Up-to-date symlink: /home/matt/ros2_ws/install/ros2_msgs/include/ros2_msgs/ros2_msgs/srv/location.hpp
-- Up-to-date symlink: /home/matt/ros2_ws/install/ros2_msgs/include/ros2_msgs/ros2_msgs/srv/save.hpp
-- Symlinking: /home/matt/ros2_ws/install/ros2_msgs/include/ros2_msgs/ros2_msgs/action/detail/go_to__rosidl_typesupport_fastrtps_cpp.hpp
-- Up-to-date symlink: /home/matt/ros2_ws/install/ros2_msgs/include/ros2_msgs/ros2_msgs/action/detail/nasa__rosidl_typesupport_fastrtps_cpp.hpp
-- Up-to-date symlink: /home/matt/ros2_ws/install/ros2_msgs/include/ros2_msgs/ros2_msgs/msg/detail/location_name__rosidl_typesupport_fastrtps_cpp.hpp
-- Up-to-date symlink: /home/matt/ros2_ws/install/ros2_msgs/include/ros2_msgs/ros2_msgs/msg/rosidl_typesupport_fastrtps_cpp__visibility_control.h
-- Up-to-date symlink: /home/matt/ros2_ws/install/ros2_msgs/include/ros2_msgs/ros2_msgs/srv/detail/clear__rosidl_typesupport_fastrtps_cpp.hpp
-- Up-to-date symlink: /home/matt/ros2_ws/install/ros2_msgs/include/ros2_msgs/ros2_msgs/srv/detail/load__rosidl_typesupport_fastrtps_cpp.hpp
-- Up-to-date symlink: /home/matt/ros2_ws/install/ros2_msgs/include/ros2_msgs/ros2_msgs/srv/detail/location__rosidl_typesupport_fastrtps_cpp.hpp
-- Up-to-date symlink: /home/matt/ros2_ws/install/ros2_msgs/include/ros2_msgs/ros2_msgs/srv/detail/save__rosidl_typesupport_fastrtps_cpp.hpp
-- Symlinking: /home/matt/ros2_ws/install/ros2_msgs/include/ros2_msgs/ros2_msgs/action/detail/go_to__rosidl_typesupport_introspection_cpp.hpp
-- Up-to-date symlink: /home/matt/ros2_ws/install/ros2_msgs/include/ros2_msgs/ros2_msgs/action/detail/nasa__rosidl_typesupport_introspection_cpp.hpp
-- Up-to-date symlink: /home/matt/ros2_ws/install/ros2_msgs/include/ros2_msgs/ros2_msgs/msg/detail/location_name__rosidl_typesupport_introspection_cpp.hpp
-- Up-to-date symlink: /home/matt/ros2_ws/install/ros2_msgs/include/ros2_msgs/ros2_msgs/srv/detail/clear__rosidl_typesupport_introspection_cpp.hpp
-- Up-to-date symlink: /home/matt/ros2_ws/install/ros2_msgs/include/ros2_msgs/ros2_msgs/srv/detail/load__rosidl_typesupport_introspection_cpp.hpp
-- Up-to-date symlink: /home/matt/ros2_ws/install/ros2_msgs/include/ros2_msgs/ros2_msgs/srv/detail/location__rosidl_typesupport_introspection_cpp.hpp
-- Up-to-date symlink: /home/matt/ros2_ws/install/ros2_msgs/include/ros2_msgs/ros2_msgs/srv/detail/save__rosidl_typesupport_introspection_cpp.hpp
-- Up-to-date symlink: /home/matt/ros2_ws/install/ros2_msgs/share/ros2_msgs/environment/pythonpath.sh
-- Up-to-date symlink: /home/matt/ros2_ws/install/ros2_msgs/share/ros2_msgs/environment/pythonpath.dsv
-- Up-to-date symlink: /home/matt/ros2_ws/install/ros2_msgs/local/lib/python3.10/dist-packages/ros2_msgs-0.0.0-py3.10.egg-info/PKG-INFO
-- Up-to-date symlink: /home/matt/ros2_ws/install/ros2_msgs/local/lib/python3.10/dist-packages/ros2_msgs-0.0.0-py3.10.egg-info/SOURCES.txt
-- Up-to-date symlink: /home/matt/ros2_ws/install/ros2_msgs/local/lib/python3.10/dist-packages/ros2_msgs-0.0.0-py3.10.egg-info/dependency_links.txt
-- Up-to-date symlink: /home/matt/ros2_ws/install/ros2_msgs/local/lib/python3.10/dist-packages/ros2_msgs-0.0.0-py3.10.egg-info/top_level.txt
-- Up-to-date symlink: /home/matt/ros2_ws/install/ros2_msgs/local/lib/python3.10/dist-packages/ros2_msgs/__init__.py
-- Up-to-date symlink: /home/matt/ros2_ws/install/ros2_msgs/local/lib/python3.10/dist-packages/ros2_msgs/_ros2_msgs_s.ep.rosidl_typesupport_c.c
-- Up-to-date symlink: /home/matt/ros2_ws/install/ros2_msgs/local/lib/python3.10/dist-packages/ros2_msgs/_ros2_msgs_s.ep.rosidl_typesupport_fastrtps_c.c
-- Up-to-date symlink: /home/matt/ros2_ws/install/ros2_msgs/local/lib/python3.10/dist-packages/ros2_msgs/_ros2_msgs_s.ep.rosidl_typesupport_introspection_c.c
-- Up-to-date symlink: /home/matt/ros2_ws/install/ros2_msgs/local/lib/python3.10/dist-packages/ros2_msgs/action/__init__.py
-- Symlinking: /home/matt/ros2_ws/install/ros2_msgs/local/lib/python3.10/dist-packages/ros2_msgs/action/_go_to.py
-- Symlinking: /home/matt/ros2_ws/install/ros2_msgs/local/lib/python3.10/dist-packages/ros2_msgs/action/_go_to_s.c
-- Up-to-date symlink: /home/matt/ros2_ws/install/ros2_msgs/local/lib/python3.10/dist-packages/ros2_msgs/action/_nasa.py
-- Up-to-date symlink: /home/matt/ros2_ws/install/ros2_msgs/local/lib/python3.10/dist-packages/ros2_msgs/action/_nasa_s.c
-- Up-to-date symlink: /home/matt/ros2_ws/install/ros2_msgs/local/lib/python3.10/dist-packages/ros2_msgs/libros2_msgs__rosidl_generator_py.so
-- Up-to-date symlink: /home/matt/ros2_ws/install/ros2_msgs/local/lib/python3.10/dist-packages/ros2_msgs/msg/__init__.py
-- Up-to-date symlink: /home/matt/ros2_ws/install/ros2_msgs/local/lib/python3.10/dist-packages/ros2_msgs/msg/_location_name.py
-- Up-to-date symlink: /home/matt/ros2_ws/install/ros2_msgs/local/lib/python3.10/dist-packages/ros2_msgs/msg/_location_name_s.c
-- Up-to-date symlink: /home/matt/ros2_ws/install/ros2_msgs/local/lib/python3.10/dist-packages/ros2_msgs/ros2_msgs_s__rosidl_typesupport_c.cpython-310-x86_64-linux-gnu.so
-- Up-to-date symlink: /home/matt/ros2_ws/install/ros2_msgs/local/lib/python3.10/dist-packages/ros2_msgs/ros2_msgs_s__rosidl_typesupport_fastrtps_c.cpython-310-x86_64-linux-gnu.so
-- Up-to-date symlink: /home/matt/ros2_ws/install/ros2_msgs/local/lib/python3.10/dist-packages/ros2_msgs/ros2_msgs_s__rosidl_typesupport_introspection_c.cpython-310-x86_64-linux-gnu.so
-- Up-to-date symlink: /home/matt/ros2_ws/install/ros2_msgs/local/lib/python3.10/dist-packages/ros2_msgs/srv/__init__.py
-- Up-to-date symlink: /home/matt/ros2_ws/install/ros2_msgs/local/lib/python3.10/dist-packages/ros2_msgs/srv/_clear.py
-- Up-to-date symlink: /home/matt/ros2_ws/install/ros2_msgs/local/lib/python3.10/dist-packages/ros2_msgs/srv/_clear_s.c
-- Up-to-date symlink: /home/matt/ros2_ws/install/ros2_msgs/local/lib/python3.10/dist-packages/ros2_msgs/srv/_load.py
-- Up-to-date symlink: /home/matt/ros2_ws/install/ros2_msgs/local/lib/python3.10/dist-packages/ros2_msgs/srv/_load_s.c
-- Up-to-date symlink: /home/matt/ros2_ws/install/ros2_msgs/local/lib/python3.10/dist-packages/ros2_msgs/srv/_location.py
-- Up-to-date symlink: /home/matt/ros2_ws/install/ros2_msgs/local/lib/python3.10/dist-packages/ros2_msgs/srv/_location_s.c
-- Up-to-date symlink: /home/matt/ros2_ws/install/ros2_msgs/local/lib/python3.10/dist-packages/ros2_msgs/srv/_save.py
-- Up-to-date symlink: /home/matt/ros2_ws/install/ros2_msgs/local/lib/python3.10/dist-packages/ros2_msgs/srv/_save_s.c
-- Up-to-date symlink: /home/matt/ros2_ws/install/ros2_msgs/local/lib/python3.10/dist-packages/ros2_msgs/ros2_msgs_s__rosidl_typesupport_fastrtps_c.cpython-310-x86_64-linux-gnu.so
-- Up-to-date symlink: /home/matt/ros2_ws/install/ros2_msgs/local/lib/python3.10/dist-packages/ros2_msgs/ros2_msgs_s__rosidl_typesupport_introspection_c.cpython-310-x86_64-linux-gnu.so
-- Up-to-date symlink: /home/matt/ros2_ws/install/ros2_msgs/local/lib/python3.10/dist-packages/ros2_msgs/ros2_msgs_s__rosidl_typesupport_c.cpython-310-x86_64-linux-gnu.so
-- Up-to-date symlink: /home/matt/ros2_ws/install/ros2_msgs/share/ros2_msgs/action/Nasa.idl
-- Symlinking: /home/matt/ros2_ws/install/ros2_msgs/share/ros2_msgs/action/GoTo.idl
-- Up-to-date symlink: /home/matt/ros2_ws/install/ros2_msgs/share/ros2_msgs/srv/Location.idl
-- Up-to-date symlink: /home/matt/ros2_ws/install/ros2_msgs/share/ros2_msgs/srv/Clear.idl
-- Up-to-date symlink: /home/matt/ros2_ws/install/ros2_msgs/share/ros2_msgs/msg/LocationName.idl
-- Up-to-date symlink: /home/matt/ros2_ws/install/ros2_msgs/share/ros2_msgs/srv/Load.idl
-- Up-to-date symlink: /home/matt/ros2_ws/install/ros2_msgs/share/ros2_msgs/srv/Save.idl
-- Up-to-date symlink: /home/matt/ros2_ws/install/ros2_msgs/share/ros2_msgs/action/Nasa.action
-- Symlinking: /home/matt/ros2_ws/install/ros2_msgs/share/ros2_msgs/action/GoTo.action
-- Up-to-date symlink: /home/matt/ros2_ws/install/ros2_msgs/share/ros2_msgs/srv/Location.srv
-- Up-to-date symlink: /home/matt/ros2_ws/install/ros2_msgs/share/ros2_msgs/srv/Location_Request.msg
-- Up-to-date symlink: /home/matt/ros2_ws/install/ros2_msgs/share/ros2_msgs/srv/Location_Response.msg
-- Up-to-date symlink: /home/matt/ros2_ws/install/ros2_msgs/share/ros2_msgs/srv/Clear.srv
-- Up-to-date symlink: /home/matt/ros2_ws/install/ros2_msgs/share/ros2_msgs/srv/Clear_Request.msg
-- Up-to-date symlink: /home/matt/ros2_ws/install/ros2_msgs/share/ros2_msgs/srv/Clear_Response.msg
-- Up-to-date symlink: /home/matt/ros2_ws/install/ros2_msgs/share/ros2_msgs/msg/LocationName.msg
-- Up-to-date symlink: /home/matt/ros2_ws/install/ros2_msgs/share/ros2_msgs/srv/Load.srv
-- Up-to-date symlink: /home/matt/ros2_ws/install/ros2_msgs/share/ros2_msgs/srv/Load_Request.msg
-- Up-to-date symlink: /home/matt/ros2_ws/install/ros2_msgs/share/ros2_msgs/srv/Load_Response.msg
-- Up-to-date symlink: /home/matt/ros2_ws/install/ros2_msgs/share/ros2_msgs/srv/Save.srv
-- Up-to-date symlink: /home/matt/ros2_ws/install/ros2_msgs/share/ros2_msgs/srv/Save_Request.msg
-- Up-to-date symlink: /home/matt/ros2_ws/install/ros2_msgs/share/ros2_msgs/srv/Save_Response.msg
-- Up-to-date symlink: /home/matt/ros2_ws/install/ros2_msgs/share/ament_index/resource_index/package_run_dependencies/ros2_msgs
-- Up-to-date symlink: /home/matt/ros2_ws/install/ros2_msgs/share/ament_index/resource_index/parent_prefix_path/ros2_msgs
-- Up-to-date symlink: /home/matt/ros2_ws/install/ros2_msgs/share/ros2_msgs/environment/ament_prefix_path.sh
-- Up-to-date symlink: /home/matt/ros2_ws/install/ros2_msgs/share/ros2_msgs/environment/ament_prefix_path.dsv
-- Up-to-date symlink: /home/matt/ros2_ws/install/ros2_msgs/share/ros2_msgs/environment/path.sh
-- Up-to-date symlink: /home/matt/ros2_ws/install/ros2_msgs/share/ros2_msgs/environment/path.dsv
-- Up-to-date symlink: /home/matt/ros2_ws/install/ros2_msgs/share/ros2_msgs/local_setup.bash
-- Up-to-date symlink: /home/matt/ros2_ws/install/ros2_msgs/share/ros2_msgs/local_setup.sh
-- Up-to-date symlink: /home/matt/ros2_ws/install/ros2_msgs/share/ros2_msgs/local_setup.zsh
-- Up-to-date symlink: /home/matt/ros2_ws/install/ros2_msgs/share/ros2_msgs/local_setup.dsv
-- Symlinking: /home/matt/ros2_ws/install/ros2_msgs/share/ros2_msgs/package.dsv
-- Up-to-date symlink: /home/matt/ros2_ws/install/ros2_msgs/share/ament_index/resource_index/packages/ros2_msgs
-- Up-to-date symlink: /home/matt/ros2_ws/install/ros2_msgs/share/ros2_msgs/cmake/rosidl_cmake-extras.cmake
-- Up-to-date symlink: /home/matt/ros2_ws/install/ros2_msgs/share/ros2_msgs/cmake/ament_cmake_export_dependencies-extras.cmake
-- Up-to-date symlink: /home/matt/ros2_ws/install/ros2_msgs/share/ros2_msgs/cmake/ament_cmake_export_include_directories-extras.cmake
-- Up-to-date symlink: /home/matt/ros2_ws/install/ros2_msgs/share/ros2_msgs/cmake/ament_cmake_export_libraries-extras.cmake
-- Up-to-date symlink: /home/matt/ros2_ws/install/ros2_msgs/share/ros2_msgs/cmake/ament_cmake_export_targets-extras.cmake
-- Up-to-date symlink: /home/matt/ros2_ws/install/ros2_msgs/share/ros2_msgs/cmake/rosidl_cmake_export_typesupport_targets-extras.cmake
-- Up-to-date symlink: /home/matt/ros2_ws/install/ros2_msgs/share/ros2_msgs/cmake/rosidl_cmake_export_typesupport_libraries-extras.cmake
-- Up-to-date symlink: /home/matt/ros2_ws/install/ros2_msgs/share/ros2_msgs/cmake/ros2_msgsConfig.cmake
-- Up-to-date symlink: /home/matt/ros2_ws/install/ros2_msgs/share/ros2_msgs/cmake/ros2_msgsConfig-version.cmake
-- Up-to-date symlink: /home/matt/ros2_ws/install/ros2_msgs/share/ros2_msgs/package.xml
-- Installing: /home/matt/ros2_ws/install/ros2_msgs/lib/libros2_msgs__rosidl_generator_c.so
-- Set runtime path of "/home/matt/ros2_ws/install/ros2_msgs/lib/libros2_msgs__rosidl_generator_c.so" to ""
-- Installing: /home/matt/ros2_ws/install/ros2_msgs/lib/libros2_msgs__rosidl_typesupport_fastrtps_c.so
-- Set runtime path of "/home/matt/ros2_ws/install/ros2_msgs/lib/libros2_msgs__rosidl_typesupport_fastrtps_c.so" to ""
-- Installing: /home/matt/ros2_ws/install/ros2_msgs/lib/libros2_msgs__rosidl_typesupport_introspection_c.so
-- Set runtime path of "/home/matt/ros2_ws/install/ros2_msgs/lib/libros2_msgs__rosidl_typesupport_introspection_c.so" to ""
-- Installing: /home/matt/ros2_ws/install/ros2_msgs/lib/libros2_msgs__rosidl_typesupport_c.so
-- Set runtime path of "/home/matt/ros2_ws/install/ros2_msgs/lib/libros2_msgs__rosidl_typesupport_c.so" to ""
-- Installing: /home/matt/ros2_ws/install/ros2_msgs/lib/libros2_msgs__rosidl_typesupport_fastrtps_cpp.so
-- Set runtime path of "/home/matt/ros2_ws/install/ros2_msgs/lib/libros2_msgs__rosidl_typesupport_fastrtps_cpp.so" to ""
-- Installing: /home/matt/ros2_ws/install/ros2_msgs/lib/libros2_msgs__rosidl_typesupport_introspection_cpp.so
-- Set runtime path of "/home/matt/ros2_ws/install/ros2_msgs/lib/libros2_msgs__rosidl_typesupport_introspection_cpp.so" to ""
-- Installing: /home/matt/ros2_ws/install/ros2_msgs/lib/libros2_msgs__rosidl_typesupport_cpp.so
-- Set runtime path of "/home/matt/ros2_ws/install/ros2_msgs/lib/libros2_msgs__rosidl_typesupport_cpp.so" to ""
Listing '/home/matt/ros2_ws/install/ros2_msgs/local/lib/python3.10/dist-packages/ros2_msgs'...
Compiling '/home/matt/ros2_ws/install/ros2_msgs/local/lib/python3.10/dist-packages/ros2_msgs/__init__.py'...
Listing '/home/matt/ros2_ws/install/ros2_msgs/local/lib/python3.10/dist-packages/ros2_msgs/action'...
Compiling '/home/matt/ros2_ws/install/ros2_msgs/local/lib/python3.10/dist-packages/ros2_msgs/action/__init__.py'...
Compiling '/home/matt/ros2_ws/install/ros2_msgs/local/lib/python3.10/dist-packages/ros2_msgs/action/_go_to.py'...
Compiling '/home/matt/ros2_ws/install/ros2_msgs/local/lib/python3.10/dist-packages/ros2_msgs/action/_nasa.py'...
Listing '/home/matt/ros2_ws/install/ros2_msgs/local/lib/python3.10/dist-packages/ros2_msgs/msg'...
Compiling '/home/matt/ros2_ws/install/ros2_msgs/local/lib/python3.10/dist-packages/ros2_msgs/msg/__init__.py'...
Compiling '/home/matt/ros2_ws/install/ros2_msgs/local/lib/python3.10/dist-packages/ros2_msgs/msg/_location_name.py'...
Listing '/home/matt/ros2_ws/install/ros2_msgs/local/lib/python3.10/dist-packages/ros2_msgs/srv'...
Compiling '/home/matt/ros2_ws/install/ros2_msgs/local/lib/python3.10/dist-packages/ros2_msgs/srv/__init__.py'...
Compiling '/home/matt/ros2_ws/install/ros2_msgs/local/lib/python3.10/dist-packages/ros2_msgs/srv/_clear.py'...
Compiling '/home/matt/ros2_ws/install/ros2_msgs/local/lib/python3.10/dist-packages/ros2_msgs/srv/_load.py'...
Compiling '/home/matt/ros2_ws/install/ros2_msgs/local/lib/python3.10/dist-packages/ros2_msgs/srv/_location.py'...
Compiling '/home/matt/ros2_ws/install/ros2_msgs/local/lib/python3.10/dist-packages/ros2_msgs/srv/_save.py'...
-- Installing: /home/matt/ros2_ws/install/ros2_msgs/lib/libros2_msgs__rosidl_generator_py.so
-- Set runtime path of "/home/matt/ros2_ws/install/ros2_msgs/lib/libros2_msgs__rosidl_generator_py.so" to ""
-- Up-to-date: /home/matt/ros2_ws/install/ros2_msgs/share/ros2_msgs/cmake/export_ros2_msgs__rosidl_generator_cExport.cmake
-- Up-to-date: /home/matt/ros2_ws/install/ros2_msgs/share/ros2_msgs/cmake/export_ros2_msgs__rosidl_generator_cExport-noconfig.cmake
-- Up-to-date: /home/matt/ros2_ws/install/ros2_msgs/share/ros2_msgs/cmake/export_ros2_msgs__rosidl_typesupport_fastrtps_cExport.cmake
-- Up-to-date: /home/matt/ros2_ws/install/ros2_msgs/share/ros2_msgs/cmake/export_ros2_msgs__rosidl_typesupport_fastrtps_cExport-noconfig.cmake
-- Up-to-date: /home/matt/ros2_ws/install/ros2_msgs/share/ros2_msgs/cmake/ros2_msgs__rosidl_typesupport_introspection_cExport.cmake
-- Up-to-date: /home/matt/ros2_ws/install/ros2_msgs/share/ros2_msgs/cmake/ros2_msgs__rosidl_typesupport_introspection_cExport-noconfig.cmake
-- Up-to-date: /home/matt/ros2_ws/install/ros2_msgs/share/ros2_msgs/cmake/ros2_msgs__rosidl_typesupport_cExport.cmake
-- Up-to-date: /home/matt/ros2_ws/install/ros2_msgs/share/ros2_msgs/cmake/ros2_msgs__rosidl_typesupport_cExport-noconfig.cmake
-- Up-to-date: /home/matt/ros2_ws/install/ros2_msgs/share/ros2_msgs/cmake/export_ros2_msgs__rosidl_generator_cppExport.cmake
-- Up-to-date: /home/matt/ros2_ws/install/ros2_msgs/share/ros2_msgs/cmake/export_ros2_msgs__rosidl_typesupport_fastrtps_cppExport.cmake
-- Up-to-date: /home/matt/ros2_ws/install/ros2_msgs/share/ros2_msgs/cmake/export_ros2_msgs__rosidl_typesupport_fastrtps_cppExport-noconfig.cmake
-- Up-to-date: /home/matt/ros2_ws/install/ros2_msgs/share/ros2_msgs/cmake/ros2_msgs__rosidl_typesupport_introspection_cppExport.cmake
-- Up-to-date: /home/matt/ros2_ws/install/ros2_msgs/share/ros2_msgs/cmake/ros2_msgs__rosidl_typesupport_introspection_cppExport-noconfig.cmake
-- Up-to-date: /home/matt/ros2_ws/install/ros2_msgs/share/ros2_msgs/cmake/ros2_msgs__rosidl_typesupport_cppExport.cmake
-- Up-to-date: /home/matt/ros2_ws/install/ros2_msgs/share/ros2_msgs/cmake/ros2_msgs__rosidl_typesupport_cppExport-noconfig.cmake
-- Up-to-date: /home/matt/ros2_ws/install/ros2_msgs/share/ros2_msgs/cmake/export_ros2_msgs__rosidl_generator_pyExport.cmake
-- Up-to-date: /home/matt/ros2_ws/install/ros2_msgs/share/ros2_msgs/cmake/export_ros2_msgs__rosidl_generator_pyExport-noconfig.cmake
