[0.098s] Invoking command in '/home/matt/ros2_ws/build/ros2_msgs': CMAKE_PREFIX_PATH=${CMAKE_PREFIX_PATH}:/home/matt/ros2_ws/install/rob599_hw3:/opt/ros/humble /usr/bin/cmake --build /home/matt/ros2_ws/build/ros2_msgs -- -j24 -l24
[0.117s] -- Found ament_cmake: 1.3.8 (/opt/ros/humble/share/ament_cmake/cmake)
[0.226s] -- Override CMake install command with custom implementation using symlinks instead of copying resources
[0.231s] -- Found rosidl_default_generators: 1.2.0 (/opt/ros/humble/share/rosidl_default_generators/cmake)
[0.231s] -- Using all available rosidl_typesupport_c: rosidl_typesupport_fastrtps_c;rosidl_typesupport_introspection_c
[0.233s] -- Found rosidl_adapter: 3.1.5 (/opt/ros/humble/share/rosidl_adapter/cmake)
[0.258s] -- Using all available rosidl_typesupport_cpp: rosidl_typesupport_fastrtps_cpp;rosidl_typesupport_introspection_cpp
[0.586s] -- Found ament_cmake_ros: 0.10.0 (/opt/ros/humble/share/ament_cmake_ros/cmake)
[0.725s] -- Using all available rosidl_typesupport_c: rosidl_typesupport_fastrtps_c;rosidl_typesupport_introspection_c
[0.911s] -- Using all available rosidl_typesupport_cpp: rosidl_typesupport_fastrtps_cpp;rosidl_typesupport_introspection_cpp
[0.929s] -- Found python_cmake_module: 0.10.0 (/opt/ros/humble/share/python_cmake_module/cmake)
[0.946s] -- Using PYTHON_EXECUTABLE: /usr/bin/python3
[0.946s] -- Using PYTHON_INCLUDE_DIRS: /usr/include/python3.10
[0.946s] -- Using PYTHON_LIBRARIES: /usr/lib/x86_64-linux-gnu/libpython3.10.so
[0.962s] -- Found ament_lint_auto: 0.12.10 (/opt/ros/humble/share/ament_lint_auto/cmake)
[0.968s] -- Added test 'lint_cmake' to check CMake code style
[0.968s] -- Added test 'xmllint' to check XML markup files
[0.970s] -- Configuring done
[0.998s] -- Generating done
[1.000s] -- Build files have been written to: /home/matt/ros2_ws/build/ros2_msgs
[1.019s] [  1%] [34m[1mGenerating C code for ROS interfaces[0m
[1.027s] [  2%] [34m[1mGenerating C++ code for ROS interfaces[0m
[1.032s] [  2%] Built target ament_cmake_python_symlink_ros2_msgs
[1.221s] running egg_info
[1.222s] writing ros2_msgs.egg-info/PKG-INFO
[1.222s] writing dependency_links to ros2_msgs.egg-info/dependency_links.txt
[1.222s] writing top-level names to ros2_msgs.egg-info/top_level.txt
[1.224s] reading manifest file 'ros2_msgs.egg-info/SOURCES.txt'
[1.224s] writing manifest file 'ros2_msgs.egg-info/SOURCES.txt'
[1.243s] [  2%] Built target ament_cmake_python_build_ros2_msgs_egg
[1.715s] [  2%] Built target ros2_msgs__cpp
[1.725s] [  6%] [34m[1mGenerating C++ type support for eProsima Fast-RTPS[0m
[1.725s] [  6%] [34m[1mGenerating C++ type support dispatch for ROS interfaces[0m
[1.725s] [  6%] [34m[1mGenerating C++ introspection for ROS interfaces[0m
[1.727s] [35m[1mConsolidate compiler generated dependencies of target ros2_msgs__rosidl_generator_c[0m
[1.739s] [  8%] [32mBuilding C object CMakeFiles/ros2_msgs__rosidl_generator_c.dir/rosidl_generator_c/ros2_msgs/srv/detail/location__functions.c.o[0m
[1.739s] [  8%] [32mBuilding C object CMakeFiles/ros2_msgs__rosidl_generator_c.dir/rosidl_generator_c/ros2_msgs/action/detail/nasa__functions.c.o[0m
[1.739s] [ 10%] [32mBuilding C object CMakeFiles/ros2_msgs__rosidl_generator_c.dir/rosidl_generator_c/ros2_msgs/action/detail/go_to__functions.c.o[0m
[1.739s] [ 11%] [32mBuilding C object CMakeFiles/ros2_msgs__rosidl_generator_c.dir/rosidl_generator_c/ros2_msgs/srv/detail/clear__functions.c.o[0m
[1.739s] [ 12%] [32mBuilding C object CMakeFiles/ros2_msgs__rosidl_generator_c.dir/rosidl_generator_c/ros2_msgs/msg/detail/location_name__functions.c.o[0m
[1.745s] [ 15%] [32mBuilding C object CMakeFiles/ros2_msgs__rosidl_generator_c.dir/rosidl_generator_c/ros2_msgs/srv/detail/load__functions.c.o[0m
[1.745s] [ 15%] [32mBuilding C object CMakeFiles/ros2_msgs__rosidl_generator_c.dir/rosidl_generator_c/ros2_msgs/srv/detail/save__functions.c.o[0m
[1.863s] [ 16%] [32m[1mLinking C shared library libros2_msgs__rosidl_generator_c.so[0m
[1.898s] [ 16%] Built target ros2_msgs__rosidl_generator_c
[1.908s] [ 20%] [34m[1mGenerating C type support dispatch for ROS interfaces[0m
[1.908s] [ 20%] [34m[1mGenerating C introspection for ROS interfaces[0m
[1.908s] [ 20%] [34m[1mGenerating C type support for eProsima Fast-RTPS[0m
[2.208s] [35m[1mConsolidate compiler generated dependencies of target ros2_msgs__rosidl_typesupport_cpp[0m
[2.222s] [ 21%] [32mBuilding CXX object CMakeFiles/ros2_msgs__rosidl_typesupport_cpp.dir/rosidl_typesupport_cpp/ros2_msgs/action/nasa__type_support.cpp.o[0m
[2.224s] [ 22%] [32mBuilding CXX object CMakeFiles/ros2_msgs__rosidl_typesupport_cpp.dir/rosidl_typesupport_cpp/ros2_msgs/action/go_to__type_support.cpp.o[0m
[2.226s] [ 24%] [32mBuilding CXX object CMakeFiles/ros2_msgs__rosidl_typesupport_cpp.dir/rosidl_typesupport_cpp/ros2_msgs/srv/load__type_support.cpp.o[0m
[2.227s] [ 25%] [32mBuilding CXX object CMakeFiles/ros2_msgs__rosidl_typesupport_cpp.dir/rosidl_typesupport_cpp/ros2_msgs/srv/location__type_support.cpp.o[0m
[2.227s] [ 26%] [32mBuilding CXX object CMakeFiles/ros2_msgs__rosidl_typesupport_cpp.dir/rosidl_typesupport_cpp/ros2_msgs/srv/clear__type_support.cpp.o[0m
[2.228s] [ 27%] [32mBuilding CXX object CMakeFiles/ros2_msgs__rosidl_typesupport_cpp.dir/rosidl_typesupport_cpp/ros2_msgs/msg/location_name__type_support.cpp.o[0m
[2.229s] [ 29%] [32mBuilding CXX object CMakeFiles/ros2_msgs__rosidl_typesupport_cpp.dir/rosidl_typesupport_cpp/ros2_msgs/srv/save__type_support.cpp.o[0m
[2.360s] [35m[1mConsolidate compiler generated dependencies of target ros2_msgs__rosidl_typesupport_introspection_cpp[0m
[2.387s] [ 34%] [32mBuilding CXX object CMakeFiles/ros2_msgs__rosidl_typesupport_introspection_cpp.dir/rosidl_typesupport_introspection_cpp/ros2_msgs/srv/detail/location__type_support.cpp.o[0m
[2.387s] [ 34%] [32mBuilding CXX object CMakeFiles/ros2_msgs__rosidl_typesupport_introspection_cpp.dir/rosidl_typesupport_introspection_cpp/ros2_msgs/action/detail/nasa__type_support.cpp.o[0m
[2.387s] [ 34%] [32mBuilding CXX object CMakeFiles/ros2_msgs__rosidl_typesupport_introspection_cpp.dir/rosidl_typesupport_introspection_cpp/ros2_msgs/msg/detail/location_name__type_support.cpp.o[0m
[2.387s] [ 34%] [32mBuilding CXX object CMakeFiles/ros2_msgs__rosidl_typesupport_introspection_cpp.dir/rosidl_typesupport_introspection_cpp/ros2_msgs/action/detail/go_to__type_support.cpp.o[0m
[2.388s] [ 35%] [32mBuilding CXX object CMakeFiles/ros2_msgs__rosidl_typesupport_introspection_cpp.dir/rosidl_typesupport_introspection_cpp/ros2_msgs/srv/detail/load__type_support.cpp.o[0m
[2.388s] [ 36%] [32mBuilding CXX object CMakeFiles/ros2_msgs__rosidl_typesupport_introspection_cpp.dir/rosidl_typesupport_introspection_cpp/ros2_msgs/srv/detail/clear__type_support.cpp.o[0m
[2.389s] [ 37%] [32mBuilding CXX object CMakeFiles/ros2_msgs__rosidl_typesupport_introspection_cpp.dir/rosidl_typesupport_introspection_cpp/ros2_msgs/srv/detail/save__type_support.cpp.o[0m
[2.417s] [35m[1mConsolidate compiler generated dependencies of target ros2_msgs__rosidl_typesupport_c[0m
[2.436s] [ 40%] [32mBuilding CXX object CMakeFiles/ros2_msgs__rosidl_typesupport_c.dir/rosidl_typesupport_c/ros2_msgs/srv/clear__type_support.cpp.o[0m
[2.436s] [ 40%] [32mBuilding CXX object CMakeFiles/ros2_msgs__rosidl_typesupport_c.dir/rosidl_typesupport_c/ros2_msgs/action/nasa__type_support.cpp.o[0m
[2.436s] [ 41%] [32mBuilding CXX object CMakeFiles/ros2_msgs__rosidl_typesupport_c.dir/rosidl_typesupport_c/ros2_msgs/srv/location__type_support.cpp.o[0m
[2.438s] [ 43%] [32mBuilding CXX object CMakeFiles/ros2_msgs__rosidl_typesupport_c.dir/rosidl_typesupport_c/ros2_msgs/action/go_to__type_support.cpp.o[0m
[2.456s] [ 44%] [32mBuilding CXX object CMakeFiles/ros2_msgs__rosidl_typesupport_c.dir/rosidl_typesupport_c/ros2_msgs/msg/location_name__type_support.cpp.o[0m
[2.457s] [ 45%] [32mBuilding CXX object CMakeFiles/ros2_msgs__rosidl_typesupport_c.dir/rosidl_typesupport_c/ros2_msgs/srv/load__type_support.cpp.o[0m
[2.522s] [ 46%] [32mBuilding CXX object CMakeFiles/ros2_msgs__rosidl_typesupport_c.dir/rosidl_typesupport_c/ros2_msgs/srv/save__type_support.cpp.o[0m
[2.572s] [ 48%] [32m[1mLinking CXX shared library libros2_msgs__rosidl_typesupport_c.so[0m
[2.617s] [35m[1mConsolidate compiler generated dependencies of target ros2_msgs__rosidl_typesupport_fastrtps_cpp[0m
[2.636s] [ 48%] Built target ros2_msgs__rosidl_typesupport_c
[2.639s] [ 49%] [32mBuilding CXX object CMakeFiles/ros2_msgs__rosidl_typesupport_fastrtps_cpp.dir/rosidl_typesupport_fastrtps_cpp/ros2_msgs/action/detail/dds_fastrtps/nasa__type_support.cpp.o[0m
[2.640s] [ 50%] [32mBuilding CXX object CMakeFiles/ros2_msgs__rosidl_typesupport_fastrtps_cpp.dir/rosidl_typesupport_fastrtps_cpp/ros2_msgs/action/detail/dds_fastrtps/go_to__type_support.cpp.o[0m
[2.641s] [ 51%] [32mBuilding CXX object CMakeFiles/ros2_msgs__rosidl_typesupport_fastrtps_cpp.dir/rosidl_typesupport_fastrtps_cpp/ros2_msgs/srv/detail/dds_fastrtps/location__type_support.cpp.o[0m
[2.642s] [ 54%] [32mBuilding CXX object CMakeFiles/ros2_msgs__rosidl_typesupport_fastrtps_cpp.dir/rosidl_typesupport_fastrtps_cpp/ros2_msgs/srv/detail/dds_fastrtps/load__type_support.cpp.o[0m
[2.642s] [ 54%] [32mBuilding CXX object CMakeFiles/ros2_msgs__rosidl_typesupport_fastrtps_cpp.dir/rosidl_typesupport_fastrtps_cpp/ros2_msgs/srv/detail/dds_fastrtps/save__type_support.cpp.o[0m
[2.643s] [ 55%] [32mBuilding CXX object CMakeFiles/ros2_msgs__rosidl_typesupport_fastrtps_cpp.dir/rosidl_typesupport_fastrtps_cpp/ros2_msgs/msg/detail/dds_fastrtps/location_name__type_support.cpp.o[0m
[2.644s] [ 56%] [32mBuilding CXX object CMakeFiles/ros2_msgs__rosidl_typesupport_fastrtps_cpp.dir/rosidl_typesupport_fastrtps_cpp/ros2_msgs/srv/detail/dds_fastrtps/clear__type_support.cpp.o[0m
[2.737s] [35m[1mConsolidate compiler generated dependencies of target ros2_msgs__rosidl_typesupport_introspection_c[0m
[2.760s] [ 58%] [32mBuilding C object CMakeFiles/ros2_msgs__rosidl_typesupport_introspection_c.dir/rosidl_typesupport_introspection_c/ros2_msgs/action/detail/nasa__type_support.c.o[0m
[2.762s] [ 59%] [32mBuilding C object CMakeFiles/ros2_msgs__rosidl_typesupport_introspection_c.dir/rosidl_typesupport_introspection_c/ros2_msgs/srv/detail/clear__type_support.c.o[0m
[2.762s] [ 60%] [32mBuilding C object CMakeFiles/ros2_msgs__rosidl_typesupport_introspection_c.dir/rosidl_typesupport_introspection_c/ros2_msgs/srv/detail/location__type_support.c.o[0m
[2.763s] [ 62%] [32mBuilding C object CMakeFiles/ros2_msgs__rosidl_typesupport_introspection_c.dir/rosidl_typesupport_introspection_c/ros2_msgs/action/detail/go_to__type_support.c.o[0m
[2.775s] [ 64%] [32mBuilding C object CMakeFiles/ros2_msgs__rosidl_typesupport_introspection_c.dir/rosidl_typesupport_introspection_c/ros2_msgs/msg/detail/location_name__type_support.c.o[0m
[2.776s] [ 64%] [32mBuilding C object CMakeFiles/ros2_msgs__rosidl_typesupport_introspection_c.dir/rosidl_typesupport_introspection_c/ros2_msgs/srv/detail/load__type_support.c.o[0m
[2.829s] [ 65%] [32mBuilding C object CMakeFiles/ros2_msgs__rosidl_typesupport_introspection_c.dir/rosidl_typesupport_introspection_c/ros2_msgs/srv/detail/save__type_support.c.o[0m
[2.846s] [35m[1mConsolidate compiler generated dependencies of target ros2_msgs__rosidl_typesupport_fastrtps_c[0m
[2.872s] [ 67%] [32mBuilding CXX object CMakeFiles/ros2_msgs__rosidl_typesupport_fastrtps_c.dir/rosidl_typesupport_fastrtps_c/ros2_msgs/srv/detail/location__type_support_c.cpp.o[0m
[2.874s] [ 69%] [32mBuilding CXX object CMakeFiles/ros2_msgs__rosidl_typesupport_fastrtps_c.dir/rosidl_typesupport_fastrtps_c/ros2_msgs/srv/detail/clear__type_support_c.cpp.o[0m
[2.875s] [ 69%] [32mBuilding CXX object CMakeFiles/ros2_msgs__rosidl_typesupport_fastrtps_c.dir/rosidl_typesupport_fastrtps_c/ros2_msgs/action/detail/go_to__type_support_c.cpp.o[0m
[2.877s] [ 70%] [32mBuilding CXX object CMakeFiles/ros2_msgs__rosidl_typesupport_fastrtps_c.dir/rosidl_typesupport_fastrtps_c/ros2_msgs/srv/detail/save__type_support_c.cpp.o[0m
[2.878s] [ 72%] [32mBuilding CXX object CMakeFiles/ros2_msgs__rosidl_typesupport_fastrtps_c.dir/rosidl_typesupport_fastrtps_c/ros2_msgs/msg/detail/location_name__type_support_c.cpp.o[0m
[2.880s] [ 73%] [32mBuilding CXX object CMakeFiles/ros2_msgs__rosidl_typesupport_fastrtps_c.dir/rosidl_typesupport_fastrtps_c/ros2_msgs/srv/detail/load__type_support_c.cpp.o[0m
[2.884s] [ 74%] [32mBuilding CXX object CMakeFiles/ros2_msgs__rosidl_typesupport_fastrtps_c.dir/rosidl_typesupport_fastrtps_c/ros2_msgs/action/detail/nasa__type_support_c.cpp.o[0m
[2.894s] [ 75%] [32m[1mLinking C shared library libros2_msgs__rosidl_typesupport_introspection_c.so[0m
[2.948s] [ 75%] Built target ros2_msgs__rosidl_typesupport_introspection_c
[3.018s] [ 77%] [32m[1mLinking CXX shared library libros2_msgs__rosidl_typesupport_cpp.so[0m
[3.121s] [ 77%] Built target ros2_msgs__rosidl_typesupport_cpp
[3.169s] [ 78%] [32m[1mLinking CXX shared library libros2_msgs__rosidl_typesupport_introspection_cpp.so[0m
[3.249s] [ 78%] Built target ros2_msgs__rosidl_typesupport_introspection_cpp
[3.337s] [ 79%] [32m[1mLinking CXX shared library libros2_msgs__rosidl_typesupport_fastrtps_cpp.so[0m
[3.375s] [ 81%] [32m[1mLinking CXX shared library libros2_msgs__rosidl_typesupport_fastrtps_c.so[0m
[3.392s] [ 81%] Built target ros2_msgs__rosidl_typesupport_fastrtps_cpp
[3.428s] [ 81%] Built target ros2_msgs__rosidl_typesupport_fastrtps_c
[3.442s] [ 81%] Built target ros2_msgs
[3.457s] [ 82%] [34m[1mGenerating Python code for ROS interfaces[0m
[4.630s] [ 82%] Built target ros2_msgs__py
[4.639s] [35m[1mConsolidate compiler generated dependencies of target ros2_msgs__rosidl_generator_py[0m
[4.653s] [ 83%] [32mBuilding C object CMakeFiles/ros2_msgs__rosidl_generator_py.dir/rosidl_generator_py/ros2_msgs/action/_nasa_s.c.o[0m
[4.653s] [ 86%] [32mBuilding C object CMakeFiles/ros2_msgs__rosidl_generator_py.dir/rosidl_generator_py/ros2_msgs/srv/_clear_s.c.o[0m
[4.653s] [ 87%] [32mBuilding C object CMakeFiles/ros2_msgs__rosidl_generator_py.dir/rosidl_generator_py/ros2_msgs/srv/_location_s.c.o[0m
[4.654s] [ 87%] [32mBuilding C object CMakeFiles/ros2_msgs__rosidl_generator_py.dir/rosidl_generator_py/ros2_msgs/action/_go_to_s.c.o[0m
[4.654s] [ 88%] [32mBuilding C object CMakeFiles/ros2_msgs__rosidl_generator_py.dir/rosidl_generator_py/ros2_msgs/msg/_location_name_s.c.o[0m
[4.654s] [ 89%] [32mBuilding C object CMakeFiles/ros2_msgs__rosidl_generator_py.dir/rosidl_generator_py/ros2_msgs/srv/_load_s.c.o[0m
[4.657s] [ 91%] [32mBuilding C object CMakeFiles/ros2_msgs__rosidl_generator_py.dir/rosidl_generator_py/ros2_msgs/srv/_save_s.c.o[0m
[4.774s] [ 92%] [32m[1mLinking C shared library rosidl_generator_py/ros2_msgs/libros2_msgs__rosidl_generator_py.so[0m
[4.810s] [ 92%] Built target ros2_msgs__rosidl_generator_py
[4.819s] [35m[1mConsolidate compiler generated dependencies of target ros2_msgs__rosidl_typesupport_introspection_c__pyext[0m
[4.819s] [35m[1mConsolidate compiler generated dependencies of target ros2_msgs__rosidl_typesupport_c__pyext[0m
[4.819s] [35m[1mConsolidate compiler generated dependencies of target ros2_msgs__rosidl_typesupport_fastrtps_c__pyext[0m
[4.831s] [ 96%] [32mBuilding C object CMakeFiles/ros2_msgs__rosidl_typesupport_introspection_c__pyext.dir/rosidl_generator_py/ros2_msgs/_ros2_msgs_s.ep.rosidl_typesupport_introspection_c.c.o[0m
[4.831s] [ 96%] [32mBuilding C object CMakeFiles/ros2_msgs__rosidl_typesupport_fastrtps_c__pyext.dir/rosidl_generator_py/ros2_msgs/_ros2_msgs_s.ep.rosidl_typesupport_fastrtps_c.c.o[0m
[4.832s] [ 96%] [32mBuilding C object CMakeFiles/ros2_msgs__rosidl_typesupport_c__pyext.dir/rosidl_generator_py/ros2_msgs/_ros2_msgs_s.ep.rosidl_typesupport_c.c.o[0m
[4.973s] [ 97%] [32m[1mLinking C shared library rosidl_generator_py/ros2_msgs/ros2_msgs_s__rosidl_typesupport_introspection_c.cpython-310-x86_64-linux-gnu.so[0m
[4.975s] [ 98%] [32m[1mLinking C shared library rosidl_generator_py/ros2_msgs/ros2_msgs_s__rosidl_typesupport_fastrtps_c.cpython-310-x86_64-linux-gnu.so[0m
[4.985s] [100%] [32m[1mLinking C shared library rosidl_generator_py/ros2_msgs/ros2_msgs_s__rosidl_typesupport_c.cpython-310-x86_64-linux-gnu.so[0m
[5.010s] [100%] Built target ros2_msgs__rosidl_typesupport_introspection_c__pyext
[5.012s] [100%] Built target ros2_msgs__rosidl_typesupport_fastrtps_c__pyext
[5.021s] [100%] Built target ros2_msgs__rosidl_typesupport_c__pyext
[5.032s] Invoked command in '/home/matt/ros2_ws/build/ros2_msgs' returned '0': CMAKE_PREFIX_PATH=${CMAKE_PREFIX_PATH}:/home/matt/ros2_ws/install/rob599_hw3:/opt/ros/humble /usr/bin/cmake --build /home/matt/ros2_ws/build/ros2_msgs -- -j24 -l24
[5.179s] Invoking command in '/home/matt/ros2_ws/build/ros2_msgs': CMAKE_PREFIX_PATH=${CMAKE_PREFIX_PATH}:/home/matt/ros2_ws/install/rob599_hw3:/opt/ros/humble /usr/bin/cmake --install /home/matt/ros2_ws/build/ros2_msgs
[5.185s] -- Install configuration: ""
[5.186s] -- Execute custom install script
[5.186s] -- Up-to-date symlink: /home/matt/ros2_ws/install/ros2_msgs/share/ament_index/resource_index/rosidl_interfaces/ros2_msgs
[5.186s] -- Symlinking: /home/matt/ros2_ws/install/ros2_msgs/include/ros2_msgs/ros2_msgs/action/detail/go_to__functions.h
[5.193s] -- Symlinking: /home/matt/ros2_ws/install/ros2_msgs/include/ros2_msgs/ros2_msgs/action/detail/go_to__struct.h
[5.199s] -- Symlinking: /home/matt/ros2_ws/install/ros2_msgs/include/ros2_msgs/ros2_msgs/action/detail/go_to__type_support.h
[5.205s] -- Up-to-date symlink: /home/matt/ros2_ws/install/ros2_msgs/include/ros2_msgs/ros2_msgs/action/detail/nasa__functions.h
[5.205s] -- Up-to-date symlink: /home/matt/ros2_ws/install/ros2_msgs/include/ros2_msgs/ros2_msgs/action/detail/nasa__struct.h
[5.205s] -- Up-to-date symlink: /home/matt/ros2_ws/install/ros2_msgs/include/ros2_msgs/ros2_msgs/action/detail/nasa__type_support.h
[5.206s] -- Symlinking: /home/matt/ros2_ws/install/ros2_msgs/include/ros2_msgs/ros2_msgs/action/go_to.h
[5.212s] -- Up-to-date symlink: /home/matt/ros2_ws/install/ros2_msgs/include/ros2_msgs/ros2_msgs/action/nasa.h
[5.212s] -- Up-to-date symlink: /home/matt/ros2_ws/install/ros2_msgs/include/ros2_msgs/ros2_msgs/msg/detail/location_name__functions.h
[5.212s] -- Up-to-date symlink: /home/matt/ros2_ws/install/ros2_msgs/include/ros2_msgs/ros2_msgs/msg/detail/location_name__struct.h
[5.212s] -- Up-to-date symlink: /home/matt/ros2_ws/install/ros2_msgs/include/ros2_msgs/ros2_msgs/msg/detail/location_name__type_support.h
[5.212s] -- Up-to-date symlink: /home/matt/ros2_ws/install/ros2_msgs/include/ros2_msgs/ros2_msgs/msg/location_name.h
[5.212s] -- Up-to-date symlink: /home/matt/ros2_ws/install/ros2_msgs/include/ros2_msgs/ros2_msgs/msg/rosidl_generator_c__visibility_control.h
[5.212s] -- Up-to-date symlink: /home/matt/ros2_ws/install/ros2_msgs/include/ros2_msgs/ros2_msgs/srv/clear.h
[5.212s] -- Up-to-date symlink: /home/matt/ros2_ws/install/ros2_msgs/include/ros2_msgs/ros2_msgs/srv/detail/clear__functions.h
[5.212s] -- Up-to-date symlink: /home/matt/ros2_ws/install/ros2_msgs/include/ros2_msgs/ros2_msgs/srv/detail/clear__struct.h
[5.212s] -- Up-to-date symlink: /home/matt/ros2_ws/install/ros2_msgs/include/ros2_msgs/ros2_msgs/srv/detail/clear__type_support.h
[5.213s] -- Up-to-date symlink: /home/matt/ros2_ws/install/ros2_msgs/include/ros2_msgs/ros2_msgs/srv/detail/load__functions.h
[5.213s] -- Up-to-date symlink: /home/matt/ros2_ws/install/ros2_msgs/include/ros2_msgs/ros2_msgs/srv/detail/load__struct.h
[5.213s] -- Up-to-date symlink: /home/matt/ros2_ws/install/ros2_msgs/include/ros2_msgs/ros2_msgs/srv/detail/load__type_support.h
[5.213s] -- Up-to-date symlink: /home/matt/ros2_ws/install/ros2_msgs/include/ros2_msgs/ros2_msgs/srv/detail/location__functions.h
[5.213s] -- Up-to-date symlink: /home/matt/ros2_ws/install/ros2_msgs/include/ros2_msgs/ros2_msgs/srv/detail/location__struct.h
[5.213s] -- Up-to-date symlink: /home/matt/ros2_ws/install/ros2_msgs/include/ros2_msgs/ros2_msgs/srv/detail/location__type_support.h
[5.213s] -- Up-to-date symlink: /home/matt/ros2_ws/install/ros2_msgs/include/ros2_msgs/ros2_msgs/srv/detail/save__functions.h
[5.213s] -- Up-to-date symlink: /home/matt/ros2_ws/install/ros2_msgs/include/ros2_msgs/ros2_msgs/srv/detail/save__struct.h
[5.213s] -- Up-to-date symlink: /home/matt/ros2_ws/install/ros2_msgs/include/ros2_msgs/ros2_msgs/srv/detail/save__type_support.h
[5.213s] -- Up-to-date symlink: /home/matt/ros2_ws/install/ros2_msgs/include/ros2_msgs/ros2_msgs/srv/load.h
[5.213s] -- Up-to-date symlink: /home/matt/ros2_ws/install/ros2_msgs/include/ros2_msgs/ros2_msgs/srv/location.h
[5.213s] -- Up-to-date symlink: /home/matt/ros2_ws/install/ros2_msgs/include/ros2_msgs/ros2_msgs/srv/save.h
[5.213s] -- Up-to-date symlink: /home/matt/ros2_ws/install/ros2_msgs/share/ros2_msgs/environment/library_path.sh
[5.213s] -- Up-to-date symlink: /home/matt/ros2_ws/install/ros2_msgs/share/ros2_msgs/environment/library_path.dsv
[5.214s] -- Symlinking: /home/matt/ros2_ws/install/ros2_msgs/include/ros2_msgs/ros2_msgs/action/detail/go_to__rosidl_typesupport_fastrtps_c.h
[5.222s] -- Up-to-date symlink: /home/matt/ros2_ws/install/ros2_msgs/include/ros2_msgs/ros2_msgs/action/detail/nasa__rosidl_typesupport_fastrtps_c.h
[5.222s] -- Up-to-date symlink: /home/matt/ros2_ws/install/ros2_msgs/include/ros2_msgs/ros2_msgs/msg/detail/location_name__rosidl_typesupport_fastrtps_c.h
[5.222s] -- Up-to-date symlink: /home/matt/ros2_ws/install/ros2_msgs/include/ros2_msgs/ros2_msgs/msg/rosidl_typesupport_fastrtps_c__visibility_control.h
[5.222s] -- Up-to-date symlink: /home/matt/ros2_ws/install/ros2_msgs/include/ros2_msgs/ros2_msgs/srv/detail/clear__rosidl_typesupport_fastrtps_c.h
[5.223s] -- Up-to-date symlink: /home/matt/ros2_ws/install/ros2_msgs/include/ros2_msgs/ros2_msgs/srv/detail/load__rosidl_typesupport_fastrtps_c.h
[5.223s] -- Up-to-date symlink: /home/matt/ros2_ws/install/ros2_msgs/include/ros2_msgs/ros2_msgs/srv/detail/location__rosidl_typesupport_fastrtps_c.h
[5.223s] -- Up-to-date symlink: /home/matt/ros2_ws/install/ros2_msgs/include/ros2_msgs/ros2_msgs/srv/detail/save__rosidl_typesupport_fastrtps_c.h
[5.223s] -- Symlinking: /home/matt/ros2_ws/install/ros2_msgs/include/ros2_msgs/ros2_msgs/action/detail/go_to__rosidl_typesupport_introspection_c.h
[5.229s] -- Up-to-date symlink: /home/matt/ros2_ws/install/ros2_msgs/include/ros2_msgs/ros2_msgs/action/detail/nasa__rosidl_typesupport_introspection_c.h
[5.229s] -- Up-to-date symlink: /home/matt/ros2_ws/install/ros2_msgs/include/ros2_msgs/ros2_msgs/msg/detail/location_name__rosidl_typesupport_introspection_c.h
[5.229s] -- Up-to-date symlink: /home/matt/ros2_ws/install/ros2_msgs/include/ros2_msgs/ros2_msgs/msg/rosidl_typesupport_introspection_c__visibility_control.h
[5.229s] -- Up-to-date symlink: /home/matt/ros2_ws/install/ros2_msgs/include/ros2_msgs/ros2_msgs/srv/detail/clear__rosidl_typesupport_introspection_c.h
[5.229s] -- Up-to-date symlink: /home/matt/ros2_ws/install/ros2_msgs/include/ros2_msgs/ros2_msgs/srv/detail/load__rosidl_typesupport_introspection_c.h
[5.229s] -- Up-to-date symlink: /home/matt/ros2_ws/install/ros2_msgs/include/ros2_msgs/ros2_msgs/srv/detail/location__rosidl_typesupport_introspection_c.h
[5.230s] -- Up-to-date symlink: /home/matt/ros2_ws/install/ros2_msgs/include/ros2_msgs/ros2_msgs/srv/detail/save__rosidl_typesupport_introspection_c.h
[5.230s] -- Symlinking: /home/matt/ros2_ws/install/ros2_msgs/include/ros2_msgs/ros2_msgs/action/detail/go_to__builder.hpp
[5.236s] -- Symlinking: /home/matt/ros2_ws/install/ros2_msgs/include/ros2_msgs/ros2_msgs/action/detail/go_to__struct.hpp
[5.243s] -- Symlinking: /home/matt/ros2_ws/install/ros2_msgs/include/ros2_msgs/ros2_msgs/action/detail/go_to__traits.hpp
[5.251s] -- Up-to-date symlink: /home/matt/ros2_ws/install/ros2_msgs/include/ros2_msgs/ros2_msgs/action/detail/nasa__builder.hpp
[5.251s] -- Up-to-date symlink: /home/matt/ros2_ws/install/ros2_msgs/include/ros2_msgs/ros2_msgs/action/detail/nasa__struct.hpp
[5.251s] -- Up-to-date symlink: /home/matt/ros2_ws/install/ros2_msgs/include/ros2_msgs/ros2_msgs/action/detail/nasa__traits.hpp
[5.251s] -- Symlinking: /home/matt/ros2_ws/install/ros2_msgs/include/ros2_msgs/ros2_msgs/action/go_to.hpp
[5.258s] -- Up-to-date symlink: /home/matt/ros2_ws/install/ros2_msgs/include/ros2_msgs/ros2_msgs/action/nasa.hpp
[5.258s] -- Up-to-date symlink: /home/matt/ros2_ws/install/ros2_msgs/include/ros2_msgs/ros2_msgs/msg/detail/location_name__builder.hpp
[5.258s] -- Up-to-date symlink: /home/matt/ros2_ws/install/ros2_msgs/include/ros2_msgs/ros2_msgs/msg/detail/location_name__struct.hpp
[5.258s] -- Up-to-date symlink: /home/matt/ros2_ws/install/ros2_msgs/include/ros2_msgs/ros2_msgs/msg/detail/location_name__traits.hpp
[5.258s] -- Up-to-date symlink: /home/matt/ros2_ws/install/ros2_msgs/include/ros2_msgs/ros2_msgs/msg/location_name.hpp
[5.258s] -- Up-to-date symlink: /home/matt/ros2_ws/install/ros2_msgs/include/ros2_msgs/ros2_msgs/srv/clear.hpp
[5.258s] -- Up-to-date symlink: /home/matt/ros2_ws/install/ros2_msgs/include/ros2_msgs/ros2_msgs/srv/detail/clear__builder.hpp
[5.258s] -- Up-to-date symlink: /home/matt/ros2_ws/install/ros2_msgs/include/ros2_msgs/ros2_msgs/srv/detail/clear__struct.hpp
[5.258s] -- Up-to-date symlink: /home/matt/ros2_ws/install/ros2_msgs/include/ros2_msgs/ros2_msgs/srv/detail/clear__traits.hpp
[5.259s] -- Up-to-date symlink: /home/matt/ros2_ws/install/ros2_msgs/include/ros2_msgs/ros2_msgs/srv/detail/load__builder.hpp
[5.259s] -- Up-to-date symlink: /home/matt/ros2_ws/install/ros2_msgs/include/ros2_msgs/ros2_msgs/srv/detail/load__struct.hpp
[5.259s] -- Up-to-date symlink: /home/matt/ros2_ws/install/ros2_msgs/include/ros2_msgs/ros2_msgs/srv/detail/load__traits.hpp
[5.259s] -- Up-to-date symlink: /home/matt/ros2_ws/install/ros2_msgs/include/ros2_msgs/ros2_msgs/srv/detail/location__builder.hpp
[5.259s] -- Up-to-date symlink: /home/matt/ros2_ws/install/ros2_msgs/include/ros2_msgs/ros2_msgs/srv/detail/location__struct.hpp
[5.259s] -- Up-to-date symlink: /home/matt/ros2_ws/install/ros2_msgs/include/ros2_msgs/ros2_msgs/srv/detail/location__traits.hpp
[5.259s] -- Up-to-date symlink: /home/matt/ros2_ws/install/ros2_msgs/include/ros2_msgs/ros2_msgs/srv/detail/save__builder.hpp
[5.259s] -- Up-to-date symlink: /home/matt/ros2_ws/install/ros2_msgs/include/ros2_msgs/ros2_msgs/srv/detail/save__struct.hpp
[5.259s] -- Up-to-date symlink: /home/matt/ros2_ws/install/ros2_msgs/include/ros2_msgs/ros2_msgs/srv/detail/save__traits.hpp
[5.259s] -- Up-to-date symlink: /home/matt/ros2_ws/install/ros2_msgs/include/ros2_msgs/ros2_msgs/srv/load.hpp
[5.259s] -- Up-to-date symlink: /home/matt/ros2_ws/install/ros2_msgs/include/ros2_msgs/ros2_msgs/srv/location.hpp
[5.260s] -- Up-to-date symlink: /home/matt/ros2_ws/install/ros2_msgs/include/ros2_msgs/ros2_msgs/srv/save.hpp
[5.260s] -- Symlinking: /home/matt/ros2_ws/install/ros2_msgs/include/ros2_msgs/ros2_msgs/action/detail/go_to__rosidl_typesupport_fastrtps_cpp.hpp
[5.267s] -- Up-to-date symlink: /home/matt/ros2_ws/install/ros2_msgs/include/ros2_msgs/ros2_msgs/action/detail/nasa__rosidl_typesupport_fastrtps_cpp.hpp
[5.267s] -- Up-to-date symlink: /home/matt/ros2_ws/install/ros2_msgs/include/ros2_msgs/ros2_msgs/msg/detail/location_name__rosidl_typesupport_fastrtps_cpp.hpp
[5.267s] -- Up-to-date symlink: /home/matt/ros2_ws/install/ros2_msgs/include/ros2_msgs/ros2_msgs/msg/rosidl_typesupport_fastrtps_cpp__visibility_control.h
[5.267s] -- Up-to-date symlink: /home/matt/ros2_ws/install/ros2_msgs/include/ros2_msgs/ros2_msgs/srv/detail/clear__rosidl_typesupport_fastrtps_cpp.hpp
[5.267s] -- Up-to-date symlink: /home/matt/ros2_ws/install/ros2_msgs/include/ros2_msgs/ros2_msgs/srv/detail/load__rosidl_typesupport_fastrtps_cpp.hpp
[5.267s] -- Up-to-date symlink: /home/matt/ros2_ws/install/ros2_msgs/include/ros2_msgs/ros2_msgs/srv/detail/location__rosidl_typesupport_fastrtps_cpp.hpp
[5.267s] -- Up-to-date symlink: /home/matt/ros2_ws/install/ros2_msgs/include/ros2_msgs/ros2_msgs/srv/detail/save__rosidl_typesupport_fastrtps_cpp.hpp
[5.268s] -- Symlinking: /home/matt/ros2_ws/install/ros2_msgs/include/ros2_msgs/ros2_msgs/action/detail/go_to__rosidl_typesupport_introspection_cpp.hpp
[5.275s] -- Up-to-date symlink: /home/matt/ros2_ws/install/ros2_msgs/include/ros2_msgs/ros2_msgs/action/detail/nasa__rosidl_typesupport_introspection_cpp.hpp
[5.275s] -- Up-to-date symlink: /home/matt/ros2_ws/install/ros2_msgs/include/ros2_msgs/ros2_msgs/msg/detail/location_name__rosidl_typesupport_introspection_cpp.hpp
[5.275s] -- Up-to-date symlink: /home/matt/ros2_ws/install/ros2_msgs/include/ros2_msgs/ros2_msgs/srv/detail/clear__rosidl_typesupport_introspection_cpp.hpp
[5.275s] -- Up-to-date symlink: /home/matt/ros2_ws/install/ros2_msgs/include/ros2_msgs/ros2_msgs/srv/detail/load__rosidl_typesupport_introspection_cpp.hpp
[5.275s] -- Up-to-date symlink: /home/matt/ros2_ws/install/ros2_msgs/include/ros2_msgs/ros2_msgs/srv/detail/location__rosidl_typesupport_introspection_cpp.hpp
[5.275s] -- Up-to-date symlink: /home/matt/ros2_ws/install/ros2_msgs/include/ros2_msgs/ros2_msgs/srv/detail/save__rosidl_typesupport_introspection_cpp.hpp
[5.276s] -- Up-to-date symlink: /home/matt/ros2_ws/install/ros2_msgs/share/ros2_msgs/environment/pythonpath.sh
[5.276s] -- Up-to-date symlink: /home/matt/ros2_ws/install/ros2_msgs/share/ros2_msgs/environment/pythonpath.dsv
[5.276s] -- Up-to-date symlink: /home/matt/ros2_ws/install/ros2_msgs/local/lib/python3.10/dist-packages/ros2_msgs-0.0.0-py3.10.egg-info/PKG-INFO
[5.276s] -- Up-to-date symlink: /home/matt/ros2_ws/install/ros2_msgs/local/lib/python3.10/dist-packages/ros2_msgs-0.0.0-py3.10.egg-info/SOURCES.txt
[5.277s] -- Up-to-date symlink: /home/matt/ros2_ws/install/ros2_msgs/local/lib/python3.10/dist-packages/ros2_msgs-0.0.0-py3.10.egg-info/dependency_links.txt
[5.277s] -- Up-to-date symlink: /home/matt/ros2_ws/install/ros2_msgs/local/lib/python3.10/dist-packages/ros2_msgs-0.0.0-py3.10.egg-info/top_level.txt
[5.278s] -- Up-to-date symlink: /home/matt/ros2_ws/install/ros2_msgs/local/lib/python3.10/dist-packages/ros2_msgs/__init__.py
[5.278s] -- Up-to-date symlink: /home/matt/ros2_ws/install/ros2_msgs/local/lib/python3.10/dist-packages/ros2_msgs/_ros2_msgs_s.ep.rosidl_typesupport_c.c
[5.279s] -- Up-to-date symlink: /home/matt/ros2_ws/install/ros2_msgs/local/lib/python3.10/dist-packages/ros2_msgs/_ros2_msgs_s.ep.rosidl_typesupport_fastrtps_c.c
[5.279s] -- Up-to-date symlink: /home/matt/ros2_ws/install/ros2_msgs/local/lib/python3.10/dist-packages/ros2_msgs/_ros2_msgs_s.ep.rosidl_typesupport_introspection_c.c
[5.279s] -- Up-to-date symlink: /home/matt/ros2_ws/install/ros2_msgs/local/lib/python3.10/dist-packages/ros2_msgs/action/__init__.py
[5.279s] -- Symlinking: /home/matt/ros2_ws/install/ros2_msgs/local/lib/python3.10/dist-packages/ros2_msgs/action/_go_to.py
[5.287s] -- Symlinking: /home/matt/ros2_ws/install/ros2_msgs/local/lib/python3.10/dist-packages/ros2_msgs/action/_go_to_s.c
[5.295s] -- Up-to-date symlink: /home/matt/ros2_ws/install/ros2_msgs/local/lib/python3.10/dist-packages/ros2_msgs/action/_nasa.py
[5.295s] -- Up-to-date symlink: /home/matt/ros2_ws/install/ros2_msgs/local/lib/python3.10/dist-packages/ros2_msgs/action/_nasa_s.c
[5.295s] -- Up-to-date symlink: /home/matt/ros2_ws/install/ros2_msgs/local/lib/python3.10/dist-packages/ros2_msgs/libros2_msgs__rosidl_generator_py.so
[5.296s] -- Up-to-date symlink: /home/matt/ros2_ws/install/ros2_msgs/local/lib/python3.10/dist-packages/ros2_msgs/msg/__init__.py
[5.296s] -- Up-to-date symlink: /home/matt/ros2_ws/install/ros2_msgs/local/lib/python3.10/dist-packages/ros2_msgs/msg/_location_name.py
[5.296s] -- Up-to-date symlink: /home/matt/ros2_ws/install/ros2_msgs/local/lib/python3.10/dist-packages/ros2_msgs/msg/_location_name_s.c
[5.296s] -- Up-to-date symlink: /home/matt/ros2_ws/install/ros2_msgs/local/lib/python3.10/dist-packages/ros2_msgs/ros2_msgs_s__rosidl_typesupport_c.cpython-310-x86_64-linux-gnu.so
[5.296s] -- Up-to-date symlink: /home/matt/ros2_ws/install/ros2_msgs/local/lib/python3.10/dist-packages/ros2_msgs/ros2_msgs_s__rosidl_typesupport_fastrtps_c.cpython-310-x86_64-linux-gnu.so
[5.296s] -- Up-to-date symlink: /home/matt/ros2_ws/install/ros2_msgs/local/lib/python3.10/dist-packages/ros2_msgs/ros2_msgs_s__rosidl_typesupport_introspection_c.cpython-310-x86_64-linux-gnu.so
[5.296s] -- Up-to-date symlink: /home/matt/ros2_ws/install/ros2_msgs/local/lib/python3.10/dist-packages/ros2_msgs/srv/__init__.py
[5.296s] -- Up-to-date symlink: /home/matt/ros2_ws/install/ros2_msgs/local/lib/python3.10/dist-packages/ros2_msgs/srv/_clear.py
[5.296s] -- Up-to-date symlink: /home/matt/ros2_ws/install/ros2_msgs/local/lib/python3.10/dist-packages/ros2_msgs/srv/_clear_s.c
[5.296s] -- Up-to-date symlink: /home/matt/ros2_ws/install/ros2_msgs/local/lib/python3.10/dist-packages/ros2_msgs/srv/_load.py
[5.297s] -- Up-to-date symlink: /home/matt/ros2_ws/install/ros2_msgs/local/lib/python3.10/dist-packages/ros2_msgs/srv/_load_s.c
[5.297s] -- Up-to-date symlink: /home/matt/ros2_ws/install/ros2_msgs/local/lib/python3.10/dist-packages/ros2_msgs/srv/_location.py
[5.297s] -- Up-to-date symlink: /home/matt/ros2_ws/install/ros2_msgs/local/lib/python3.10/dist-packages/ros2_msgs/srv/_location_s.c
[5.297s] -- Up-to-date symlink: /home/matt/ros2_ws/install/ros2_msgs/local/lib/python3.10/dist-packages/ros2_msgs/srv/_save.py
[5.297s] -- Up-to-date symlink: /home/matt/ros2_ws/install/ros2_msgs/local/lib/python3.10/dist-packages/ros2_msgs/srv/_save_s.c
[5.297s] -- Up-to-date symlink: /home/matt/ros2_ws/install/ros2_msgs/local/lib/python3.10/dist-packages/ros2_msgs/ros2_msgs_s__rosidl_typesupport_fastrtps_c.cpython-310-x86_64-linux-gnu.so
[5.297s] -- Up-to-date symlink: /home/matt/ros2_ws/install/ros2_msgs/local/lib/python3.10/dist-packages/ros2_msgs/ros2_msgs_s__rosidl_typesupport_introspection_c.cpython-310-x86_64-linux-gnu.so
[5.297s] -- Up-to-date symlink: /home/matt/ros2_ws/install/ros2_msgs/local/lib/python3.10/dist-packages/ros2_msgs/ros2_msgs_s__rosidl_typesupport_c.cpython-310-x86_64-linux-gnu.so
[5.297s] -- Up-to-date symlink: /home/matt/ros2_ws/install/ros2_msgs/share/ros2_msgs/action/Nasa.idl
[5.297s] -- Symlinking: /home/matt/ros2_ws/install/ros2_msgs/share/ros2_msgs/action/GoTo.idl
[5.306s] -- Up-to-date symlink: /home/matt/ros2_ws/install/ros2_msgs/share/ros2_msgs/srv/Location.idl
[5.306s] -- Up-to-date symlink: /home/matt/ros2_ws/install/ros2_msgs/share/ros2_msgs/srv/Clear.idl
[5.306s] -- Up-to-date symlink: /home/matt/ros2_ws/install/ros2_msgs/share/ros2_msgs/msg/LocationName.idl
[5.306s] -- Up-to-date symlink: /home/matt/ros2_ws/install/ros2_msgs/share/ros2_msgs/srv/Load.idl
[5.306s] -- Up-to-date symlink: /home/matt/ros2_ws/install/ros2_msgs/share/ros2_msgs/srv/Save.idl
[5.307s] -- Up-to-date symlink: /home/matt/ros2_ws/install/ros2_msgs/share/ros2_msgs/action/Nasa.action
[5.307s] -- Symlinking: /home/matt/ros2_ws/install/ros2_msgs/share/ros2_msgs/action/GoTo.action
[5.314s] -- Up-to-date symlink: /home/matt/ros2_ws/install/ros2_msgs/share/ros2_msgs/srv/Location.srv
[5.315s] -- Up-to-date symlink: /home/matt/ros2_ws/install/ros2_msgs/share/ros2_msgs/srv/Location_Request.msg
[5.315s] -- Up-to-date symlink: /home/matt/ros2_ws/install/ros2_msgs/share/ros2_msgs/srv/Location_Response.msg
[5.315s] -- Up-to-date symlink: /home/matt/ros2_ws/install/ros2_msgs/share/ros2_msgs/srv/Clear.srv
[5.315s] -- Up-to-date symlink: /home/matt/ros2_ws/install/ros2_msgs/share/ros2_msgs/srv/Clear_Request.msg
[5.315s] -- Up-to-date symlink: /home/matt/ros2_ws/install/ros2_msgs/share/ros2_msgs/srv/Clear_Response.msg
[5.315s] -- Up-to-date symlink: /home/matt/ros2_ws/install/ros2_msgs/share/ros2_msgs/msg/LocationName.msg
[5.315s] -- Up-to-date symlink: /home/matt/ros2_ws/install/ros2_msgs/share/ros2_msgs/srv/Load.srv
[5.315s] -- Up-to-date symlink: /home/matt/ros2_ws/install/ros2_msgs/share/ros2_msgs/srv/Load_Request.msg
[5.315s] -- Up-to-date symlink: /home/matt/ros2_ws/install/ros2_msgs/share/ros2_msgs/srv/Load_Response.msg
[5.315s] -- Up-to-date symlink: /home/matt/ros2_ws/install/ros2_msgs/share/ros2_msgs/srv/Save.srv
[5.316s] -- Up-to-date symlink: /home/matt/ros2_ws/install/ros2_msgs/share/ros2_msgs/srv/Save_Request.msg
[5.316s] -- Up-to-date symlink: /home/matt/ros2_ws/install/ros2_msgs/share/ros2_msgs/srv/Save_Response.msg
[5.316s] -- Up-to-date symlink: /home/matt/ros2_ws/install/ros2_msgs/share/ament_index/resource_index/package_run_dependencies/ros2_msgs
[5.316s] -- Up-to-date symlink: /home/matt/ros2_ws/install/ros2_msgs/share/ament_index/resource_index/parent_prefix_path/ros2_msgs
[5.317s] -- Up-to-date symlink: /home/matt/ros2_ws/install/ros2_msgs/share/ros2_msgs/environment/ament_prefix_path.sh
[5.317s] -- Up-to-date symlink: /home/matt/ros2_ws/install/ros2_msgs/share/ros2_msgs/environment/ament_prefix_path.dsv
[5.317s] -- Up-to-date symlink: /home/matt/ros2_ws/install/ros2_msgs/share/ros2_msgs/environment/path.sh
[5.317s] -- Up-to-date symlink: /home/matt/ros2_ws/install/ros2_msgs/share/ros2_msgs/environment/path.dsv
[5.318s] -- Up-to-date symlink: /home/matt/ros2_ws/install/ros2_msgs/share/ros2_msgs/local_setup.bash
[5.318s] -- Up-to-date symlink: /home/matt/ros2_ws/install/ros2_msgs/share/ros2_msgs/local_setup.sh
[5.318s] -- Up-to-date symlink: /home/matt/ros2_ws/install/ros2_msgs/share/ros2_msgs/local_setup.zsh
[5.318s] -- Up-to-date symlink: /home/matt/ros2_ws/install/ros2_msgs/share/ros2_msgs/local_setup.dsv
[5.318s] -- Symlinking: /home/matt/ros2_ws/install/ros2_msgs/share/ros2_msgs/package.dsv
[5.325s] -- Up-to-date symlink: /home/matt/ros2_ws/install/ros2_msgs/share/ament_index/resource_index/packages/ros2_msgs
[5.325s] -- Up-to-date symlink: /home/matt/ros2_ws/install/ros2_msgs/share/ros2_msgs/cmake/rosidl_cmake-extras.cmake
[5.326s] -- Up-to-date symlink: /home/matt/ros2_ws/install/ros2_msgs/share/ros2_msgs/cmake/ament_cmake_export_dependencies-extras.cmake
[5.326s] -- Up-to-date symlink: /home/matt/ros2_ws/install/ros2_msgs/share/ros2_msgs/cmake/ament_cmake_export_include_directories-extras.cmake
[5.326s] -- Up-to-date symlink: /home/matt/ros2_ws/install/ros2_msgs/share/ros2_msgs/cmake/ament_cmake_export_libraries-extras.cmake
[5.326s] -- Up-to-date symlink: /home/matt/ros2_ws/install/ros2_msgs/share/ros2_msgs/cmake/ament_cmake_export_targets-extras.cmake
[5.326s] -- Up-to-date symlink: /home/matt/ros2_ws/install/ros2_msgs/share/ros2_msgs/cmake/rosidl_cmake_export_typesupport_targets-extras.cmake
[5.326s] -- Up-to-date symlink: /home/matt/ros2_ws/install/ros2_msgs/share/ros2_msgs/cmake/rosidl_cmake_export_typesupport_libraries-extras.cmake
[5.326s] -- Up-to-date symlink: /home/matt/ros2_ws/install/ros2_msgs/share/ros2_msgs/cmake/ros2_msgsConfig.cmake
[5.326s] -- Up-to-date symlink: /home/matt/ros2_ws/install/ros2_msgs/share/ros2_msgs/cmake/ros2_msgsConfig-version.cmake
[5.327s] -- Up-to-date symlink: /home/matt/ros2_ws/install/ros2_msgs/share/ros2_msgs/package.xml
[5.327s] -- Installing: /home/matt/ros2_ws/install/ros2_msgs/lib/libros2_msgs__rosidl_generator_c.so
[5.327s] -- Set runtime path of "/home/matt/ros2_ws/install/ros2_msgs/lib/libros2_msgs__rosidl_generator_c.so" to ""
[5.327s] -- Installing: /home/matt/ros2_ws/install/ros2_msgs/lib/libros2_msgs__rosidl_typesupport_fastrtps_c.so
[5.327s] -- Set runtime path of "/home/matt/ros2_ws/install/ros2_msgs/lib/libros2_msgs__rosidl_typesupport_fastrtps_c.so" to ""
[5.327s] -- Installing: /home/matt/ros2_ws/install/ros2_msgs/lib/libros2_msgs__rosidl_typesupport_introspection_c.so
[5.327s] -- Set runtime path of "/home/matt/ros2_ws/install/ros2_msgs/lib/libros2_msgs__rosidl_typesupport_introspection_c.so" to ""
[5.327s] -- Installing: /home/matt/ros2_ws/install/ros2_msgs/lib/libros2_msgs__rosidl_typesupport_c.so
[5.328s] -- Set runtime path of "/home/matt/ros2_ws/install/ros2_msgs/lib/libros2_msgs__rosidl_typesupport_c.so" to ""
[5.328s] -- Installing: /home/matt/ros2_ws/install/ros2_msgs/lib/libros2_msgs__rosidl_typesupport_fastrtps_cpp.so
[5.328s] -- Set runtime path of "/home/matt/ros2_ws/install/ros2_msgs/lib/libros2_msgs__rosidl_typesupport_fastrtps_cpp.so" to ""
[5.328s] -- Installing: /home/matt/ros2_ws/install/ros2_msgs/lib/libros2_msgs__rosidl_typesupport_introspection_cpp.so
[5.328s] -- Set runtime path of "/home/matt/ros2_ws/install/ros2_msgs/lib/libros2_msgs__rosidl_typesupport_introspection_cpp.so" to ""
[5.328s] -- Installing: /home/matt/ros2_ws/install/ros2_msgs/lib/libros2_msgs__rosidl_typesupport_cpp.so
[5.329s] -- Set runtime path of "/home/matt/ros2_ws/install/ros2_msgs/lib/libros2_msgs__rosidl_typesupport_cpp.so" to ""
[5.365s] Listing '/home/matt/ros2_ws/install/ros2_msgs/local/lib/python3.10/dist-packages/ros2_msgs'...
[5.365s] Compiling '/home/matt/ros2_ws/install/ros2_msgs/local/lib/python3.10/dist-packages/ros2_msgs/__init__.py'...
[5.365s] Listing '/home/matt/ros2_ws/install/ros2_msgs/local/lib/python3.10/dist-packages/ros2_msgs/action'...
[5.365s] Compiling '/home/matt/ros2_ws/install/ros2_msgs/local/lib/python3.10/dist-packages/ros2_msgs/action/__init__.py'...
[5.365s] Compiling '/home/matt/ros2_ws/install/ros2_msgs/local/lib/python3.10/dist-packages/ros2_msgs/action/_go_to.py'...
[5.365s] Compiling '/home/matt/ros2_ws/install/ros2_msgs/local/lib/python3.10/dist-packages/ros2_msgs/action/_nasa.py'...
[5.365s] Listing '/home/matt/ros2_ws/install/ros2_msgs/local/lib/python3.10/dist-packages/ros2_msgs/msg'...
[5.365s] Compiling '/home/matt/ros2_ws/install/ros2_msgs/local/lib/python3.10/dist-packages/ros2_msgs/msg/__init__.py'...
[5.365s] Compiling '/home/matt/ros2_ws/install/ros2_msgs/local/lib/python3.10/dist-packages/ros2_msgs/msg/_location_name.py'...
[5.365s] Listing '/home/matt/ros2_ws/install/ros2_msgs/local/lib/python3.10/dist-packages/ros2_msgs/srv'...
[5.365s] Compiling '/home/matt/ros2_ws/install/ros2_msgs/local/lib/python3.10/dist-packages/ros2_msgs/srv/__init__.py'...
[5.365s] Compiling '/home/matt/ros2_ws/install/ros2_msgs/local/lib/python3.10/dist-packages/ros2_msgs/srv/_clear.py'...
[5.366s] Compiling '/home/matt/ros2_ws/install/ros2_msgs/local/lib/python3.10/dist-packages/ros2_msgs/srv/_load.py'...
[5.366s] Compiling '/home/matt/ros2_ws/install/ros2_msgs/local/lib/python3.10/dist-packages/ros2_msgs/srv/_location.py'...
[5.366s] Compiling '/home/matt/ros2_ws/install/ros2_msgs/local/lib/python3.10/dist-packages/ros2_msgs/srv/_save.py'...
[5.368s] -- Installing: /home/matt/ros2_ws/install/ros2_msgs/lib/libros2_msgs__rosidl_generator_py.so
[5.369s] -- Set runtime path of "/home/matt/ros2_ws/install/ros2_msgs/lib/libros2_msgs__rosidl_generator_py.so" to ""
[5.369s] -- Up-to-date: /home/matt/ros2_ws/install/ros2_msgs/share/ros2_msgs/cmake/export_ros2_msgs__rosidl_generator_cExport.cmake
[5.369s] -- Up-to-date: /home/matt/ros2_ws/install/ros2_msgs/share/ros2_msgs/cmake/export_ros2_msgs__rosidl_generator_cExport-noconfig.cmake
[5.369s] -- Up-to-date: /home/matt/ros2_ws/install/ros2_msgs/share/ros2_msgs/cmake/export_ros2_msgs__rosidl_typesupport_fastrtps_cExport.cmake
[5.369s] -- Up-to-date: /home/matt/ros2_ws/install/ros2_msgs/share/ros2_msgs/cmake/export_ros2_msgs__rosidl_typesupport_fastrtps_cExport-noconfig.cmake
[5.369s] -- Up-to-date: /home/matt/ros2_ws/install/ros2_msgs/share/ros2_msgs/cmake/ros2_msgs__rosidl_typesupport_introspection_cExport.cmake
[5.369s] -- Up-to-date: /home/matt/ros2_ws/install/ros2_msgs/share/ros2_msgs/cmake/ros2_msgs__rosidl_typesupport_introspection_cExport-noconfig.cmake
[5.369s] -- Up-to-date: /home/matt/ros2_ws/install/ros2_msgs/share/ros2_msgs/cmake/ros2_msgs__rosidl_typesupport_cExport.cmake
[5.369s] -- Up-to-date: /home/matt/ros2_ws/install/ros2_msgs/share/ros2_msgs/cmake/ros2_msgs__rosidl_typesupport_cExport-noconfig.cmake
[5.370s] -- Up-to-date: /home/matt/ros2_ws/install/ros2_msgs/share/ros2_msgs/cmake/export_ros2_msgs__rosidl_generator_cppExport.cmake
[5.370s] -- Up-to-date: /home/matt/ros2_ws/install/ros2_msgs/share/ros2_msgs/cmake/export_ros2_msgs__rosidl_typesupport_fastrtps_cppExport.cmake
[5.370s] -- Up-to-date: /home/matt/ros2_ws/install/ros2_msgs/share/ros2_msgs/cmake/export_ros2_msgs__rosidl_typesupport_fastrtps_cppExport-noconfig.cmake
[5.370s] -- Up-to-date: /home/matt/ros2_ws/install/ros2_msgs/share/ros2_msgs/cmake/ros2_msgs__rosidl_typesupport_introspection_cppExport.cmake
[5.370s] -- Up-to-date: /home/matt/ros2_ws/install/ros2_msgs/share/ros2_msgs/cmake/ros2_msgs__rosidl_typesupport_introspection_cppExport-noconfig.cmake
[5.370s] -- Up-to-date: /home/matt/ros2_ws/install/ros2_msgs/share/ros2_msgs/cmake/ros2_msgs__rosidl_typesupport_cppExport.cmake
[5.370s] -- Up-to-date: /home/matt/ros2_ws/install/ros2_msgs/share/ros2_msgs/cmake/ros2_msgs__rosidl_typesupport_cppExport-noconfig.cmake
[5.370s] -- Up-to-date: /home/matt/ros2_ws/install/ros2_msgs/share/ros2_msgs/cmake/export_ros2_msgs__rosidl_generator_pyExport.cmake
[5.370s] -- Up-to-date: /home/matt/ros2_ws/install/ros2_msgs/share/ros2_msgs/cmake/export_ros2_msgs__rosidl_generator_pyExport-noconfig.cmake
[5.372s] Invoked command in '/home/matt/ros2_ws/build/ros2_msgs' returned '0': CMAKE_PREFIX_PATH=${CMAKE_PREFIX_PATH}:/home/matt/ros2_ws/install/rob599_hw3:/opt/ros/humble /usr/bin/cmake --install /home/matt/ros2_ws/build/ros2_msgs
